
==========================================================================
global route report_tns
--------------------------------------------------------------------------
tns max 0.00

==========================================================================
global route report_wns
--------------------------------------------------------------------------
wns max 0.00

==========================================================================
global route report_worst_slack
--------------------------------------------------------------------------
worst slack max 4.78

==========================================================================
global route report_clock_min_period
--------------------------------------------------------------------------
core_clock period_min = 5.19 fmax = 192.85

==========================================================================
global route report_clock_skew
--------------------------------------------------------------------------
Clock core_clock
   0.35 source latency state[1]$_SDFF_PP0_/CLK ^
  -0.36 target latency GPR[3][11]$_DFFE_PP_/CLK ^
   0.00 CRPR
--------------
  -0.01 setup skew


==========================================================================
global route report_checks -path_delay min
--------------------------------------------------------------------------
Startpoint: count[0]$_SDFF_PP0_
            (rising edge-triggered flip-flop clocked by core_clock)
Endpoint: count[0]$_SDFF_PP0_
          (rising edge-triggered flip-flop clocked by core_clock)
Path Group: core_clock
Path Type: min

Fanout     Cap    Slew   Delay    Time   Description
-----------------------------------------------------------------------------
                          0.00    0.00   clock core_clock (rise edge)
                          0.00    0.00   clock source latency
     1    0.03    0.00    0.00    0.00 ^ clk (in)
                                         clk (net)
                  0.00    0.00    0.00 ^ clkbuf_0_clk/A (sky130_fd_sc_hd__clkbuf_16)
     8    0.10    0.12    0.17    0.17 ^ clkbuf_0_clk/X (sky130_fd_sc_hd__clkbuf_16)
                                         clknet_0_clk (net)
                  0.12    0.00    0.18 ^ clkbuf_3_7__f_clk/A (sky130_fd_sc_hd__clkbuf_16)
     9    0.05    0.07    0.18    0.35 ^ clkbuf_3_7__f_clk/X (sky130_fd_sc_hd__clkbuf_16)
                                         clknet_3_7__leaf_clk (net)
                  0.07    0.00    0.35 ^ count[0]$_SDFF_PP0_/CLK (sky130_fd_sc_hd__dfxtp_1)
     2    0.01    0.09    0.35    0.70 ^ count[0]$_SDFF_PP0_/Q (sky130_fd_sc_hd__dfxtp_1)
                                         count[0] (net)
                  0.09    0.00    0.70 ^ _1725_/A (sky130_fd_sc_hd__nor2_1)
     1    0.00    0.04    0.06    0.76 v _1725_/Y (sky130_fd_sc_hd__nor2_1)
                                         _0162_ (net)
                  0.04    0.00    0.76 v count[0]$_SDFF_PP0_/D (sky130_fd_sc_hd__dfxtp_1)
                                  0.76   data arrival time

                          0.00    0.00   clock core_clock (rise edge)
                          0.00    0.00   clock source latency
     1    0.03    0.00    0.00    0.00 ^ clk (in)
                                         clk (net)
                  0.00    0.00    0.00 ^ clkbuf_0_clk/A (sky130_fd_sc_hd__clkbuf_16)
     8    0.10    0.12    0.17    0.17 ^ clkbuf_0_clk/X (sky130_fd_sc_hd__clkbuf_16)
                                         clknet_0_clk (net)
                  0.12    0.00    0.18 ^ clkbuf_3_7__f_clk/A (sky130_fd_sc_hd__clkbuf_16)
     9    0.05    0.07    0.18    0.35 ^ clkbuf_3_7__f_clk/X (sky130_fd_sc_hd__clkbuf_16)
                                         clknet_3_7__leaf_clk (net)
                  0.07    0.00    0.35 ^ count[0]$_SDFF_PP0_/CLK (sky130_fd_sc_hd__dfxtp_1)
                          0.00    0.35   clock reconvergence pessimism
                         -0.04    0.31   library hold time
                                  0.31   data required time
-----------------------------------------------------------------------------
                                  0.31   data required time
                                 -0.76   data arrival time
-----------------------------------------------------------------------------
                                  0.45   slack (MET)



==========================================================================
global route report_checks -path_delay max
--------------------------------------------------------------------------
Startpoint: sys_rst (input port clocked by core_clock)
Endpoint: GPR[2][4]$_DFFE_PP_
          (rising edge-triggered flip-flop clocked by core_clock)
Path Group: core_clock
Path Type: max

Fanout     Cap    Slew   Delay    Time   Description
-----------------------------------------------------------------------------
                          0.00    0.00   clock core_clock (rise edge)
                          0.00    0.00   clock network delay (propagated)
                          1.99    1.99 ^ input external delay
     1    0.00    0.00    0.00    1.99 ^ sys_rst (in)
                                         sys_rst (net)
                  0.00    0.00    1.99 ^ input36/A (sky130_fd_sc_hd__clkdlybuf4s50_1)
    20    0.08    0.79    0.98    2.97 ^ input36/X (sky130_fd_sc_hd__clkdlybuf4s50_1)
                                         net35 (net)
                  0.79    0.00    2.98 ^ _0961_/A (sky130_fd_sc_hd__inv_1)
     6    0.02    0.23    0.28    3.25 v _0961_/Y (sky130_fd_sc_hd__inv_1)
                                         _0274_ (net)
                  0.23    0.00    3.25 v _0967_/B (sky130_fd_sc_hd__nand2_1)
     2    0.01    0.11    0.18    3.43 ^ _0967_/Y (sky130_fd_sc_hd__nand2_1)
                                         _0280_ (net)
                  0.11    0.00    3.43 ^ _0973_/B (sky130_fd_sc_hd__nor2_1)
     4    0.02    0.08    0.10    3.54 v _0973_/Y (sky130_fd_sc_hd__nor2_1)
                                         _0286_ (net)
                  0.08    0.00    3.54 v _1131_/A (sky130_fd_sc_hd__nand2_1)
    10    0.04    0.41    0.33    3.87 ^ _1131_/Y (sky130_fd_sc_hd__nand2_1)
                                         _0423_ (net)
                  0.41    0.00    3.87 ^ _1140_/A (sky130_fd_sc_hd__inv_1)
     7    0.03    0.19    0.25    4.12 v _1140_/Y (sky130_fd_sc_hd__inv_1)
                                         _0429_ (net)
                  0.19    0.00    4.12 v _1229_/A1 (sky130_fd_sc_hd__a2111oi_0)
     1    0.01    0.60    0.59    4.71 ^ _1229_/Y (sky130_fd_sc_hd__a2111oi_0)
                                         _0514_ (net)
                  0.60    0.00    4.71 ^ _1230_/B1 (sky130_fd_sc_hd__o21ai_0)
     4    0.02    0.36    0.47    5.17 v _1230_/Y (sky130_fd_sc_hd__o21ai_0)
                                         _0010_ (net)
                  0.36    0.00    5.17 v GPR[2][4]$_DFFE_PP_/D (sky130_fd_sc_hd__edfxtp_1)
                                  5.17   data arrival time

                          9.96    9.96   clock core_clock (rise edge)
                          0.00    9.96   clock source latency
     1    0.03    0.00    0.00    9.96 ^ clk (in)
                                         clk (net)
                  0.00    0.00    9.96 ^ clkbuf_0_clk/A (sky130_fd_sc_hd__clkbuf_16)
     8    0.10    0.12    0.17   10.14 ^ clkbuf_0_clk/X (sky130_fd_sc_hd__clkbuf_16)
                                         clknet_0_clk (net)
                  0.12    0.00   10.14 ^ clkbuf_3_0__f_clk/A (sky130_fd_sc_hd__clkbuf_16)
    11    0.05    0.07    0.18   10.32 ^ clkbuf_3_0__f_clk/X (sky130_fd_sc_hd__clkbuf_16)
                                         clknet_3_0__leaf_clk (net)
                  0.07    0.00   10.32 ^ GPR[2][4]$_DFFE_PP_/CLK (sky130_fd_sc_hd__edfxtp_1)
                          0.00   10.32   clock reconvergence pessimism
                         -0.37    9.95   library setup time
                                  9.95   data required time
-----------------------------------------------------------------------------
                                  9.95   data required time
                                 -5.17   data arrival time
-----------------------------------------------------------------------------
                                  4.78   slack (MET)



==========================================================================
global route report_checks -unconstrained
--------------------------------------------------------------------------
Startpoint: sys_rst (input port clocked by core_clock)
Endpoint: GPR[2][4]$_DFFE_PP_
          (rising edge-triggered flip-flop clocked by core_clock)
Path Group: core_clock
Path Type: max

Fanout     Cap    Slew   Delay    Time   Description
-----------------------------------------------------------------------------
                          0.00    0.00   clock core_clock (rise edge)
                          0.00    0.00   clock network delay (propagated)
                          1.99    1.99 ^ input external delay
     1    0.00    0.00    0.00    1.99 ^ sys_rst (in)
                                         sys_rst (net)
                  0.00    0.00    1.99 ^ input36/A (sky130_fd_sc_hd__clkdlybuf4s50_1)
    20    0.08    0.79    0.98    2.97 ^ input36/X (sky130_fd_sc_hd__clkdlybuf4s50_1)
                                         net35 (net)
                  0.79    0.00    2.98 ^ _0961_/A (sky130_fd_sc_hd__inv_1)
     6    0.02    0.23    0.28    3.25 v _0961_/Y (sky130_fd_sc_hd__inv_1)
                                         _0274_ (net)
                  0.23    0.00    3.25 v _0967_/B (sky130_fd_sc_hd__nand2_1)
     2    0.01    0.11    0.18    3.43 ^ _0967_/Y (sky130_fd_sc_hd__nand2_1)
                                         _0280_ (net)
                  0.11    0.00    3.43 ^ _0973_/B (sky130_fd_sc_hd__nor2_1)
     4    0.02    0.08    0.10    3.54 v _0973_/Y (sky130_fd_sc_hd__nor2_1)
                                         _0286_ (net)
                  0.08    0.00    3.54 v _1131_/A (sky130_fd_sc_hd__nand2_1)
    10    0.04    0.41    0.33    3.87 ^ _1131_/Y (sky130_fd_sc_hd__nand2_1)
                                         _0423_ (net)
                  0.41    0.00    3.87 ^ _1140_/A (sky130_fd_sc_hd__inv_1)
     7    0.03    0.19    0.25    4.12 v _1140_/Y (sky130_fd_sc_hd__inv_1)
                                         _0429_ (net)
                  0.19    0.00    4.12 v _1229_/A1 (sky130_fd_sc_hd__a2111oi_0)
     1    0.01    0.60    0.59    4.71 ^ _1229_/Y (sky130_fd_sc_hd__a2111oi_0)
                                         _0514_ (net)
                  0.60    0.00    4.71 ^ _1230_/B1 (sky130_fd_sc_hd__o21ai_0)
     4    0.02    0.36    0.47    5.17 v _1230_/Y (sky130_fd_sc_hd__o21ai_0)
                                         _0010_ (net)
                  0.36    0.00    5.17 v GPR[2][4]$_DFFE_PP_/D (sky130_fd_sc_hd__edfxtp_1)
                                  5.17   data arrival time

                          9.96    9.96   clock core_clock (rise edge)
                          0.00    9.96   clock source latency
     1    0.03    0.00    0.00    9.96 ^ clk (in)
                                         clk (net)
                  0.00    0.00    9.96 ^ clkbuf_0_clk/A (sky130_fd_sc_hd__clkbuf_16)
     8    0.10    0.12    0.17   10.14 ^ clkbuf_0_clk/X (sky130_fd_sc_hd__clkbuf_16)
                                         clknet_0_clk (net)
                  0.12    0.00   10.14 ^ clkbuf_3_0__f_clk/A (sky130_fd_sc_hd__clkbuf_16)
    11    0.05    0.07    0.18   10.32 ^ clkbuf_3_0__f_clk/X (sky130_fd_sc_hd__clkbuf_16)
                                         clknet_3_0__leaf_clk (net)
                  0.07    0.00   10.32 ^ GPR[2][4]$_DFFE_PP_/CLK (sky130_fd_sc_hd__edfxtp_1)
                          0.00   10.32   clock reconvergence pessimism
                         -0.37    9.95   library setup time
                                  9.95   data required time
-----------------------------------------------------------------------------
                                  9.95   data required time
                                 -5.17   data arrival time
-----------------------------------------------------------------------------
                                  4.78   slack (MET)



==========================================================================
global route report_check_types -max_slew -max_cap -max_fanout -violators
--------------------------------------------------------------------------

==========================================================================
global route max_slew_check_slack
--------------------------------------------------------------------------
0.709976851940155

==========================================================================
global route max_slew_check_limit
--------------------------------------------------------------------------
1.4953149557113647

==========================================================================
global route max_slew_check_slack_limit
--------------------------------------------------------------------------
0.4748

==========================================================================
global route max_fanout_check_slack
--------------------------------------------------------------------------
1.0000000150474662e+30

==========================================================================
global route max_fanout_check_limit
--------------------------------------------------------------------------
1.0000000150474662e+30

==========================================================================
global route max_capacitance_check_slack
--------------------------------------------------------------------------
0.014071468263864517

==========================================================================
global route max_capacitance_check_limit
--------------------------------------------------------------------------
0.021067000925540924

==========================================================================
global route max_capacitance_check_slack_limit
--------------------------------------------------------------------------
0.6679

==========================================================================
global route max_slew_violation_count
--------------------------------------------------------------------------
max slew violation count 0

==========================================================================
global route max_fanout_violation_count
--------------------------------------------------------------------------
max fanout violation count 0

==========================================================================
global route max_cap_violation_count
--------------------------------------------------------------------------
max cap violation count 0

==========================================================================
global route setup_violation_count
--------------------------------------------------------------------------
setup violation count 0

==========================================================================
global route hold_violation_count
--------------------------------------------------------------------------
hold violation count 0

==========================================================================
global route report_checks -path_delay max reg to reg
--------------------------------------------------------------------------
Startpoint: IR[17]$_SDFFE_PP0P_
            (rising edge-triggered flip-flop clocked by core_clock)
Endpoint: GPR[0][15]$_DFFE_PP_
          (rising edge-triggered flip-flop clocked by core_clock)
Path Group: core_clock
Path Type: max

  Delay    Time   Description
---------------------------------------------------------
   0.00    0.00   clock core_clock (rise edge)
   0.00    0.00   clock source latency
   0.00    0.00 ^ clk (in)
   0.17    0.17 ^ clkbuf_0_clk/X (sky130_fd_sc_hd__clkbuf_16)
   0.18    0.35 ^ clkbuf_3_5__f_clk/X (sky130_fd_sc_hd__clkbuf_16)
   0.00    0.35 ^ IR[17]$_SDFFE_PP0P_/CLK (sky130_fd_sc_hd__dfxtp_1)
   0.30    0.66 v IR[17]$_SDFFE_PP0P_/Q (sky130_fd_sc_hd__dfxtp_1)
   0.26    0.91 v place50/X (sky130_fd_sc_hd__buf_4)
   0.52    1.43 ^ _0991_/Y (sky130_fd_sc_hd__inv_2)
   0.17    1.60 v _1103_/Y (sky130_fd_sc_hd__o21ai_0)
   0.57    2.18 ^ _1104_/Y (sky130_fd_sc_hd__o22ai_1)
   0.43    2.61 v _1829_/SUM (sky130_fd_sc_hd__ha_1)
   0.16    2.77 ^ _1156_/Y (sky130_fd_sc_hd__inv_1)
   0.13    2.90 v _1185_/Y (sky130_fd_sc_hd__nand3_1)
   0.08    2.98 ^ _1191_/Y (sky130_fd_sc_hd__inv_1)
   0.07    3.05 v _1192_/Y (sky130_fd_sc_hd__nor2_1)
   0.21    3.27 ^ _1243_/Y (sky130_fd_sc_hd__nor2_2)
   0.11    3.38 v _1384_/Y (sky130_fd_sc_hd__nand2_1)
   0.23    3.61 ^ _1385_/Y (sky130_fd_sc_hd__nor2_2)
   0.13    3.75 v _1597_/Y (sky130_fd_sc_hd__nand3_1)
   0.10    3.84 ^ _1598_/Y (sky130_fd_sc_hd__nand2_1)
   0.08    3.93 v _1600_/Y (sky130_fd_sc_hd__nand2_1)
   0.33    4.26 ^ _1614_/Y (sky130_fd_sc_hd__a221oi_1)
   0.30    4.56 v _1633_/Y (sky130_fd_sc_hd__nand3_1)
   0.00    4.56 v GPR[0][15]$_DFFE_PP_/D (sky130_fd_sc_hd__edfxtp_1)
           4.56   data arrival time

   9.96    9.96   clock core_clock (rise edge)
   0.00    9.96   clock source latency
   0.00    9.96 ^ clk (in)
   0.17   10.14 ^ clkbuf_0_clk/X (sky130_fd_sc_hd__clkbuf_16)
   0.18   10.32 ^ clkbuf_3_3__f_clk/X (sky130_fd_sc_hd__clkbuf_16)
   0.00   10.32 ^ GPR[0][15]$_DFFE_PP_/CLK (sky130_fd_sc_hd__edfxtp_1)
   0.00   10.32   clock reconvergence pessimism
  -0.33    9.99   library setup time
           9.99   data required time
---------------------------------------------------------
           9.99   data required time
          -4.56   data arrival time
---------------------------------------------------------
           5.43   slack (MET)



==========================================================================
global route report_checks -path_delay min reg to reg
--------------------------------------------------------------------------
Startpoint: count[0]$_SDFF_PP0_
            (rising edge-triggered flip-flop clocked by core_clock)
Endpoint: count[0]$_SDFF_PP0_
          (rising edge-triggered flip-flop clocked by core_clock)
Path Group: core_clock
Path Type: min

  Delay    Time   Description
---------------------------------------------------------
   0.00    0.00   clock core_clock (rise edge)
   0.00    0.00   clock source latency
   0.00    0.00 ^ clk (in)
   0.17    0.17 ^ clkbuf_0_clk/X (sky130_fd_sc_hd__clkbuf_16)
   0.18    0.35 ^ clkbuf_3_7__f_clk/X (sky130_fd_sc_hd__clkbuf_16)
   0.00    0.35 ^ count[0]$_SDFF_PP0_/CLK (sky130_fd_sc_hd__dfxtp_1)
   0.35    0.70 ^ count[0]$_SDFF_PP0_/Q (sky130_fd_sc_hd__dfxtp_1)
   0.06    0.76 v _1725_/Y (sky130_fd_sc_hd__nor2_1)
   0.00    0.76 v count[0]$_SDFF_PP0_/D (sky130_fd_sc_hd__dfxtp_1)
           0.76   data arrival time

   0.00    0.00   clock core_clock (rise edge)
   0.00    0.00   clock source latency
   0.00    0.00 ^ clk (in)
   0.17    0.17 ^ clkbuf_0_clk/X (sky130_fd_sc_hd__clkbuf_16)
   0.18    0.35 ^ clkbuf_3_7__f_clk/X (sky130_fd_sc_hd__clkbuf_16)
   0.00    0.35 ^ count[0]$_SDFF_PP0_/CLK (sky130_fd_sc_hd__dfxtp_1)
   0.00    0.35   clock reconvergence pessimism
  -0.04    0.31   library hold time
           0.31   data required time
---------------------------------------------------------
           0.31   data required time
          -0.76   data arrival time
---------------------------------------------------------
           0.45   slack (MET)



==========================================================================
global route critical path target clock latency max path
--------------------------------------------------------------------------
0.3543

==========================================================================
global route critical path target clock latency min path
--------------------------------------------------------------------------
0.3531

==========================================================================
global route critical path source clock latency min path
--------------------------------------------------------------------------
0.0000

==========================================================================
global route critical path delay
--------------------------------------------------------------------------
5.1732

==========================================================================
global route critical path slack
--------------------------------------------------------------------------
4.7793

==========================================================================
global route slack div critical path delay
--------------------------------------------------------------------------
92.385757

==========================================================================
global route report_power
--------------------------------------------------------------------------
Group                  Internal  Switching    Leakage      Total
                          Power      Power      Power      Power (Watts)
----------------------------------------------------------------
Sequential             3.98e-04   9.59e-06   7.45e-10   4.08e-04  44.5%
Combinational          3.71e-05   9.51e-05   2.57e-09   1.32e-04  14.4%
Clock                  2.03e-04   1.74e-04   1.57e-10   3.77e-04  41.1%
Macro                  0.00e+00   0.00e+00   0.00e+00   0.00e+00   0.0%
Pad                    0.00e+00   0.00e+00   0.00e+00   0.00e+00   0.0%
----------------------------------------------------------------
Total                  6.38e-04   2.79e-04   3.48e-09   9.17e-04 100.0%
                          69.6%      30.4%       0.0%
