
==========================================================================
detailed route report_tns
--------------------------------------------------------------------------
tns max 0.00

==========================================================================
detailed route report_wns
--------------------------------------------------------------------------
wns max 0.00

==========================================================================
detailed route report_worst_slack
--------------------------------------------------------------------------
worst slack max 2.27

==========================================================================
detailed route report_clock_min_period
--------------------------------------------------------------------------
core_clock period_min = 2.92 fmax = 342.14

==========================================================================
detailed route report_clock_skew
--------------------------------------------------------------------------
Clock core_clock
   0.29 source latency GPR[0][10]$_DFFE_PP_/CLK ^
  -0.29 target latency zero$_SDFFE_PP0P_/CLK ^
   0.00 CRPR
--------------
  -0.00 setup skew


==========================================================================
detailed route report_checks -path_delay min
--------------------------------------------------------------------------
Startpoint: count[0]$_SDFF_PP0_
            (rising edge-triggered flip-flop clocked by core_clock)
Endpoint: count[0]$_SDFF_PP0_
          (rising edge-triggered flip-flop clocked by core_clock)
Path Group: core_clock
Path Type: min

Fanout     Cap    Slew   Delay    Time   Description
-----------------------------------------------------------------------------
                          0.00    0.00   clock core_clock (rise edge)
                          0.00    0.00   clock source latency
     1    0.01    0.00    0.00    0.00 ^ clk (in)
                                         clk (net)
                  0.00    0.00    0.00 ^ clkbuf_0_clk/A (sky130_fd_sc_hd__clkbuf_16)
     8    0.06    0.08    0.14    0.14 ^ clkbuf_0_clk/X (sky130_fd_sc_hd__clkbuf_16)
                                         clknet_0_clk (net)
                  0.08    0.00    0.14 ^ clkbuf_3_0__f_clk/A (sky130_fd_sc_hd__clkbuf_16)
    13    0.03    0.05    0.15    0.29 ^ clkbuf_3_0__f_clk/X (sky130_fd_sc_hd__clkbuf_16)
                                         clknet_3_0__leaf_clk (net)
                  0.05    0.00    0.29 ^ count[0]$_SDFF_PP0_/CLK (sky130_fd_sc_hd__dfxtp_1)
     2    0.01    0.07    0.32    0.61 ^ count[0]$_SDFF_PP0_/Q (sky130_fd_sc_hd__dfxtp_1)
                                         count[0] (net)
                  0.07    0.00    0.61 ^ _1725_/A (sky130_fd_sc_hd__nor2_1)
     1    0.00    0.02    0.04    0.65 v _1725_/Y (sky130_fd_sc_hd__nor2_1)
                                         _0162_ (net)
                  0.02    0.00    0.65 v count[0]$_SDFF_PP0_/D (sky130_fd_sc_hd__dfxtp_1)
                                  0.65   data arrival time

                          0.00    0.00   clock core_clock (rise edge)
                          0.00    0.00   clock source latency
     1    0.01    0.00    0.00    0.00 ^ clk (in)
                                         clk (net)
                  0.00    0.00    0.00 ^ clkbuf_0_clk/A (sky130_fd_sc_hd__clkbuf_16)
     8    0.06    0.08    0.14    0.14 ^ clkbuf_0_clk/X (sky130_fd_sc_hd__clkbuf_16)
                                         clknet_0_clk (net)
                  0.08    0.00    0.14 ^ clkbuf_3_0__f_clk/A (sky130_fd_sc_hd__clkbuf_16)
    13    0.03    0.05    0.15    0.29 ^ clkbuf_3_0__f_clk/X (sky130_fd_sc_hd__clkbuf_16)
                                         clknet_3_0__leaf_clk (net)
                  0.05    0.00    0.29 ^ count[0]$_SDFF_PP0_/CLK (sky130_fd_sc_hd__dfxtp_1)
                          0.00    0.29   clock reconvergence pessimism
                         -0.04    0.25   library hold time
                                  0.25   data required time
-----------------------------------------------------------------------------
                                  0.25   data required time
                                 -0.65   data arrival time
-----------------------------------------------------------------------------
                                  0.41   slack (MET)



==========================================================================
detailed route report_checks -path_delay max
--------------------------------------------------------------------------
Startpoint: IR[18]$_SDFFE_PP0P_
            (rising edge-triggered flip-flop clocked by core_clock)
Endpoint: GPR[0][4]$_DFFE_PP_
          (rising edge-triggered flip-flop clocked by core_clock)
Path Group: core_clock
Path Type: max

Fanout     Cap    Slew   Delay    Time   Description
-----------------------------------------------------------------------------
                          0.00    0.00   clock core_clock (rise edge)
                          0.00    0.00   clock source latency
     1    0.01    0.00    0.00    0.00 ^ clk (in)
                                         clk (net)
                  0.00    0.00    0.00 ^ clkbuf_0_clk/A (sky130_fd_sc_hd__clkbuf_16)
     8    0.06    0.08    0.14    0.14 ^ clkbuf_0_clk/X (sky130_fd_sc_hd__clkbuf_16)
                                         clknet_0_clk (net)
                  0.08    0.00    0.14 ^ clkbuf_3_0__f_clk/A (sky130_fd_sc_hd__clkbuf_16)
    13    0.03    0.05    0.15    0.29 ^ clkbuf_3_0__f_clk/X (sky130_fd_sc_hd__clkbuf_16)
                                         clknet_3_0__leaf_clk (net)
                  0.05    0.00    0.29 ^ IR[18]$_SDFFE_PP0P_/CLK (sky130_fd_sc_hd__dfxtp_1)
     1    0.00    0.03    0.29    0.58 v IR[18]$_SDFFE_PP0P_/Q (sky130_fd_sc_hd__dfxtp_1)
                                         IR[18] (net)
                  0.03    0.00    0.58 v place50/A (sky130_fd_sc_hd__buf_4)
    24    0.06    0.08    0.18    0.77 v place50/X (sky130_fd_sc_hd__buf_4)
                                         net49 (net)
                  0.08    0.00    0.77 v _1003_/A (sky130_fd_sc_hd__inv_2)
    22    0.06    0.29    0.25    1.02 ^ _1003_/Y (sky130_fd_sc_hd__inv_2)
                                         _0310_ (net)
                  0.29    0.00    1.02 ^ _1114_/B1 (sky130_fd_sc_hd__a21oi_1)
     1    0.00    0.07    0.07    1.08 v _1114_/Y (sky130_fd_sc_hd__a21oi_1)
                                         _0407_ (net)
                  0.07    0.00    1.08 v _1116_/B1 (sky130_fd_sc_hd__a32oi_1)
     3    0.01    0.26    0.24    1.32 ^ _1116_/Y (sky130_fd_sc_hd__a32oi_1)
                                         _0040_ (net)
                  0.26    0.00    1.32 ^ _1132_/A (sky130_fd_sc_hd__inv_1)
     5    0.01    0.11    0.14    1.46 v _1132_/Y (sky130_fd_sc_hd__inv_1)
                                         _0038_ (net)
                  0.11    0.00    1.46 v _1818_/A (sky130_fd_sc_hd__ha_1)
     2    0.01    0.06    0.24    1.70 v _1818_/COUT (sky130_fd_sc_hd__ha_1)
                                         _0030_ (net)
                  0.06    0.00    1.70 v _1815_/CIN (sky130_fd_sc_hd__fa_1)
     2    0.00    0.08    0.37    2.07 v _1815_/COUT (sky130_fd_sc_hd__fa_1)
                                         _0031_ (net)
                  0.08    0.00    2.07 v _1154_/A (sky130_fd_sc_hd__inv_1)
     1    0.00    0.04    0.06    2.13 ^ _1154_/Y (sky130_fd_sc_hd__inv_1)
                                         _0441_ (net)
                  0.04    0.00    2.13 ^ _1155_/A (sky130_fd_sc_hd__nand2_1)
     4    0.01    0.08    0.07    2.20 v _1155_/Y (sky130_fd_sc_hd__nand2_1)
                                         _0442_ (net)
                  0.08    0.00    2.20 v _1223_/C (sky130_fd_sc_hd__nand3_1)
     4    0.01    0.14    0.15    2.35 ^ _1223_/Y (sky130_fd_sc_hd__nand3_1)
                                         _0508_ (net)
                  0.14    0.00    2.35 ^ _1226_/A (sky130_fd_sc_hd__nand2_1)
     1    0.00    0.05    0.06    2.41 v _1226_/Y (sky130_fd_sc_hd__nand2_1)
                                         _0511_ (net)
                  0.05    0.00    2.41 v _1227_/B (sky130_fd_sc_hd__nand2_1)
     2    0.00    0.06    0.07    2.49 ^ _1227_/Y (sky130_fd_sc_hd__nand2_1)
                                         _0512_ (net)
                  0.06    0.00    2.49 ^ _1228_/B (sky130_fd_sc_hd__nor2_1)
     1    0.00    0.03    0.04    2.52 v _1228_/Y (sky130_fd_sc_hd__nor2_1)
                                         _0513_ (net)
                  0.03    0.00    2.52 v _1229_/D1 (sky130_fd_sc_hd__a2111oi_0)
     1    0.00    0.28    0.22    2.74 ^ _1229_/Y (sky130_fd_sc_hd__a2111oi_0)
                                         _0514_ (net)
                  0.28    0.00    2.74 ^ _1230_/B1 (sky130_fd_sc_hd__o21ai_0)
     4    0.01    0.14    0.19    2.93 v _1230_/Y (sky130_fd_sc_hd__o21ai_0)
                                         _0010_ (net)
                  0.14    0.00    2.93 v GPR[0][4]$_DFFE_PP_/D (sky130_fd_sc_hd__edfxtp_1)
                                  2.93   data arrival time

                          5.19    5.19   clock core_clock (rise edge)
                          0.00    5.19   clock source latency
     1    0.01    0.00    0.00    5.19 ^ clk (in)
                                         clk (net)
                  0.00    0.00    5.19 ^ clkbuf_0_clk/A (sky130_fd_sc_hd__clkbuf_16)
     8    0.06    0.08    0.14    5.33 ^ clkbuf_0_clk/X (sky130_fd_sc_hd__clkbuf_16)
                                         clknet_0_clk (net)
                  0.08    0.00    5.33 ^ clkbuf_3_1__f_clk/A (sky130_fd_sc_hd__clkbuf_16)
    16    0.03    0.05    0.15    5.48 ^ clkbuf_3_1__f_clk/X (sky130_fd_sc_hd__clkbuf_16)
                                         clknet_3_1__leaf_clk (net)
                  0.05    0.00    5.48 ^ GPR[0][4]$_DFFE_PP_/CLK (sky130_fd_sc_hd__edfxtp_1)
                          0.00    5.48   clock reconvergence pessimism
                         -0.28    5.20   library setup time
                                  5.20   data required time
-----------------------------------------------------------------------------
                                  5.20   data required time
                                 -2.93   data arrival time
-----------------------------------------------------------------------------
                                  2.27   slack (MET)



==========================================================================
detailed route report_checks -unconstrained
--------------------------------------------------------------------------
Startpoint: IR[18]$_SDFFE_PP0P_
            (rising edge-triggered flip-flop clocked by core_clock)
Endpoint: GPR[0][4]$_DFFE_PP_
          (rising edge-triggered flip-flop clocked by core_clock)
Path Group: core_clock
Path Type: max

Fanout     Cap    Slew   Delay    Time   Description
-----------------------------------------------------------------------------
                          0.00    0.00   clock core_clock (rise edge)
                          0.00    0.00   clock source latency
     1    0.01    0.00    0.00    0.00 ^ clk (in)
                                         clk (net)
                  0.00    0.00    0.00 ^ clkbuf_0_clk/A (sky130_fd_sc_hd__clkbuf_16)
     8    0.06    0.08    0.14    0.14 ^ clkbuf_0_clk/X (sky130_fd_sc_hd__clkbuf_16)
                                         clknet_0_clk (net)
                  0.08    0.00    0.14 ^ clkbuf_3_0__f_clk/A (sky130_fd_sc_hd__clkbuf_16)
    13    0.03    0.05    0.15    0.29 ^ clkbuf_3_0__f_clk/X (sky130_fd_sc_hd__clkbuf_16)
                                         clknet_3_0__leaf_clk (net)
                  0.05    0.00    0.29 ^ IR[18]$_SDFFE_PP0P_/CLK (sky130_fd_sc_hd__dfxtp_1)
     1    0.00    0.03    0.29    0.58 v IR[18]$_SDFFE_PP0P_/Q (sky130_fd_sc_hd__dfxtp_1)
                                         IR[18] (net)
                  0.03    0.00    0.58 v place50/A (sky130_fd_sc_hd__buf_4)
    24    0.06    0.08    0.18    0.77 v place50/X (sky130_fd_sc_hd__buf_4)
                                         net49 (net)
                  0.08    0.00    0.77 v _1003_/A (sky130_fd_sc_hd__inv_2)
    22    0.06    0.29    0.25    1.02 ^ _1003_/Y (sky130_fd_sc_hd__inv_2)
                                         _0310_ (net)
                  0.29    0.00    1.02 ^ _1114_/B1 (sky130_fd_sc_hd__a21oi_1)
     1    0.00    0.07    0.07    1.08 v _1114_/Y (sky130_fd_sc_hd__a21oi_1)
                                         _0407_ (net)
                  0.07    0.00    1.08 v _1116_/B1 (sky130_fd_sc_hd__a32oi_1)
     3    0.01    0.26    0.24    1.32 ^ _1116_/Y (sky130_fd_sc_hd__a32oi_1)
                                         _0040_ (net)
                  0.26    0.00    1.32 ^ _1132_/A (sky130_fd_sc_hd__inv_1)
     5    0.01    0.11    0.14    1.46 v _1132_/Y (sky130_fd_sc_hd__inv_1)
                                         _0038_ (net)
                  0.11    0.00    1.46 v _1818_/A (sky130_fd_sc_hd__ha_1)
     2    0.01    0.06    0.24    1.70 v _1818_/COUT (sky130_fd_sc_hd__ha_1)
                                         _0030_ (net)
                  0.06    0.00    1.70 v _1815_/CIN (sky130_fd_sc_hd__fa_1)
     2    0.00    0.08    0.37    2.07 v _1815_/COUT (sky130_fd_sc_hd__fa_1)
                                         _0031_ (net)
                  0.08    0.00    2.07 v _1154_/A (sky130_fd_sc_hd__inv_1)
     1    0.00    0.04    0.06    2.13 ^ _1154_/Y (sky130_fd_sc_hd__inv_1)
                                         _0441_ (net)
                  0.04    0.00    2.13 ^ _1155_/A (sky130_fd_sc_hd__nand2_1)
     4    0.01    0.08    0.07    2.20 v _1155_/Y (sky130_fd_sc_hd__nand2_1)
                                         _0442_ (net)
                  0.08    0.00    2.20 v _1223_/C (sky130_fd_sc_hd__nand3_1)
     4    0.01    0.14    0.15    2.35 ^ _1223_/Y (sky130_fd_sc_hd__nand3_1)
                                         _0508_ (net)
                  0.14    0.00    2.35 ^ _1226_/A (sky130_fd_sc_hd__nand2_1)
     1    0.00    0.05    0.06    2.41 v _1226_/Y (sky130_fd_sc_hd__nand2_1)
                                         _0511_ (net)
                  0.05    0.00    2.41 v _1227_/B (sky130_fd_sc_hd__nand2_1)
     2    0.00    0.06    0.07    2.49 ^ _1227_/Y (sky130_fd_sc_hd__nand2_1)
                                         _0512_ (net)
                  0.06    0.00    2.49 ^ _1228_/B (sky130_fd_sc_hd__nor2_1)
     1    0.00    0.03    0.04    2.52 v _1228_/Y (sky130_fd_sc_hd__nor2_1)
                                         _0513_ (net)
                  0.03    0.00    2.52 v _1229_/D1 (sky130_fd_sc_hd__a2111oi_0)
     1    0.00    0.28    0.22    2.74 ^ _1229_/Y (sky130_fd_sc_hd__a2111oi_0)
                                         _0514_ (net)
                  0.28    0.00    2.74 ^ _1230_/B1 (sky130_fd_sc_hd__o21ai_0)
     4    0.01    0.14    0.19    2.93 v _1230_/Y (sky130_fd_sc_hd__o21ai_0)
                                         _0010_ (net)
                  0.14    0.00    2.93 v GPR[0][4]$_DFFE_PP_/D (sky130_fd_sc_hd__edfxtp_1)
                                  2.93   data arrival time

                          5.19    5.19   clock core_clock (rise edge)
                          0.00    5.19   clock source latency
     1    0.01    0.00    0.00    5.19 ^ clk (in)
                                         clk (net)
                  0.00    0.00    5.19 ^ clkbuf_0_clk/A (sky130_fd_sc_hd__clkbuf_16)
     8    0.06    0.08    0.14    5.33 ^ clkbuf_0_clk/X (sky130_fd_sc_hd__clkbuf_16)
                                         clknet_0_clk (net)
                  0.08    0.00    5.33 ^ clkbuf_3_1__f_clk/A (sky130_fd_sc_hd__clkbuf_16)
    16    0.03    0.05    0.15    5.48 ^ clkbuf_3_1__f_clk/X (sky130_fd_sc_hd__clkbuf_16)
                                         clknet_3_1__leaf_clk (net)
                  0.05    0.00    5.48 ^ GPR[0][4]$_DFFE_PP_/CLK (sky130_fd_sc_hd__edfxtp_1)
                          0.00    5.48   clock reconvergence pessimism
                         -0.28    5.20   library setup time
                                  5.20   data required time
-----------------------------------------------------------------------------
                                  5.20   data required time
                                 -2.93   data arrival time
-----------------------------------------------------------------------------
                                  2.27   slack (MET)



==========================================================================
detailed route report_check_types -max_slew -max_cap -max_fanout -violators
--------------------------------------------------------------------------

==========================================================================
detailed route max_slew_check_slack
--------------------------------------------------------------------------
1.108461856842041

==========================================================================
detailed route max_slew_check_limit
--------------------------------------------------------------------------
1.4885469675064087

==========================================================================
detailed route max_slew_check_slack_limit
--------------------------------------------------------------------------
0.7447

==========================================================================
detailed route max_fanout_check_slack
--------------------------------------------------------------------------
1.0000000150474662e+30

==========================================================================
detailed route max_fanout_check_limit
--------------------------------------------------------------------------
1.0000000150474662e+30

==========================================================================
detailed route max_capacitance_check_slack
--------------------------------------------------------------------------
0.01937200129032135

==========================================================================
detailed route max_capacitance_check_limit
--------------------------------------------------------------------------
0.021067000925540924

==========================================================================
detailed route max_capacitance_check_slack_limit
--------------------------------------------------------------------------
0.9195

==========================================================================
detailed route max_slew_violation_count
--------------------------------------------------------------------------
max slew violation count 0

==========================================================================
detailed route max_fanout_violation_count
--------------------------------------------------------------------------
max fanout violation count 0

==========================================================================
detailed route max_cap_violation_count
--------------------------------------------------------------------------
max cap violation count 0

==========================================================================
detailed route setup_violation_count
--------------------------------------------------------------------------
setup violation count 0

==========================================================================
detailed route hold_violation_count
--------------------------------------------------------------------------
hold violation count 0

==========================================================================
detailed route report_checks -path_delay max reg to reg
--------------------------------------------------------------------------
Startpoint: IR[18]$_SDFFE_PP0P_
            (rising edge-triggered flip-flop clocked by core_clock)
Endpoint: GPR[0][4]$_DFFE_PP_
          (rising edge-triggered flip-flop clocked by core_clock)
Path Group: core_clock
Path Type: max

  Delay    Time   Description
---------------------------------------------------------
   0.00    0.00   clock core_clock (rise edge)
   0.00    0.00   clock source latency
   0.00    0.00 ^ clk (in)
   0.14    0.14 ^ clkbuf_0_clk/X (sky130_fd_sc_hd__clkbuf_16)
   0.15    0.29 ^ clkbuf_3_0__f_clk/X (sky130_fd_sc_hd__clkbuf_16)
   0.00    0.29 ^ IR[18]$_SDFFE_PP0P_/CLK (sky130_fd_sc_hd__dfxtp_1)
   0.29    0.58 v IR[18]$_SDFFE_PP0P_/Q (sky130_fd_sc_hd__dfxtp_1)
   0.18    0.77 v place50/X (sky130_fd_sc_hd__buf_4)
   0.25    1.02 ^ _1003_/Y (sky130_fd_sc_hd__inv_2)
   0.07    1.08 v _1114_/Y (sky130_fd_sc_hd__a21oi_1)
   0.24    1.32 ^ _1116_/Y (sky130_fd_sc_hd__a32oi_1)
   0.14    1.46 v _1132_/Y (sky130_fd_sc_hd__inv_1)
   0.24    1.70 v _1818_/COUT (sky130_fd_sc_hd__ha_1)
   0.37    2.07 v _1815_/COUT (sky130_fd_sc_hd__fa_1)
   0.06    2.13 ^ _1154_/Y (sky130_fd_sc_hd__inv_1)
   0.07    2.20 v _1155_/Y (sky130_fd_sc_hd__nand2_1)
   0.15    2.35 ^ _1223_/Y (sky130_fd_sc_hd__nand3_1)
   0.06    2.41 v _1226_/Y (sky130_fd_sc_hd__nand2_1)
   0.07    2.49 ^ _1227_/Y (sky130_fd_sc_hd__nand2_1)
   0.04    2.52 v _1228_/Y (sky130_fd_sc_hd__nor2_1)
   0.22    2.74 ^ _1229_/Y (sky130_fd_sc_hd__a2111oi_0)
   0.19    2.93 v _1230_/Y (sky130_fd_sc_hd__o21ai_0)
   0.00    2.93 v GPR[0][4]$_DFFE_PP_/D (sky130_fd_sc_hd__edfxtp_1)
           2.93   data arrival time

   5.19    5.19   clock core_clock (rise edge)
   0.00    5.19   clock source latency
   0.00    5.19 ^ clk (in)
   0.14    5.33 ^ clkbuf_0_clk/X (sky130_fd_sc_hd__clkbuf_16)
   0.15    5.48 ^ clkbuf_3_1__f_clk/X (sky130_fd_sc_hd__clkbuf_16)
   0.00    5.48 ^ GPR[0][4]$_DFFE_PP_/CLK (sky130_fd_sc_hd__edfxtp_1)
   0.00    5.48   clock reconvergence pessimism
  -0.28    5.20   library setup time
           5.20   data required time
---------------------------------------------------------
           5.20   data required time
          -2.93   data arrival time
---------------------------------------------------------
           2.27   slack (MET)



==========================================================================
detailed route report_checks -path_delay min reg to reg
--------------------------------------------------------------------------
Startpoint: count[0]$_SDFF_PP0_
            (rising edge-triggered flip-flop clocked by core_clock)
Endpoint: count[0]$_SDFF_PP0_
          (rising edge-triggered flip-flop clocked by core_clock)
Path Group: core_clock
Path Type: min

  Delay    Time   Description
---------------------------------------------------------
   0.00    0.00   clock core_clock (rise edge)
   0.00    0.00   clock source latency
   0.00    0.00 ^ clk (in)
   0.14    0.14 ^ clkbuf_0_clk/X (sky130_fd_sc_hd__clkbuf_16)
   0.15    0.29 ^ clkbuf_3_0__f_clk/X (sky130_fd_sc_hd__clkbuf_16)
   0.00    0.29 ^ count[0]$_SDFF_PP0_/CLK (sky130_fd_sc_hd__dfxtp_1)
   0.32    0.61 ^ count[0]$_SDFF_PP0_/Q (sky130_fd_sc_hd__dfxtp_1)
   0.04    0.65 v _1725_/Y (sky130_fd_sc_hd__nor2_1)
   0.00    0.65 v count[0]$_SDFF_PP0_/D (sky130_fd_sc_hd__dfxtp_1)
           0.65   data arrival time

   0.00    0.00   clock core_clock (rise edge)
   0.00    0.00   clock source latency
   0.00    0.00 ^ clk (in)
   0.14    0.14 ^ clkbuf_0_clk/X (sky130_fd_sc_hd__clkbuf_16)
   0.15    0.29 ^ clkbuf_3_0__f_clk/X (sky130_fd_sc_hd__clkbuf_16)
   0.00    0.29 ^ count[0]$_SDFF_PP0_/CLK (sky130_fd_sc_hd__dfxtp_1)
   0.00    0.29   clock reconvergence pessimism
  -0.04    0.25   library hold time
           0.25   data required time
---------------------------------------------------------
           0.25   data required time
          -0.65   data arrival time
---------------------------------------------------------
           0.41   slack (MET)



==========================================================================
detailed route critical path target clock latency max path
--------------------------------------------------------------------------
0.2920

==========================================================================
detailed route critical path target clock latency min path
--------------------------------------------------------------------------
0.2930

==========================================================================
detailed route critical path source clock latency min path
--------------------------------------------------------------------------
0.0000

==========================================================================
detailed route critical path delay
--------------------------------------------------------------------------
2.9316

==========================================================================
detailed route critical path slack
--------------------------------------------------------------------------
2.2674

==========================================================================
detailed route slack div critical path delay
--------------------------------------------------------------------------
77.343430

==========================================================================
detailed route report_power
--------------------------------------------------------------------------
Group                  Internal  Switching    Leakage      Total
                          Power      Power      Power      Power (Watts)
----------------------------------------------------------------
Sequential             7.66e-04   9.82e-06   7.45e-10   7.76e-04  51.4%
Combinational          6.85e-05   1.02e-04   2.58e-09   1.71e-04  11.3%
Clock                  3.74e-04   1.88e-04   1.42e-10   5.62e-04  37.2%
Macro                  0.00e+00   0.00e+00   0.00e+00   0.00e+00   0.0%
Pad                    0.00e+00   0.00e+00   0.00e+00   0.00e+00   0.0%
----------------------------------------------------------------
Total                  1.21e-03   3.00e-04   3.47e-09   1.51e-03 100.0%
                          80.1%      19.9%       0.0%
