
==========================================================================
global route report_tns
--------------------------------------------------------------------------
tns max 0.00

==========================================================================
global route report_wns
--------------------------------------------------------------------------
wns max 0.00

==========================================================================
global route report_worst_slack
--------------------------------------------------------------------------
worst slack max 0.97

==========================================================================
global route report_clock_min_period
--------------------------------------------------------------------------
core_clock period_min = 4.22 fmax = 237.21

==========================================================================
global route report_clock_skew
--------------------------------------------------------------------------
Clock core_clock
   0.36 source latency GPR[1][4]$_DFFE_PP_/CLK ^
  -0.36 target latency GPR[3][9]$_DFFE_PP_/CLK ^
   0.00 CRPR
--------------
   0.01 setup skew


==========================================================================
global route report_checks -path_delay min
--------------------------------------------------------------------------
Startpoint: count[0]$_SDFF_PP0_
            (rising edge-triggered flip-flop clocked by core_clock)
Endpoint: count[0]$_SDFF_PP0_
          (rising edge-triggered flip-flop clocked by core_clock)
Path Group: core_clock
Path Type: min

Fanout     Cap    Slew   Delay    Time   Description
-----------------------------------------------------------------------------
                          0.00    0.00   clock core_clock (rise edge)
                          0.00    0.00   clock source latency
     1    0.03    0.00    0.00    0.00 ^ clk (in)
                                         clk (net)
                  0.00    0.00    0.00 ^ clkbuf_0_clk/A (sky130_fd_sc_hd__clkbuf_16)
     8    0.11    0.12    0.18    0.18 ^ clkbuf_0_clk/X (sky130_fd_sc_hd__clkbuf_16)
                                         clknet_0_clk (net)
                  0.12    0.00    0.18 ^ clkbuf_3_0__f_clk/A (sky130_fd_sc_hd__clkbuf_16)
    13    0.05    0.07    0.18    0.36 ^ clkbuf_3_0__f_clk/X (sky130_fd_sc_hd__clkbuf_16)
                                         clknet_3_0__leaf_clk (net)
                  0.07    0.00    0.36 ^ count[0]$_SDFF_PP0_/CLK (sky130_fd_sc_hd__dfxtp_1)
     2    0.01    0.09    0.35    0.71 ^ count[0]$_SDFF_PP0_/Q (sky130_fd_sc_hd__dfxtp_1)
                                         count[0] (net)
                  0.09    0.00    0.71 ^ _1725_/A (sky130_fd_sc_hd__nor2_1)
     1    0.00    0.03    0.05    0.76 v _1725_/Y (sky130_fd_sc_hd__nor2_1)
                                         _0162_ (net)
                  0.03    0.00    0.76 v count[0]$_SDFF_PP0_/D (sky130_fd_sc_hd__dfxtp_1)
                                  0.76   data arrival time

                          0.00    0.00   clock core_clock (rise edge)
                          0.00    0.00   clock source latency
     1    0.03    0.00    0.00    0.00 ^ clk (in)
                                         clk (net)
                  0.00    0.00    0.00 ^ clkbuf_0_clk/A (sky130_fd_sc_hd__clkbuf_16)
     8    0.11    0.12    0.18    0.18 ^ clkbuf_0_clk/X (sky130_fd_sc_hd__clkbuf_16)
                                         clknet_0_clk (net)
                  0.12    0.00    0.18 ^ clkbuf_3_0__f_clk/A (sky130_fd_sc_hd__clkbuf_16)
    13    0.05    0.07    0.18    0.36 ^ clkbuf_3_0__f_clk/X (sky130_fd_sc_hd__clkbuf_16)
                                         clknet_3_0__leaf_clk (net)
                  0.07    0.00    0.36 ^ count[0]$_SDFF_PP0_/CLK (sky130_fd_sc_hd__dfxtp_1)
                          0.00    0.36   clock reconvergence pessimism
                         -0.04    0.32   library hold time
                                  0.32   data required time
-----------------------------------------------------------------------------
                                  0.32   data required time
                                 -0.76   data arrival time
-----------------------------------------------------------------------------
                                  0.45   slack (MET)



==========================================================================
global route report_checks -path_delay max
--------------------------------------------------------------------------
Startpoint: IR[18]$_SDFFE_PP0P_
            (rising edge-triggered flip-flop clocked by core_clock)
Endpoint: GPR[3][4]$_DFFE_PP_
          (rising edge-triggered flip-flop clocked by core_clock)
Path Group: core_clock
Path Type: max

Fanout     Cap    Slew   Delay    Time   Description
-----------------------------------------------------------------------------
                          0.00    0.00   clock core_clock (rise edge)
                          0.00    0.00   clock source latency
     1    0.03    0.00    0.00    0.00 ^ clk (in)
                                         clk (net)
                  0.00    0.00    0.00 ^ clkbuf_0_clk/A (sky130_fd_sc_hd__clkbuf_16)
     8    0.11    0.12    0.18    0.18 ^ clkbuf_0_clk/X (sky130_fd_sc_hd__clkbuf_16)
                                         clknet_0_clk (net)
                  0.12    0.00    0.18 ^ clkbuf_3_0__f_clk/A (sky130_fd_sc_hd__clkbuf_16)
    13    0.05    0.07    0.18    0.36 ^ clkbuf_3_0__f_clk/X (sky130_fd_sc_hd__clkbuf_16)
                                         clknet_3_0__leaf_clk (net)
                  0.07    0.00    0.36 ^ IR[18]$_SDFFE_PP0P_/CLK (sky130_fd_sc_hd__dfxtp_1)
     1    0.00    0.03    0.31    0.67 v IR[18]$_SDFFE_PP0P_/Q (sky130_fd_sc_hd__dfxtp_1)
                                         IR[18] (net)
                  0.03    0.00    0.67 v place50/A (sky130_fd_sc_hd__buf_4)
    24    0.12    0.15    0.24    0.90 v place50/X (sky130_fd_sc_hd__buf_4)
                                         net49 (net)
                  0.15    0.01    0.91 v _1003_/A (sky130_fd_sc_hd__inv_2)
    22    0.12    0.53    0.44    1.35 ^ _1003_/Y (sky130_fd_sc_hd__inv_2)
                                         _0310_ (net)
                  0.53    0.01    1.36 ^ _1114_/B1 (sky130_fd_sc_hd__a21oi_1)
     1    0.00    0.11    0.09    1.45 v _1114_/Y (sky130_fd_sc_hd__a21oi_1)
                                         _0407_ (net)
                  0.11    0.00    1.45 v _1116_/B1 (sky130_fd_sc_hd__a32oi_1)
     3    0.02    0.52    0.44    1.89 ^ _1116_/Y (sky130_fd_sc_hd__a32oi_1)
                                         _0040_ (net)
                  0.52    0.00    1.89 ^ _1132_/A (sky130_fd_sc_hd__inv_1)
     5    0.02    0.18    0.23    2.12 v _1132_/Y (sky130_fd_sc_hd__inv_1)
                                         _0038_ (net)
                  0.18    0.00    2.12 v _1818_/A (sky130_fd_sc_hd__ha_1)
     2    0.01    0.08    0.29    2.41 v _1818_/COUT (sky130_fd_sc_hd__ha_1)
                                         _0030_ (net)
                  0.08    0.00    2.41 v _1815_/CIN (sky130_fd_sc_hd__fa_1)
     2    0.01    0.09    0.39    2.81 v _1815_/COUT (sky130_fd_sc_hd__fa_1)
                                         _0031_ (net)
                  0.09    0.00    2.81 v _1154_/A (sky130_fd_sc_hd__inv_1)
     1    0.00    0.05    0.07    2.88 ^ _1154_/Y (sky130_fd_sc_hd__inv_1)
                                         _0441_ (net)
                  0.05    0.00    2.88 ^ _1155_/A (sky130_fd_sc_hd__nand2_1)
     4    0.01    0.12    0.10    2.98 v _1155_/Y (sky130_fd_sc_hd__nand2_1)
                                         _0442_ (net)
                  0.12    0.00    2.98 v _1223_/C (sky130_fd_sc_hd__nand3_1)
     4    0.02    0.21    0.21    3.19 ^ _1223_/Y (sky130_fd_sc_hd__nand3_1)
                                         _0508_ (net)
                  0.21    0.00    3.19 ^ _1226_/A (sky130_fd_sc_hd__nand2_1)
     1    0.00    0.06    0.08    3.27 v _1226_/Y (sky130_fd_sc_hd__nand2_1)
                                         _0511_ (net)
                  0.06    0.00    3.27 v _1227_/B (sky130_fd_sc_hd__nand2_1)
     2    0.01    0.09    0.10    3.38 ^ _1227_/Y (sky130_fd_sc_hd__nand2_1)
                                         _0512_ (net)
                  0.09    0.00    3.38 ^ _1228_/B (sky130_fd_sc_hd__nor2_1)
     1    0.00    0.06    0.05    3.43 v _1228_/Y (sky130_fd_sc_hd__nor2_1)
                                         _0513_ (net)
                  0.06    0.00    3.43 v _1229_/D1 (sky130_fd_sc_hd__a2111oi_0)
     1    0.01    0.48    0.38    3.81 ^ _1229_/Y (sky130_fd_sc_hd__a2111oi_0)
                                         _0514_ (net)
                  0.48    0.00    3.81 ^ _1230_/B1 (sky130_fd_sc_hd__o21ai_0)
     4    0.02    0.34    0.41    4.22 v _1230_/Y (sky130_fd_sc_hd__o21ai_0)
                                         _0010_ (net)
                  0.34    0.00    4.22 v GPR[3][4]$_DFFE_PP_/D (sky130_fd_sc_hd__edfxtp_1)
                                  4.22   data arrival time

                          5.19    5.19   clock core_clock (rise edge)
                          0.00    5.19   clock source latency
     1    0.03    0.00    0.00    5.19 ^ clk (in)
                                         clk (net)
                  0.00    0.00    5.19 ^ clkbuf_0_clk/A (sky130_fd_sc_hd__clkbuf_16)
     8    0.11    0.12    0.18    5.37 ^ clkbuf_0_clk/X (sky130_fd_sc_hd__clkbuf_16)
                                         clknet_0_clk (net)
                  0.12    0.00    5.37 ^ clkbuf_3_1__f_clk/A (sky130_fd_sc_hd__clkbuf_16)
    16    0.06    0.08    0.18    5.55 ^ clkbuf_3_1__f_clk/X (sky130_fd_sc_hd__clkbuf_16)
                                         clknet_3_1__leaf_clk (net)
                  0.08    0.00    5.55 ^ GPR[3][4]$_DFFE_PP_/CLK (sky130_fd_sc_hd__edfxtp_1)
                          0.00    5.55   clock reconvergence pessimism
                         -0.36    5.20   library setup time
                                  5.20   data required time
-----------------------------------------------------------------------------
                                  5.20   data required time
                                 -4.22   data arrival time
-----------------------------------------------------------------------------
                                  0.97   slack (MET)



==========================================================================
global route report_checks -unconstrained
--------------------------------------------------------------------------
Startpoint: IR[18]$_SDFFE_PP0P_
            (rising edge-triggered flip-flop clocked by core_clock)
Endpoint: GPR[3][4]$_DFFE_PP_
          (rising edge-triggered flip-flop clocked by core_clock)
Path Group: core_clock
Path Type: max

Fanout     Cap    Slew   Delay    Time   Description
-----------------------------------------------------------------------------
                          0.00    0.00   clock core_clock (rise edge)
                          0.00    0.00   clock source latency
     1    0.03    0.00    0.00    0.00 ^ clk (in)
                                         clk (net)
                  0.00    0.00    0.00 ^ clkbuf_0_clk/A (sky130_fd_sc_hd__clkbuf_16)
     8    0.11    0.12    0.18    0.18 ^ clkbuf_0_clk/X (sky130_fd_sc_hd__clkbuf_16)
                                         clknet_0_clk (net)
                  0.12    0.00    0.18 ^ clkbuf_3_0__f_clk/A (sky130_fd_sc_hd__clkbuf_16)
    13    0.05    0.07    0.18    0.36 ^ clkbuf_3_0__f_clk/X (sky130_fd_sc_hd__clkbuf_16)
                                         clknet_3_0__leaf_clk (net)
                  0.07    0.00    0.36 ^ IR[18]$_SDFFE_PP0P_/CLK (sky130_fd_sc_hd__dfxtp_1)
     1    0.00    0.03    0.31    0.67 v IR[18]$_SDFFE_PP0P_/Q (sky130_fd_sc_hd__dfxtp_1)
                                         IR[18] (net)
                  0.03    0.00    0.67 v place50/A (sky130_fd_sc_hd__buf_4)
    24    0.12    0.15    0.24    0.90 v place50/X (sky130_fd_sc_hd__buf_4)
                                         net49 (net)
                  0.15    0.01    0.91 v _1003_/A (sky130_fd_sc_hd__inv_2)
    22    0.12    0.53    0.44    1.35 ^ _1003_/Y (sky130_fd_sc_hd__inv_2)
                                         _0310_ (net)
                  0.53    0.01    1.36 ^ _1114_/B1 (sky130_fd_sc_hd__a21oi_1)
     1    0.00    0.11    0.09    1.45 v _1114_/Y (sky130_fd_sc_hd__a21oi_1)
                                         _0407_ (net)
                  0.11    0.00    1.45 v _1116_/B1 (sky130_fd_sc_hd__a32oi_1)
     3    0.02    0.52    0.44    1.89 ^ _1116_/Y (sky130_fd_sc_hd__a32oi_1)
                                         _0040_ (net)
                  0.52    0.00    1.89 ^ _1132_/A (sky130_fd_sc_hd__inv_1)
     5    0.02    0.18    0.23    2.12 v _1132_/Y (sky130_fd_sc_hd__inv_1)
                                         _0038_ (net)
                  0.18    0.00    2.12 v _1818_/A (sky130_fd_sc_hd__ha_1)
     2    0.01    0.08    0.29    2.41 v _1818_/COUT (sky130_fd_sc_hd__ha_1)
                                         _0030_ (net)
                  0.08    0.00    2.41 v _1815_/CIN (sky130_fd_sc_hd__fa_1)
     2    0.01    0.09    0.39    2.81 v _1815_/COUT (sky130_fd_sc_hd__fa_1)
                                         _0031_ (net)
                  0.09    0.00    2.81 v _1154_/A (sky130_fd_sc_hd__inv_1)
     1    0.00    0.05    0.07    2.88 ^ _1154_/Y (sky130_fd_sc_hd__inv_1)
                                         _0441_ (net)
                  0.05    0.00    2.88 ^ _1155_/A (sky130_fd_sc_hd__nand2_1)
     4    0.01    0.12    0.10    2.98 v _1155_/Y (sky130_fd_sc_hd__nand2_1)
                                         _0442_ (net)
                  0.12    0.00    2.98 v _1223_/C (sky130_fd_sc_hd__nand3_1)
     4    0.02    0.21    0.21    3.19 ^ _1223_/Y (sky130_fd_sc_hd__nand3_1)
                                         _0508_ (net)
                  0.21    0.00    3.19 ^ _1226_/A (sky130_fd_sc_hd__nand2_1)
     1    0.00    0.06    0.08    3.27 v _1226_/Y (sky130_fd_sc_hd__nand2_1)
                                         _0511_ (net)
                  0.06    0.00    3.27 v _1227_/B (sky130_fd_sc_hd__nand2_1)
     2    0.01    0.09    0.10    3.38 ^ _1227_/Y (sky130_fd_sc_hd__nand2_1)
                                         _0512_ (net)
                  0.09    0.00    3.38 ^ _1228_/B (sky130_fd_sc_hd__nor2_1)
     1    0.00    0.06    0.05    3.43 v _1228_/Y (sky130_fd_sc_hd__nor2_1)
                                         _0513_ (net)
                  0.06    0.00    3.43 v _1229_/D1 (sky130_fd_sc_hd__a2111oi_0)
     1    0.01    0.48    0.38    3.81 ^ _1229_/Y (sky130_fd_sc_hd__a2111oi_0)
                                         _0514_ (net)
                  0.48    0.00    3.81 ^ _1230_/B1 (sky130_fd_sc_hd__o21ai_0)
     4    0.02    0.34    0.41    4.22 v _1230_/Y (sky130_fd_sc_hd__o21ai_0)
                                         _0010_ (net)
                  0.34    0.00    4.22 v GPR[3][4]$_DFFE_PP_/D (sky130_fd_sc_hd__edfxtp_1)
                                  4.22   data arrival time

                          5.19    5.19   clock core_clock (rise edge)
                          0.00    5.19   clock source latency
     1    0.03    0.00    0.00    5.19 ^ clk (in)
                                         clk (net)
                  0.00    0.00    5.19 ^ clkbuf_0_clk/A (sky130_fd_sc_hd__clkbuf_16)
     8    0.11    0.12    0.18    5.37 ^ clkbuf_0_clk/X (sky130_fd_sc_hd__clkbuf_16)
                                         clknet_0_clk (net)
                  0.12    0.00    5.37 ^ clkbuf_3_1__f_clk/A (sky130_fd_sc_hd__clkbuf_16)
    16    0.06    0.08    0.18    5.55 ^ clkbuf_3_1__f_clk/X (sky130_fd_sc_hd__clkbuf_16)
                                         clknet_3_1__leaf_clk (net)
                  0.08    0.00    5.55 ^ GPR[3][4]$_DFFE_PP_/CLK (sky130_fd_sc_hd__edfxtp_1)
                          0.00    5.55   clock reconvergence pessimism
                         -0.36    5.20   library setup time
                                  5.20   data required time
-----------------------------------------------------------------------------
                                  5.20   data required time
                                 -4.22   data arrival time
-----------------------------------------------------------------------------
                                  0.97   slack (MET)



==========================================================================
global route report_check_types -max_slew -max_cap -max_fanout -violators
--------------------------------------------------------------------------

==========================================================================
global route max_slew_check_slack
--------------------------------------------------------------------------
0.7355484962463379

==========================================================================
global route max_slew_check_limit
--------------------------------------------------------------------------
1.4885469675064087

==========================================================================
global route max_slew_check_slack_limit
--------------------------------------------------------------------------
0.4941

==========================================================================
global route max_fanout_check_slack
--------------------------------------------------------------------------
1.0000000150474662e+30

==========================================================================
global route max_fanout_check_limit
--------------------------------------------------------------------------
1.0000000150474662e+30

==========================================================================
global route max_capacitance_check_slack
--------------------------------------------------------------------------
0.015986556187272072

==========================================================================
global route max_capacitance_check_limit
--------------------------------------------------------------------------
0.021067000925540924

==========================================================================
global route max_capacitance_check_slack_limit
--------------------------------------------------------------------------
0.7588

==========================================================================
global route max_slew_violation_count
--------------------------------------------------------------------------
max slew violation count 0

==========================================================================
global route max_fanout_violation_count
--------------------------------------------------------------------------
max fanout violation count 0

==========================================================================
global route max_cap_violation_count
--------------------------------------------------------------------------
max cap violation count 0

==========================================================================
global route setup_violation_count
--------------------------------------------------------------------------
setup violation count 0

==========================================================================
global route hold_violation_count
--------------------------------------------------------------------------
hold violation count 0

==========================================================================
global route report_checks -path_delay max reg to reg
--------------------------------------------------------------------------
Startpoint: IR[18]$_SDFFE_PP0P_
            (rising edge-triggered flip-flop clocked by core_clock)
Endpoint: GPR[3][4]$_DFFE_PP_
          (rising edge-triggered flip-flop clocked by core_clock)
Path Group: core_clock
Path Type: max

  Delay    Time   Description
---------------------------------------------------------
   0.00    0.00   clock core_clock (rise edge)
   0.00    0.00   clock source latency
   0.00    0.00 ^ clk (in)
   0.18    0.18 ^ clkbuf_0_clk/X (sky130_fd_sc_hd__clkbuf_16)
   0.18    0.36 ^ clkbuf_3_0__f_clk/X (sky130_fd_sc_hd__clkbuf_16)
   0.00    0.36 ^ IR[18]$_SDFFE_PP0P_/CLK (sky130_fd_sc_hd__dfxtp_1)
   0.31    0.67 v IR[18]$_SDFFE_PP0P_/Q (sky130_fd_sc_hd__dfxtp_1)
   0.24    0.90 v place50/X (sky130_fd_sc_hd__buf_4)
   0.45    1.35 ^ _1003_/Y (sky130_fd_sc_hd__inv_2)
   0.10    1.45 v _1114_/Y (sky130_fd_sc_hd__a21oi_1)
   0.44    1.89 ^ _1116_/Y (sky130_fd_sc_hd__a32oi_1)
   0.23    2.12 v _1132_/Y (sky130_fd_sc_hd__inv_1)
   0.30    2.41 v _1818_/COUT (sky130_fd_sc_hd__ha_1)
   0.39    2.81 v _1815_/COUT (sky130_fd_sc_hd__fa_1)
   0.07    2.88 ^ _1154_/Y (sky130_fd_sc_hd__inv_1)
   0.10    2.98 v _1155_/Y (sky130_fd_sc_hd__nand2_1)
   0.21    3.19 ^ _1223_/Y (sky130_fd_sc_hd__nand3_1)
   0.08    3.27 v _1226_/Y (sky130_fd_sc_hd__nand2_1)
   0.10    3.38 ^ _1227_/Y (sky130_fd_sc_hd__nand2_1)
   0.05    3.43 v _1228_/Y (sky130_fd_sc_hd__nor2_1)
   0.38    3.81 ^ _1229_/Y (sky130_fd_sc_hd__a2111oi_0)
   0.41    4.22 v _1230_/Y (sky130_fd_sc_hd__o21ai_0)
   0.00    4.22 v GPR[3][4]$_DFFE_PP_/D (sky130_fd_sc_hd__edfxtp_1)
           4.22   data arrival time

   5.19    5.19   clock core_clock (rise edge)
   0.00    5.19   clock source latency
   0.00    5.19 ^ clk (in)
   0.18    5.37 ^ clkbuf_0_clk/X (sky130_fd_sc_hd__clkbuf_16)
   0.19    5.55 ^ clkbuf_3_1__f_clk/X (sky130_fd_sc_hd__clkbuf_16)
   0.00    5.55 ^ GPR[3][4]$_DFFE_PP_/CLK (sky130_fd_sc_hd__edfxtp_1)
   0.00    5.55   clock reconvergence pessimism
  -0.36    5.20   library setup time
           5.20   data required time
---------------------------------------------------------
           5.20   data required time
          -4.22   data arrival time
---------------------------------------------------------
           0.97   slack (MET)



==========================================================================
global route report_checks -path_delay min reg to reg
--------------------------------------------------------------------------
Startpoint: count[0]$_SDFF_PP0_
            (rising edge-triggered flip-flop clocked by core_clock)
Endpoint: count[0]$_SDFF_PP0_
          (rising edge-triggered flip-flop clocked by core_clock)
Path Group: core_clock
Path Type: min

  Delay    Time   Description
---------------------------------------------------------
   0.00    0.00   clock core_clock (rise edge)
   0.00    0.00   clock source latency
   0.00    0.00 ^ clk (in)
   0.18    0.18 ^ clkbuf_0_clk/X (sky130_fd_sc_hd__clkbuf_16)
   0.18    0.36 ^ clkbuf_3_0__f_clk/X (sky130_fd_sc_hd__clkbuf_16)
   0.00    0.36 ^ count[0]$_SDFF_PP0_/CLK (sky130_fd_sc_hd__dfxtp_1)
   0.35    0.71 ^ count[0]$_SDFF_PP0_/Q (sky130_fd_sc_hd__dfxtp_1)
   0.05    0.76 v _1725_/Y (sky130_fd_sc_hd__nor2_1)
   0.00    0.76 v count[0]$_SDFF_PP0_/D (sky130_fd_sc_hd__dfxtp_1)
           0.76   data arrival time

   0.00    0.00   clock core_clock (rise edge)
   0.00    0.00   clock source latency
   0.00    0.00 ^ clk (in)
   0.18    0.18 ^ clkbuf_0_clk/X (sky130_fd_sc_hd__clkbuf_16)
   0.18    0.36 ^ clkbuf_3_0__f_clk/X (sky130_fd_sc_hd__clkbuf_16)
   0.00    0.36 ^ count[0]$_SDFF_PP0_/CLK (sky130_fd_sc_hd__dfxtp_1)
   0.00    0.36   clock reconvergence pessimism
  -0.04    0.32   library hold time
           0.32   data required time
---------------------------------------------------------
           0.32   data required time
          -0.76   data arrival time
---------------------------------------------------------
           0.45   slack (MET)



==========================================================================
global route critical path target clock latency max path
--------------------------------------------------------------------------
0.3641

==========================================================================
global route critical path target clock latency min path
--------------------------------------------------------------------------
0.3589

==========================================================================
global route critical path source clock latency min path
--------------------------------------------------------------------------
0.0000

==========================================================================
global route critical path delay
--------------------------------------------------------------------------
4.2246

==========================================================================
global route critical path slack
--------------------------------------------------------------------------
0.9746

==========================================================================
global route slack div critical path delay
--------------------------------------------------------------------------
23.069640

==========================================================================
global route report_power
--------------------------------------------------------------------------
Group                  Internal  Switching    Leakage      Total
                          Power      Power      Power      Power (Watts)
----------------------------------------------------------------
Sequential             7.65e-04   1.90e-05   7.45e-10   7.84e-04  45.0%
Combinational          7.23e-05   1.81e-04   2.58e-09   2.54e-04  14.6%
Clock                  3.78e-04   3.26e-04   1.42e-10   7.04e-04  40.4%
Macro                  0.00e+00   0.00e+00   0.00e+00   0.00e+00   0.0%
Pad                    0.00e+00   0.00e+00   0.00e+00   0.00e+00   0.0%
----------------------------------------------------------------
Total                  1.22e-03   5.26e-04   3.47e-09   1.74e-03 100.0%
                          69.8%      30.2%       0.0%
