
==========================================================================
finish report_tns
--------------------------------------------------------------------------
tns max 0.00

==========================================================================
finish report_wns
--------------------------------------------------------------------------
wns max 0.00

==========================================================================
finish report_worst_slack
--------------------------------------------------------------------------
worst slack max 1.30

==========================================================================
finish report_clock_min_period
--------------------------------------------------------------------------
core_clock period_min = 3.89 fmax = 256.95

==========================================================================
finish report_clock_skew
--------------------------------------------------------------------------
Clock core_clock
   0.33 source latency GPR[0][9]$_DFFE_PP_/CLK ^
  -0.34 target latency GPR[0][13]$_DFFE_PP_/CLK ^
   0.00 CRPR
--------------
  -0.01 setup skew


==========================================================================
finish report_checks -path_delay min
--------------------------------------------------------------------------
Startpoint: count[0]$_SDFF_PP0_
            (rising edge-triggered flip-flop clocked by core_clock)
Endpoint: count[0]$_SDFF_PP0_
          (rising edge-triggered flip-flop clocked by core_clock)
Path Group: core_clock
Path Type: min

Fanout     Cap    Slew   Delay    Time   Description
-----------------------------------------------------------------------------
                          0.00    0.00   clock core_clock (rise edge)
                          0.00    0.00   clock source latency
     1    0.02    0.00    0.00    0.00 ^ clk (in)
                                         clk (net)
                  0.00    0.00    0.00 ^ clkbuf_0_clk/A (sky130_fd_sc_hd__clkbuf_16)
     8    0.10    0.11    0.17    0.17 ^ clkbuf_0_clk/X (sky130_fd_sc_hd__clkbuf_16)
                                         clknet_0_clk (net)
                  0.11    0.00    0.17 ^ clkbuf_3_0__f_clk/A (sky130_fd_sc_hd__clkbuf_16)
    13    0.04    0.06    0.17    0.34 ^ clkbuf_3_0__f_clk/X (sky130_fd_sc_hd__clkbuf_16)
                                         clknet_3_0__leaf_clk (net)
                  0.06    0.00    0.34 ^ count[0]$_SDFF_PP0_/CLK (sky130_fd_sc_hd__dfxtp_1)
     2    0.01    0.08    0.33    0.67 ^ count[0]$_SDFF_PP0_/Q (sky130_fd_sc_hd__dfxtp_1)
                                         count[0] (net)
                  0.08    0.00    0.67 ^ _1725_/A (sky130_fd_sc_hd__nor2_1)
     1    0.00    0.03    0.05    0.72 v _1725_/Y (sky130_fd_sc_hd__nor2_1)
                                         _0162_ (net)
                  0.03    0.00    0.72 v count[0]$_SDFF_PP0_/D (sky130_fd_sc_hd__dfxtp_1)
                                  0.72   data arrival time

                          0.00    0.00   clock core_clock (rise edge)
                          0.00    0.00   clock source latency
     1    0.02    0.00    0.00    0.00 ^ clk (in)
                                         clk (net)
                  0.00    0.00    0.00 ^ clkbuf_0_clk/A (sky130_fd_sc_hd__clkbuf_16)
     8    0.10    0.11    0.17    0.17 ^ clkbuf_0_clk/X (sky130_fd_sc_hd__clkbuf_16)
                                         clknet_0_clk (net)
                  0.11    0.00    0.17 ^ clkbuf_3_0__f_clk/A (sky130_fd_sc_hd__clkbuf_16)
    13    0.04    0.06    0.17    0.34 ^ clkbuf_3_0__f_clk/X (sky130_fd_sc_hd__clkbuf_16)
                                         clknet_3_0__leaf_clk (net)
                  0.06    0.00    0.34 ^ count[0]$_SDFF_PP0_/CLK (sky130_fd_sc_hd__dfxtp_1)
                          0.00    0.34   clock reconvergence pessimism
                         -0.04    0.29   library hold time
                                  0.29   data required time
-----------------------------------------------------------------------------
                                  0.29   data required time
                                 -0.72   data arrival time
-----------------------------------------------------------------------------
                                  0.42   slack (MET)



==========================================================================
finish report_checks -path_delay max
--------------------------------------------------------------------------
Startpoint: IR[18]$_SDFFE_PP0P_
            (rising edge-triggered flip-flop clocked by core_clock)
Endpoint: GPR[3][4]$_DFFE_PP_
          (rising edge-triggered flip-flop clocked by core_clock)
Path Group: core_clock
Path Type: max

Fanout     Cap    Slew   Delay    Time   Description
-----------------------------------------------------------------------------
                          0.00    0.00   clock core_clock (rise edge)
                          0.00    0.00   clock source latency
     1    0.02    0.00    0.00    0.00 ^ clk (in)
                                         clk (net)
                  0.00    0.00    0.00 ^ clkbuf_0_clk/A (sky130_fd_sc_hd__clkbuf_16)
     8    0.10    0.11    0.17    0.17 ^ clkbuf_0_clk/X (sky130_fd_sc_hd__clkbuf_16)
                                         clknet_0_clk (net)
                  0.11    0.00    0.17 ^ clkbuf_3_0__f_clk/A (sky130_fd_sc_hd__clkbuf_16)
    13    0.04    0.06    0.17    0.34 ^ clkbuf_3_0__f_clk/X (sky130_fd_sc_hd__clkbuf_16)
                                         clknet_3_0__leaf_clk (net)
                  0.06    0.00    0.34 ^ IR[18]$_SDFFE_PP0P_/CLK (sky130_fd_sc_hd__dfxtp_1)
     1    0.00    0.02    0.30    0.63 v IR[18]$_SDFFE_PP0P_/Q (sky130_fd_sc_hd__dfxtp_1)
                                         IR[18] (net)
                  0.02    0.00    0.63 v place50/A (sky130_fd_sc_hd__buf_4)
    24    0.10    0.14    0.22    0.85 v place50/X (sky130_fd_sc_hd__buf_4)
                                         net49 (net)
                  0.14    0.01    0.86 v _1003_/A (sky130_fd_sc_hd__inv_2)
    22    0.10    0.45    0.38    1.24 ^ _1003_/Y (sky130_fd_sc_hd__inv_2)
                                         _0310_ (net)
                  0.46    0.01    1.25 ^ _1114_/B1 (sky130_fd_sc_hd__a21oi_1)
     1    0.00    0.10    0.07    1.33 v _1114_/Y (sky130_fd_sc_hd__a21oi_1)
                                         _0407_ (net)
                  0.10    0.00    1.33 v _1116_/B1 (sky130_fd_sc_hd__a32oi_1)
     3    0.02    0.49    0.42    1.74 ^ _1116_/Y (sky130_fd_sc_hd__a32oi_1)
                                         _0040_ (net)
                  0.49    0.00    1.75 ^ _1132_/A (sky130_fd_sc_hd__inv_1)
     5    0.02    0.16    0.20    1.95 v _1132_/Y (sky130_fd_sc_hd__inv_1)
                                         _0038_ (net)
                  0.16    0.00    1.95 v _1818_/A (sky130_fd_sc_hd__ha_1)
     2    0.01    0.07    0.28    2.23 v _1818_/COUT (sky130_fd_sc_hd__ha_1)
                                         _0030_ (net)
                  0.07    0.00    2.23 v _1815_/CIN (sky130_fd_sc_hd__fa_1)
     2    0.01    0.08    0.38    2.61 v _1815_/COUT (sky130_fd_sc_hd__fa_1)
                                         _0031_ (net)
                  0.08    0.00    2.61 v _1154_/A (sky130_fd_sc_hd__inv_1)
     1    0.00    0.04    0.06    2.67 ^ _1154_/Y (sky130_fd_sc_hd__inv_1)
                                         _0441_ (net)
                  0.04    0.00    2.67 ^ _1155_/A (sky130_fd_sc_hd__nand2_1)
     4    0.01    0.10    0.09    2.76 v _1155_/Y (sky130_fd_sc_hd__nand2_1)
                                         _0442_ (net)
                  0.10    0.00    2.76 v _1223_/C (sky130_fd_sc_hd__nand3_1)
     4    0.01    0.17    0.17    2.94 ^ _1223_/Y (sky130_fd_sc_hd__nand3_1)
                                         _0508_ (net)
                  0.17    0.00    2.94 ^ _1226_/A (sky130_fd_sc_hd__nand2_1)
     1    0.00    0.05    0.07    3.00 v _1226_/Y (sky130_fd_sc_hd__nand2_1)
                                         _0511_ (net)
                  0.05    0.00    3.00 v _1227_/B (sky130_fd_sc_hd__nand2_1)
     2    0.01    0.07    0.08    3.08 ^ _1227_/Y (sky130_fd_sc_hd__nand2_1)
                                         _0512_ (net)
                  0.07    0.00    3.08 ^ _1228_/B (sky130_fd_sc_hd__nor2_1)
     1    0.00    0.05    0.04    3.13 v _1228_/Y (sky130_fd_sc_hd__nor2_1)
                                         _0513_ (net)
                  0.05    0.00    3.13 v _1229_/D1 (sky130_fd_sc_hd__a2111oi_0)
     1    0.01    0.48    0.39    3.52 ^ _1229_/Y (sky130_fd_sc_hd__a2111oi_0)
                                         _0514_ (net)
                  0.48    0.00    3.52 ^ _1230_/B1 (sky130_fd_sc_hd__o21ai_0)
     4    0.02    0.30    0.37    3.89 v _1230_/Y (sky130_fd_sc_hd__o21ai_0)
                                         _0010_ (net)
                  0.30    0.00    3.89 v GPR[3][4]$_DFFE_PP_/D (sky130_fd_sc_hd__edfxtp_1)
                                  3.89   data arrival time

                          5.19    5.19   clock core_clock (rise edge)
                          0.00    5.19   clock source latency
     1    0.02    0.00    0.00    5.19 ^ clk (in)
                                         clk (net)
                  0.00    0.00    5.19 ^ clkbuf_0_clk/A (sky130_fd_sc_hd__clkbuf_16)
     8    0.10    0.11    0.17    5.36 ^ clkbuf_0_clk/X (sky130_fd_sc_hd__clkbuf_16)
                                         clknet_0_clk (net)
                  0.11    0.00    5.36 ^ clkbuf_3_1__f_clk/A (sky130_fd_sc_hd__clkbuf_16)
    16    0.04    0.06    0.17    5.53 ^ clkbuf_3_1__f_clk/X (sky130_fd_sc_hd__clkbuf_16)
                                         clknet_3_1__leaf_clk (net)
                  0.06    0.00    5.53 ^ GPR[3][4]$_DFFE_PP_/CLK (sky130_fd_sc_hd__edfxtp_1)
                          0.00    5.53   clock reconvergence pessimism
                         -0.34    5.19   library setup time
                                  5.19   data required time
-----------------------------------------------------------------------------
                                  5.19   data required time
                                 -3.89   data arrival time
-----------------------------------------------------------------------------
                                  1.30   slack (MET)



==========================================================================
finish report_checks -unconstrained
--------------------------------------------------------------------------
Startpoint: IR[18]$_SDFFE_PP0P_
            (rising edge-triggered flip-flop clocked by core_clock)
Endpoint: GPR[3][4]$_DFFE_PP_
          (rising edge-triggered flip-flop clocked by core_clock)
Path Group: core_clock
Path Type: max

Fanout     Cap    Slew   Delay    Time   Description
-----------------------------------------------------------------------------
                          0.00    0.00   clock core_clock (rise edge)
                          0.00    0.00   clock source latency
     1    0.02    0.00    0.00    0.00 ^ clk (in)
                                         clk (net)
                  0.00    0.00    0.00 ^ clkbuf_0_clk/A (sky130_fd_sc_hd__clkbuf_16)
     8    0.10    0.11    0.17    0.17 ^ clkbuf_0_clk/X (sky130_fd_sc_hd__clkbuf_16)
                                         clknet_0_clk (net)
                  0.11    0.00    0.17 ^ clkbuf_3_0__f_clk/A (sky130_fd_sc_hd__clkbuf_16)
    13    0.04    0.06    0.17    0.34 ^ clkbuf_3_0__f_clk/X (sky130_fd_sc_hd__clkbuf_16)
                                         clknet_3_0__leaf_clk (net)
                  0.06    0.00    0.34 ^ IR[18]$_SDFFE_PP0P_/CLK (sky130_fd_sc_hd__dfxtp_1)
     1    0.00    0.02    0.30    0.63 v IR[18]$_SDFFE_PP0P_/Q (sky130_fd_sc_hd__dfxtp_1)
                                         IR[18] (net)
                  0.02    0.00    0.63 v place50/A (sky130_fd_sc_hd__buf_4)
    24    0.10    0.14    0.22    0.85 v place50/X (sky130_fd_sc_hd__buf_4)
                                         net49 (net)
                  0.14    0.01    0.86 v _1003_/A (sky130_fd_sc_hd__inv_2)
    22    0.10    0.45    0.38    1.24 ^ _1003_/Y (sky130_fd_sc_hd__inv_2)
                                         _0310_ (net)
                  0.46    0.01    1.25 ^ _1114_/B1 (sky130_fd_sc_hd__a21oi_1)
     1    0.00    0.10    0.07    1.33 v _1114_/Y (sky130_fd_sc_hd__a21oi_1)
                                         _0407_ (net)
                  0.10    0.00    1.33 v _1116_/B1 (sky130_fd_sc_hd__a32oi_1)
     3    0.02    0.49    0.42    1.74 ^ _1116_/Y (sky130_fd_sc_hd__a32oi_1)
                                         _0040_ (net)
                  0.49    0.00    1.75 ^ _1132_/A (sky130_fd_sc_hd__inv_1)
     5    0.02    0.16    0.20    1.95 v _1132_/Y (sky130_fd_sc_hd__inv_1)
                                         _0038_ (net)
                  0.16    0.00    1.95 v _1818_/A (sky130_fd_sc_hd__ha_1)
     2    0.01    0.07    0.28    2.23 v _1818_/COUT (sky130_fd_sc_hd__ha_1)
                                         _0030_ (net)
                  0.07    0.00    2.23 v _1815_/CIN (sky130_fd_sc_hd__fa_1)
     2    0.01    0.08    0.38    2.61 v _1815_/COUT (sky130_fd_sc_hd__fa_1)
                                         _0031_ (net)
                  0.08    0.00    2.61 v _1154_/A (sky130_fd_sc_hd__inv_1)
     1    0.00    0.04    0.06    2.67 ^ _1154_/Y (sky130_fd_sc_hd__inv_1)
                                         _0441_ (net)
                  0.04    0.00    2.67 ^ _1155_/A (sky130_fd_sc_hd__nand2_1)
     4    0.01    0.10    0.09    2.76 v _1155_/Y (sky130_fd_sc_hd__nand2_1)
                                         _0442_ (net)
                  0.10    0.00    2.76 v _1223_/C (sky130_fd_sc_hd__nand3_1)
     4    0.01    0.17    0.17    2.94 ^ _1223_/Y (sky130_fd_sc_hd__nand3_1)
                                         _0508_ (net)
                  0.17    0.00    2.94 ^ _1226_/A (sky130_fd_sc_hd__nand2_1)
     1    0.00    0.05    0.07    3.00 v _1226_/Y (sky130_fd_sc_hd__nand2_1)
                                         _0511_ (net)
                  0.05    0.00    3.00 v _1227_/B (sky130_fd_sc_hd__nand2_1)
     2    0.01    0.07    0.08    3.08 ^ _1227_/Y (sky130_fd_sc_hd__nand2_1)
                                         _0512_ (net)
                  0.07    0.00    3.08 ^ _1228_/B (sky130_fd_sc_hd__nor2_1)
     1    0.00    0.05    0.04    3.13 v _1228_/Y (sky130_fd_sc_hd__nor2_1)
                                         _0513_ (net)
                  0.05    0.00    3.13 v _1229_/D1 (sky130_fd_sc_hd__a2111oi_0)
     1    0.01    0.48    0.39    3.52 ^ _1229_/Y (sky130_fd_sc_hd__a2111oi_0)
                                         _0514_ (net)
                  0.48    0.00    3.52 ^ _1230_/B1 (sky130_fd_sc_hd__o21ai_0)
     4    0.02    0.30    0.37    3.89 v _1230_/Y (sky130_fd_sc_hd__o21ai_0)
                                         _0010_ (net)
                  0.30    0.00    3.89 v GPR[3][4]$_DFFE_PP_/D (sky130_fd_sc_hd__edfxtp_1)
                                  3.89   data arrival time

                          5.19    5.19   clock core_clock (rise edge)
                          0.00    5.19   clock source latency
     1    0.02    0.00    0.00    5.19 ^ clk (in)
                                         clk (net)
                  0.00    0.00    5.19 ^ clkbuf_0_clk/A (sky130_fd_sc_hd__clkbuf_16)
     8    0.10    0.11    0.17    5.36 ^ clkbuf_0_clk/X (sky130_fd_sc_hd__clkbuf_16)
                                         clknet_0_clk (net)
                  0.11    0.00    5.36 ^ clkbuf_3_1__f_clk/A (sky130_fd_sc_hd__clkbuf_16)
    16    0.04    0.06    0.17    5.53 ^ clkbuf_3_1__f_clk/X (sky130_fd_sc_hd__clkbuf_16)
                                         clknet_3_1__leaf_clk (net)
                  0.06    0.00    5.53 ^ GPR[3][4]$_DFFE_PP_/CLK (sky130_fd_sc_hd__edfxtp_1)
                          0.00    5.53   clock reconvergence pessimism
                         -0.34    5.19   library setup time
                                  5.19   data required time
-----------------------------------------------------------------------------
                                  5.19   data required time
                                 -3.89   data arrival time
-----------------------------------------------------------------------------
                                  1.30   slack (MET)



==========================================================================
finish report_check_types -max_slew -max_cap -max_fanout -violators
--------------------------------------------------------------------------

==========================================================================
finish max_slew_check_slack
--------------------------------------------------------------------------
0.8003324270248413

==========================================================================
finish max_slew_check_limit
--------------------------------------------------------------------------
1.4885469675064087

==========================================================================
finish max_slew_check_slack_limit
--------------------------------------------------------------------------
0.5377

==========================================================================
finish max_fanout_check_slack
--------------------------------------------------------------------------
1.0000000150474662e+30

==========================================================================
finish max_fanout_check_limit
--------------------------------------------------------------------------
1.0000000150474662e+30

==========================================================================
finish max_capacitance_check_slack
--------------------------------------------------------------------------
0.015775948762893677

==========================================================================
finish max_capacitance_check_limit
--------------------------------------------------------------------------
0.021067000925540924

==========================================================================
finish max_capacitance_check_slack_limit
--------------------------------------------------------------------------
0.7488

==========================================================================
finish max_slew_violation_count
--------------------------------------------------------------------------
max slew violation count 0

==========================================================================
finish max_fanout_violation_count
--------------------------------------------------------------------------
max fanout violation count 0

==========================================================================
finish max_cap_violation_count
--------------------------------------------------------------------------
max cap violation count 0

==========================================================================
finish setup_violation_count
--------------------------------------------------------------------------
setup violation count 0

==========================================================================
finish hold_violation_count
--------------------------------------------------------------------------
hold violation count 0

==========================================================================
finish report_checks -path_delay max reg to reg
--------------------------------------------------------------------------
Startpoint: IR[18]$_SDFFE_PP0P_
            (rising edge-triggered flip-flop clocked by core_clock)
Endpoint: GPR[3][4]$_DFFE_PP_
          (rising edge-triggered flip-flop clocked by core_clock)
Path Group: core_clock
Path Type: max

  Delay    Time   Description
---------------------------------------------------------
   0.00    0.00   clock core_clock (rise edge)
   0.00    0.00   clock source latency
   0.00    0.00 ^ clk (in)
   0.17    0.17 ^ clkbuf_0_clk/X (sky130_fd_sc_hd__clkbuf_16)
   0.17    0.34 ^ clkbuf_3_0__f_clk/X (sky130_fd_sc_hd__clkbuf_16)
   0.00    0.34 ^ IR[18]$_SDFFE_PP0P_/CLK (sky130_fd_sc_hd__dfxtp_1)
   0.30    0.63 v IR[18]$_SDFFE_PP0P_/Q (sky130_fd_sc_hd__dfxtp_1)
   0.22    0.85 v place50/X (sky130_fd_sc_hd__buf_4)
   0.40    1.24 ^ _1003_/Y (sky130_fd_sc_hd__inv_2)
   0.08    1.33 v _1114_/Y (sky130_fd_sc_hd__a21oi_1)
   0.42    1.74 ^ _1116_/Y (sky130_fd_sc_hd__a32oi_1)
   0.20    1.95 v _1132_/Y (sky130_fd_sc_hd__inv_1)
   0.28    2.23 v _1818_/COUT (sky130_fd_sc_hd__ha_1)
   0.38    2.61 v _1815_/COUT (sky130_fd_sc_hd__fa_1)
   0.06    2.67 ^ _1154_/Y (sky130_fd_sc_hd__inv_1)
   0.09    2.76 v _1155_/Y (sky130_fd_sc_hd__nand2_1)
   0.17    2.94 ^ _1223_/Y (sky130_fd_sc_hd__nand3_1)
   0.07    3.00 v _1226_/Y (sky130_fd_sc_hd__nand2_1)
   0.08    3.08 ^ _1227_/Y (sky130_fd_sc_hd__nand2_1)
   0.04    3.13 v _1228_/Y (sky130_fd_sc_hd__nor2_1)
   0.39    3.52 ^ _1229_/Y (sky130_fd_sc_hd__a2111oi_0)
   0.37    3.89 v _1230_/Y (sky130_fd_sc_hd__o21ai_0)
   0.00    3.89 v GPR[3][4]$_DFFE_PP_/D (sky130_fd_sc_hd__edfxtp_1)
           3.89   data arrival time

   5.19    5.19   clock core_clock (rise edge)
   0.00    5.19   clock source latency
   0.00    5.19 ^ clk (in)
   0.17    5.36 ^ clkbuf_0_clk/X (sky130_fd_sc_hd__clkbuf_16)
   0.17    5.53 ^ clkbuf_3_1__f_clk/X (sky130_fd_sc_hd__clkbuf_16)
   0.00    5.53 ^ GPR[3][4]$_DFFE_PP_/CLK (sky130_fd_sc_hd__edfxtp_1)
   0.00    5.53   clock reconvergence pessimism
  -0.34    5.19   library setup time
           5.19   data required time
---------------------------------------------------------
           5.19   data required time
          -3.89   data arrival time
---------------------------------------------------------
           1.30   slack (MET)



==========================================================================
finish report_checks -path_delay min reg to reg
--------------------------------------------------------------------------
Startpoint: count[0]$_SDFF_PP0_
            (rising edge-triggered flip-flop clocked by core_clock)
Endpoint: count[0]$_SDFF_PP0_
          (rising edge-triggered flip-flop clocked by core_clock)
Path Group: core_clock
Path Type: min

  Delay    Time   Description
---------------------------------------------------------
   0.00    0.00   clock core_clock (rise edge)
   0.00    0.00   clock source latency
   0.00    0.00 ^ clk (in)
   0.17    0.17 ^ clkbuf_0_clk/X (sky130_fd_sc_hd__clkbuf_16)
   0.17    0.34 ^ clkbuf_3_0__f_clk/X (sky130_fd_sc_hd__clkbuf_16)
   0.00    0.34 ^ count[0]$_SDFF_PP0_/CLK (sky130_fd_sc_hd__dfxtp_1)
   0.33    0.67 ^ count[0]$_SDFF_PP0_/Q (sky130_fd_sc_hd__dfxtp_1)
   0.05    0.72 v _1725_/Y (sky130_fd_sc_hd__nor2_1)
   0.00    0.72 v count[0]$_SDFF_PP0_/D (sky130_fd_sc_hd__dfxtp_1)
           0.72   data arrival time

   0.00    0.00   clock core_clock (rise edge)
   0.00    0.00   clock source latency
   0.00    0.00 ^ clk (in)
   0.17    0.17 ^ clkbuf_0_clk/X (sky130_fd_sc_hd__clkbuf_16)
   0.17    0.34 ^ clkbuf_3_0__f_clk/X (sky130_fd_sc_hd__clkbuf_16)
   0.00    0.34 ^ count[0]$_SDFF_PP0_/CLK (sky130_fd_sc_hd__dfxtp_1)
   0.00    0.34   clock reconvergence pessimism
  -0.04    0.29   library hold time
           0.29   data required time
---------------------------------------------------------
           0.29   data required time
          -0.72   data arrival time
---------------------------------------------------------
           0.42   slack (MET)



==========================================================================
finish critical path target clock latency max path
--------------------------------------------------------------------------
0.3393

==========================================================================
finish critical path target clock latency min path
--------------------------------------------------------------------------
0.3391

==========================================================================
finish critical path source clock latency min path
--------------------------------------------------------------------------
0.0000

==========================================================================
finish critical path delay
--------------------------------------------------------------------------
3.8883

==========================================================================
finish critical path slack
--------------------------------------------------------------------------
1.2985

==========================================================================
finish slack div critical path delay
--------------------------------------------------------------------------
33.395057

==========================================================================
finish report_power
--------------------------------------------------------------------------
Group                  Internal  Switching    Leakage      Total
                          Power      Power      Power      Power (Watts)
----------------------------------------------------------------
Sequential             7.65e-04   1.68e-05   7.45e-10   7.82e-04  47.4%
Combinational          7.09e-05   1.50e-04   2.58e-09   2.21e-04  13.4%
Clock                  3.77e-04   2.71e-04   1.42e-10   6.47e-04  39.2%
Macro                  0.00e+00   0.00e+00   0.00e+00   0.00e+00   0.0%
Pad                    0.00e+00   0.00e+00   0.00e+00   0.00e+00   0.0%
----------------------------------------------------------------
Total                  1.21e-03   4.38e-04   3.47e-09   1.65e-03 100.0%
                          73.5%      26.5%       0.0%
