
==========================================================================
resizer report_tns
--------------------------------------------------------------------------
tns max 0.00

==========================================================================
resizer report_wns
--------------------------------------------------------------------------
wns max 0.00

==========================================================================
resizer report_worst_slack
--------------------------------------------------------------------------
worst slack max 4.18

==========================================================================
resizer report_clock_min_period
--------------------------------------------------------------------------
core_clock period_min = 4.42 fmax = 226.10

==========================================================================
resizer report_checks -path_delay min
--------------------------------------------------------------------------
Startpoint: count[0]$_SDFF_PP0_
            (rising edge-triggered flip-flop clocked by core_clock)
Endpoint: count[0]$_SDFF_PP0_
          (rising edge-triggered flip-flop clocked by core_clock)
Path Group: core_clock
Path Type: min

Fanout     Cap    Slew   Delay    Time   Description
-----------------------------------------------------------------------------
                  0.00    0.00    0.00   clock core_clock (rise edge)
                          0.00    0.00   clock network delay (ideal)
                  0.00    0.00    0.00 ^ count[0]$_SDFF_PP0_/CLK (sky130_fd_sc_hd__dfxtp_1)
     2    0.01    0.08    0.31    0.31 ^ count[0]$_SDFF_PP0_/Q (sky130_fd_sc_hd__dfxtp_1)
                                         count[0] (net)
                  0.08    0.00    0.31 ^ _1725_/A (sky130_fd_sc_hd__nor2_1)
     1    0.00    0.03    0.05    0.36 v _1725_/Y (sky130_fd_sc_hd__nor2_1)
                                         _0162_ (net)
                  0.03    0.00    0.36 v count[0]$_SDFF_PP0_/D (sky130_fd_sc_hd__dfxtp_1)
                                  0.36   data arrival time

                  0.00    0.00    0.00   clock core_clock (rise edge)
                          0.00    0.00   clock network delay (ideal)
                          0.00    0.00   clock reconvergence pessimism
                                  0.00 ^ count[0]$_SDFF_PP0_/CLK (sky130_fd_sc_hd__dfxtp_1)
                         -0.06   -0.06   library hold time
                                 -0.06   data required time
-----------------------------------------------------------------------------
                                 -0.06   data required time
                                 -0.36   data arrival time
-----------------------------------------------------------------------------
                                  0.42   slack (MET)



==========================================================================
resizer report_checks -path_delay max
--------------------------------------------------------------------------
Startpoint: sys_rst (input port clocked by core_clock)
Endpoint: GPR[3][4]$_DFFE_PP_
          (rising edge-triggered flip-flop clocked by core_clock)
Path Group: core_clock
Path Type: max

Fanout     Cap    Slew   Delay    Time   Description
-----------------------------------------------------------------------------
                  0.00    0.00    0.00   clock core_clock (rise edge)
                          0.00    0.00   clock network delay (ideal)
                          1.72    1.72 ^ input external delay
     1    0.00    0.00    0.00    1.72 ^ sys_rst (in)
                                         sys_rst (net)
                  0.00    0.00    1.72 ^ input36/A (sky130_fd_sc_hd__clkdlybuf4s50_1)
     1    0.00    0.04    0.45    2.17 ^ input36/X (sky130_fd_sc_hd__clkdlybuf4s50_1)
                                         net35 (net)
                  0.04    0.00    2.17 ^ place51/A (sky130_fd_sc_hd__buf_4)
    20    0.08    0.22    0.24    2.41 ^ place51/X (sky130_fd_sc_hd__buf_4)
                                         net50 (net)
                  0.22    0.00    2.41 ^ _0961_/A (sky130_fd_sc_hd__inv_1)
     6    0.02    0.11    0.15    2.56 v _0961_/Y (sky130_fd_sc_hd__inv_1)
                                         _0274_ (net)
                  0.11    0.00    2.56 v _0967_/B (sky130_fd_sc_hd__nand2_1)
     2    0.01    0.10    0.13    2.69 ^ _0967_/Y (sky130_fd_sc_hd__nand2_1)
                                         _0280_ (net)
                  0.10    0.00    2.69 ^ _0973_/B (sky130_fd_sc_hd__nor2_1)
     4    0.01    0.06    0.08    2.77 v _0973_/Y (sky130_fd_sc_hd__nor2_1)
                                         _0286_ (net)
                  0.06    0.00    2.77 v _1131_/A (sky130_fd_sc_hd__nand2_1)
    10    0.04    0.40    0.31    3.09 ^ _1131_/Y (sky130_fd_sc_hd__nand2_1)
                                         _0423_ (net)
                  0.40    0.00    3.09 ^ _1140_/A (sky130_fd_sc_hd__inv_1)
     7    0.02    0.17    0.22    3.31 v _1140_/Y (sky130_fd_sc_hd__inv_1)
                                         _0429_ (net)
                  0.17    0.00    3.31 v _1229_/A1 (sky130_fd_sc_hd__a2111oi_0)
     1    0.00    0.29    0.35    3.66 ^ _1229_/Y (sky130_fd_sc_hd__a2111oi_0)
                                         _0514_ (net)
                  0.29    0.00    3.66 ^ _1230_/B1 (sky130_fd_sc_hd__o21ai_0)
     4    0.03    0.35    0.38    4.04 v _1230_/Y (sky130_fd_sc_hd__o21ai_0)
                                         _0010_ (net)
                  0.35    0.00    4.04 v GPR[3][4]$_DFFE_PP_/D (sky130_fd_sc_hd__edfxtp_1)
                                  4.04   data arrival time

                  0.00    8.61    8.61   clock core_clock (rise edge)
                          0.00    8.61   clock network delay (ideal)
                          0.00    8.61   clock reconvergence pessimism
                                  8.61 ^ GPR[3][4]$_DFFE_PP_/CLK (sky130_fd_sc_hd__edfxtp_1)
                         -0.38    8.23   library setup time
                                  8.23   data required time
-----------------------------------------------------------------------------
                                  8.23   data required time
                                 -4.04   data arrival time
-----------------------------------------------------------------------------
                                  4.18   slack (MET)



==========================================================================
resizer report_checks -unconstrained
--------------------------------------------------------------------------
Startpoint: sys_rst (input port clocked by core_clock)
Endpoint: GPR[3][4]$_DFFE_PP_
          (rising edge-triggered flip-flop clocked by core_clock)
Path Group: core_clock
Path Type: max

Fanout     Cap    Slew   Delay    Time   Description
-----------------------------------------------------------------------------
                  0.00    0.00    0.00   clock core_clock (rise edge)
                          0.00    0.00   clock network delay (ideal)
                          1.72    1.72 ^ input external delay
     1    0.00    0.00    0.00    1.72 ^ sys_rst (in)
                                         sys_rst (net)
                  0.00    0.00    1.72 ^ input36/A (sky130_fd_sc_hd__clkdlybuf4s50_1)
     1    0.00    0.04    0.45    2.17 ^ input36/X (sky130_fd_sc_hd__clkdlybuf4s50_1)
                                         net35 (net)
                  0.04    0.00    2.17 ^ place51/A (sky130_fd_sc_hd__buf_4)
    20    0.08    0.22    0.24    2.41 ^ place51/X (sky130_fd_sc_hd__buf_4)
                                         net50 (net)
                  0.22    0.00    2.41 ^ _0961_/A (sky130_fd_sc_hd__inv_1)
     6    0.02    0.11    0.15    2.56 v _0961_/Y (sky130_fd_sc_hd__inv_1)
                                         _0274_ (net)
                  0.11    0.00    2.56 v _0967_/B (sky130_fd_sc_hd__nand2_1)
     2    0.01    0.10    0.13    2.69 ^ _0967_/Y (sky130_fd_sc_hd__nand2_1)
                                         _0280_ (net)
                  0.10    0.00    2.69 ^ _0973_/B (sky130_fd_sc_hd__nor2_1)
     4    0.01    0.06    0.08    2.77 v _0973_/Y (sky130_fd_sc_hd__nor2_1)
                                         _0286_ (net)
                  0.06    0.00    2.77 v _1131_/A (sky130_fd_sc_hd__nand2_1)
    10    0.04    0.40    0.31    3.09 ^ _1131_/Y (sky130_fd_sc_hd__nand2_1)
                                         _0423_ (net)
                  0.40    0.00    3.09 ^ _1140_/A (sky130_fd_sc_hd__inv_1)
     7    0.02    0.17    0.22    3.31 v _1140_/Y (sky130_fd_sc_hd__inv_1)
                                         _0429_ (net)
                  0.17    0.00    3.31 v _1229_/A1 (sky130_fd_sc_hd__a2111oi_0)
     1    0.00    0.29    0.35    3.66 ^ _1229_/Y (sky130_fd_sc_hd__a2111oi_0)
                                         _0514_ (net)
                  0.29    0.00    3.66 ^ _1230_/B1 (sky130_fd_sc_hd__o21ai_0)
     4    0.03    0.35    0.38    4.04 v _1230_/Y (sky130_fd_sc_hd__o21ai_0)
                                         _0010_ (net)
                  0.35    0.00    4.04 v GPR[3][4]$_DFFE_PP_/D (sky130_fd_sc_hd__edfxtp_1)
                                  4.04   data arrival time

                  0.00    8.61    8.61   clock core_clock (rise edge)
                          0.00    8.61   clock network delay (ideal)
                          0.00    8.61   clock reconvergence pessimism
                                  8.61 ^ GPR[3][4]$_DFFE_PP_/CLK (sky130_fd_sc_hd__edfxtp_1)
                         -0.38    8.23   library setup time
                                  8.23   data required time
-----------------------------------------------------------------------------
                                  8.23   data required time
                                 -4.04   data arrival time
-----------------------------------------------------------------------------
                                  4.18   slack (MET)



==========================================================================
resizer report_check_types -max_slew -max_cap -max_fanout -violators
--------------------------------------------------------------------------

==========================================================================
resizer max_slew_check_slack
--------------------------------------------------------------------------
0.6767086982727051

==========================================================================
resizer max_slew_check_limit
--------------------------------------------------------------------------
1.48431396484375

==========================================================================
resizer max_slew_check_slack_limit
--------------------------------------------------------------------------
0.4559

==========================================================================
resizer max_fanout_check_slack
--------------------------------------------------------------------------
1.0000000150474662e+30

==========================================================================
resizer max_fanout_check_limit
--------------------------------------------------------------------------
1.0000000150474662e+30

==========================================================================
resizer max_capacitance_check_slack
--------------------------------------------------------------------------
0.01922186091542244

==========================================================================
resizer max_capacitance_check_limit
--------------------------------------------------------------------------
0.021067000925540924

==========================================================================
resizer max_capacitance_check_slack_limit
--------------------------------------------------------------------------
0.9124

==========================================================================
resizer max_slew_violation_count
--------------------------------------------------------------------------
max slew violation count 0

==========================================================================
resizer max_fanout_violation_count
--------------------------------------------------------------------------
max fanout violation count 0

==========================================================================
resizer max_cap_violation_count
--------------------------------------------------------------------------
max cap violation count 0

==========================================================================
resizer setup_violation_count
--------------------------------------------------------------------------
setup violation count 0

==========================================================================
resizer hold_violation_count
--------------------------------------------------------------------------
hold violation count 0

==========================================================================
resizer report_checks -path_delay max reg to reg
--------------------------------------------------------------------------
Startpoint: IR[18]$_SDFFE_PP0P_
            (rising edge-triggered flip-flop clocked by core_clock)
Endpoint: GPR[2][15]$_DFFE_PP_
          (rising edge-triggered flip-flop clocked by core_clock)
Path Group: core_clock
Path Type: max

  Delay    Time   Description
---------------------------------------------------------
   0.00    0.00   clock core_clock (rise edge)
   0.00    0.00   clock network delay (ideal)
   0.00    0.00 ^ IR[18]$_SDFFE_PP0P_/CLK (sky130_fd_sc_hd__dfxtp_1)
   0.27    0.27 v IR[18]$_SDFFE_PP0P_/Q (sky130_fd_sc_hd__dfxtp_1)
   0.22    0.50 v place49/X (sky130_fd_sc_hd__buf_4)
   0.41    0.90 ^ _1003_/Y (sky130_fd_sc_hd__inv_2)
   0.17    1.07 v _1103_/Y (sky130_fd_sc_hd__o21ai_0)
   0.52    1.59 ^ _1104_/Y (sky130_fd_sc_hd__o22ai_1)
   0.41    2.01 v _1829_/SUM (sky130_fd_sc_hd__ha_1)
   0.14    2.15 ^ _1156_/Y (sky130_fd_sc_hd__inv_1)
   0.10    2.25 v _1185_/Y (sky130_fd_sc_hd__nand3_1)
   0.06    2.31 ^ _1191_/Y (sky130_fd_sc_hd__inv_1)
   0.05    2.37 v _1192_/Y (sky130_fd_sc_hd__nor2_1)
   0.18    2.54 ^ _1243_/Y (sky130_fd_sc_hd__nor2_2)
   0.08    2.63 v _1384_/Y (sky130_fd_sc_hd__nand2_1)
   0.17    2.80 ^ _1385_/Y (sky130_fd_sc_hd__nor2_2)
   0.10    2.89 v _1597_/Y (sky130_fd_sc_hd__nand3_1)
   0.06    2.95 ^ _1598_/Y (sky130_fd_sc_hd__nand2_1)
   0.10    3.05 v _1600_/Y (sky130_fd_sc_hd__nand2_1)
   0.25    3.31 ^ _1614_/Y (sky130_fd_sc_hd__a221oi_1)
   0.24    3.54 v _1633_/Y (sky130_fd_sc_hd__nand3_1)
   0.00    3.54 v GPR[2][15]$_DFFE_PP_/D (sky130_fd_sc_hd__edfxtp_1)
           3.54   data arrival time

   8.61    8.61   clock core_clock (rise edge)
   0.00    8.61   clock network delay (ideal)
   0.00    8.61   clock reconvergence pessimism
           8.61 ^ GPR[2][15]$_DFFE_PP_/CLK (sky130_fd_sc_hd__edfxtp_1)
  -0.33    8.28   library setup time
           8.28   data required time
---------------------------------------------------------
           8.28   data required time
          -3.54   data arrival time
---------------------------------------------------------
           4.74   slack (MET)



==========================================================================
resizer report_checks -path_delay min reg to reg
--------------------------------------------------------------------------
Startpoint: count[0]$_SDFF_PP0_
            (rising edge-triggered flip-flop clocked by core_clock)
Endpoint: count[0]$_SDFF_PP0_
          (rising edge-triggered flip-flop clocked by core_clock)
Path Group: core_clock
Path Type: min

  Delay    Time   Description
---------------------------------------------------------
   0.00    0.00   clock core_clock (rise edge)
   0.00    0.00   clock network delay (ideal)
   0.00    0.00 ^ count[0]$_SDFF_PP0_/CLK (sky130_fd_sc_hd__dfxtp_1)
   0.31    0.31 ^ count[0]$_SDFF_PP0_/Q (sky130_fd_sc_hd__dfxtp_1)
   0.05    0.36 v _1725_/Y (sky130_fd_sc_hd__nor2_1)
   0.00    0.36 v count[0]$_SDFF_PP0_/D (sky130_fd_sc_hd__dfxtp_1)
           0.36   data arrival time

   0.00    0.00   clock core_clock (rise edge)
   0.00    0.00   clock network delay (ideal)
   0.00    0.00   clock reconvergence pessimism
           0.00 ^ count[0]$_SDFF_PP0_/CLK (sky130_fd_sc_hd__dfxtp_1)
  -0.06   -0.06   library hold time
          -0.06   data required time
---------------------------------------------------------
          -0.06   data required time
          -0.36   data arrival time
---------------------------------------------------------
           0.42   slack (MET)



==========================================================================
resizer critical path target clock latency max path
--------------------------------------------------------------------------
0.0000

==========================================================================
resizer critical path target clock latency min path
--------------------------------------------------------------------------
0.0000

==========================================================================
resizer critical path source clock latency min path
--------------------------------------------------------------------------
0.0000

==========================================================================
resizer critical path delay
--------------------------------------------------------------------------
4.0419

==========================================================================
resizer critical path slack
--------------------------------------------------------------------------
4.1831

==========================================================================
resizer slack div critical path delay
--------------------------------------------------------------------------
103.493407

==========================================================================
resizer report_power
--------------------------------------------------------------------------
Group                  Internal  Switching    Leakage      Total
                          Power      Power      Power      Power (Watts)
----------------------------------------------------------------
Sequential             4.71e-04   1.04e-05   7.45e-10   4.81e-04  77.8%
Combinational          4.27e-05   9.49e-05   2.58e-09   1.38e-04  22.2%
Clock                  0.00e+00   0.00e+00   0.00e+00   0.00e+00   0.0%
Macro                  0.00e+00   0.00e+00   0.00e+00   0.00e+00   0.0%
Pad                    0.00e+00   0.00e+00   0.00e+00   0.00e+00   0.0%
----------------------------------------------------------------
Total                  5.14e-04   1.05e-04   3.32e-09   6.19e-04 100.0%
                          83.0%      17.0%       0.0%
