
==========================================================================
global route report_tns
--------------------------------------------------------------------------
tns max 0.00

==========================================================================
global route report_wns
--------------------------------------------------------------------------
wns max 0.00

==========================================================================
global route report_worst_slack
--------------------------------------------------------------------------
worst slack max 4.27

==========================================================================
global route report_clock_min_period
--------------------------------------------------------------------------
core_clock period_min = 4.34 fmax = 230.63

==========================================================================
global route report_clock_skew
--------------------------------------------------------------------------
Clock core_clock
   0.36 source latency IR[0]$_SDFFE_PP0P_/CLK ^
  -0.37 target latency GPR[2][15]$_DFFE_PP_/CLK ^
   0.00 CRPR
--------------
  -0.01 setup skew


==========================================================================
global route report_checks -path_delay min
--------------------------------------------------------------------------
Startpoint: count[0]$_SDFF_PP0_
            (rising edge-triggered flip-flop clocked by core_clock)
Endpoint: count[0]$_SDFF_PP0_
          (rising edge-triggered flip-flop clocked by core_clock)
Path Group: core_clock
Path Type: min

Fanout     Cap    Slew   Delay    Time   Description
-----------------------------------------------------------------------------
                          0.00    0.00   clock core_clock (rise edge)
                          0.00    0.00   clock source latency
     1    0.03    0.00    0.00    0.00 ^ clk (in)
                                         clk (net)
                  0.00    0.00    0.00 ^ clkbuf_0_clk/A (sky130_fd_sc_hd__clkbuf_16)
     8    0.11    0.12    0.18    0.18 ^ clkbuf_0_clk/X (sky130_fd_sc_hd__clkbuf_16)
                                         clknet_0_clk (net)
                  0.12    0.00    0.18 ^ clkbuf_3_5__f_clk/A (sky130_fd_sc_hd__clkbuf_16)
    14    0.06    0.08    0.18    0.36 ^ clkbuf_3_5__f_clk/X (sky130_fd_sc_hd__clkbuf_16)
                                         clknet_3_5__leaf_clk (net)
                  0.08    0.00    0.37 ^ count[0]$_SDFF_PP0_/CLK (sky130_fd_sc_hd__dfxtp_1)
     2    0.01    0.08    0.34    0.71 ^ count[0]$_SDFF_PP0_/Q (sky130_fd_sc_hd__dfxtp_1)
                                         count[0] (net)
                  0.08    0.00    0.71 ^ _1725_/A (sky130_fd_sc_hd__nor2_1)
     1    0.00    0.03    0.05    0.76 v _1725_/Y (sky130_fd_sc_hd__nor2_1)
                                         _0162_ (net)
                  0.03    0.00    0.76 v count[0]$_SDFF_PP0_/D (sky130_fd_sc_hd__dfxtp_1)
                                  0.76   data arrival time

                          0.00    0.00   clock core_clock (rise edge)
                          0.00    0.00   clock source latency
     1    0.03    0.00    0.00    0.00 ^ clk (in)
                                         clk (net)
                  0.00    0.00    0.00 ^ clkbuf_0_clk/A (sky130_fd_sc_hd__clkbuf_16)
     8    0.11    0.12    0.18    0.18 ^ clkbuf_0_clk/X (sky130_fd_sc_hd__clkbuf_16)
                                         clknet_0_clk (net)
                  0.12    0.00    0.18 ^ clkbuf_3_5__f_clk/A (sky130_fd_sc_hd__clkbuf_16)
    14    0.06    0.08    0.18    0.36 ^ clkbuf_3_5__f_clk/X (sky130_fd_sc_hd__clkbuf_16)
                                         clknet_3_5__leaf_clk (net)
                  0.08    0.00    0.37 ^ count[0]$_SDFF_PP0_/CLK (sky130_fd_sc_hd__dfxtp_1)
                          0.00    0.37   clock reconvergence pessimism
                         -0.04    0.32   library hold time
                                  0.32   data required time
-----------------------------------------------------------------------------
                                  0.32   data required time
                                 -0.76   data arrival time
-----------------------------------------------------------------------------
                                  0.44   slack (MET)



==========================================================================
global route report_checks -path_delay max
--------------------------------------------------------------------------
Startpoint: sys_rst (input port clocked by core_clock)
Endpoint: GPR[0][4]$_DFFE_PP_
          (rising edge-triggered flip-flop clocked by core_clock)
Path Group: core_clock
Path Type: max

Fanout     Cap    Slew   Delay    Time   Description
-----------------------------------------------------------------------------
                          0.00    0.00   clock core_clock (rise edge)
                          0.00    0.00   clock network delay (propagated)
                          1.72    1.72 ^ input external delay
     1    0.00    0.00    0.00    1.72 ^ sys_rst (in)
                                         sys_rst (net)
                  0.00    0.00    1.72 ^ input36/A (sky130_fd_sc_hd__clkdlybuf4s50_1)
     1    0.01    0.07    0.47    2.19 ^ input36/X (sky130_fd_sc_hd__clkdlybuf4s50_1)
                                         net35 (net)
                  0.07    0.00    2.19 ^ place51/A (sky130_fd_sc_hd__buf_4)
    20    0.09    0.24    0.26    2.45 ^ place51/X (sky130_fd_sc_hd__buf_4)
                                         net50 (net)
                  0.24    0.00    2.45 ^ _0961_/A (sky130_fd_sc_hd__inv_1)
     6    0.02    0.12    0.16    2.62 v _0961_/Y (sky130_fd_sc_hd__inv_1)
                                         _0274_ (net)
                  0.12    0.00    2.62 v _0967_/B (sky130_fd_sc_hd__nand2_1)
     2    0.01    0.10    0.14    2.75 ^ _0967_/Y (sky130_fd_sc_hd__nand2_1)
                                         _0280_ (net)
                  0.10    0.00    2.75 ^ _0973_/B (sky130_fd_sc_hd__nor2_1)
     4    0.02    0.08    0.10    2.85 v _0973_/Y (sky130_fd_sc_hd__nor2_1)
                                         _0286_ (net)
                  0.08    0.00    2.86 v _1131_/A (sky130_fd_sc_hd__nand2_1)
    10    0.05    0.42    0.34    3.19 ^ _1131_/Y (sky130_fd_sc_hd__nand2_1)
                                         _0423_ (net)
                  0.42    0.00    3.19 ^ _1140_/A (sky130_fd_sc_hd__inv_1)
     7    0.03    0.19    0.26    3.45 v _1140_/Y (sky130_fd_sc_hd__inv_1)
                                         _0429_ (net)
                  0.19    0.00    3.45 v _1229_/A1 (sky130_fd_sc_hd__a2111oi_0)
     1    0.00    0.42    0.46    3.91 ^ _1229_/Y (sky130_fd_sc_hd__a2111oi_0)
                                         _0514_ (net)
                  0.42    0.00    3.91 ^ _1230_/B1 (sky130_fd_sc_hd__o21ai_0)
     4    0.03    0.37    0.43    4.34 v _1230_/Y (sky130_fd_sc_hd__o21ai_0)
                                         _0010_ (net)
                  0.37    0.00    4.34 v GPR[0][4]$_DFFE_PP_/D (sky130_fd_sc_hd__edfxtp_1)
                                  4.34   data arrival time

                          8.61    8.61   clock core_clock (rise edge)
                          0.00    8.61   clock source latency
     1    0.03    0.00    0.00    8.61 ^ clk (in)
                                         clk (net)
                  0.00    0.00    8.61 ^ clkbuf_0_clk/A (sky130_fd_sc_hd__clkbuf_16)
     8    0.11    0.12    0.18    8.78 ^ clkbuf_0_clk/X (sky130_fd_sc_hd__clkbuf_16)
                                         clknet_0_clk (net)
                  0.12    0.00    8.79 ^ clkbuf_3_0__f_clk/A (sky130_fd_sc_hd__clkbuf_16)
    17    0.06    0.08    0.19    8.97 ^ clkbuf_3_0__f_clk/X (sky130_fd_sc_hd__clkbuf_16)
                                         clknet_3_0__leaf_clk (net)
                  0.08    0.00    8.97 ^ GPR[0][4]$_DFFE_PP_/CLK (sky130_fd_sc_hd__edfxtp_1)
                          0.00    8.97   clock reconvergence pessimism
                         -0.37    8.61   library setup time
                                  8.61   data required time
-----------------------------------------------------------------------------
                                  8.61   data required time
                                 -4.34   data arrival time
-----------------------------------------------------------------------------
                                  4.27   slack (MET)



==========================================================================
global route report_checks -unconstrained
--------------------------------------------------------------------------
Startpoint: sys_rst (input port clocked by core_clock)
Endpoint: GPR[0][4]$_DFFE_PP_
          (rising edge-triggered flip-flop clocked by core_clock)
Path Group: core_clock
Path Type: max

Fanout     Cap    Slew   Delay    Time   Description
-----------------------------------------------------------------------------
                          0.00    0.00   clock core_clock (rise edge)
                          0.00    0.00   clock network delay (propagated)
                          1.72    1.72 ^ input external delay
     1    0.00    0.00    0.00    1.72 ^ sys_rst (in)
                                         sys_rst (net)
                  0.00    0.00    1.72 ^ input36/A (sky130_fd_sc_hd__clkdlybuf4s50_1)
     1    0.01    0.07    0.47    2.19 ^ input36/X (sky130_fd_sc_hd__clkdlybuf4s50_1)
                                         net35 (net)
                  0.07    0.00    2.19 ^ place51/A (sky130_fd_sc_hd__buf_4)
    20    0.09    0.24    0.26    2.45 ^ place51/X (sky130_fd_sc_hd__buf_4)
                                         net50 (net)
                  0.24    0.00    2.45 ^ _0961_/A (sky130_fd_sc_hd__inv_1)
     6    0.02    0.12    0.16    2.62 v _0961_/Y (sky130_fd_sc_hd__inv_1)
                                         _0274_ (net)
                  0.12    0.00    2.62 v _0967_/B (sky130_fd_sc_hd__nand2_1)
     2    0.01    0.10    0.14    2.75 ^ _0967_/Y (sky130_fd_sc_hd__nand2_1)
                                         _0280_ (net)
                  0.10    0.00    2.75 ^ _0973_/B (sky130_fd_sc_hd__nor2_1)
     4    0.02    0.08    0.10    2.85 v _0973_/Y (sky130_fd_sc_hd__nor2_1)
                                         _0286_ (net)
                  0.08    0.00    2.86 v _1131_/A (sky130_fd_sc_hd__nand2_1)
    10    0.05    0.42    0.34    3.19 ^ _1131_/Y (sky130_fd_sc_hd__nand2_1)
                                         _0423_ (net)
                  0.42    0.00    3.19 ^ _1140_/A (sky130_fd_sc_hd__inv_1)
     7    0.03    0.19    0.26    3.45 v _1140_/Y (sky130_fd_sc_hd__inv_1)
                                         _0429_ (net)
                  0.19    0.00    3.45 v _1229_/A1 (sky130_fd_sc_hd__a2111oi_0)
     1    0.00    0.42    0.46    3.91 ^ _1229_/Y (sky130_fd_sc_hd__a2111oi_0)
                                         _0514_ (net)
                  0.42    0.00    3.91 ^ _1230_/B1 (sky130_fd_sc_hd__o21ai_0)
     4    0.03    0.37    0.43    4.34 v _1230_/Y (sky130_fd_sc_hd__o21ai_0)
                                         _0010_ (net)
                  0.37    0.00    4.34 v GPR[0][4]$_DFFE_PP_/D (sky130_fd_sc_hd__edfxtp_1)
                                  4.34   data arrival time

                          8.61    8.61   clock core_clock (rise edge)
                          0.00    8.61   clock source latency
     1    0.03    0.00    0.00    8.61 ^ clk (in)
                                         clk (net)
                  0.00    0.00    8.61 ^ clkbuf_0_clk/A (sky130_fd_sc_hd__clkbuf_16)
     8    0.11    0.12    0.18    8.78 ^ clkbuf_0_clk/X (sky130_fd_sc_hd__clkbuf_16)
                                         clknet_0_clk (net)
                  0.12    0.00    8.79 ^ clkbuf_3_0__f_clk/A (sky130_fd_sc_hd__clkbuf_16)
    17    0.06    0.08    0.19    8.97 ^ clkbuf_3_0__f_clk/X (sky130_fd_sc_hd__clkbuf_16)
                                         clknet_3_0__leaf_clk (net)
                  0.08    0.00    8.97 ^ GPR[0][4]$_DFFE_PP_/CLK (sky130_fd_sc_hd__edfxtp_1)
                          0.00    8.97   clock reconvergence pessimism
                         -0.37    8.61   library setup time
                                  8.61   data required time
-----------------------------------------------------------------------------
                                  8.61   data required time
                                 -4.34   data arrival time
-----------------------------------------------------------------------------
                                  4.27   slack (MET)



==========================================================================
global route report_check_types -max_slew -max_cap -max_fanout -violators
--------------------------------------------------------------------------

==========================================================================
global route max_slew_check_slack
--------------------------------------------------------------------------
0.6654938459396362

==========================================================================
global route max_slew_check_limit
--------------------------------------------------------------------------
1.48431396484375

==========================================================================
global route max_slew_check_slack_limit
--------------------------------------------------------------------------
0.4484

==========================================================================
global route max_fanout_check_slack
--------------------------------------------------------------------------
1.0000000150474662e+30

==========================================================================
global route max_fanout_check_limit
--------------------------------------------------------------------------
1.0000000150474662e+30

==========================================================================
global route max_capacitance_check_slack
--------------------------------------------------------------------------
0.01707712560892105

==========================================================================
global route max_capacitance_check_limit
--------------------------------------------------------------------------
0.021067000925540924

==========================================================================
global route max_capacitance_check_slack_limit
--------------------------------------------------------------------------
0.8106

==========================================================================
global route max_slew_violation_count
--------------------------------------------------------------------------
max slew violation count 0

==========================================================================
global route max_fanout_violation_count
--------------------------------------------------------------------------
max fanout violation count 0

==========================================================================
global route max_cap_violation_count
--------------------------------------------------------------------------
max cap violation count 0

==========================================================================
global route setup_violation_count
--------------------------------------------------------------------------
setup violation count 0

==========================================================================
global route hold_violation_count
--------------------------------------------------------------------------
hold violation count 0

==========================================================================
global route report_checks -path_delay max reg to reg
--------------------------------------------------------------------------
Startpoint: IR[18]$_SDFFE_PP0P_
            (rising edge-triggered flip-flop clocked by core_clock)
Endpoint: GPR[3][14]$_DFFE_PP_
          (rising edge-triggered flip-flop clocked by core_clock)
Path Group: core_clock
Path Type: max

  Delay    Time   Description
---------------------------------------------------------
   0.00    0.00   clock core_clock (rise edge)
   0.00    0.00   clock source latency
   0.00    0.00 ^ clk (in)
   0.18    0.18 ^ clkbuf_0_clk/X (sky130_fd_sc_hd__clkbuf_16)
   0.18    0.36 ^ clkbuf_3_4__f_clk/X (sky130_fd_sc_hd__clkbuf_16)
   0.00    0.36 ^ IR[18]$_SDFFE_PP0P_/CLK (sky130_fd_sc_hd__dfxtp_1)
   0.30    0.66 v IR[18]$_SDFFE_PP0P_/Q (sky130_fd_sc_hd__dfxtp_1)
   0.24    0.90 v place49/X (sky130_fd_sc_hd__buf_4)
   0.45    1.35 ^ _1003_/Y (sky130_fd_sc_hd__inv_2)
   0.18    1.52 v _1103_/Y (sky130_fd_sc_hd__o21ai_0)
   0.54    2.07 ^ _1104_/Y (sky130_fd_sc_hd__o22ai_1)
   0.42    2.49 v _1829_/SUM (sky130_fd_sc_hd__ha_1)
   0.17    2.66 ^ _1156_/Y (sky130_fd_sc_hd__inv_1)
   0.09    2.75 v _1210_/Y (sky130_fd_sc_hd__nand2_1)
   0.10    2.84 ^ _1211_/Y (sky130_fd_sc_hd__nand2_1)
   0.16    3.00 v _1213_/Y (sky130_fd_sc_hd__nand3_1)
   0.18    3.18 ^ _1286_/Y (sky130_fd_sc_hd__inv_1)
   0.10    3.28 v _1287_/Y (sky130_fd_sc_hd__nand2_2)
   0.19    3.48 ^ _1421_/Y (sky130_fd_sc_hd__nor2_2)
   0.11    3.59 v _1582_/Y (sky130_fd_sc_hd__nand3_1)
   0.13    3.72 ^ _1583_/Y (sky130_fd_sc_hd__nand2_1)
   0.09    3.80 v _1584_/Y (sky130_fd_sc_hd__o22ai_1)
   0.20    4.01 ^ _1585_/Y (sky130_fd_sc_hd__nor3_1)
   0.28    4.28 v _1586_/Y (sky130_fd_sc_hd__o21ai_0)
   0.00    4.28 v GPR[3][14]$_DFFE_PP_/D (sky130_fd_sc_hd__edfxtp_1)
           4.28   data arrival time

   8.61    8.61   clock core_clock (rise edge)
   0.00    8.61   clock source latency
   0.00    8.61 ^ clk (in)
   0.18    8.78 ^ clkbuf_0_clk/X (sky130_fd_sc_hd__clkbuf_16)
   0.18    8.97 ^ clkbuf_3_7__f_clk/X (sky130_fd_sc_hd__clkbuf_16)
   0.00    8.97 ^ GPR[3][14]$_DFFE_PP_/CLK (sky130_fd_sc_hd__edfxtp_1)
   0.00    8.97   clock reconvergence pessimism
  -0.32    8.65   library setup time
           8.65   data required time
---------------------------------------------------------
           8.65   data required time
          -4.28   data arrival time
---------------------------------------------------------
           4.36   slack (MET)



==========================================================================
global route report_checks -path_delay min reg to reg
--------------------------------------------------------------------------
Startpoint: count[0]$_SDFF_PP0_
            (rising edge-triggered flip-flop clocked by core_clock)
Endpoint: count[0]$_SDFF_PP0_
          (rising edge-triggered flip-flop clocked by core_clock)
Path Group: core_clock
Path Type: min

  Delay    Time   Description
---------------------------------------------------------
   0.00    0.00   clock core_clock (rise edge)
   0.00    0.00   clock source latency
   0.00    0.00 ^ clk (in)
   0.18    0.18 ^ clkbuf_0_clk/X (sky130_fd_sc_hd__clkbuf_16)
   0.19    0.36 ^ clkbuf_3_5__f_clk/X (sky130_fd_sc_hd__clkbuf_16)
   0.00    0.37 ^ count[0]$_SDFF_PP0_/CLK (sky130_fd_sc_hd__dfxtp_1)
   0.34    0.71 ^ count[0]$_SDFF_PP0_/Q (sky130_fd_sc_hd__dfxtp_1)
   0.05    0.76 v _1725_/Y (sky130_fd_sc_hd__nor2_1)
   0.00    0.76 v count[0]$_SDFF_PP0_/D (sky130_fd_sc_hd__dfxtp_1)
           0.76   data arrival time

   0.00    0.00   clock core_clock (rise edge)
   0.00    0.00   clock source latency
   0.00    0.00 ^ clk (in)
   0.18    0.18 ^ clkbuf_0_clk/X (sky130_fd_sc_hd__clkbuf_16)
   0.19    0.36 ^ clkbuf_3_5__f_clk/X (sky130_fd_sc_hd__clkbuf_16)
   0.00    0.37 ^ count[0]$_SDFF_PP0_/CLK (sky130_fd_sc_hd__dfxtp_1)
   0.00    0.37   clock reconvergence pessimism
  -0.04    0.32   library hold time
           0.32   data required time
---------------------------------------------------------
           0.32   data required time
          -0.76   data arrival time
---------------------------------------------------------
           0.44   slack (MET)



==========================================================================
global route critical path target clock latency max path
--------------------------------------------------------------------------
0.3690

==========================================================================
global route critical path target clock latency min path
--------------------------------------------------------------------------
0.3635

==========================================================================
global route critical path source clock latency min path
--------------------------------------------------------------------------
0.0000

==========================================================================
global route critical path delay
--------------------------------------------------------------------------
4.3371

==========================================================================
global route critical path slack
--------------------------------------------------------------------------
4.2701

==========================================================================
global route slack div critical path delay
--------------------------------------------------------------------------
98.455189

==========================================================================
global route report_power
--------------------------------------------------------------------------
Group                  Internal  Switching    Leakage      Total
                          Power      Power      Power      Power (Watts)
----------------------------------------------------------------
Sequential             4.61e-04   1.15e-05   7.45e-10   4.72e-04  44.0%
Combinational          4.36e-05   1.12e-04   2.58e-09   1.56e-04  14.5%
Clock                  2.32e-04   2.14e-04   1.52e-10   4.46e-04  41.5%
Macro                  0.00e+00   0.00e+00   0.00e+00   0.00e+00   0.0%
Pad                    0.00e+00   0.00e+00   0.00e+00   0.00e+00   0.0%
----------------------------------------------------------------
Total                  7.37e-04   3.37e-04   3.48e-09   1.07e-03 100.0%
                          68.6%      31.4%       0.0%
