
==========================================================================
global route report_tns
--------------------------------------------------------------------------
tns max 0.00

==========================================================================
global route report_wns
--------------------------------------------------------------------------
wns max 0.00

==========================================================================
global route report_worst_slack
--------------------------------------------------------------------------
worst slack max 7.88

==========================================================================
global route report_clock_min_period
--------------------------------------------------------------------------
core_clock period_min = 5.68 fmax = 176.07

==========================================================================
global route report_clock_skew
--------------------------------------------------------------------------
Clock core_clock
   0.35 source latency GPR[0][13]$_DFFE_PP_/CLK ^
  -0.35 target latency zero$_SDFFE_PP0P_/CLK ^
   0.00 CRPR
--------------
   0.01 setup skew


==========================================================================
global route report_checks -path_delay min
--------------------------------------------------------------------------
Startpoint: count[0]$_SDFF_PP0_
            (rising edge-triggered flip-flop clocked by core_clock)
Endpoint: count[0]$_SDFF_PP0_
          (rising edge-triggered flip-flop clocked by core_clock)
Path Group: core_clock
Path Type: min

Fanout     Cap    Slew   Delay    Time   Description
-----------------------------------------------------------------------------
                          0.00    0.00   clock core_clock (rise edge)
                          0.00    0.00   clock source latency
     1    0.03    0.00    0.00    0.00 ^ clk (in)
                                         clk (net)
                  0.00    0.00    0.00 ^ clkbuf_0_clk/A (sky130_fd_sc_hd__clkbuf_16)
     8    0.10    0.12    0.17    0.17 ^ clkbuf_0_clk/X (sky130_fd_sc_hd__clkbuf_16)
                                         clknet_0_clk (net)
                  0.12    0.00    0.17 ^ clkbuf_3_7__f_clk/A (sky130_fd_sc_hd__clkbuf_16)
     8    0.04    0.06    0.17    0.35 ^ clkbuf_3_7__f_clk/X (sky130_fd_sc_hd__clkbuf_16)
                                         clknet_3_7__leaf_clk (net)
                  0.06    0.00    0.35 ^ count[0]$_SDFF_PP0_/CLK (sky130_fd_sc_hd__dfxtp_1)
     2    0.01    0.09    0.34    0.69 ^ count[0]$_SDFF_PP0_/Q (sky130_fd_sc_hd__dfxtp_1)
                                         count[0] (net)
                  0.09    0.00    0.69 ^ _1725_/A (sky130_fd_sc_hd__nor2_1)
     1    0.01    0.04    0.06    0.75 v _1725_/Y (sky130_fd_sc_hd__nor2_1)
                                         _0162_ (net)
                  0.04    0.00    0.75 v count[0]$_SDFF_PP0_/D (sky130_fd_sc_hd__dfxtp_1)
                                  0.75   data arrival time

                          0.00    0.00   clock core_clock (rise edge)
                          0.00    0.00   clock source latency
     1    0.03    0.00    0.00    0.00 ^ clk (in)
                                         clk (net)
                  0.00    0.00    0.00 ^ clkbuf_0_clk/A (sky130_fd_sc_hd__clkbuf_16)
     8    0.10    0.12    0.17    0.17 ^ clkbuf_0_clk/X (sky130_fd_sc_hd__clkbuf_16)
                                         clknet_0_clk (net)
                  0.12    0.00    0.17 ^ clkbuf_3_7__f_clk/A (sky130_fd_sc_hd__clkbuf_16)
     8    0.04    0.06    0.17    0.35 ^ clkbuf_3_7__f_clk/X (sky130_fd_sc_hd__clkbuf_16)
                                         clknet_3_7__leaf_clk (net)
                  0.06    0.00    0.35 ^ count[0]$_SDFF_PP0_/CLK (sky130_fd_sc_hd__dfxtp_1)
                          0.00    0.35   clock reconvergence pessimism
                         -0.05    0.30   library hold time
                                  0.30   data required time
-----------------------------------------------------------------------------
                                  0.30   data required time
                                 -0.75   data arrival time
-----------------------------------------------------------------------------
                                  0.45   slack (MET)



==========================================================================
global route report_checks -path_delay max
--------------------------------------------------------------------------
Startpoint: sys_rst (input port clocked by core_clock)
Endpoint: GPR[0][4]$_DFFE_PP_
          (rising edge-triggered flip-flop clocked by core_clock)
Path Group: core_clock
Path Type: max

Fanout     Cap    Slew   Delay    Time   Description
-----------------------------------------------------------------------------
                          0.00    0.00   clock core_clock (rise edge)
                          0.00    0.00   clock network delay (propagated)
                          2.71    2.71 ^ input external delay
     1    0.00    0.00    0.00    2.71 ^ sys_rst (in)
                                         sys_rst (net)
                  0.00    0.00    2.71 ^ input36/A (sky130_fd_sc_hd__clkdlybuf4s50_1)
    20    0.08    0.77    0.97    3.69 ^ input36/X (sky130_fd_sc_hd__clkdlybuf4s50_1)
                                         net35 (net)
                  0.77    0.00    3.69 ^ _0961_/A (sky130_fd_sc_hd__inv_1)
     6    0.02    0.23    0.28    3.97 v _0961_/Y (sky130_fd_sc_hd__inv_1)
                                         _0274_ (net)
                  0.23    0.00    3.97 v _0967_/B (sky130_fd_sc_hd__nand2_1)
     2    0.01    0.12    0.18    4.15 ^ _0967_/Y (sky130_fd_sc_hd__nand2_1)
                                         _0280_ (net)
                  0.12    0.00    4.15 ^ _0973_/B (sky130_fd_sc_hd__nor2_1)
     4    0.01    0.07    0.09    4.24 v _0973_/Y (sky130_fd_sc_hd__nor2_1)
                                         _0286_ (net)
                  0.07    0.00    4.24 v _1131_/A (sky130_fd_sc_hd__nand2_1)
    10    0.05    0.41    0.32    4.57 ^ _1131_/Y (sky130_fd_sc_hd__nand2_1)
                                         _0423_ (net)
                  0.41    0.00    4.57 ^ _1140_/A (sky130_fd_sc_hd__inv_1)
     7    0.03    0.18    0.24    4.81 v _1140_/Y (sky130_fd_sc_hd__inv_1)
                                         _0429_ (net)
                  0.18    0.00    4.81 v _1229_/A1 (sky130_fd_sc_hd__a2111oi_0)
     1    0.00    0.41    0.45    5.26 ^ _1229_/Y (sky130_fd_sc_hd__a2111oi_0)
                                         _0514_ (net)
                  0.41    0.00    5.26 ^ _1230_/B1 (sky130_fd_sc_hd__o21ai_0)
     4    0.03    0.35    0.41    5.67 v _1230_/Y (sky130_fd_sc_hd__o21ai_0)
                                         _0010_ (net)
                  0.35    0.00    5.67 v GPR[0][4]$_DFFE_PP_/D (sky130_fd_sc_hd__edfxtp_1)
                                  5.67   data arrival time

                         13.56   13.56   clock core_clock (rise edge)
                          0.00   13.56   clock source latency
     1    0.03    0.00    0.00   13.56 ^ clk (in)
                                         clk (net)
                  0.00    0.00   13.56 ^ clkbuf_0_clk/A (sky130_fd_sc_hd__clkbuf_16)
     8    0.10    0.12    0.17   13.73 ^ clkbuf_0_clk/X (sky130_fd_sc_hd__clkbuf_16)
                                         clknet_0_clk (net)
                  0.12    0.00   13.73 ^ clkbuf_3_1__f_clk/A (sky130_fd_sc_hd__clkbuf_16)
    15    0.05    0.07    0.17   13.91 ^ clkbuf_3_1__f_clk/X (sky130_fd_sc_hd__clkbuf_16)
                                         clknet_3_1__leaf_clk (net)
                  0.07    0.00   13.91 ^ GPR[0][4]$_DFFE_PP_/CLK (sky130_fd_sc_hd__edfxtp_1)
                          0.00   13.91   clock reconvergence pessimism
                         -0.36   13.55   library setup time
                                 13.55   data required time
-----------------------------------------------------------------------------
                                 13.55   data required time
                                 -5.67   data arrival time
-----------------------------------------------------------------------------
                                  7.88   slack (MET)



==========================================================================
global route report_checks -unconstrained
--------------------------------------------------------------------------
Startpoint: sys_rst (input port clocked by core_clock)
Endpoint: GPR[0][4]$_DFFE_PP_
          (rising edge-triggered flip-flop clocked by core_clock)
Path Group: core_clock
Path Type: max

Fanout     Cap    Slew   Delay    Time   Description
-----------------------------------------------------------------------------
                          0.00    0.00   clock core_clock (rise edge)
                          0.00    0.00   clock network delay (propagated)
                          2.71    2.71 ^ input external delay
     1    0.00    0.00    0.00    2.71 ^ sys_rst (in)
                                         sys_rst (net)
                  0.00    0.00    2.71 ^ input36/A (sky130_fd_sc_hd__clkdlybuf4s50_1)
    20    0.08    0.77    0.97    3.69 ^ input36/X (sky130_fd_sc_hd__clkdlybuf4s50_1)
                                         net35 (net)
                  0.77    0.00    3.69 ^ _0961_/A (sky130_fd_sc_hd__inv_1)
     6    0.02    0.23    0.28    3.97 v _0961_/Y (sky130_fd_sc_hd__inv_1)
                                         _0274_ (net)
                  0.23    0.00    3.97 v _0967_/B (sky130_fd_sc_hd__nand2_1)
     2    0.01    0.12    0.18    4.15 ^ _0967_/Y (sky130_fd_sc_hd__nand2_1)
                                         _0280_ (net)
                  0.12    0.00    4.15 ^ _0973_/B (sky130_fd_sc_hd__nor2_1)
     4    0.01    0.07    0.09    4.24 v _0973_/Y (sky130_fd_sc_hd__nor2_1)
                                         _0286_ (net)
                  0.07    0.00    4.24 v _1131_/A (sky130_fd_sc_hd__nand2_1)
    10    0.05    0.41    0.32    4.57 ^ _1131_/Y (sky130_fd_sc_hd__nand2_1)
                                         _0423_ (net)
                  0.41    0.00    4.57 ^ _1140_/A (sky130_fd_sc_hd__inv_1)
     7    0.03    0.18    0.24    4.81 v _1140_/Y (sky130_fd_sc_hd__inv_1)
                                         _0429_ (net)
                  0.18    0.00    4.81 v _1229_/A1 (sky130_fd_sc_hd__a2111oi_0)
     1    0.00    0.41    0.45    5.26 ^ _1229_/Y (sky130_fd_sc_hd__a2111oi_0)
                                         _0514_ (net)
                  0.41    0.00    5.26 ^ _1230_/B1 (sky130_fd_sc_hd__o21ai_0)
     4    0.03    0.35    0.41    5.67 v _1230_/Y (sky130_fd_sc_hd__o21ai_0)
                                         _0010_ (net)
                  0.35    0.00    5.67 v GPR[0][4]$_DFFE_PP_/D (sky130_fd_sc_hd__edfxtp_1)
                                  5.67   data arrival time

                         13.56   13.56   clock core_clock (rise edge)
                          0.00   13.56   clock source latency
     1    0.03    0.00    0.00   13.56 ^ clk (in)
                                         clk (net)
                  0.00    0.00   13.56 ^ clkbuf_0_clk/A (sky130_fd_sc_hd__clkbuf_16)
     8    0.10    0.12    0.17   13.73 ^ clkbuf_0_clk/X (sky130_fd_sc_hd__clkbuf_16)
                                         clknet_0_clk (net)
                  0.12    0.00   13.73 ^ clkbuf_3_1__f_clk/A (sky130_fd_sc_hd__clkbuf_16)
    15    0.05    0.07    0.17   13.91 ^ clkbuf_3_1__f_clk/X (sky130_fd_sc_hd__clkbuf_16)
                                         clknet_3_1__leaf_clk (net)
                  0.07    0.00   13.91 ^ GPR[0][4]$_DFFE_PP_/CLK (sky130_fd_sc_hd__edfxtp_1)
                          0.00   13.91   clock reconvergence pessimism
                         -0.36   13.55   library setup time
                                 13.55   data required time
-----------------------------------------------------------------------------
                                 13.55   data required time
                                 -5.67   data arrival time
-----------------------------------------------------------------------------
                                  7.88   slack (MET)



==========================================================================
global route report_check_types -max_slew -max_cap -max_fanout -violators
--------------------------------------------------------------------------

==========================================================================
global route max_slew_check_slack
--------------------------------------------------------------------------
0.7144402861595154

==========================================================================
global route max_slew_check_limit
--------------------------------------------------------------------------
1.48431396484375

==========================================================================
global route max_slew_check_slack_limit
--------------------------------------------------------------------------
0.4813

==========================================================================
global route max_fanout_check_slack
--------------------------------------------------------------------------
1.0000000150474662e+30

==========================================================================
global route max_fanout_check_limit
--------------------------------------------------------------------------
1.0000000150474662e+30

==========================================================================
global route max_capacitance_check_slack
--------------------------------------------------------------------------
0.017159568145871162

==========================================================================
global route max_capacitance_check_limit
--------------------------------------------------------------------------
0.021067000925540924

==========================================================================
global route max_capacitance_check_slack_limit
--------------------------------------------------------------------------
0.8145

==========================================================================
global route max_slew_violation_count
--------------------------------------------------------------------------
max slew violation count 0

==========================================================================
global route max_fanout_violation_count
--------------------------------------------------------------------------
max fanout violation count 0

==========================================================================
global route max_cap_violation_count
--------------------------------------------------------------------------
max cap violation count 0

==========================================================================
global route setup_violation_count
--------------------------------------------------------------------------
setup violation count 0

==========================================================================
global route hold_violation_count
--------------------------------------------------------------------------
hold violation count 0

==========================================================================
global route report_checks -path_delay max reg to reg
--------------------------------------------------------------------------
Startpoint: IR[17]$_SDFFE_PP0P_
            (rising edge-triggered flip-flop clocked by core_clock)
Endpoint: GPR[0][15]$_DFFE_PP_
          (rising edge-triggered flip-flop clocked by core_clock)
Path Group: core_clock
Path Type: max

  Delay    Time   Description
---------------------------------------------------------
   0.00    0.00   clock core_clock (rise edge)
   0.00    0.00   clock source latency
   0.00    0.00 ^ clk (in)
   0.17    0.17 ^ clkbuf_0_clk/X (sky130_fd_sc_hd__clkbuf_16)
   0.17    0.35 ^ clkbuf_3_4__f_clk/X (sky130_fd_sc_hd__clkbuf_16)
   0.00    0.35 ^ IR[17]$_SDFFE_PP0P_/CLK (sky130_fd_sc_hd__dfxtp_1)
   0.31    0.65 v IR[17]$_SDFFE_PP0P_/Q (sky130_fd_sc_hd__dfxtp_1)
   0.26    0.92 v place49/X (sky130_fd_sc_hd__buf_4)
   0.50    1.42 ^ _0991_/Y (sky130_fd_sc_hd__inv_2)
   0.16    1.58 v _1103_/Y (sky130_fd_sc_hd__o21ai_0)
   0.52    2.10 ^ _1104_/Y (sky130_fd_sc_hd__o22ai_1)
   0.43    2.53 v _1829_/SUM (sky130_fd_sc_hd__ha_1)
   0.16    2.69 ^ _1156_/Y (sky130_fd_sc_hd__inv_1)
   0.13    2.82 v _1185_/Y (sky130_fd_sc_hd__nand3_1)
   0.08    2.90 ^ _1191_/Y (sky130_fd_sc_hd__inv_1)
   0.07    2.97 v _1192_/Y (sky130_fd_sc_hd__nor2_1)
   0.20    3.17 ^ _1243_/Y (sky130_fd_sc_hd__nor2_2)
   0.10    3.27 v _1384_/Y (sky130_fd_sc_hd__nand2_1)
   0.18    3.45 ^ _1385_/Y (sky130_fd_sc_hd__nor2_2)
   0.13    3.58 v _1597_/Y (sky130_fd_sc_hd__nand3_1)
   0.08    3.65 ^ _1598_/Y (sky130_fd_sc_hd__nand2_1)
   0.08    3.74 v _1600_/Y (sky130_fd_sc_hd__nand2_1)
   0.30    4.04 ^ _1614_/Y (sky130_fd_sc_hd__a221oi_1)
   0.27    4.30 v _1633_/Y (sky130_fd_sc_hd__nand3_1)
   0.00    4.30 v GPR[0][15]$_DFFE_PP_/D (sky130_fd_sc_hd__edfxtp_1)
           4.30   data arrival time

  13.56   13.56   clock core_clock (rise edge)
   0.00   13.56   clock source latency
   0.00   13.56 ^ clk (in)
   0.17   13.73 ^ clkbuf_0_clk/X (sky130_fd_sc_hd__clkbuf_16)
   0.18   13.91 ^ clkbuf_3_3__f_clk/X (sky130_fd_sc_hd__clkbuf_16)
   0.00   13.91 ^ GPR[0][15]$_DFFE_PP_/CLK (sky130_fd_sc_hd__edfxtp_1)
   0.00   13.91   clock reconvergence pessimism
  -0.32   13.59   library setup time
          13.59   data required time
---------------------------------------------------------
          13.59   data required time
          -4.30   data arrival time
---------------------------------------------------------
           9.29   slack (MET)



==========================================================================
global route report_checks -path_delay min reg to reg
--------------------------------------------------------------------------
Startpoint: count[0]$_SDFF_PP0_
            (rising edge-triggered flip-flop clocked by core_clock)
Endpoint: count[0]$_SDFF_PP0_
          (rising edge-triggered flip-flop clocked by core_clock)
Path Group: core_clock
Path Type: min

  Delay    Time   Description
---------------------------------------------------------
   0.00    0.00   clock core_clock (rise edge)
   0.00    0.00   clock source latency
   0.00    0.00 ^ clk (in)
   0.17    0.17 ^ clkbuf_0_clk/X (sky130_fd_sc_hd__clkbuf_16)
   0.17    0.35 ^ clkbuf_3_7__f_clk/X (sky130_fd_sc_hd__clkbuf_16)
   0.00    0.35 ^ count[0]$_SDFF_PP0_/CLK (sky130_fd_sc_hd__dfxtp_1)
   0.34    0.69 ^ count[0]$_SDFF_PP0_/Q (sky130_fd_sc_hd__dfxtp_1)
   0.06    0.75 v _1725_/Y (sky130_fd_sc_hd__nor2_1)
   0.00    0.75 v count[0]$_SDFF_PP0_/D (sky130_fd_sc_hd__dfxtp_1)
           0.75   data arrival time

   0.00    0.00   clock core_clock (rise edge)
   0.00    0.00   clock source latency
   0.00    0.00 ^ clk (in)
   0.17    0.17 ^ clkbuf_0_clk/X (sky130_fd_sc_hd__clkbuf_16)
   0.17    0.35 ^ clkbuf_3_7__f_clk/X (sky130_fd_sc_hd__clkbuf_16)
   0.00    0.35 ^ count[0]$_SDFF_PP0_/CLK (sky130_fd_sc_hd__dfxtp_1)
   0.00    0.35   clock reconvergence pessimism
  -0.05    0.30   library hold time
           0.30   data required time
---------------------------------------------------------
           0.30   data required time
          -0.75   data arrival time
---------------------------------------------------------
           0.45   slack (MET)



==========================================================================
global route critical path target clock latency max path
--------------------------------------------------------------------------
0.3503

==========================================================================
global route critical path target clock latency min path
--------------------------------------------------------------------------
0.3501

==========================================================================
global route critical path source clock latency min path
--------------------------------------------------------------------------
0.0000

==========================================================================
global route critical path delay
--------------------------------------------------------------------------
5.6670

==========================================================================
global route critical path slack
--------------------------------------------------------------------------
7.8796

==========================================================================
global route slack div critical path delay
--------------------------------------------------------------------------
139.043586

==========================================================================
global route report_power
--------------------------------------------------------------------------
Group                  Internal  Switching    Leakage      Total
                          Power      Power      Power      Power (Watts)
----------------------------------------------------------------
Sequential             2.93e-04   7.00e-06   7.45e-10   3.00e-04  43.2%
Combinational          2.75e-05   7.02e-05   2.57e-09   9.77e-05  14.1%
Clock                  1.81e-04   1.16e-04   1.65e-10   2.97e-04  42.8%
Macro                  0.00e+00   0.00e+00   0.00e+00   0.00e+00   0.0%
Pad                    0.00e+00   0.00e+00   0.00e+00   0.00e+00   0.0%
----------------------------------------------------------------
Total                  5.01e-04   1.94e-04   3.48e-09   6.95e-04 100.0%
                          72.1%      27.9%       0.0%
