
==========================================================================
global place report_tns
--------------------------------------------------------------------------
tns max 0.00

==========================================================================
global place report_wns
--------------------------------------------------------------------------
wns max 0.00

==========================================================================
global place report_worst_slack
--------------------------------------------------------------------------
worst slack max 4.95

==========================================================================
global place report_clock_min_period
--------------------------------------------------------------------------
core_clock period_min = 4.83 fmax = 207.24

==========================================================================
global place report_checks -path_delay min
--------------------------------------------------------------------------
Startpoint: count[0]$_SDFF_PP0_
            (rising edge-triggered flip-flop clocked by core_clock)
Endpoint: count[0]$_SDFF_PP0_
          (rising edge-triggered flip-flop clocked by core_clock)
Path Group: core_clock
Path Type: min

Fanout     Cap    Slew   Delay    Time   Description
-----------------------------------------------------------------------------
                  0.00    0.00    0.00   clock core_clock (rise edge)
                          0.00    0.00   clock network delay (ideal)
                  0.00    0.00    0.00 ^ count[0]$_SDFF_PP0_/CLK (sky130_fd_sc_hd__dfxtp_1)
     2    0.01    0.08    0.31    0.31 ^ count[0]$_SDFF_PP0_/Q (sky130_fd_sc_hd__dfxtp_1)
                                         count[0] (net)
                  0.08    0.00    0.31 ^ _1725_/A (sky130_fd_sc_hd__nor2_1)
     1    0.00    0.03    0.05    0.36 v _1725_/Y (sky130_fd_sc_hd__nor2_1)
                                         _0162_ (net)
                  0.03    0.00    0.36 v count[0]$_SDFF_PP0_/D (sky130_fd_sc_hd__dfxtp_1)
                                  0.36   data arrival time

                  0.00    0.00    0.00   clock core_clock (rise edge)
                          0.00    0.00   clock network delay (ideal)
                          0.00    0.00   clock reconvergence pessimism
                                  0.00 ^ count[0]$_SDFF_PP0_/CLK (sky130_fd_sc_hd__dfxtp_1)
                         -0.06   -0.06   library hold time
                                 -0.06   data required time
-----------------------------------------------------------------------------
                                 -0.06   data required time
                                 -0.36   data arrival time
-----------------------------------------------------------------------------
                                  0.41   slack (MET)



==========================================================================
global place report_checks -path_delay max
--------------------------------------------------------------------------
Startpoint: sys_rst (input port clocked by core_clock)
Endpoint: GPR[3][11]$_DFFE_PP_
          (rising edge-triggered flip-flop clocked by core_clock)
Path Group: core_clock
Path Type: max

Fanout     Cap    Slew   Delay    Time   Description
-----------------------------------------------------------------------------
                  0.00    0.00    0.00   clock core_clock (rise edge)
                          0.00    0.00   clock network delay (ideal)
                          1.95    1.95 v input external delay
     1    0.00    0.00    0.00    1.95 v sys_rst (in)
                                         sys_rst (net)
                  0.00    0.00    1.95 v input36/A (sky130_fd_sc_hd__clkdlybuf4s50_1)
     1    0.00    0.05    0.39    2.35 v input36/X (sky130_fd_sc_hd__clkdlybuf4s50_1)
                                         net35 (net)
                  0.05    0.00    2.35 v place51/A (sky130_fd_sc_hd__buf_4)
    20    0.07    0.10    0.21    2.55 v place51/X (sky130_fd_sc_hd__buf_4)
                                         net50 (net)
                  0.10    0.00    2.55 v _0961_/A (sky130_fd_sc_hd__inv_1)
     6    0.02    0.16    0.16    2.72 ^ _0961_/Y (sky130_fd_sc_hd__inv_1)
                                         _0274_ (net)
                  0.16    0.00    2.72 ^ _0967_/B (sky130_fd_sc_hd__nand2_1)
     2    0.01    0.11    0.11    2.82 v _0967_/Y (sky130_fd_sc_hd__nand2_1)
                                         _0280_ (net)
                  0.11    0.00    2.82 v _0968_/B (sky130_fd_sc_hd__nor2_1)
     2    0.01    0.12    0.14    2.96 ^ _0968_/Y (sky130_fd_sc_hd__nor2_1)
                                         _0281_ (net)
                  0.12    0.00    2.96 ^ _0970_/A (sky130_fd_sc_hd__nand2_1)
    13    0.05    0.38    0.32    3.29 v _0970_/Y (sky130_fd_sc_hd__nand2_1)
                                         _0283_ (net)
                  0.38    0.00    3.29 v _0975_/B (sky130_fd_sc_hd__nand3_1)
     2    0.01    0.17    0.28    3.56 ^ _0975_/Y (sky130_fd_sc_hd__nand3_1)
                                         _0288_ (net)
                  0.17    0.00    3.56 ^ _0976_/B (sky130_fd_sc_hd__nand3b_1)
     2    0.00    0.08    0.11    3.67 v _0976_/Y (sky130_fd_sc_hd__nand3b_1)
                                         _0289_ (net)
                  0.08    0.00    3.67 v _0977_/B (sky130_fd_sc_hd__nor2_1)
     3    0.03    0.55    0.44    4.11 ^ _0977_/Y (sky130_fd_sc_hd__nor2_1)
                                         _0019_ (net)
                  0.55    0.00    4.11 ^ place46/A (sky130_fd_sc_hd__buf_4)
    14    0.09    0.26    0.37    4.49 ^ place46/X (sky130_fd_sc_hd__buf_4)
                                         net45 (net)
                  0.26    0.01    4.50 ^ GPR[3][11]$_DFFE_PP_/DE (sky130_fd_sc_hd__edfxtp_1)
                                  4.50   data arrival time

                  0.00    9.77    9.77   clock core_clock (rise edge)
                          0.00    9.77   clock network delay (ideal)
                          0.00    9.77   clock reconvergence pessimism
                                  9.77 ^ GPR[3][11]$_DFFE_PP_/CLK (sky130_fd_sc_hd__edfxtp_1)
                         -0.33    9.44   library setup time
                                  9.44   data required time
-----------------------------------------------------------------------------
                                  9.44   data required time
                                 -4.50   data arrival time
-----------------------------------------------------------------------------
                                  4.95   slack (MET)



==========================================================================
global place report_checks -unconstrained
--------------------------------------------------------------------------
Startpoint: sys_rst (input port clocked by core_clock)
Endpoint: GPR[3][11]$_DFFE_PP_
          (rising edge-triggered flip-flop clocked by core_clock)
Path Group: core_clock
Path Type: max

Fanout     Cap    Slew   Delay    Time   Description
-----------------------------------------------------------------------------
                  0.00    0.00    0.00   clock core_clock (rise edge)
                          0.00    0.00   clock network delay (ideal)
                          1.95    1.95 v input external delay
     1    0.00    0.00    0.00    1.95 v sys_rst (in)
                                         sys_rst (net)
                  0.00    0.00    1.95 v input36/A (sky130_fd_sc_hd__clkdlybuf4s50_1)
     1    0.00    0.05    0.39    2.35 v input36/X (sky130_fd_sc_hd__clkdlybuf4s50_1)
                                         net35 (net)
                  0.05    0.00    2.35 v place51/A (sky130_fd_sc_hd__buf_4)
    20    0.07    0.10    0.21    2.55 v place51/X (sky130_fd_sc_hd__buf_4)
                                         net50 (net)
                  0.10    0.00    2.55 v _0961_/A (sky130_fd_sc_hd__inv_1)
     6    0.02    0.16    0.16    2.72 ^ _0961_/Y (sky130_fd_sc_hd__inv_1)
                                         _0274_ (net)
                  0.16    0.00    2.72 ^ _0967_/B (sky130_fd_sc_hd__nand2_1)
     2    0.01    0.11    0.11    2.82 v _0967_/Y (sky130_fd_sc_hd__nand2_1)
                                         _0280_ (net)
                  0.11    0.00    2.82 v _0968_/B (sky130_fd_sc_hd__nor2_1)
     2    0.01    0.12    0.14    2.96 ^ _0968_/Y (sky130_fd_sc_hd__nor2_1)
                                         _0281_ (net)
                  0.12    0.00    2.96 ^ _0970_/A (sky130_fd_sc_hd__nand2_1)
    13    0.05    0.38    0.32    3.29 v _0970_/Y (sky130_fd_sc_hd__nand2_1)
                                         _0283_ (net)
                  0.38    0.00    3.29 v _0975_/B (sky130_fd_sc_hd__nand3_1)
     2    0.01    0.17    0.28    3.56 ^ _0975_/Y (sky130_fd_sc_hd__nand3_1)
                                         _0288_ (net)
                  0.17    0.00    3.56 ^ _0976_/B (sky130_fd_sc_hd__nand3b_1)
     2    0.00    0.08    0.11    3.67 v _0976_/Y (sky130_fd_sc_hd__nand3b_1)
                                         _0289_ (net)
                  0.08    0.00    3.67 v _0977_/B (sky130_fd_sc_hd__nor2_1)
     3    0.03    0.55    0.44    4.11 ^ _0977_/Y (sky130_fd_sc_hd__nor2_1)
                                         _0019_ (net)
                  0.55    0.00    4.11 ^ place46/A (sky130_fd_sc_hd__buf_4)
    14    0.09    0.26    0.37    4.49 ^ place46/X (sky130_fd_sc_hd__buf_4)
                                         net45 (net)
                  0.26    0.01    4.50 ^ GPR[3][11]$_DFFE_PP_/DE (sky130_fd_sc_hd__edfxtp_1)
                                  4.50   data arrival time

                  0.00    9.77    9.77   clock core_clock (rise edge)
                          0.00    9.77   clock network delay (ideal)
                          0.00    9.77   clock reconvergence pessimism
                                  9.77 ^ GPR[3][11]$_DFFE_PP_/CLK (sky130_fd_sc_hd__edfxtp_1)
                         -0.33    9.44   library setup time
                                  9.44   data required time
-----------------------------------------------------------------------------
                                  9.44   data required time
                                 -4.50   data arrival time
-----------------------------------------------------------------------------
                                  4.95   slack (MET)



==========================================================================
global place report_power
--------------------------------------------------------------------------
Group                  Internal  Switching    Leakage      Total
                          Power      Power      Power      Power (Watts)
----------------------------------------------------------------
Sequential             4.15e-04   8.65e-06   7.45e-10   4.23e-04  78.1%
Combinational          3.74e-05   8.11e-05   2.58e-09   1.19e-04  21.9%
Clock                  0.00e+00   0.00e+00   0.00e+00   0.00e+00   0.0%
Macro                  0.00e+00   0.00e+00   0.00e+00   0.00e+00   0.0%
Pad                    0.00e+00   0.00e+00   0.00e+00   0.00e+00   0.0%
----------------------------------------------------------------
Total                  4.52e-04   8.98e-05   3.32e-09   5.42e-04 100.0%
                          83.4%      16.6%       0.0%
