
==========================================================================
global route report_tns
--------------------------------------------------------------------------
tns max 0.00

==========================================================================
global route report_wns
--------------------------------------------------------------------------
wns max 0.00

==========================================================================
global route report_worst_slack
--------------------------------------------------------------------------
worst slack max 5.04

==========================================================================
global route report_clock_min_period
--------------------------------------------------------------------------
core_clock period_min = 4.74 fmax = 211.17

==========================================================================
global route report_clock_skew
--------------------------------------------------------------------------
Clock core_clock
   0.36 source latency GPR[3][4]$_DFFE_PP_/CLK ^
  -0.35 target latency GPR[2][13]$_DFFE_PP_/CLK ^
   0.00 CRPR
--------------
   0.01 setup skew


==========================================================================
global route report_checks -path_delay min
--------------------------------------------------------------------------
Startpoint: count[0]$_SDFF_PP0_
            (rising edge-triggered flip-flop clocked by core_clock)
Endpoint: count[0]$_SDFF_PP0_
          (rising edge-triggered flip-flop clocked by core_clock)
Path Group: core_clock
Path Type: min

Fanout     Cap    Slew   Delay    Time   Description
-----------------------------------------------------------------------------
                          0.00    0.00   clock core_clock (rise edge)
                          0.00    0.00   clock source latency
     1    0.03    0.00    0.00    0.00 ^ clk (in)
                                         clk (net)
                  0.00    0.00    0.00 ^ clkbuf_0_clk/A (sky130_fd_sc_hd__clkbuf_16)
     8    0.11    0.12    0.18    0.18 ^ clkbuf_0_clk/X (sky130_fd_sc_hd__clkbuf_16)
                                         clknet_0_clk (net)
                  0.12    0.00    0.18 ^ clkbuf_3_7__f_clk/A (sky130_fd_sc_hd__clkbuf_16)
    10    0.05    0.07    0.18    0.36 ^ clkbuf_3_7__f_clk/X (sky130_fd_sc_hd__clkbuf_16)
                                         clknet_3_7__leaf_clk (net)
                  0.07    0.00    0.36 ^ count[0]$_SDFF_PP0_/CLK (sky130_fd_sc_hd__dfxtp_1)
     2    0.01    0.09    0.35    0.71 ^ count[0]$_SDFF_PP0_/Q (sky130_fd_sc_hd__dfxtp_1)
                                         count[0] (net)
                  0.09    0.00    0.71 ^ _1725_/A (sky130_fd_sc_hd__nor2_1)
     1    0.00    0.03    0.05    0.76 v _1725_/Y (sky130_fd_sc_hd__nor2_1)
                                         _0162_ (net)
                  0.03    0.00    0.76 v count[0]$_SDFF_PP0_/D (sky130_fd_sc_hd__dfxtp_1)
                                  0.76   data arrival time

                          0.00    0.00   clock core_clock (rise edge)
                          0.00    0.00   clock source latency
     1    0.03    0.00    0.00    0.00 ^ clk (in)
                                         clk (net)
                  0.00    0.00    0.00 ^ clkbuf_0_clk/A (sky130_fd_sc_hd__clkbuf_16)
     8    0.11    0.12    0.18    0.18 ^ clkbuf_0_clk/X (sky130_fd_sc_hd__clkbuf_16)
                                         clknet_0_clk (net)
                  0.12    0.00    0.18 ^ clkbuf_3_7__f_clk/A (sky130_fd_sc_hd__clkbuf_16)
    10    0.05    0.07    0.18    0.36 ^ clkbuf_3_7__f_clk/X (sky130_fd_sc_hd__clkbuf_16)
                                         clknet_3_7__leaf_clk (net)
                  0.07    0.00    0.36 ^ count[0]$_SDFF_PP0_/CLK (sky130_fd_sc_hd__dfxtp_1)
                          0.00    0.36   clock reconvergence pessimism
                         -0.04    0.32   library hold time
                                  0.32   data required time
-----------------------------------------------------------------------------
                                  0.32   data required time
                                 -0.76   data arrival time
-----------------------------------------------------------------------------
                                  0.44   slack (MET)



==========================================================================
global route report_checks -path_delay max
--------------------------------------------------------------------------
Startpoint: sys_rst (input port clocked by core_clock)
Endpoint: GPR[3][11]$_DFFE_PP_
          (rising edge-triggered flip-flop clocked by core_clock)
Path Group: core_clock
Path Type: max

Fanout     Cap    Slew   Delay    Time   Description
-----------------------------------------------------------------------------
                          0.00    0.00   clock core_clock (rise edge)
                          0.00    0.00   clock network delay (propagated)
                          1.95    1.95 v input external delay
     1    0.00    0.00    0.00    1.95 v sys_rst (in)
                                         sys_rst (net)
                  0.00    0.00    1.95 v input36/A (sky130_fd_sc_hd__clkdlybuf4s50_1)
     1    0.01    0.07    0.42    2.37 v input36/X (sky130_fd_sc_hd__clkdlybuf4s50_1)
                                         net35 (net)
                  0.07    0.00    2.37 v place51/A (sky130_fd_sc_hd__buf_4)
    20    0.08    0.11    0.22    2.59 v place51/X (sky130_fd_sc_hd__buf_4)
                                         net50 (net)
                  0.11    0.00    2.59 v _0961_/A (sky130_fd_sc_hd__inv_1)
     6    0.02    0.21    0.20    2.79 ^ _0961_/Y (sky130_fd_sc_hd__inv_1)
                                         _0274_ (net)
                  0.21    0.00    2.80 ^ _0967_/B (sky130_fd_sc_hd__nand2_1)
     2    0.01    0.13    0.13    2.93 v _0967_/Y (sky130_fd_sc_hd__nand2_1)
                                         _0280_ (net)
                  0.13    0.00    2.93 v _0968_/B (sky130_fd_sc_hd__nor2_1)
     2    0.01    0.17    0.19    3.11 ^ _0968_/Y (sky130_fd_sc_hd__nor2_1)
                                         _0281_ (net)
                  0.17    0.00    3.11 ^ _0970_/A (sky130_fd_sc_hd__nand2_1)
    13    0.06    0.43    0.37    3.48 v _0970_/Y (sky130_fd_sc_hd__nand2_1)
                                         _0283_ (net)
                  0.43    0.00    3.48 v _0975_/B (sky130_fd_sc_hd__nand3_1)
     2    0.01    0.19    0.30    3.79 ^ _0975_/Y (sky130_fd_sc_hd__nand3_1)
                                         _0288_ (net)
                  0.19    0.00    3.79 ^ _0976_/B (sky130_fd_sc_hd__nand3b_1)
     2    0.01    0.09    0.12    3.91 v _0976_/Y (sky130_fd_sc_hd__nand3b_1)
                                         _0289_ (net)
                  0.09    0.00    3.91 v _0977_/B (sky130_fd_sc_hd__nor2_1)
     3    0.03    0.56    0.46    4.37 ^ _0977_/Y (sky130_fd_sc_hd__nor2_1)
                                         _0019_ (net)
                  0.56    0.00    4.37 ^ place46/A (sky130_fd_sc_hd__buf_4)
    14    0.10    0.28    0.39    4.76 ^ place46/X (sky130_fd_sc_hd__buf_4)
                                         net45 (net)
                  0.28    0.01    4.77 ^ GPR[3][11]$_DFFE_PP_/DE (sky130_fd_sc_hd__edfxtp_1)
                                  4.77   data arrival time

                          9.77    9.77   clock core_clock (rise edge)
                          0.00    9.77   clock source latency
     1    0.03    0.00    0.00    9.77 ^ clk (in)
                                         clk (net)
                  0.00    0.00    9.77 ^ clkbuf_0_clk/A (sky130_fd_sc_hd__clkbuf_16)
     8    0.11    0.12    0.18    9.95 ^ clkbuf_0_clk/X (sky130_fd_sc_hd__clkbuf_16)
                                         clknet_0_clk (net)
                  0.12    0.00    9.95 ^ clkbuf_3_6__f_clk/A (sky130_fd_sc_hd__clkbuf_16)
     8    0.04    0.06    0.17   10.12 ^ clkbuf_3_6__f_clk/X (sky130_fd_sc_hd__clkbuf_16)
                                         clknet_3_6__leaf_clk (net)
                  0.06    0.00   10.12 ^ GPR[3][11]$_DFFE_PP_/CLK (sky130_fd_sc_hd__edfxtp_1)
                          0.00   10.12   clock reconvergence pessimism
                         -0.32    9.81   library setup time
                                  9.81   data required time
-----------------------------------------------------------------------------
                                  9.81   data required time
                                 -4.77   data arrival time
-----------------------------------------------------------------------------
                                  5.04   slack (MET)



==========================================================================
global route report_checks -unconstrained
--------------------------------------------------------------------------
Startpoint: sys_rst (input port clocked by core_clock)
Endpoint: GPR[3][11]$_DFFE_PP_
          (rising edge-triggered flip-flop clocked by core_clock)
Path Group: core_clock
Path Type: max

Fanout     Cap    Slew   Delay    Time   Description
-----------------------------------------------------------------------------
                          0.00    0.00   clock core_clock (rise edge)
                          0.00    0.00   clock network delay (propagated)
                          1.95    1.95 v input external delay
     1    0.00    0.00    0.00    1.95 v sys_rst (in)
                                         sys_rst (net)
                  0.00    0.00    1.95 v input36/A (sky130_fd_sc_hd__clkdlybuf4s50_1)
     1    0.01    0.07    0.42    2.37 v input36/X (sky130_fd_sc_hd__clkdlybuf4s50_1)
                                         net35 (net)
                  0.07    0.00    2.37 v place51/A (sky130_fd_sc_hd__buf_4)
    20    0.08    0.11    0.22    2.59 v place51/X (sky130_fd_sc_hd__buf_4)
                                         net50 (net)
                  0.11    0.00    2.59 v _0961_/A (sky130_fd_sc_hd__inv_1)
     6    0.02    0.21    0.20    2.79 ^ _0961_/Y (sky130_fd_sc_hd__inv_1)
                                         _0274_ (net)
                  0.21    0.00    2.80 ^ _0967_/B (sky130_fd_sc_hd__nand2_1)
     2    0.01    0.13    0.13    2.93 v _0967_/Y (sky130_fd_sc_hd__nand2_1)
                                         _0280_ (net)
                  0.13    0.00    2.93 v _0968_/B (sky130_fd_sc_hd__nor2_1)
     2    0.01    0.17    0.19    3.11 ^ _0968_/Y (sky130_fd_sc_hd__nor2_1)
                                         _0281_ (net)
                  0.17    0.00    3.11 ^ _0970_/A (sky130_fd_sc_hd__nand2_1)
    13    0.06    0.43    0.37    3.48 v _0970_/Y (sky130_fd_sc_hd__nand2_1)
                                         _0283_ (net)
                  0.43    0.00    3.48 v _0975_/B (sky130_fd_sc_hd__nand3_1)
     2    0.01    0.19    0.30    3.79 ^ _0975_/Y (sky130_fd_sc_hd__nand3_1)
                                         _0288_ (net)
                  0.19    0.00    3.79 ^ _0976_/B (sky130_fd_sc_hd__nand3b_1)
     2    0.01    0.09    0.12    3.91 v _0976_/Y (sky130_fd_sc_hd__nand3b_1)
                                         _0289_ (net)
                  0.09    0.00    3.91 v _0977_/B (sky130_fd_sc_hd__nor2_1)
     3    0.03    0.56    0.46    4.37 ^ _0977_/Y (sky130_fd_sc_hd__nor2_1)
                                         _0019_ (net)
                  0.56    0.00    4.37 ^ place46/A (sky130_fd_sc_hd__buf_4)
    14    0.10    0.28    0.39    4.76 ^ place46/X (sky130_fd_sc_hd__buf_4)
                                         net45 (net)
                  0.28    0.01    4.77 ^ GPR[3][11]$_DFFE_PP_/DE (sky130_fd_sc_hd__edfxtp_1)
                                  4.77   data arrival time

                          9.77    9.77   clock core_clock (rise edge)
                          0.00    9.77   clock source latency
     1    0.03    0.00    0.00    9.77 ^ clk (in)
                                         clk (net)
                  0.00    0.00    9.77 ^ clkbuf_0_clk/A (sky130_fd_sc_hd__clkbuf_16)
     8    0.11    0.12    0.18    9.95 ^ clkbuf_0_clk/X (sky130_fd_sc_hd__clkbuf_16)
                                         clknet_0_clk (net)
                  0.12    0.00    9.95 ^ clkbuf_3_6__f_clk/A (sky130_fd_sc_hd__clkbuf_16)
     8    0.04    0.06    0.17   10.12 ^ clkbuf_3_6__f_clk/X (sky130_fd_sc_hd__clkbuf_16)
                                         clknet_3_6__leaf_clk (net)
                  0.06    0.00   10.12 ^ GPR[3][11]$_DFFE_PP_/CLK (sky130_fd_sc_hd__edfxtp_1)
                          0.00   10.12   clock reconvergence pessimism
                         -0.32    9.81   library setup time
                                  9.81   data required time
-----------------------------------------------------------------------------
                                  9.81   data required time
                                 -4.77   data arrival time
-----------------------------------------------------------------------------
                                  5.04   slack (MET)



==========================================================================
global route report_check_types -max_slew -max_cap -max_fanout -violators
--------------------------------------------------------------------------

==========================================================================
global route max_slew_check_slack
--------------------------------------------------------------------------
0.8055492043495178

==========================================================================
global route max_slew_check_limit
--------------------------------------------------------------------------
1.5

==========================================================================
global route max_slew_check_slack_limit
--------------------------------------------------------------------------
0.5370

==========================================================================
global route max_fanout_check_slack
--------------------------------------------------------------------------
1.0000000150474662e+30

==========================================================================
global route max_fanout_check_limit
--------------------------------------------------------------------------
1.0000000150474662e+30

==========================================================================
global route max_capacitance_check_slack
--------------------------------------------------------------------------
0.016651922836899757

==========================================================================
global route max_capacitance_check_limit
--------------------------------------------------------------------------
0.021067000925540924

==========================================================================
global route max_capacitance_check_slack_limit
--------------------------------------------------------------------------
0.7904

==========================================================================
global route max_slew_violation_count
--------------------------------------------------------------------------
max slew violation count 0

==========================================================================
global route max_fanout_violation_count
--------------------------------------------------------------------------
max fanout violation count 0

==========================================================================
global route max_cap_violation_count
--------------------------------------------------------------------------
max cap violation count 0

==========================================================================
global route setup_violation_count
--------------------------------------------------------------------------
setup violation count 0

==========================================================================
global route hold_violation_count
--------------------------------------------------------------------------
hold violation count 0

==========================================================================
global route report_checks -path_delay max reg to reg
--------------------------------------------------------------------------
Startpoint: IR[18]$_SDFFE_PP0P_
            (rising edge-triggered flip-flop clocked by core_clock)
Endpoint: GPR[2][14]$_DFFE_PP_
          (rising edge-triggered flip-flop clocked by core_clock)
Path Group: core_clock
Path Type: max

  Delay    Time   Description
---------------------------------------------------------
   0.00    0.00   clock core_clock (rise edge)
   0.00    0.00   clock source latency
   0.00    0.00 ^ clk (in)
   0.18    0.18 ^ clkbuf_0_clk/X (sky130_fd_sc_hd__clkbuf_16)
   0.18    0.36 ^ clkbuf_3_4__f_clk/X (sky130_fd_sc_hd__clkbuf_16)
   0.00    0.36 ^ IR[18]$_SDFFE_PP0P_/CLK (sky130_fd_sc_hd__dfxtp_1)
   0.31    0.66 v IR[18]$_SDFFE_PP0P_/Q (sky130_fd_sc_hd__dfxtp_1)
   0.25    0.91 v place49/X (sky130_fd_sc_hd__buf_4)
   0.47    1.38 ^ _1003_/Y (sky130_fd_sc_hd__inv_2)
   0.21    1.59 v _1103_/Y (sky130_fd_sc_hd__o21ai_0)
   0.57    2.16 ^ _1104_/Y (sky130_fd_sc_hd__o22ai_1)
   0.43    2.59 v _1829_/SUM (sky130_fd_sc_hd__ha_1)
   0.15    2.74 ^ _1156_/Y (sky130_fd_sc_hd__inv_1)
   0.08    2.82 v _1210_/Y (sky130_fd_sc_hd__nand2_1)
   0.10    2.92 ^ _1211_/Y (sky130_fd_sc_hd__nand2_1)
   0.16    3.08 v _1213_/Y (sky130_fd_sc_hd__nand3_1)
   0.17    3.24 ^ _1286_/Y (sky130_fd_sc_hd__inv_1)
   0.11    3.35 v _1287_/Y (sky130_fd_sc_hd__nand2_2)
   0.18    3.53 ^ _1421_/Y (sky130_fd_sc_hd__nor2_2)
   0.09    3.62 v _1582_/Y (sky130_fd_sc_hd__nand3_1)
   0.13    3.75 ^ _1583_/Y (sky130_fd_sc_hd__nand2_1)
   0.09    3.84 v _1584_/Y (sky130_fd_sc_hd__o22ai_1)
   0.18    4.02 ^ _1585_/Y (sky130_fd_sc_hd__nor3_1)
   0.29    4.31 v _1586_/Y (sky130_fd_sc_hd__o21ai_0)
   0.00    4.31 v GPR[2][14]$_DFFE_PP_/D (sky130_fd_sc_hd__edfxtp_1)
           4.31   data arrival time

   9.77    9.77   clock core_clock (rise edge)
   0.00    9.77   clock source latency
   0.00    9.77 ^ clk (in)
   0.18    9.95 ^ clkbuf_0_clk/X (sky130_fd_sc_hd__clkbuf_16)
   0.17   10.12 ^ clkbuf_3_6__f_clk/X (sky130_fd_sc_hd__clkbuf_16)
   0.00   10.12 ^ GPR[2][14]$_DFFE_PP_/CLK (sky130_fd_sc_hd__edfxtp_1)
   0.00   10.12   clock reconvergence pessimism
  -0.34    9.79   library setup time
           9.79   data required time
---------------------------------------------------------
           9.79   data required time
          -4.31   data arrival time
---------------------------------------------------------
           5.48   slack (MET)



==========================================================================
global route report_checks -path_delay min reg to reg
--------------------------------------------------------------------------
Startpoint: count[0]$_SDFF_PP0_
            (rising edge-triggered flip-flop clocked by core_clock)
Endpoint: count[0]$_SDFF_PP0_
          (rising edge-triggered flip-flop clocked by core_clock)
Path Group: core_clock
Path Type: min

  Delay    Time   Description
---------------------------------------------------------
   0.00    0.00   clock core_clock (rise edge)
   0.00    0.00   clock source latency
   0.00    0.00 ^ clk (in)
   0.18    0.18 ^ clkbuf_0_clk/X (sky130_fd_sc_hd__clkbuf_16)
   0.18    0.36 ^ clkbuf_3_7__f_clk/X (sky130_fd_sc_hd__clkbuf_16)
   0.00    0.36 ^ count[0]$_SDFF_PP0_/CLK (sky130_fd_sc_hd__dfxtp_1)
   0.35    0.71 ^ count[0]$_SDFF_PP0_/Q (sky130_fd_sc_hd__dfxtp_1)
   0.05    0.76 v _1725_/Y (sky130_fd_sc_hd__nor2_1)
   0.00    0.76 v count[0]$_SDFF_PP0_/D (sky130_fd_sc_hd__dfxtp_1)
           0.76   data arrival time

   0.00    0.00   clock core_clock (rise edge)
   0.00    0.00   clock source latency
   0.00    0.00 ^ clk (in)
   0.18    0.18 ^ clkbuf_0_clk/X (sky130_fd_sc_hd__clkbuf_16)
   0.18    0.36 ^ clkbuf_3_7__f_clk/X (sky130_fd_sc_hd__clkbuf_16)
   0.00    0.36 ^ count[0]$_SDFF_PP0_/CLK (sky130_fd_sc_hd__dfxtp_1)
   0.00    0.36   clock reconvergence pessimism
  -0.04    0.32   library hold time
           0.32   data required time
---------------------------------------------------------
           0.32   data required time
          -0.76   data arrival time
---------------------------------------------------------
           0.44   slack (MET)



==========================================================================
global route critical path target clock latency max path
--------------------------------------------------------------------------
0.3525

==========================================================================
global route critical path target clock latency min path
--------------------------------------------------------------------------
0.3639

==========================================================================
global route critical path source clock latency min path
--------------------------------------------------------------------------
0.0000

==========================================================================
global route critical path delay
--------------------------------------------------------------------------
4.7707

==========================================================================
global route critical path slack
--------------------------------------------------------------------------
5.0356

==========================================================================
global route slack div critical path delay
--------------------------------------------------------------------------
105.552644

==========================================================================
global route report_power
--------------------------------------------------------------------------
Group                  Internal  Switching    Leakage      Total
                          Power      Power      Power      Power (Watts)
----------------------------------------------------------------
Sequential             4.06e-04   9.58e-06   7.45e-10   4.16e-04  45.0%
Combinational          3.82e-05   9.80e-05   2.58e-09   1.36e-04  14.7%
Clock                  2.05e-04   1.67e-04   1.51e-10   3.71e-04  40.2%
Macro                  0.00e+00   0.00e+00   0.00e+00   0.00e+00   0.0%
Pad                    0.00e+00   0.00e+00   0.00e+00   0.00e+00   0.0%
----------------------------------------------------------------
Total                  6.49e-04   2.74e-04   3.48e-09   9.23e-04 100.0%
                          70.3%      29.7%       0.0%
