
==========================================================================
global place report_tns
--------------------------------------------------------------------------
tns max 0.00

==========================================================================
global place report_wns
--------------------------------------------------------------------------
wns max 0.00

==========================================================================
global place report_worst_slack
--------------------------------------------------------------------------
worst slack max 4.45

==========================================================================
global place report_clock_min_period
--------------------------------------------------------------------------
core_clock period_min = 4.68 fmax = 213.48

==========================================================================
global place report_checks -path_delay min
--------------------------------------------------------------------------
Startpoint: count[0]$_SDFF_PP0_
            (rising edge-triggered flip-flop clocked by core_clock)
Endpoint: count[0]$_SDFF_PP0_
          (rising edge-triggered flip-flop clocked by core_clock)
Path Group: core_clock
Path Type: min

Fanout     Cap    Slew   Delay    Time   Description
-----------------------------------------------------------------------------
                  0.00    0.00    0.00   clock core_clock (rise edge)
                          0.00    0.00   clock network delay (ideal)
                  0.00    0.00    0.00 ^ count[0]$_SDFF_PP0_/CLK (sky130_fd_sc_hd__dfxtp_1)
     2    0.01    0.08    0.31    0.31 ^ count[0]$_SDFF_PP0_/Q (sky130_fd_sc_hd__dfxtp_1)
                                         count[0] (net)
                  0.08    0.00    0.31 ^ _1725_/A (sky130_fd_sc_hd__nor2_1)
     1    0.00    0.03    0.05    0.36 v _1725_/Y (sky130_fd_sc_hd__nor2_1)
                                         _0162_ (net)
                  0.03    0.00    0.36 v count[0]$_SDFF_PP0_/D (sky130_fd_sc_hd__dfxtp_1)
                                  0.36   data arrival time

                  0.00    0.00    0.00   clock core_clock (rise edge)
                          0.00    0.00   clock network delay (ideal)
                          0.00    0.00   clock reconvergence pessimism
                                  0.00 ^ count[0]$_SDFF_PP0_/CLK (sky130_fd_sc_hd__dfxtp_1)
                         -0.06   -0.06   library hold time
                                 -0.06   data required time
-----------------------------------------------------------------------------
                                 -0.06   data required time
                                 -0.36   data arrival time
-----------------------------------------------------------------------------
                                  0.41   slack (MET)



==========================================================================
global place report_checks -path_delay max
--------------------------------------------------------------------------
Startpoint: sys_rst (input port clocked by core_clock)
Endpoint: GPR[0][10]$_DFFE_PP_
          (rising edge-triggered flip-flop clocked by core_clock)
Path Group: core_clock
Path Type: max

Fanout     Cap    Slew   Delay    Time   Description
-----------------------------------------------------------------------------
                  0.00    0.00    0.00   clock core_clock (rise edge)
                          0.00    0.00   clock network delay (ideal)
                          1.83    1.83 v input external delay
     1    0.00    0.00    0.00    1.83 v sys_rst (in)
                                         sys_rst (net)
                  0.00    0.00    1.83 v input36/A (sky130_fd_sc_hd__clkdlybuf4s50_1)
     1    0.00    0.04    0.39    2.22 v input36/X (sky130_fd_sc_hd__clkdlybuf4s50_1)
                                         net35 (net)
                  0.04    0.00    2.22 v place51/A (sky130_fd_sc_hd__buf_4)
    20    0.07    0.10    0.20    2.42 v place51/X (sky130_fd_sc_hd__buf_4)
                                         net50 (net)
                  0.10    0.00    2.43 v _0961_/A (sky130_fd_sc_hd__inv_1)
     6    0.02    0.16    0.16    2.59 ^ _0961_/Y (sky130_fd_sc_hd__inv_1)
                                         _0274_ (net)
                  0.16    0.00    2.59 ^ _0967_/B (sky130_fd_sc_hd__nand2_1)
     2    0.01    0.11    0.11    2.70 v _0967_/Y (sky130_fd_sc_hd__nand2_1)
                                         _0280_ (net)
                  0.11    0.00    2.70 v _0968_/B (sky130_fd_sc_hd__nor2_1)
     2    0.01    0.12    0.14    2.84 ^ _0968_/Y (sky130_fd_sc_hd__nor2_1)
                                         _0281_ (net)
                  0.12    0.00    2.84 ^ _0970_/A (sky130_fd_sc_hd__nand2_1)
    13    0.05    0.37    0.31    3.15 v _0970_/Y (sky130_fd_sc_hd__nand2_1)
                                         _0283_ (net)
                  0.37    0.00    3.15 v _0975_/B (sky130_fd_sc_hd__nand3_1)
     2    0.01    0.16    0.27    3.42 ^ _0975_/Y (sky130_fd_sc_hd__nand3_1)
                                         _0288_ (net)
                  0.16    0.00    3.42 ^ _0979_/A (sky130_fd_sc_hd__nand2_1)
     2    0.00    0.06    0.09    3.50 v _0979_/Y (sky130_fd_sc_hd__nand2_1)
                                         _0291_ (net)
                  0.06    0.00    3.50 v _0982_/B (sky130_fd_sc_hd__nor2_1)
     5    0.04    0.65    0.51    4.01 ^ _0982_/Y (sky130_fd_sc_hd__nor2_1)
                                         _0016_ (net)
                  0.65    0.00    4.01 ^ place43/A (sky130_fd_sc_hd__buf_4)
    12    0.07    0.20    0.35    4.36 ^ place43/X (sky130_fd_sc_hd__buf_4)
                                         net42 (net)
                  0.20    0.01    4.37 ^ GPR[0][10]$_DFFE_PP_/DE (sky130_fd_sc_hd__edfxtp_1)
                                  4.37   data arrival time

                  0.00    9.14    9.14   clock core_clock (rise edge)
                          0.00    9.14   clock network delay (ideal)
                          0.00    9.14   clock reconvergence pessimism
                                  9.14 ^ GPR[0][10]$_DFFE_PP_/CLK (sky130_fd_sc_hd__edfxtp_1)
                         -0.32    8.82   library setup time
                                  8.82   data required time
-----------------------------------------------------------------------------
                                  8.82   data required time
                                 -4.37   data arrival time
-----------------------------------------------------------------------------
                                  4.45   slack (MET)



==========================================================================
global place report_checks -unconstrained
--------------------------------------------------------------------------
Startpoint: sys_rst (input port clocked by core_clock)
Endpoint: GPR[0][10]$_DFFE_PP_
          (rising edge-triggered flip-flop clocked by core_clock)
Path Group: core_clock
Path Type: max

Fanout     Cap    Slew   Delay    Time   Description
-----------------------------------------------------------------------------
                  0.00    0.00    0.00   clock core_clock (rise edge)
                          0.00    0.00   clock network delay (ideal)
                          1.83    1.83 v input external delay
     1    0.00    0.00    0.00    1.83 v sys_rst (in)
                                         sys_rst (net)
                  0.00    0.00    1.83 v input36/A (sky130_fd_sc_hd__clkdlybuf4s50_1)
     1    0.00    0.04    0.39    2.22 v input36/X (sky130_fd_sc_hd__clkdlybuf4s50_1)
                                         net35 (net)
                  0.04    0.00    2.22 v place51/A (sky130_fd_sc_hd__buf_4)
    20    0.07    0.10    0.20    2.42 v place51/X (sky130_fd_sc_hd__buf_4)
                                         net50 (net)
                  0.10    0.00    2.43 v _0961_/A (sky130_fd_sc_hd__inv_1)
     6    0.02    0.16    0.16    2.59 ^ _0961_/Y (sky130_fd_sc_hd__inv_1)
                                         _0274_ (net)
                  0.16    0.00    2.59 ^ _0967_/B (sky130_fd_sc_hd__nand2_1)
     2    0.01    0.11    0.11    2.70 v _0967_/Y (sky130_fd_sc_hd__nand2_1)
                                         _0280_ (net)
                  0.11    0.00    2.70 v _0968_/B (sky130_fd_sc_hd__nor2_1)
     2    0.01    0.12    0.14    2.84 ^ _0968_/Y (sky130_fd_sc_hd__nor2_1)
                                         _0281_ (net)
                  0.12    0.00    2.84 ^ _0970_/A (sky130_fd_sc_hd__nand2_1)
    13    0.05    0.37    0.31    3.15 v _0970_/Y (sky130_fd_sc_hd__nand2_1)
                                         _0283_ (net)
                  0.37    0.00    3.15 v _0975_/B (sky130_fd_sc_hd__nand3_1)
     2    0.01    0.16    0.27    3.42 ^ _0975_/Y (sky130_fd_sc_hd__nand3_1)
                                         _0288_ (net)
                  0.16    0.00    3.42 ^ _0979_/A (sky130_fd_sc_hd__nand2_1)
     2    0.00    0.06    0.09    3.50 v _0979_/Y (sky130_fd_sc_hd__nand2_1)
                                         _0291_ (net)
                  0.06    0.00    3.50 v _0982_/B (sky130_fd_sc_hd__nor2_1)
     5    0.04    0.65    0.51    4.01 ^ _0982_/Y (sky130_fd_sc_hd__nor2_1)
                                         _0016_ (net)
                  0.65    0.00    4.01 ^ place43/A (sky130_fd_sc_hd__buf_4)
    12    0.07    0.20    0.35    4.36 ^ place43/X (sky130_fd_sc_hd__buf_4)
                                         net42 (net)
                  0.20    0.01    4.37 ^ GPR[0][10]$_DFFE_PP_/DE (sky130_fd_sc_hd__edfxtp_1)
                                  4.37   data arrival time

                  0.00    9.14    9.14   clock core_clock (rise edge)
                          0.00    9.14   clock network delay (ideal)
                          0.00    9.14   clock reconvergence pessimism
                                  9.14 ^ GPR[0][10]$_DFFE_PP_/CLK (sky130_fd_sc_hd__edfxtp_1)
                         -0.32    8.82   library setup time
                                  8.82   data required time
-----------------------------------------------------------------------------
                                  8.82   data required time
                                 -4.37   data arrival time
-----------------------------------------------------------------------------
                                  4.45   slack (MET)



==========================================================================
global place report_power
--------------------------------------------------------------------------
Group                  Internal  Switching    Leakage      Total
                          Power      Power      Power      Power (Watts)
----------------------------------------------------------------
Sequential             4.44e-04   9.34e-06   7.45e-10   4.53e-04  77.8%
Combinational          4.02e-05   8.90e-05   2.58e-09   1.29e-04  22.2%
Clock                  0.00e+00   0.00e+00   0.00e+00   0.00e+00   0.0%
Macro                  0.00e+00   0.00e+00   0.00e+00   0.00e+00   0.0%
Pad                    0.00e+00   0.00e+00   0.00e+00   0.00e+00   0.0%
----------------------------------------------------------------
Total                  4.84e-04   9.83e-05   3.32e-09   5.82e-04 100.0%
                          83.1%      16.9%       0.0%
