
==========================================================================
global route report_tns
--------------------------------------------------------------------------
tns max 0.00

==========================================================================
global route report_wns
--------------------------------------------------------------------------
wns max 0.00

==========================================================================
global route report_worst_slack
--------------------------------------------------------------------------
worst slack max 4.49

==========================================================================
global route report_clock_min_period
--------------------------------------------------------------------------
core_clock period_min = 4.64 fmax = 215.34

==========================================================================
global route report_clock_skew
--------------------------------------------------------------------------
Clock core_clock
   0.37 source latency GPR[0][2]$_DFFE_PP_/CLK ^
  -0.35 target latency GPR[0][14]$_DFFE_PP_/CLK ^
   0.00 CRPR
--------------
   0.01 setup skew


==========================================================================
global route report_checks -path_delay min
--------------------------------------------------------------------------
Startpoint: count[0]$_SDFF_PP0_
            (rising edge-triggered flip-flop clocked by core_clock)
Endpoint: count[0]$_SDFF_PP0_
          (rising edge-triggered flip-flop clocked by core_clock)
Path Group: core_clock
Path Type: min

Fanout     Cap    Slew   Delay    Time   Description
-----------------------------------------------------------------------------
                          0.00    0.00   clock core_clock (rise edge)
                          0.00    0.00   clock source latency
     1    0.03    0.00    0.00    0.00 ^ clk (in)
                                         clk (net)
                  0.00    0.00    0.00 ^ clkbuf_0_clk/A (sky130_fd_sc_hd__clkbuf_16)
     8    0.11    0.12    0.18    0.18 ^ clkbuf_0_clk/X (sky130_fd_sc_hd__clkbuf_16)
                                         clknet_0_clk (net)
                  0.12    0.00    0.18 ^ clkbuf_3_7__f_clk/A (sky130_fd_sc_hd__clkbuf_16)
     6    0.05    0.07    0.18    0.35 ^ clkbuf_3_7__f_clk/X (sky130_fd_sc_hd__clkbuf_16)
                                         clknet_3_7__leaf_clk (net)
                  0.07    0.00    0.36 ^ count[0]$_SDFF_PP0_/CLK (sky130_fd_sc_hd__dfxtp_1)
     2    0.01    0.09    0.35    0.70 ^ count[0]$_SDFF_PP0_/Q (sky130_fd_sc_hd__dfxtp_1)
                                         count[0] (net)
                  0.09    0.00    0.70 ^ _1725_/A (sky130_fd_sc_hd__nor2_1)
     1    0.00    0.04    0.06    0.76 v _1725_/Y (sky130_fd_sc_hd__nor2_1)
                                         _0162_ (net)
                  0.04    0.00    0.76 v count[0]$_SDFF_PP0_/D (sky130_fd_sc_hd__dfxtp_1)
                                  0.76   data arrival time

                          0.00    0.00   clock core_clock (rise edge)
                          0.00    0.00   clock source latency
     1    0.03    0.00    0.00    0.00 ^ clk (in)
                                         clk (net)
                  0.00    0.00    0.00 ^ clkbuf_0_clk/A (sky130_fd_sc_hd__clkbuf_16)
     8    0.11    0.12    0.18    0.18 ^ clkbuf_0_clk/X (sky130_fd_sc_hd__clkbuf_16)
                                         clknet_0_clk (net)
                  0.12    0.00    0.18 ^ clkbuf_3_7__f_clk/A (sky130_fd_sc_hd__clkbuf_16)
     6    0.05    0.07    0.18    0.35 ^ clkbuf_3_7__f_clk/X (sky130_fd_sc_hd__clkbuf_16)
                                         clknet_3_7__leaf_clk (net)
                  0.07    0.00    0.36 ^ count[0]$_SDFF_PP0_/CLK (sky130_fd_sc_hd__dfxtp_1)
                          0.00    0.36   clock reconvergence pessimism
                         -0.05    0.31   library hold time
                                  0.31   data required time
-----------------------------------------------------------------------------
                                  0.31   data required time
                                 -0.76   data arrival time
-----------------------------------------------------------------------------
                                  0.45   slack (MET)



==========================================================================
global route report_checks -path_delay max
--------------------------------------------------------------------------
Startpoint: sys_rst (input port clocked by core_clock)
Endpoint: GPR[0][3]$_DFFE_PP_
          (rising edge-triggered flip-flop clocked by core_clock)
Path Group: core_clock
Path Type: max

Fanout     Cap    Slew   Delay    Time   Description
-----------------------------------------------------------------------------
                          0.00    0.00   clock core_clock (rise edge)
                          0.00    0.00   clock network delay (propagated)
                          1.83    1.83 v input external delay
     1    0.00    0.00    0.00    1.83 v sys_rst (in)
                                         sys_rst (net)
                  0.00    0.00    1.83 v input36/A (sky130_fd_sc_hd__clkdlybuf4s50_1)
     1    0.01    0.07    0.42    2.24 v input36/X (sky130_fd_sc_hd__clkdlybuf4s50_1)
                                         net35 (net)
                  0.07    0.00    2.24 v place51/A (sky130_fd_sc_hd__buf_4)
    20    0.08    0.11    0.22    2.47 v place51/X (sky130_fd_sc_hd__buf_4)
                                         net50 (net)
                  0.11    0.00    2.47 v _0961_/A (sky130_fd_sc_hd__inv_1)
     6    0.02    0.20    0.19    2.66 ^ _0961_/Y (sky130_fd_sc_hd__inv_1)
                                         _0274_ (net)
                  0.20    0.00    2.66 ^ _0967_/B (sky130_fd_sc_hd__nand2_1)
     2    0.01    0.12    0.11    2.78 v _0967_/Y (sky130_fd_sc_hd__nand2_1)
                                         _0280_ (net)
                  0.12    0.00    2.78 v _0968_/B (sky130_fd_sc_hd__nor2_1)
     2    0.01    0.15    0.16    2.94 ^ _0968_/Y (sky130_fd_sc_hd__nor2_1)
                                         _0281_ (net)
                  0.15    0.00    2.94 ^ _0970_/A (sky130_fd_sc_hd__nand2_1)
    13    0.06    0.43    0.37    3.31 v _0970_/Y (sky130_fd_sc_hd__nand2_1)
                                         _0283_ (net)
                  0.43    0.00    3.31 v _0975_/B (sky130_fd_sc_hd__nand3_1)
     2    0.01    0.19    0.31    3.62 ^ _0975_/Y (sky130_fd_sc_hd__nand3_1)
                                         _0288_ (net)
                  0.19    0.00    3.62 ^ _0979_/A (sky130_fd_sc_hd__nand2_1)
     2    0.01    0.08    0.11    3.73 v _0979_/Y (sky130_fd_sc_hd__nand2_1)
                                         _0291_ (net)
                  0.08    0.00    3.73 v _0982_/B (sky130_fd_sc_hd__nor2_1)
     5    0.04    0.77    0.60    4.33 ^ _0982_/Y (sky130_fd_sc_hd__nor2_1)
                                         _0016_ (net)
                  0.77    0.00    4.33 ^ place43/A (sky130_fd_sc_hd__buf_4)
    12    0.07    0.21    0.37    4.70 ^ place43/X (sky130_fd_sc_hd__buf_4)
                                         net42 (net)
                  0.21    0.01    4.70 ^ GPR[0][3]$_DFFE_PP_/DE (sky130_fd_sc_hd__edfxtp_1)
                                  4.70   data arrival time

                          9.14    9.14   clock core_clock (rise edge)
                          0.00    9.14   clock source latency
     1    0.03    0.00    0.00    9.14 ^ clk (in)
                                         clk (net)
                  0.00    0.00    9.14 ^ clkbuf_0_clk/A (sky130_fd_sc_hd__clkbuf_16)
     8    0.11    0.12    0.18    9.31 ^ clkbuf_0_clk/X (sky130_fd_sc_hd__clkbuf_16)
                                         clknet_0_clk (net)
                  0.12    0.00    9.32 ^ clkbuf_3_1__f_clk/A (sky130_fd_sc_hd__clkbuf_16)
    12    0.05    0.07    0.18    9.50 ^ clkbuf_3_1__f_clk/X (sky130_fd_sc_hd__clkbuf_16)
                                         clknet_3_1__leaf_clk (net)
                  0.07    0.00    9.50 ^ GPR[0][3]$_DFFE_PP_/CLK (sky130_fd_sc_hd__edfxtp_1)
                          0.00    9.50   clock reconvergence pessimism
                         -0.30    9.19   library setup time
                                  9.19   data required time
-----------------------------------------------------------------------------
                                  9.19   data required time
                                 -4.70   data arrival time
-----------------------------------------------------------------------------
                                  4.49   slack (MET)



==========================================================================
global route report_checks -unconstrained
--------------------------------------------------------------------------
Startpoint: sys_rst (input port clocked by core_clock)
Endpoint: GPR[0][3]$_DFFE_PP_
          (rising edge-triggered flip-flop clocked by core_clock)
Path Group: core_clock
Path Type: max

Fanout     Cap    Slew   Delay    Time   Description
-----------------------------------------------------------------------------
                          0.00    0.00   clock core_clock (rise edge)
                          0.00    0.00   clock network delay (propagated)
                          1.83    1.83 v input external delay
     1    0.00    0.00    0.00    1.83 v sys_rst (in)
                                         sys_rst (net)
                  0.00    0.00    1.83 v input36/A (sky130_fd_sc_hd__clkdlybuf4s50_1)
     1    0.01    0.07    0.42    2.24 v input36/X (sky130_fd_sc_hd__clkdlybuf4s50_1)
                                         net35 (net)
                  0.07    0.00    2.24 v place51/A (sky130_fd_sc_hd__buf_4)
    20    0.08    0.11    0.22    2.47 v place51/X (sky130_fd_sc_hd__buf_4)
                                         net50 (net)
                  0.11    0.00    2.47 v _0961_/A (sky130_fd_sc_hd__inv_1)
     6    0.02    0.20    0.19    2.66 ^ _0961_/Y (sky130_fd_sc_hd__inv_1)
                                         _0274_ (net)
                  0.20    0.00    2.66 ^ _0967_/B (sky130_fd_sc_hd__nand2_1)
     2    0.01    0.12    0.11    2.78 v _0967_/Y (sky130_fd_sc_hd__nand2_1)
                                         _0280_ (net)
                  0.12    0.00    2.78 v _0968_/B (sky130_fd_sc_hd__nor2_1)
     2    0.01    0.15    0.16    2.94 ^ _0968_/Y (sky130_fd_sc_hd__nor2_1)
                                         _0281_ (net)
                  0.15    0.00    2.94 ^ _0970_/A (sky130_fd_sc_hd__nand2_1)
    13    0.06    0.43    0.37    3.31 v _0970_/Y (sky130_fd_sc_hd__nand2_1)
                                         _0283_ (net)
                  0.43    0.00    3.31 v _0975_/B (sky130_fd_sc_hd__nand3_1)
     2    0.01    0.19    0.31    3.62 ^ _0975_/Y (sky130_fd_sc_hd__nand3_1)
                                         _0288_ (net)
                  0.19    0.00    3.62 ^ _0979_/A (sky130_fd_sc_hd__nand2_1)
     2    0.01    0.08    0.11    3.73 v _0979_/Y (sky130_fd_sc_hd__nand2_1)
                                         _0291_ (net)
                  0.08    0.00    3.73 v _0982_/B (sky130_fd_sc_hd__nor2_1)
     5    0.04    0.77    0.60    4.33 ^ _0982_/Y (sky130_fd_sc_hd__nor2_1)
                                         _0016_ (net)
                  0.77    0.00    4.33 ^ place43/A (sky130_fd_sc_hd__buf_4)
    12    0.07    0.21    0.37    4.70 ^ place43/X (sky130_fd_sc_hd__buf_4)
                                         net42 (net)
                  0.21    0.01    4.70 ^ GPR[0][3]$_DFFE_PP_/DE (sky130_fd_sc_hd__edfxtp_1)
                                  4.70   data arrival time

                          9.14    9.14   clock core_clock (rise edge)
                          0.00    9.14   clock source latency
     1    0.03    0.00    0.00    9.14 ^ clk (in)
                                         clk (net)
                  0.00    0.00    9.14 ^ clkbuf_0_clk/A (sky130_fd_sc_hd__clkbuf_16)
     8    0.11    0.12    0.18    9.31 ^ clkbuf_0_clk/X (sky130_fd_sc_hd__clkbuf_16)
                                         clknet_0_clk (net)
                  0.12    0.00    9.32 ^ clkbuf_3_1__f_clk/A (sky130_fd_sc_hd__clkbuf_16)
    12    0.05    0.07    0.18    9.50 ^ clkbuf_3_1__f_clk/X (sky130_fd_sc_hd__clkbuf_16)
                                         clknet_3_1__leaf_clk (net)
                  0.07    0.00    9.50 ^ GPR[0][3]$_DFFE_PP_/CLK (sky130_fd_sc_hd__edfxtp_1)
                          0.00    9.50   clock reconvergence pessimism
                         -0.30    9.19   library setup time
                                  9.19   data required time
-----------------------------------------------------------------------------
                                  9.19   data required time
                                 -4.70   data arrival time
-----------------------------------------------------------------------------
                                  4.49   slack (MET)



==========================================================================
global route report_check_types -max_slew -max_cap -max_fanout -violators
--------------------------------------------------------------------------

==========================================================================
global route max_slew_check_slack
--------------------------------------------------------------------------
0.7250634431838989

==========================================================================
global route max_slew_check_limit
--------------------------------------------------------------------------
1.4944789409637451

==========================================================================
global route max_slew_check_slack_limit
--------------------------------------------------------------------------
0.4852

==========================================================================
global route max_fanout_check_slack
--------------------------------------------------------------------------
1.0000000150474662e+30

==========================================================================
global route max_fanout_check_limit
--------------------------------------------------------------------------
1.0000000150474662e+30

==========================================================================
global route max_capacitance_check_slack
--------------------------------------------------------------------------
0.018090393394231796

==========================================================================
global route max_capacitance_check_limit
--------------------------------------------------------------------------
0.021067000925540924

==========================================================================
global route max_capacitance_check_slack_limit
--------------------------------------------------------------------------
0.8587

==========================================================================
global route max_slew_violation_count
--------------------------------------------------------------------------
max slew violation count 0

==========================================================================
global route max_fanout_violation_count
--------------------------------------------------------------------------
max fanout violation count 0

==========================================================================
global route max_cap_violation_count
--------------------------------------------------------------------------
max cap violation count 0

==========================================================================
global route setup_violation_count
--------------------------------------------------------------------------
setup violation count 0

==========================================================================
global route hold_violation_count
--------------------------------------------------------------------------
hold violation count 0

==========================================================================
global route report_checks -path_delay max reg to reg
--------------------------------------------------------------------------
Startpoint: IR[17]$_SDFFE_PP0P_
            (rising edge-triggered flip-flop clocked by core_clock)
Endpoint: GPR[0][15]$_DFFE_PP_
          (rising edge-triggered flip-flop clocked by core_clock)
Path Group: core_clock
Path Type: max

  Delay    Time   Description
---------------------------------------------------------
   0.00    0.00   clock core_clock (rise edge)
   0.00    0.00   clock source latency
   0.00    0.00 ^ clk (in)
   0.18    0.18 ^ clkbuf_0_clk/X (sky130_fd_sc_hd__clkbuf_16)
   0.18    0.36 ^ clkbuf_3_4__f_clk/X (sky130_fd_sc_hd__clkbuf_16)
   0.00    0.36 ^ IR[17]$_SDFFE_PP0P_/CLK (sky130_fd_sc_hd__dfxtp_1)
   0.31    0.67 v IR[17]$_SDFFE_PP0P_/Q (sky130_fd_sc_hd__dfxtp_1)
   0.28    0.95 v place50/X (sky130_fd_sc_hd__buf_4)
   0.57    1.52 ^ _0991_/Y (sky130_fd_sc_hd__inv_2)
   0.20    1.72 v _1103_/Y (sky130_fd_sc_hd__o21ai_0)
   0.60    2.32 ^ _1104_/Y (sky130_fd_sc_hd__o22ai_1)
   0.44    2.75 v _1829_/SUM (sky130_fd_sc_hd__ha_1)
   0.16    2.92 ^ _1156_/Y (sky130_fd_sc_hd__inv_1)
   0.12    3.04 v _1185_/Y (sky130_fd_sc_hd__nand3_1)
   0.08    3.12 ^ _1191_/Y (sky130_fd_sc_hd__inv_1)
   0.07    3.19 v _1192_/Y (sky130_fd_sc_hd__nor2_1)
   0.21    3.40 ^ _1243_/Y (sky130_fd_sc_hd__nor2_2)
   0.11    3.51 v _1384_/Y (sky130_fd_sc_hd__nand2_1)
   0.19    3.70 ^ _1385_/Y (sky130_fd_sc_hd__nor2_2)
   0.11    3.81 v _1597_/Y (sky130_fd_sc_hd__nand3_1)
   0.08    3.89 ^ _1598_/Y (sky130_fd_sc_hd__nand2_1)
   0.09    3.99 v _1600_/Y (sky130_fd_sc_hd__nand2_1)
   0.30    4.29 ^ _1614_/Y (sky130_fd_sc_hd__a221oi_1)
   0.25    4.54 v _1633_/Y (sky130_fd_sc_hd__nand3_1)
   0.00    4.54 v GPR[0][15]$_DFFE_PP_/D (sky130_fd_sc_hd__edfxtp_1)
           4.54   data arrival time

   9.14    9.14   clock core_clock (rise edge)
   0.00    9.14   clock source latency
   0.00    9.14 ^ clk (in)
   0.18    9.31 ^ clkbuf_0_clk/X (sky130_fd_sc_hd__clkbuf_16)
   0.18    9.50 ^ clkbuf_3_3__f_clk/X (sky130_fd_sc_hd__clkbuf_16)
   0.00    9.50 ^ GPR[0][15]$_DFFE_PP_/CLK (sky130_fd_sc_hd__edfxtp_1)
   0.00    9.50   clock reconvergence pessimism
  -0.31    9.19   library setup time
           9.19   data required time
---------------------------------------------------------
           9.19   data required time
          -4.54   data arrival time
---------------------------------------------------------
           4.66   slack (MET)



==========================================================================
global route report_checks -path_delay min reg to reg
--------------------------------------------------------------------------
Startpoint: count[0]$_SDFF_PP0_
            (rising edge-triggered flip-flop clocked by core_clock)
Endpoint: count[0]$_SDFF_PP0_
          (rising edge-triggered flip-flop clocked by core_clock)
Path Group: core_clock
Path Type: min

  Delay    Time   Description
---------------------------------------------------------
   0.00    0.00   clock core_clock (rise edge)
   0.00    0.00   clock source latency
   0.00    0.00 ^ clk (in)
   0.18    0.18 ^ clkbuf_0_clk/X (sky130_fd_sc_hd__clkbuf_16)
   0.18    0.35 ^ clkbuf_3_7__f_clk/X (sky130_fd_sc_hd__clkbuf_16)
   0.00    0.36 ^ count[0]$_SDFF_PP0_/CLK (sky130_fd_sc_hd__dfxtp_1)
   0.35    0.70 ^ count[0]$_SDFF_PP0_/Q (sky130_fd_sc_hd__dfxtp_1)
   0.06    0.76 v _1725_/Y (sky130_fd_sc_hd__nor2_1)
   0.00    0.76 v count[0]$_SDFF_PP0_/D (sky130_fd_sc_hd__dfxtp_1)
           0.76   data arrival time

   0.00    0.00   clock core_clock (rise edge)
   0.00    0.00   clock source latency
   0.00    0.00 ^ clk (in)
   0.18    0.18 ^ clkbuf_0_clk/X (sky130_fd_sc_hd__clkbuf_16)
   0.18    0.35 ^ clkbuf_3_7__f_clk/X (sky130_fd_sc_hd__clkbuf_16)
   0.00    0.36 ^ count[0]$_SDFF_PP0_/CLK (sky130_fd_sc_hd__dfxtp_1)
   0.00    0.36   clock reconvergence pessimism
  -0.05    0.31   library hold time
           0.31   data required time
---------------------------------------------------------
           0.31   data required time
          -0.76   data arrival time
---------------------------------------------------------
           0.45   slack (MET)



==========================================================================
global route critical path target clock latency max path
--------------------------------------------------------------------------
0.3601

==========================================================================
global route critical path target clock latency min path
--------------------------------------------------------------------------
0.3578

==========================================================================
global route critical path source clock latency min path
--------------------------------------------------------------------------
0.0000

==========================================================================
global route critical path delay
--------------------------------------------------------------------------
4.7019

==========================================================================
global route critical path slack
--------------------------------------------------------------------------
4.4925

==========================================================================
global route slack div critical path delay
--------------------------------------------------------------------------
95.546481

==========================================================================
global route report_power
--------------------------------------------------------------------------
Group                  Internal  Switching    Leakage      Total
                          Power      Power      Power      Power (Watts)
----------------------------------------------------------------
Sequential             4.34e-04   1.05e-05   7.45e-10   4.45e-04  43.4%
Combinational          4.11e-05   1.06e-04   2.58e-09   1.47e-04  14.3%
Clock                  2.44e-04   1.89e-04   1.56e-10   4.33e-04  42.3%
Macro                  0.00e+00   0.00e+00   0.00e+00   0.00e+00   0.0%
Pad                    0.00e+00   0.00e+00   0.00e+00   0.00e+00   0.0%
----------------------------------------------------------------
Total                  7.20e-04   3.06e-04   3.48e-09   1.03e-03 100.0%
                          70.2%      29.8%       0.0%
