
==========================================================================
detailed place report_tns
--------------------------------------------------------------------------
tns max 0.00

==========================================================================
detailed place report_wns
--------------------------------------------------------------------------
wns max 0.00

==========================================================================
detailed place report_worst_slack
--------------------------------------------------------------------------
worst slack max 1.68

==========================================================================
detailed place report_clock_min_period
--------------------------------------------------------------------------
core_clock period_min = 4.36 fmax = 229.23

==========================================================================
detailed place report_checks -path_delay min
--------------------------------------------------------------------------
Startpoint: count[0]$_SDFF_PP0_
            (rising edge-triggered flip-flop clocked by core_clock)
Endpoint: count[0]$_SDFF_PP0_
          (rising edge-triggered flip-flop clocked by core_clock)
Path Group: core_clock
Path Type: min

Fanout     Cap    Slew   Delay    Time   Description
-----------------------------------------------------------------------------
                  0.00    0.00    0.00   clock core_clock (rise edge)
                          0.00    0.00   clock network delay (ideal)
                  0.00    0.00    0.00 ^ count[0]$_SDFF_PP0_/CLK (sky130_fd_sc_hd__dfxtp_1)
     2    0.01    0.08    0.31    0.31 ^ count[0]$_SDFF_PP0_/Q (sky130_fd_sc_hd__dfxtp_1)
                                         count[0] (net)
                  0.08    0.00    0.31 ^ _1725_/A (sky130_fd_sc_hd__nor2_1)
     1    0.00    0.03    0.05    0.36 v _1725_/Y (sky130_fd_sc_hd__nor2_1)
                                         _0162_ (net)
                  0.03    0.00    0.36 v count[0]$_SDFF_PP0_/D (sky130_fd_sc_hd__dfxtp_1)
                                  0.36   data arrival time

                  0.00    0.00    0.00   clock core_clock (rise edge)
                          0.00    0.00   clock network delay (ideal)
                          0.00    0.00   clock reconvergence pessimism
                                  0.00 ^ count[0]$_SDFF_PP0_/CLK (sky130_fd_sc_hd__dfxtp_1)
                         -0.06   -0.06   library hold time
                                 -0.06   data required time
-----------------------------------------------------------------------------
                                 -0.06   data required time
                                 -0.36   data arrival time
-----------------------------------------------------------------------------
                                  0.42   slack (MET)



==========================================================================
detailed place report_checks -path_delay max
--------------------------------------------------------------------------
Startpoint: sys_rst (input port clocked by core_clock)
Endpoint: GPR[2][4]$_DFFE_PP_
          (rising edge-triggered flip-flop clocked by core_clock)
Path Group: core_clock
Path Type: max

Fanout     Cap    Slew   Delay    Time   Description
-----------------------------------------------------------------------------
                  0.00    0.00    0.00   clock core_clock (rise edge)
                          0.00    0.00   clock network delay (ideal)
                          1.21    1.21 ^ input external delay
     1    0.00    0.00    0.00    1.21 ^ sys_rst (in)
                                         sys_rst (net)
                  0.00    0.00    1.21 ^ input36/A (sky130_fd_sc_hd__clkdlybuf4s50_1)
    20    0.07    0.70    0.92    2.13 ^ input36/X (sky130_fd_sc_hd__clkdlybuf4s50_1)
                                         net35 (net)
                  0.70    0.00    2.13 ^ _0961_/A (sky130_fd_sc_hd__inv_1)
     6    0.02    0.19    0.23    2.36 v _0961_/Y (sky130_fd_sc_hd__inv_1)
                                         _0274_ (net)
                  0.19    0.00    2.36 v _0967_/B (sky130_fd_sc_hd__nand2_1)
     2    0.01    0.09    0.14    2.50 ^ _0967_/Y (sky130_fd_sc_hd__nand2_1)
                                         _0280_ (net)
                  0.09    0.00    2.50 ^ _0973_/B (sky130_fd_sc_hd__nor2_1)
     4    0.01    0.06    0.08    2.58 v _0973_/Y (sky130_fd_sc_hd__nor2_1)
                                         _0286_ (net)
                  0.06    0.00    2.58 v _1131_/A (sky130_fd_sc_hd__nand2_1)
    10    0.04    0.37    0.30    2.88 ^ _1131_/Y (sky130_fd_sc_hd__nand2_1)
                                         _0423_ (net)
                  0.37    0.00    2.88 ^ _1140_/A (sky130_fd_sc_hd__inv_1)
     7    0.03    0.17    0.23    3.11 v _1140_/Y (sky130_fd_sc_hd__inv_1)
                                         _0429_ (net)
                  0.17    0.00    3.11 v _1229_/A1 (sky130_fd_sc_hd__a2111oi_0)
     1    0.01    0.53    0.53    3.65 ^ _1229_/Y (sky130_fd_sc_hd__a2111oi_0)
                                         _0514_ (net)
                  0.53    0.00    3.65 ^ _1230_/B1 (sky130_fd_sc_hd__o21ai_0)
     4    0.02    0.28    0.36    4.01 v _1230_/Y (sky130_fd_sc_hd__o21ai_0)
                                         _0010_ (net)
                  0.28    0.00    4.01 v GPR[2][4]$_DFFE_PP_/D (sky130_fd_sc_hd__edfxtp_1)
                                  4.01   data arrival time

                  0.00    6.04    6.04   clock core_clock (rise edge)
                          0.00    6.04   clock network delay (ideal)
                          0.00    6.04   clock reconvergence pessimism
                                  6.04 ^ GPR[2][4]$_DFFE_PP_/CLK (sky130_fd_sc_hd__edfxtp_1)
                         -0.35    5.69   library setup time
                                  5.69   data required time
-----------------------------------------------------------------------------
                                  5.69   data required time
                                 -4.01   data arrival time
-----------------------------------------------------------------------------
                                  1.68   slack (MET)



==========================================================================
detailed place report_checks -unconstrained
--------------------------------------------------------------------------
Startpoint: sys_rst (input port clocked by core_clock)
Endpoint: GPR[2][4]$_DFFE_PP_
          (rising edge-triggered flip-flop clocked by core_clock)
Path Group: core_clock
Path Type: max

Fanout     Cap    Slew   Delay    Time   Description
-----------------------------------------------------------------------------
                  0.00    0.00    0.00   clock core_clock (rise edge)
                          0.00    0.00   clock network delay (ideal)
                          1.21    1.21 ^ input external delay
     1    0.00    0.00    0.00    1.21 ^ sys_rst (in)
                                         sys_rst (net)
                  0.00    0.00    1.21 ^ input36/A (sky130_fd_sc_hd__clkdlybuf4s50_1)
    20    0.07    0.70    0.92    2.13 ^ input36/X (sky130_fd_sc_hd__clkdlybuf4s50_1)
                                         net35 (net)
                  0.70    0.00    2.13 ^ _0961_/A (sky130_fd_sc_hd__inv_1)
     6    0.02    0.19    0.23    2.36 v _0961_/Y (sky130_fd_sc_hd__inv_1)
                                         _0274_ (net)
                  0.19    0.00    2.36 v _0967_/B (sky130_fd_sc_hd__nand2_1)
     2    0.01    0.09    0.14    2.50 ^ _0967_/Y (sky130_fd_sc_hd__nand2_1)
                                         _0280_ (net)
                  0.09    0.00    2.50 ^ _0973_/B (sky130_fd_sc_hd__nor2_1)
     4    0.01    0.06    0.08    2.58 v _0973_/Y (sky130_fd_sc_hd__nor2_1)
                                         _0286_ (net)
                  0.06    0.00    2.58 v _1131_/A (sky130_fd_sc_hd__nand2_1)
    10    0.04    0.37    0.30    2.88 ^ _1131_/Y (sky130_fd_sc_hd__nand2_1)
                                         _0423_ (net)
                  0.37    0.00    2.88 ^ _1140_/A (sky130_fd_sc_hd__inv_1)
     7    0.03    0.17    0.23    3.11 v _1140_/Y (sky130_fd_sc_hd__inv_1)
                                         _0429_ (net)
                  0.17    0.00    3.11 v _1229_/A1 (sky130_fd_sc_hd__a2111oi_0)
     1    0.01    0.53    0.53    3.65 ^ _1229_/Y (sky130_fd_sc_hd__a2111oi_0)
                                         _0514_ (net)
                  0.53    0.00    3.65 ^ _1230_/B1 (sky130_fd_sc_hd__o21ai_0)
     4    0.02    0.28    0.36    4.01 v _1230_/Y (sky130_fd_sc_hd__o21ai_0)
                                         _0010_ (net)
                  0.28    0.00    4.01 v GPR[2][4]$_DFFE_PP_/D (sky130_fd_sc_hd__edfxtp_1)
                                  4.01   data arrival time

                  0.00    6.04    6.04   clock core_clock (rise edge)
                          0.00    6.04   clock network delay (ideal)
                          0.00    6.04   clock reconvergence pessimism
                                  6.04 ^ GPR[2][4]$_DFFE_PP_/CLK (sky130_fd_sc_hd__edfxtp_1)
                         -0.35    5.69   library setup time
                                  5.69   data required time
-----------------------------------------------------------------------------
                                  5.69   data required time
                                 -4.01   data arrival time
-----------------------------------------------------------------------------
                                  1.68   slack (MET)



==========================================================================
detailed place report_check_types -max_slew -max_cap -max_fanout -violators
--------------------------------------------------------------------------

==========================================================================
detailed place max_slew_check_slack
--------------------------------------------------------------------------
0.7980911135673523

==========================================================================
detailed place max_slew_check_limit
--------------------------------------------------------------------------
1.4953149557113647

==========================================================================
detailed place max_slew_check_slack_limit
--------------------------------------------------------------------------
0.5337

==========================================================================
detailed place max_fanout_check_slack
--------------------------------------------------------------------------
1.0000000150474662e+30

==========================================================================
detailed place max_fanout_check_limit
--------------------------------------------------------------------------
1.0000000150474662e+30

==========================================================================
detailed place max_capacitance_check_slack
--------------------------------------------------------------------------
0.015222934074699879

==========================================================================
detailed place max_capacitance_check_limit
--------------------------------------------------------------------------
0.021067000925540924

==========================================================================
detailed place max_capacitance_check_slack_limit
--------------------------------------------------------------------------
0.7226

==========================================================================
detailed place max_slew_violation_count
--------------------------------------------------------------------------
max slew violation count 0

==========================================================================
detailed place max_fanout_violation_count
--------------------------------------------------------------------------
max fanout violation count 0

==========================================================================
detailed place max_cap_violation_count
--------------------------------------------------------------------------
max cap violation count 0

==========================================================================
detailed place setup_violation_count
--------------------------------------------------------------------------
setup violation count 0

==========================================================================
detailed place hold_violation_count
--------------------------------------------------------------------------
hold violation count 0

==========================================================================
detailed place report_checks -path_delay max reg to reg
--------------------------------------------------------------------------
Startpoint: IR[18]$_SDFFE_PP0P_
            (rising edge-triggered flip-flop clocked by core_clock)
Endpoint: GPR[2][4]$_DFFE_PP_
          (rising edge-triggered flip-flop clocked by core_clock)
Path Group: core_clock
Path Type: max

  Delay    Time   Description
---------------------------------------------------------
   0.00    0.00   clock core_clock (rise edge)
   0.00    0.00   clock network delay (ideal)
   0.00    0.00 ^ IR[18]$_SDFFE_PP0P_/CLK (sky130_fd_sc_hd__dfxtp_1)
   0.28    0.28 v IR[18]$_SDFFE_PP0P_/Q (sky130_fd_sc_hd__dfxtp_1)
   0.21    0.49 v place49/X (sky130_fd_sc_hd__buf_4)
   0.37    0.86 ^ _1003_/Y (sky130_fd_sc_hd__inv_2)
   0.08    0.94 v _1114_/Y (sky130_fd_sc_hd__a21oi_1)
   0.35    1.29 ^ _1116_/Y (sky130_fd_sc_hd__a32oi_1)
   0.21    1.49 v _1132_/Y (sky130_fd_sc_hd__inv_1)
   0.27    1.77 v _1818_/COUT (sky130_fd_sc_hd__ha_1)
   0.40    2.16 v _1815_/COUT (sky130_fd_sc_hd__fa_1)
   0.06    2.23 ^ _1154_/Y (sky130_fd_sc_hd__inv_1)
   0.09    2.32 v _1155_/Y (sky130_fd_sc_hd__nand2_1)
   0.18    2.50 ^ _1223_/Y (sky130_fd_sc_hd__nand3_1)
   0.07    2.56 v _1226_/Y (sky130_fd_sc_hd__nand2_1)
   0.09    2.65 ^ _1227_/Y (sky130_fd_sc_hd__nand2_1)
   0.04    2.69 v _1228_/Y (sky130_fd_sc_hd__nor2_1)
   0.42    3.11 ^ _1229_/Y (sky130_fd_sc_hd__a2111oi_0)
   0.36    3.47 v _1230_/Y (sky130_fd_sc_hd__o21ai_0)
   0.00    3.47 v GPR[2][4]$_DFFE_PP_/D (sky130_fd_sc_hd__edfxtp_1)
           3.47   data arrival time

   6.04    6.04   clock core_clock (rise edge)
   0.00    6.04   clock network delay (ideal)
   0.00    6.04   clock reconvergence pessimism
           6.04 ^ GPR[2][4]$_DFFE_PP_/CLK (sky130_fd_sc_hd__edfxtp_1)
  -0.35    5.69   library setup time
           5.69   data required time
---------------------------------------------------------
           5.69   data required time
          -3.47   data arrival time
---------------------------------------------------------
           2.22   slack (MET)



==========================================================================
detailed place report_checks -path_delay min reg to reg
--------------------------------------------------------------------------
Startpoint: count[0]$_SDFF_PP0_
            (rising edge-triggered flip-flop clocked by core_clock)
Endpoint: count[0]$_SDFF_PP0_
          (rising edge-triggered flip-flop clocked by core_clock)
Path Group: core_clock
Path Type: min

  Delay    Time   Description
---------------------------------------------------------
   0.00    0.00   clock core_clock (rise edge)
   0.00    0.00   clock network delay (ideal)
   0.00    0.00 ^ count[0]$_SDFF_PP0_/CLK (sky130_fd_sc_hd__dfxtp_1)
   0.31    0.31 ^ count[0]$_SDFF_PP0_/Q (sky130_fd_sc_hd__dfxtp_1)
   0.05    0.36 v _1725_/Y (sky130_fd_sc_hd__nor2_1)
   0.00    0.36 v count[0]$_SDFF_PP0_/D (sky130_fd_sc_hd__dfxtp_1)
           0.36   data arrival time

   0.00    0.00   clock core_clock (rise edge)
   0.00    0.00   clock network delay (ideal)
   0.00    0.00   clock reconvergence pessimism
           0.00 ^ count[0]$_SDFF_PP0_/CLK (sky130_fd_sc_hd__dfxtp_1)
  -0.06   -0.06   library hold time
          -0.06   data required time
---------------------------------------------------------
          -0.06   data required time
          -0.36   data arrival time
---------------------------------------------------------
           0.42   slack (MET)



==========================================================================
detailed place critical path target clock latency max path
--------------------------------------------------------------------------
0.0000

==========================================================================
detailed place critical path target clock latency min path
--------------------------------------------------------------------------
0.0000

==========================================================================
detailed place critical path source clock latency min path
--------------------------------------------------------------------------
0.0000

==========================================================================
detailed place critical path delay
--------------------------------------------------------------------------
4.0094

==========================================================================
detailed place critical path slack
--------------------------------------------------------------------------
1.6758

==========================================================================
detailed place slack div critical path delay
--------------------------------------------------------------------------
41.796778

==========================================================================
detailed place report_power
--------------------------------------------------------------------------
Group                  Internal  Switching    Leakage      Total
                          Power      Power      Power      Power (Watts)
----------------------------------------------------------------
Sequential             6.71e-04   1.32e-05   7.45e-10   6.84e-04  78.8%
Combinational          5.99e-05   1.24e-04   2.57e-09   1.84e-04  21.2%
Clock                  0.00e+00   0.00e+00   0.00e+00   0.00e+00   0.0%
Macro                  0.00e+00   0.00e+00   0.00e+00   0.00e+00   0.0%
Pad                    0.00e+00   0.00e+00   0.00e+00   0.00e+00   0.0%
----------------------------------------------------------------
Total                  7.31e-04   1.37e-04   3.32e-09   8.68e-04 100.0%
                          84.2%      15.8%       0.0%
