
==========================================================================
finish report_tns
--------------------------------------------------------------------------
tns max 0.00

==========================================================================
finish report_wns
--------------------------------------------------------------------------
wns max 0.00

==========================================================================
finish report_worst_slack
--------------------------------------------------------------------------
worst slack max 1.93

==========================================================================
finish report_clock_min_period
--------------------------------------------------------------------------
core_clock period_min = 4.11 fmax = 243.41

==========================================================================
finish report_clock_skew
--------------------------------------------------------------------------
Clock core_clock
   0.33 source latency GPR[0][7]$_DFFE_PP_/CLK ^
  -0.34 target latency GPR[1][9]$_DFFE_PP_/CLK ^
   0.00 CRPR
--------------
  -0.01 setup skew


==========================================================================
finish report_checks -path_delay min
--------------------------------------------------------------------------
Startpoint: count[0]$_SDFF_PP0_
            (rising edge-triggered flip-flop clocked by core_clock)
Endpoint: count[0]$_SDFF_PP0_
          (rising edge-triggered flip-flop clocked by core_clock)
Path Group: core_clock
Path Type: min

Fanout     Cap    Slew   Delay    Time   Description
-----------------------------------------------------------------------------
                          0.00    0.00   clock core_clock (rise edge)
                          0.00    0.00   clock source latency
     1    0.03    0.00    0.00    0.00 ^ clk (in)
                                         clk (net)
                  0.00    0.00    0.00 ^ clkbuf_0_clk/A (sky130_fd_sc_hd__clkbuf_16)
     8    0.09    0.11    0.17    0.17 ^ clkbuf_0_clk/X (sky130_fd_sc_hd__clkbuf_16)
                                         clknet_0_clk (net)
                  0.11    0.00    0.17 ^ clkbuf_3_7__f_clk/A (sky130_fd_sc_hd__clkbuf_16)
    13    0.05    0.07    0.17    0.34 ^ clkbuf_3_7__f_clk/X (sky130_fd_sc_hd__clkbuf_16)
                                         clknet_3_7__leaf_clk (net)
                  0.07    0.00    0.34 ^ count[0]$_SDFF_PP0_/CLK (sky130_fd_sc_hd__dfxtp_1)
     2    0.01    0.08    0.34    0.68 ^ count[0]$_SDFF_PP0_/Q (sky130_fd_sc_hd__dfxtp_1)
                                         count[0] (net)
                  0.08    0.00    0.68 ^ _1725_/A (sky130_fd_sc_hd__nor2_1)
     1    0.00    0.03    0.05    0.73 v _1725_/Y (sky130_fd_sc_hd__nor2_1)
                                         _0162_ (net)
                  0.03    0.00    0.73 v count[0]$_SDFF_PP0_/D (sky130_fd_sc_hd__dfxtp_1)
                                  0.73   data arrival time

                          0.00    0.00   clock core_clock (rise edge)
                          0.00    0.00   clock source latency
     1    0.03    0.00    0.00    0.00 ^ clk (in)
                                         clk (net)
                  0.00    0.00    0.00 ^ clkbuf_0_clk/A (sky130_fd_sc_hd__clkbuf_16)
     8    0.09    0.11    0.17    0.17 ^ clkbuf_0_clk/X (sky130_fd_sc_hd__clkbuf_16)
                                         clknet_0_clk (net)
                  0.11    0.00    0.17 ^ clkbuf_3_7__f_clk/A (sky130_fd_sc_hd__clkbuf_16)
    13    0.05    0.07    0.17    0.34 ^ clkbuf_3_7__f_clk/X (sky130_fd_sc_hd__clkbuf_16)
                                         clknet_3_7__leaf_clk (net)
                  0.07    0.00    0.34 ^ count[0]$_SDFF_PP0_/CLK (sky130_fd_sc_hd__dfxtp_1)
                          0.00    0.34   clock reconvergence pessimism
                         -0.04    0.30   library hold time
                                  0.30   data required time
-----------------------------------------------------------------------------
                                  0.30   data required time
                                 -0.73   data arrival time
-----------------------------------------------------------------------------
                                  0.43   slack (MET)



==========================================================================
finish report_checks -path_delay max
--------------------------------------------------------------------------
Startpoint: sys_rst (input port clocked by core_clock)
Endpoint: GPR[2][4]$_DFFE_PP_
          (rising edge-triggered flip-flop clocked by core_clock)
Path Group: core_clock
Path Type: max

Fanout     Cap    Slew   Delay    Time   Description
-----------------------------------------------------------------------------
                          0.00    0.00   clock core_clock (rise edge)
                          0.00    0.00   clock network delay (propagated)
                          1.21    1.21 ^ input external delay
     1    0.00    0.00    0.00    1.21 ^ sys_rst (in)
                                         sys_rst (net)
                  0.00    0.00    1.21 ^ input36/A (sky130_fd_sc_hd__clkdlybuf4s50_1)
    20    0.07    0.71    0.93    2.14 ^ input36/X (sky130_fd_sc_hd__clkdlybuf4s50_1)
                                         net35 (net)
                  0.71    0.00    2.14 ^ _0961_/A (sky130_fd_sc_hd__inv_1)
     6    0.02    0.20    0.24    2.38 v _0961_/Y (sky130_fd_sc_hd__inv_1)
                                         _0274_ (net)
                  0.20    0.00    2.38 v _0967_/B (sky130_fd_sc_hd__nand2_1)
     2    0.01    0.10    0.16    2.54 ^ _0967_/Y (sky130_fd_sc_hd__nand2_1)
                                         _0280_ (net)
                  0.10    0.00    2.54 ^ _0973_/B (sky130_fd_sc_hd__nor2_1)
     4    0.01    0.07    0.09    2.63 v _0973_/Y (sky130_fd_sc_hd__nor2_1)
                                         _0286_ (net)
                  0.07    0.00    2.63 v _1131_/A (sky130_fd_sc_hd__nand2_1)
    10    0.04    0.37    0.30    2.93 ^ _1131_/Y (sky130_fd_sc_hd__nand2_1)
                                         _0423_ (net)
                  0.37    0.00    2.93 ^ _1140_/A (sky130_fd_sc_hd__inv_1)
     7    0.03    0.18    0.24    3.16 v _1140_/Y (sky130_fd_sc_hd__inv_1)
                                         _0429_ (net)
                  0.18    0.00    3.16 v _1229_/A1 (sky130_fd_sc_hd__a2111oi_0)
     1    0.01    0.52    0.55    3.71 ^ _1229_/Y (sky130_fd_sc_hd__a2111oi_0)
                                         _0514_ (net)
                  0.52    0.00    3.71 ^ _1230_/B1 (sky130_fd_sc_hd__o21ai_0)
     4    0.02    0.30    0.38    4.10 v _1230_/Y (sky130_fd_sc_hd__o21ai_0)
                                         _0010_ (net)
                  0.30    0.00    4.10 v GPR[2][4]$_DFFE_PP_/D (sky130_fd_sc_hd__edfxtp_1)
                                  4.10   data arrival time

                          6.04    6.04   clock core_clock (rise edge)
                          0.00    6.04   clock source latency
     1    0.03    0.00    0.00    6.04 ^ clk (in)
                                         clk (net)
                  0.00    0.00    6.04 ^ clkbuf_0_clk/A (sky130_fd_sc_hd__clkbuf_16)
     8    0.09    0.11    0.17    6.20 ^ clkbuf_0_clk/X (sky130_fd_sc_hd__clkbuf_16)
                                         clknet_0_clk (net)
                  0.11    0.00    6.21 ^ clkbuf_3_4__f_clk/A (sky130_fd_sc_hd__clkbuf_16)
    11    0.04    0.06    0.16    6.37 ^ clkbuf_3_4__f_clk/X (sky130_fd_sc_hd__clkbuf_16)
                                         clknet_3_4__leaf_clk (net)
                  0.06    0.00    6.37 ^ GPR[2][4]$_DFFE_PP_/CLK (sky130_fd_sc_hd__edfxtp_1)
                          0.00    6.37   clock reconvergence pessimism
                         -0.35    6.03   library setup time
                                  6.03   data required time
-----------------------------------------------------------------------------
                                  6.03   data required time
                                 -4.10   data arrival time
-----------------------------------------------------------------------------
                                  1.93   slack (MET)



==========================================================================
finish report_checks -unconstrained
--------------------------------------------------------------------------
Startpoint: sys_rst (input port clocked by core_clock)
Endpoint: GPR[2][4]$_DFFE_PP_
          (rising edge-triggered flip-flop clocked by core_clock)
Path Group: core_clock
Path Type: max

Fanout     Cap    Slew   Delay    Time   Description
-----------------------------------------------------------------------------
                          0.00    0.00   clock core_clock (rise edge)
                          0.00    0.00   clock network delay (propagated)
                          1.21    1.21 ^ input external delay
     1    0.00    0.00    0.00    1.21 ^ sys_rst (in)
                                         sys_rst (net)
                  0.00    0.00    1.21 ^ input36/A (sky130_fd_sc_hd__clkdlybuf4s50_1)
    20    0.07    0.71    0.93    2.14 ^ input36/X (sky130_fd_sc_hd__clkdlybuf4s50_1)
                                         net35 (net)
                  0.71    0.00    2.14 ^ _0961_/A (sky130_fd_sc_hd__inv_1)
     6    0.02    0.20    0.24    2.38 v _0961_/Y (sky130_fd_sc_hd__inv_1)
                                         _0274_ (net)
                  0.20    0.00    2.38 v _0967_/B (sky130_fd_sc_hd__nand2_1)
     2    0.01    0.10    0.16    2.54 ^ _0967_/Y (sky130_fd_sc_hd__nand2_1)
                                         _0280_ (net)
                  0.10    0.00    2.54 ^ _0973_/B (sky130_fd_sc_hd__nor2_1)
     4    0.01    0.07    0.09    2.63 v _0973_/Y (sky130_fd_sc_hd__nor2_1)
                                         _0286_ (net)
                  0.07    0.00    2.63 v _1131_/A (sky130_fd_sc_hd__nand2_1)
    10    0.04    0.37    0.30    2.93 ^ _1131_/Y (sky130_fd_sc_hd__nand2_1)
                                         _0423_ (net)
                  0.37    0.00    2.93 ^ _1140_/A (sky130_fd_sc_hd__inv_1)
     7    0.03    0.18    0.24    3.16 v _1140_/Y (sky130_fd_sc_hd__inv_1)
                                         _0429_ (net)
                  0.18    0.00    3.16 v _1229_/A1 (sky130_fd_sc_hd__a2111oi_0)
     1    0.01    0.52    0.55    3.71 ^ _1229_/Y (sky130_fd_sc_hd__a2111oi_0)
                                         _0514_ (net)
                  0.52    0.00    3.71 ^ _1230_/B1 (sky130_fd_sc_hd__o21ai_0)
     4    0.02    0.30    0.38    4.10 v _1230_/Y (sky130_fd_sc_hd__o21ai_0)
                                         _0010_ (net)
                  0.30    0.00    4.10 v GPR[2][4]$_DFFE_PP_/D (sky130_fd_sc_hd__edfxtp_1)
                                  4.10   data arrival time

                          6.04    6.04   clock core_clock (rise edge)
                          0.00    6.04   clock source latency
     1    0.03    0.00    0.00    6.04 ^ clk (in)
                                         clk (net)
                  0.00    0.00    6.04 ^ clkbuf_0_clk/A (sky130_fd_sc_hd__clkbuf_16)
     8    0.09    0.11    0.17    6.20 ^ clkbuf_0_clk/X (sky130_fd_sc_hd__clkbuf_16)
                                         clknet_0_clk (net)
                  0.11    0.00    6.21 ^ clkbuf_3_4__f_clk/A (sky130_fd_sc_hd__clkbuf_16)
    11    0.04    0.06    0.16    6.37 ^ clkbuf_3_4__f_clk/X (sky130_fd_sc_hd__clkbuf_16)
                                         clknet_3_4__leaf_clk (net)
                  0.06    0.00    6.37 ^ GPR[2][4]$_DFFE_PP_/CLK (sky130_fd_sc_hd__edfxtp_1)
                          0.00    6.37   clock reconvergence pessimism
                         -0.35    6.03   library setup time
                                  6.03   data required time
-----------------------------------------------------------------------------
                                  6.03   data required time
                                 -4.10   data arrival time
-----------------------------------------------------------------------------
                                  1.93   slack (MET)



==========================================================================
finish report_check_types -max_slew -max_cap -max_fanout -violators
--------------------------------------------------------------------------

==========================================================================
finish max_slew_check_slack
--------------------------------------------------------------------------
0.7805709838867188

==========================================================================
finish max_slew_check_limit
--------------------------------------------------------------------------
1.4953149557113647

==========================================================================
finish max_slew_check_slack_limit
--------------------------------------------------------------------------
0.5220

==========================================================================
finish max_fanout_check_slack
--------------------------------------------------------------------------
1.0000000150474662e+30

==========================================================================
finish max_fanout_check_limit
--------------------------------------------------------------------------
1.0000000150474662e+30

==========================================================================
finish max_capacitance_check_slack
--------------------------------------------------------------------------
0.014940621331334114

==========================================================================
finish max_capacitance_check_limit
--------------------------------------------------------------------------
0.021067000925540924

==========================================================================
finish max_capacitance_check_slack_limit
--------------------------------------------------------------------------
0.7092

==========================================================================
finish max_slew_violation_count
--------------------------------------------------------------------------
max slew violation count 0

==========================================================================
finish max_fanout_violation_count
--------------------------------------------------------------------------
max fanout violation count 0

==========================================================================
finish max_cap_violation_count
--------------------------------------------------------------------------
max cap violation count 0

==========================================================================
finish setup_violation_count
--------------------------------------------------------------------------
setup violation count 0

==========================================================================
finish hold_violation_count
--------------------------------------------------------------------------
hold violation count 0

==========================================================================
finish report_checks -path_delay max reg to reg
--------------------------------------------------------------------------
Startpoint: IR[18]$_SDFFE_PP0P_
            (rising edge-triggered flip-flop clocked by core_clock)
Endpoint: GPR[2][15]$_DFFE_PP_
          (rising edge-triggered flip-flop clocked by core_clock)
Path Group: core_clock
Path Type: max

  Delay    Time   Description
---------------------------------------------------------
   0.00    0.00   clock core_clock (rise edge)
   0.00    0.00   clock source latency
   0.00    0.00 ^ clk (in)
   0.17    0.17 ^ clkbuf_0_clk/X (sky130_fd_sc_hd__clkbuf_16)
   0.17    0.34 ^ clkbuf_3_5__f_clk/X (sky130_fd_sc_hd__clkbuf_16)
   0.00    0.34 ^ IR[18]$_SDFFE_PP0P_/CLK (sky130_fd_sc_hd__dfxtp_1)
   0.30    0.64 v IR[18]$_SDFFE_PP0P_/Q (sky130_fd_sc_hd__dfxtp_1)
   0.21    0.85 v place49/X (sky130_fd_sc_hd__buf_4)
   0.39    1.24 ^ _1003_/Y (sky130_fd_sc_hd__inv_2)
   0.16    1.40 v _1103_/Y (sky130_fd_sc_hd__o21ai_0)
   0.48    1.88 ^ _1104_/Y (sky130_fd_sc_hd__o22ai_1)
   0.40    2.28 v _1829_/SUM (sky130_fd_sc_hd__ha_1)
   0.15    2.43 ^ _1156_/Y (sky130_fd_sc_hd__inv_1)
   0.11    2.54 v _1185_/Y (sky130_fd_sc_hd__nand3_1)
   0.07    2.61 ^ _1191_/Y (sky130_fd_sc_hd__inv_1)
   0.05    2.66 v _1192_/Y (sky130_fd_sc_hd__nor2_1)
   0.19    2.86 ^ _1243_/Y (sky130_fd_sc_hd__nor2_2)
   0.09    2.95 v _1384_/Y (sky130_fd_sc_hd__nand2_1)
   0.21    3.16 ^ _1385_/Y (sky130_fd_sc_hd__nor2_2)
   0.12    3.28 v _1597_/Y (sky130_fd_sc_hd__nand3_1)
   0.07    3.35 ^ _1598_/Y (sky130_fd_sc_hd__nand2_1)
   0.07    3.42 v _1600_/Y (sky130_fd_sc_hd__nand2_1)
   0.28    3.70 ^ _1614_/Y (sky130_fd_sc_hd__a221oi_1)
   0.26    3.96 v _1633_/Y (sky130_fd_sc_hd__nand3_1)
   0.00    3.96 v GPR[2][15]$_DFFE_PP_/D (sky130_fd_sc_hd__edfxtp_1)
           3.96   data arrival time

   6.04    6.04   clock core_clock (rise edge)
   0.00    6.04   clock source latency
   0.00    6.04 ^ clk (in)
   0.17    6.20 ^ clkbuf_0_clk/X (sky130_fd_sc_hd__clkbuf_16)
   0.17    6.38 ^ clkbuf_3_2__f_clk/X (sky130_fd_sc_hd__clkbuf_16)
   0.00    6.38 ^ GPR[2][15]$_DFFE_PP_/CLK (sky130_fd_sc_hd__edfxtp_1)
   0.00    6.38   clock reconvergence pessimism
  -0.31    6.06   library setup time
           6.06   data required time
---------------------------------------------------------
           6.06   data required time
          -3.96   data arrival time
---------------------------------------------------------
           2.11   slack (MET)



==========================================================================
finish report_checks -path_delay min reg to reg
--------------------------------------------------------------------------
Startpoint: count[0]$_SDFF_PP0_
            (rising edge-triggered flip-flop clocked by core_clock)
Endpoint: count[0]$_SDFF_PP0_
          (rising edge-triggered flip-flop clocked by core_clock)
Path Group: core_clock
Path Type: min

  Delay    Time   Description
---------------------------------------------------------
   0.00    0.00   clock core_clock (rise edge)
   0.00    0.00   clock source latency
   0.00    0.00 ^ clk (in)
   0.17    0.17 ^ clkbuf_0_clk/X (sky130_fd_sc_hd__clkbuf_16)
   0.17    0.34 ^ clkbuf_3_7__f_clk/X (sky130_fd_sc_hd__clkbuf_16)
   0.00    0.34 ^ count[0]$_SDFF_PP0_/CLK (sky130_fd_sc_hd__dfxtp_1)
   0.34    0.68 ^ count[0]$_SDFF_PP0_/Q (sky130_fd_sc_hd__dfxtp_1)
   0.05    0.73 v _1725_/Y (sky130_fd_sc_hd__nor2_1)
   0.00    0.73 v count[0]$_SDFF_PP0_/D (sky130_fd_sc_hd__dfxtp_1)
           0.73   data arrival time

   0.00    0.00   clock core_clock (rise edge)
   0.00    0.00   clock source latency
   0.00    0.00 ^ clk (in)
   0.17    0.17 ^ clkbuf_0_clk/X (sky130_fd_sc_hd__clkbuf_16)
   0.17    0.34 ^ clkbuf_3_7__f_clk/X (sky130_fd_sc_hd__clkbuf_16)
   0.00    0.34 ^ count[0]$_SDFF_PP0_/CLK (sky130_fd_sc_hd__dfxtp_1)
   0.00    0.34   clock reconvergence pessimism
  -0.04    0.30   library hold time
           0.30   data required time
---------------------------------------------------------
           0.30   data required time
          -0.73   data arrival time
---------------------------------------------------------
           0.43   slack (MET)



==========================================================================
finish critical path target clock latency max path
--------------------------------------------------------------------------
0.3350

==========================================================================
finish critical path target clock latency min path
--------------------------------------------------------------------------
0.3373

==========================================================================
finish critical path source clock latency min path
--------------------------------------------------------------------------
0.0000

==========================================================================
finish critical path delay
--------------------------------------------------------------------------
4.0967

==========================================================================
finish critical path slack
--------------------------------------------------------------------------
1.9300

==========================================================================
finish slack div critical path delay
--------------------------------------------------------------------------
47.111089

==========================================================================
finish report_power
--------------------------------------------------------------------------
Group                  Internal  Switching    Leakage      Total
                          Power      Power      Power      Power (Watts)
----------------------------------------------------------------
Sequential             6.58e-04   1.42e-05   7.45e-10   6.72e-04  48.1%
Combinational          6.01e-05   1.30e-04   2.57e-09   1.90e-04  13.6%
Clock                  3.06e-04   2.30e-04   1.38e-10   5.36e-04  38.4%
Macro                  0.00e+00   0.00e+00   0.00e+00   0.00e+00   0.0%
Pad                    0.00e+00   0.00e+00   0.00e+00   0.00e+00   0.0%
----------------------------------------------------------------
Total                  1.02e-03   3.74e-04   3.46e-09   1.40e-03 100.0%
                          73.2%      26.8%       0.0%
