
==========================================================================
detailed place report_tns
--------------------------------------------------------------------------
tns max 0.00

==========================================================================
detailed place report_wns
--------------------------------------------------------------------------
wns max 0.00

==========================================================================
detailed place report_worst_slack
--------------------------------------------------------------------------
worst slack max 5.25

==========================================================================
detailed place report_clock_min_period
--------------------------------------------------------------------------
core_clock period_min = 4.71 fmax = 212.36

==========================================================================
detailed place report_checks -path_delay min
--------------------------------------------------------------------------
Startpoint: count[0]$_SDFF_PP0_
            (rising edge-triggered flip-flop clocked by core_clock)
Endpoint: count[0]$_SDFF_PP0_
          (rising edge-triggered flip-flop clocked by core_clock)
Path Group: core_clock
Path Type: min

Fanout     Cap    Slew   Delay    Time   Description
-----------------------------------------------------------------------------
                  0.00    0.00    0.00   clock core_clock (rise edge)
                          0.00    0.00   clock network delay (ideal)
                  0.00    0.00    0.00 ^ count[0]$_SDFF_PP0_/CLK (sky130_fd_sc_hd__dfxtp_1)
     2    0.01    0.09    0.32    0.32 ^ count[0]$_SDFF_PP0_/Q (sky130_fd_sc_hd__dfxtp_1)
                                         count[0] (net)
                  0.09    0.00    0.32 ^ _1725_/A (sky130_fd_sc_hd__nor2_1)
     1    0.00    0.03    0.05    0.37 v _1725_/Y (sky130_fd_sc_hd__nor2_1)
                                         _0162_ (net)
                  0.03    0.00    0.37 v count[0]$_SDFF_PP0_/D (sky130_fd_sc_hd__dfxtp_1)
                                  0.37   data arrival time

                  0.00    0.00    0.00   clock core_clock (rise edge)
                          0.00    0.00   clock network delay (ideal)
                          0.00    0.00   clock reconvergence pessimism
                                  0.00 ^ count[0]$_SDFF_PP0_/CLK (sky130_fd_sc_hd__dfxtp_1)
                         -0.06   -0.06   library hold time
                                 -0.06   data required time
-----------------------------------------------------------------------------
                                 -0.06   data required time
                                 -0.37   data arrival time
-----------------------------------------------------------------------------
                                  0.43   slack (MET)



==========================================================================
detailed place report_checks -path_delay max
--------------------------------------------------------------------------
Startpoint: sys_rst (input port clocked by core_clock)
Endpoint: GPR[3][4]$_DFFE_PP_
          (rising edge-triggered flip-flop clocked by core_clock)
Path Group: core_clock
Path Type: max

Fanout     Cap    Slew   Delay    Time   Description
-----------------------------------------------------------------------------
                  0.00    0.00    0.00   clock core_clock (rise edge)
                          0.00    0.00   clock network delay (ideal)
                          1.99    1.99 ^ input external delay
     1    0.00    0.00    0.00    1.99 ^ sys_rst (in)
                                         sys_rst (net)
                  0.00    0.00    1.99 ^ input36/A (sky130_fd_sc_hd__clkdlybuf4s50_1)
     1    0.00    0.04    0.45    2.44 ^ input36/X (sky130_fd_sc_hd__clkdlybuf4s50_1)
                                         net35 (net)
                  0.04    0.00    2.44 ^ place51/A (sky130_fd_sc_hd__buf_4)
    20    0.07    0.20    0.23    2.67 ^ place51/X (sky130_fd_sc_hd__buf_4)
                                         net50 (net)
                  0.20    0.00    2.67 ^ _0961_/A (sky130_fd_sc_hd__inv_1)
     6    0.02    0.11    0.14    2.81 v _0961_/Y (sky130_fd_sc_hd__inv_1)
                                         _0274_ (net)
                  0.11    0.00    2.81 v _0967_/B (sky130_fd_sc_hd__nand2_1)
     2    0.01    0.10    0.13    2.94 ^ _0967_/Y (sky130_fd_sc_hd__nand2_1)
                                         _0280_ (net)
                  0.10    0.00    2.94 ^ _0973_/B (sky130_fd_sc_hd__nor2_1)
     4    0.01    0.06    0.08    3.03 v _0973_/Y (sky130_fd_sc_hd__nor2_1)
                                         _0286_ (net)
                  0.06    0.00    3.03 v _1131_/A (sky130_fd_sc_hd__nand2_1)
    10    0.05    0.47    0.36    3.39 ^ _1131_/Y (sky130_fd_sc_hd__nand2_1)
                                         _0423_ (net)
                  0.47    0.00    3.39 ^ _1140_/A (sky130_fd_sc_hd__inv_1)
     7    0.02    0.19    0.25    3.64 v _1140_/Y (sky130_fd_sc_hd__inv_1)
                                         _0429_ (net)
                  0.19    0.00    3.64 v _1229_/A1 (sky130_fd_sc_hd__a2111oi_0)
     1    0.00    0.31    0.37    4.01 ^ _1229_/Y (sky130_fd_sc_hd__a2111oi_0)
                                         _0514_ (net)
                  0.31    0.00    4.01 ^ _1230_/B1 (sky130_fd_sc_hd__o21ai_0)
     4    0.02    0.29    0.34    4.35 v _1230_/Y (sky130_fd_sc_hd__o21ai_0)
                                         _0010_ (net)
                  0.29    0.00    4.35 v GPR[3][4]$_DFFE_PP_/D (sky130_fd_sc_hd__edfxtp_1)
                                  4.35   data arrival time

                  0.00    9.96    9.96   clock core_clock (rise edge)
                          0.00    9.96   clock network delay (ideal)
                          0.00    9.96   clock reconvergence pessimism
                                  9.96 ^ GPR[3][4]$_DFFE_PP_/CLK (sky130_fd_sc_hd__edfxtp_1)
                         -0.36    9.60   library setup time
                                  9.60   data required time
-----------------------------------------------------------------------------
                                  9.60   data required time
                                 -4.35   data arrival time
-----------------------------------------------------------------------------
                                  5.25   slack (MET)



==========================================================================
detailed place report_checks -unconstrained
--------------------------------------------------------------------------
Startpoint: sys_rst (input port clocked by core_clock)
Endpoint: GPR[3][4]$_DFFE_PP_
          (rising edge-triggered flip-flop clocked by core_clock)
Path Group: core_clock
Path Type: max

Fanout     Cap    Slew   Delay    Time   Description
-----------------------------------------------------------------------------
                  0.00    0.00    0.00   clock core_clock (rise edge)
                          0.00    0.00   clock network delay (ideal)
                          1.99    1.99 ^ input external delay
     1    0.00    0.00    0.00    1.99 ^ sys_rst (in)
                                         sys_rst (net)
                  0.00    0.00    1.99 ^ input36/A (sky130_fd_sc_hd__clkdlybuf4s50_1)
     1    0.00    0.04    0.45    2.44 ^ input36/X (sky130_fd_sc_hd__clkdlybuf4s50_1)
                                         net35 (net)
                  0.04    0.00    2.44 ^ place51/A (sky130_fd_sc_hd__buf_4)
    20    0.07    0.20    0.23    2.67 ^ place51/X (sky130_fd_sc_hd__buf_4)
                                         net50 (net)
                  0.20    0.00    2.67 ^ _0961_/A (sky130_fd_sc_hd__inv_1)
     6    0.02    0.11    0.14    2.81 v _0961_/Y (sky130_fd_sc_hd__inv_1)
                                         _0274_ (net)
                  0.11    0.00    2.81 v _0967_/B (sky130_fd_sc_hd__nand2_1)
     2    0.01    0.10    0.13    2.94 ^ _0967_/Y (sky130_fd_sc_hd__nand2_1)
                                         _0280_ (net)
                  0.10    0.00    2.94 ^ _0973_/B (sky130_fd_sc_hd__nor2_1)
     4    0.01    0.06    0.08    3.03 v _0973_/Y (sky130_fd_sc_hd__nor2_1)
                                         _0286_ (net)
                  0.06    0.00    3.03 v _1131_/A (sky130_fd_sc_hd__nand2_1)
    10    0.05    0.47    0.36    3.39 ^ _1131_/Y (sky130_fd_sc_hd__nand2_1)
                                         _0423_ (net)
                  0.47    0.00    3.39 ^ _1140_/A (sky130_fd_sc_hd__inv_1)
     7    0.02    0.19    0.25    3.64 v _1140_/Y (sky130_fd_sc_hd__inv_1)
                                         _0429_ (net)
                  0.19    0.00    3.64 v _1229_/A1 (sky130_fd_sc_hd__a2111oi_0)
     1    0.00    0.31    0.37    4.01 ^ _1229_/Y (sky130_fd_sc_hd__a2111oi_0)
                                         _0514_ (net)
                  0.31    0.00    4.01 ^ _1230_/B1 (sky130_fd_sc_hd__o21ai_0)
     4    0.02    0.29    0.34    4.35 v _1230_/Y (sky130_fd_sc_hd__o21ai_0)
                                         _0010_ (net)
                  0.29    0.00    4.35 v GPR[3][4]$_DFFE_PP_/D (sky130_fd_sc_hd__edfxtp_1)
                                  4.35   data arrival time

                  0.00    9.96    9.96   clock core_clock (rise edge)
                          0.00    9.96   clock network delay (ideal)
                          0.00    9.96   clock reconvergence pessimism
                                  9.96 ^ GPR[3][4]$_DFFE_PP_/CLK (sky130_fd_sc_hd__edfxtp_1)
                         -0.36    9.60   library setup time
                                  9.60   data required time
-----------------------------------------------------------------------------
                                  9.60   data required time
                                 -4.35   data arrival time
-----------------------------------------------------------------------------
                                  5.25   slack (MET)



==========================================================================
detailed place report_check_types -max_slew -max_cap -max_fanout -violators
--------------------------------------------------------------------------

==========================================================================
detailed place max_slew_check_slack
--------------------------------------------------------------------------
0.8224287629127502

==========================================================================
detailed place max_slew_check_limit
--------------------------------------------------------------------------
1.48431396484375

==========================================================================
detailed place max_slew_check_slack_limit
--------------------------------------------------------------------------
0.5541

==========================================================================
detailed place max_fanout_check_slack
--------------------------------------------------------------------------
1.0000000150474662e+30

==========================================================================
detailed place max_fanout_check_limit
--------------------------------------------------------------------------
1.0000000150474662e+30

==========================================================================
detailed place max_capacitance_check_slack
--------------------------------------------------------------------------
0.018856598064303398

==========================================================================
detailed place max_capacitance_check_limit
--------------------------------------------------------------------------
0.021067000925540924

==========================================================================
detailed place max_capacitance_check_slack_limit
--------------------------------------------------------------------------
0.8951

==========================================================================
detailed place max_slew_violation_count
--------------------------------------------------------------------------
max slew violation count 0

==========================================================================
detailed place max_fanout_violation_count
--------------------------------------------------------------------------
max fanout violation count 0

==========================================================================
detailed place max_cap_violation_count
--------------------------------------------------------------------------
max cap violation count 0

==========================================================================
detailed place setup_violation_count
--------------------------------------------------------------------------
setup violation count 0

==========================================================================
detailed place hold_violation_count
--------------------------------------------------------------------------
hold violation count 0

==========================================================================
detailed place report_checks -path_delay max reg to reg
--------------------------------------------------------------------------
Startpoint: IR[18]$_SDFFE_PP0P_
            (rising edge-triggered flip-flop clocked by core_clock)
Endpoint: zero$_SDFFE_PP0P_
          (rising edge-triggered flip-flop clocked by core_clock)
Path Group: core_clock
Path Type: max

  Delay    Time   Description
---------------------------------------------------------
   0.00    0.00   clock core_clock (rise edge)
   0.00    0.00   clock network delay (ideal)
   0.00    0.00 ^ IR[18]$_SDFFE_PP0P_/CLK (sky130_fd_sc_hd__dfxtp_1)
   0.27    0.27 v IR[18]$_SDFFE_PP0P_/Q (sky130_fd_sc_hd__dfxtp_1)
   0.22    0.50 v place49/X (sky130_fd_sc_hd__buf_4)
   0.39    0.89 ^ _1003_/Y (sky130_fd_sc_hd__inv_2)
   0.08    0.97 v _1114_/Y (sky130_fd_sc_hd__a21oi_1)
   0.34    1.32 ^ _1116_/Y (sky130_fd_sc_hd__a32oi_1)
   0.18    1.50 v _1132_/Y (sky130_fd_sc_hd__inv_1)
   0.28    1.78 v _1820_/COUT (sky130_fd_sc_hd__ha_1)
   0.47    2.26 v _1816_/COUT (sky130_fd_sc_hd__fa_1)
   0.11    2.36 ^ _1201_/Y (sky130_fd_sc_hd__inv_1)
   0.06    2.43 v _1202_/Y (sky130_fd_sc_hd__nand3_1)
   0.11    2.54 ^ _1203_/Y (sky130_fd_sc_hd__nand2_1)
   0.27    2.81 ^ _1204_/X (sky130_fd_sc_hd__xor2_1)
   0.12    2.93 v _1755_/Y (sky130_fd_sc_hd__nand3_1)
   0.13    3.06 ^ _1756_/Y (sky130_fd_sc_hd__nor2_1)
   0.09    3.15 v _1757_/Y (sky130_fd_sc_hd__nand3_1)
   0.12    3.27 ^ _1758_/Y (sky130_fd_sc_hd__nor2_1)
   0.08    3.35 v _1761_/Y (sky130_fd_sc_hd__nand3_1)
   0.16    3.50 ^ _1762_/Y (sky130_fd_sc_hd__nor2_1)
   0.07    3.57 v _1783_/Y (sky130_fd_sc_hd__nor2_1)
   0.12    3.70 ^ _1812_/Y (sky130_fd_sc_hd__a21oi_1)
   0.00    3.70 ^ zero$_SDFFE_PP0P_/D (sky130_fd_sc_hd__dfxtp_1)
           3.70   data arrival time

   9.96    9.96   clock core_clock (rise edge)
   0.00    9.96   clock network delay (ideal)
   0.00    9.96   clock reconvergence pessimism
           9.96 ^ zero$_SDFFE_PP0P_/CLK (sky130_fd_sc_hd__dfxtp_1)
  -0.08    9.88   library setup time
           9.88   data required time
---------------------------------------------------------
           9.88   data required time
          -3.70   data arrival time
---------------------------------------------------------
           6.18   slack (MET)



==========================================================================
detailed place report_checks -path_delay min reg to reg
--------------------------------------------------------------------------
Startpoint: count[0]$_SDFF_PP0_
            (rising edge-triggered flip-flop clocked by core_clock)
Endpoint: count[0]$_SDFF_PP0_
          (rising edge-triggered flip-flop clocked by core_clock)
Path Group: core_clock
Path Type: min

  Delay    Time   Description
---------------------------------------------------------
   0.00    0.00   clock core_clock (rise edge)
   0.00    0.00   clock network delay (ideal)
   0.00    0.00 ^ count[0]$_SDFF_PP0_/CLK (sky130_fd_sc_hd__dfxtp_1)
   0.32    0.32 ^ count[0]$_SDFF_PP0_/Q (sky130_fd_sc_hd__dfxtp_1)
   0.05    0.37 v _1725_/Y (sky130_fd_sc_hd__nor2_1)
   0.00    0.37 v count[0]$_SDFF_PP0_/D (sky130_fd_sc_hd__dfxtp_1)
           0.37   data arrival time

   0.00    0.00   clock core_clock (rise edge)
   0.00    0.00   clock network delay (ideal)
   0.00    0.00   clock reconvergence pessimism
           0.00 ^ count[0]$_SDFF_PP0_/CLK (sky130_fd_sc_hd__dfxtp_1)
  -0.06   -0.06   library hold time
          -0.06   data required time
---------------------------------------------------------
          -0.06   data required time
          -0.37   data arrival time
---------------------------------------------------------
           0.43   slack (MET)



==========================================================================
detailed place critical path target clock latency max path
--------------------------------------------------------------------------
0.0000

==========================================================================
detailed place critical path target clock latency min path
--------------------------------------------------------------------------
0.0000

==========================================================================
detailed place critical path source clock latency min path
--------------------------------------------------------------------------
0.0000

==========================================================================
detailed place critical path delay
--------------------------------------------------------------------------
4.3511

==========================================================================
detailed place critical path slack
--------------------------------------------------------------------------
5.2479

==========================================================================
detailed place slack div critical path delay
--------------------------------------------------------------------------
120.610880

==========================================================================
detailed place report_power
--------------------------------------------------------------------------
Group                  Internal  Switching    Leakage      Total
                          Power      Power      Power      Power (Watts)
----------------------------------------------------------------
Sequential             4.07e-04   8.54e-06   7.45e-10   4.16e-04  78.2%
Combinational          3.67e-05   7.93e-05   2.58e-09   1.16e-04  21.8%
Clock                  0.00e+00   0.00e+00   0.00e+00   0.00e+00   0.0%
Macro                  0.00e+00   0.00e+00   0.00e+00   0.00e+00   0.0%
Pad                    0.00e+00   0.00e+00   0.00e+00   0.00e+00   0.0%
----------------------------------------------------------------
Total                  4.44e-04   8.78e-05   3.32e-09   5.31e-04 100.0%
                          83.5%      16.5%       0.0%
