
==========================================================================
resizer report_tns
--------------------------------------------------------------------------
tns max 0.00

==========================================================================
resizer report_wns
--------------------------------------------------------------------------
wns max 0.00

==========================================================================
resizer report_worst_slack
--------------------------------------------------------------------------
worst slack max 5.30

==========================================================================
resizer report_clock_min_period
--------------------------------------------------------------------------
core_clock period_min = 4.66 fmax = 214.54

==========================================================================
resizer report_checks -path_delay min
--------------------------------------------------------------------------
Startpoint: count[0]$_SDFF_PP0_
            (rising edge-triggered flip-flop clocked by core_clock)
Endpoint: count[0]$_SDFF_PP0_
          (rising edge-triggered flip-flop clocked by core_clock)
Path Group: core_clock
Path Type: min

Fanout     Cap    Slew   Delay    Time   Description
-----------------------------------------------------------------------------
                  0.00    0.00    0.00   clock core_clock (rise edge)
                          0.00    0.00   clock network delay (ideal)
                  0.00    0.00    0.00 ^ count[0]$_SDFF_PP0_/CLK (sky130_fd_sc_hd__dfxtp_1)
     2    0.01    0.08    0.31    0.31 ^ count[0]$_SDFF_PP0_/Q (sky130_fd_sc_hd__dfxtp_1)
                                         count[0] (net)
                  0.08    0.00    0.31 ^ _1725_/A (sky130_fd_sc_hd__nor2_1)
     1    0.00    0.03    0.05    0.36 v _1725_/Y (sky130_fd_sc_hd__nor2_1)
                                         _0162_ (net)
                  0.03    0.00    0.36 v count[0]$_SDFF_PP0_/D (sky130_fd_sc_hd__dfxtp_1)
                                  0.36   data arrival time

                  0.00    0.00    0.00   clock core_clock (rise edge)
                          0.00    0.00   clock network delay (ideal)
                          0.00    0.00   clock reconvergence pessimism
                                  0.00 ^ count[0]$_SDFF_PP0_/CLK (sky130_fd_sc_hd__dfxtp_1)
                         -0.06   -0.06   library hold time
                                 -0.06   data required time
-----------------------------------------------------------------------------
                                 -0.06   data required time
                                 -0.36   data arrival time
-----------------------------------------------------------------------------
                                  0.42   slack (MET)



==========================================================================
resizer report_checks -path_delay max
--------------------------------------------------------------------------
Startpoint: sys_rst (input port clocked by core_clock)
Endpoint: GPR[2][4]$_DFFE_PP_
          (rising edge-triggered flip-flop clocked by core_clock)
Path Group: core_clock
Path Type: max

Fanout     Cap    Slew   Delay    Time   Description
-----------------------------------------------------------------------------
                  0.00    0.00    0.00   clock core_clock (rise edge)
                          0.00    0.00   clock network delay (ideal)
                          1.99    1.99 ^ input external delay
     1    0.00    0.00    0.00    1.99 ^ sys_rst (in)
                                         sys_rst (net)
                  0.00    0.00    1.99 ^ input36/A (sky130_fd_sc_hd__clkdlybuf4s50_1)
     1    0.00    0.05    0.45    2.44 ^ input36/X (sky130_fd_sc_hd__clkdlybuf4s50_1)
                                         net35 (net)
                  0.05    0.00    2.44 ^ place51/A (sky130_fd_sc_hd__buf_4)
    20    0.08    0.21    0.23    2.67 ^ place51/X (sky130_fd_sc_hd__buf_4)
                                         net50 (net)
                  0.21    0.00    2.68 ^ _0961_/A (sky130_fd_sc_hd__inv_1)
     6    0.02    0.10    0.14    2.81 v _0961_/Y (sky130_fd_sc_hd__inv_1)
                                         _0274_ (net)
                  0.10    0.00    2.81 v _0967_/B (sky130_fd_sc_hd__nand2_1)
     2    0.01    0.11    0.13    2.95 ^ _0967_/Y (sky130_fd_sc_hd__nand2_1)
                                         _0280_ (net)
                  0.11    0.00    2.95 ^ _0973_/B (sky130_fd_sc_hd__nor2_1)
     4    0.01    0.06    0.08    3.03 v _0973_/Y (sky130_fd_sc_hd__nor2_1)
                                         _0286_ (net)
                  0.06    0.00    3.03 v _1131_/A (sky130_fd_sc_hd__nand2_1)
    10    0.05    0.46    0.36    3.39 ^ _1131_/Y (sky130_fd_sc_hd__nand2_1)
                                         _0423_ (net)
                  0.46    0.00    3.39 ^ _1140_/A (sky130_fd_sc_hd__inv_1)
     7    0.02    0.19    0.24    3.63 v _1140_/Y (sky130_fd_sc_hd__inv_1)
                                         _0429_ (net)
                  0.19    0.00    3.63 v _1229_/A1 (sky130_fd_sc_hd__a2111oi_0)
     1    0.00    0.29    0.36    4.00 ^ _1229_/Y (sky130_fd_sc_hd__a2111oi_0)
                                         _0514_ (net)
                  0.29    0.00    4.00 ^ _1230_/B1 (sky130_fd_sc_hd__o21ai_0)
     4    0.02    0.27    0.32    4.31 v _1230_/Y (sky130_fd_sc_hd__o21ai_0)
                                         _0010_ (net)
                  0.27    0.00    4.31 v GPR[2][4]$_DFFE_PP_/D (sky130_fd_sc_hd__edfxtp_1)
                                  4.31   data arrival time

                  0.00    9.96    9.96   clock core_clock (rise edge)
                          0.00    9.96   clock network delay (ideal)
                          0.00    9.96   clock reconvergence pessimism
                                  9.96 ^ GPR[2][4]$_DFFE_PP_/CLK (sky130_fd_sc_hd__edfxtp_1)
                         -0.35    9.61   library setup time
                                  9.61   data required time
-----------------------------------------------------------------------------
                                  9.61   data required time
                                 -4.31   data arrival time
-----------------------------------------------------------------------------
                                  5.30   slack (MET)



==========================================================================
resizer report_checks -unconstrained
--------------------------------------------------------------------------
Startpoint: sys_rst (input port clocked by core_clock)
Endpoint: GPR[2][4]$_DFFE_PP_
          (rising edge-triggered flip-flop clocked by core_clock)
Path Group: core_clock
Path Type: max

Fanout     Cap    Slew   Delay    Time   Description
-----------------------------------------------------------------------------
                  0.00    0.00    0.00   clock core_clock (rise edge)
                          0.00    0.00   clock network delay (ideal)
                          1.99    1.99 ^ input external delay
     1    0.00    0.00    0.00    1.99 ^ sys_rst (in)
                                         sys_rst (net)
                  0.00    0.00    1.99 ^ input36/A (sky130_fd_sc_hd__clkdlybuf4s50_1)
     1    0.00    0.05    0.45    2.44 ^ input36/X (sky130_fd_sc_hd__clkdlybuf4s50_1)
                                         net35 (net)
                  0.05    0.00    2.44 ^ place51/A (sky130_fd_sc_hd__buf_4)
    20    0.08    0.21    0.23    2.67 ^ place51/X (sky130_fd_sc_hd__buf_4)
                                         net50 (net)
                  0.21    0.00    2.68 ^ _0961_/A (sky130_fd_sc_hd__inv_1)
     6    0.02    0.10    0.14    2.81 v _0961_/Y (sky130_fd_sc_hd__inv_1)
                                         _0274_ (net)
                  0.10    0.00    2.81 v _0967_/B (sky130_fd_sc_hd__nand2_1)
     2    0.01    0.11    0.13    2.95 ^ _0967_/Y (sky130_fd_sc_hd__nand2_1)
                                         _0280_ (net)
                  0.11    0.00    2.95 ^ _0973_/B (sky130_fd_sc_hd__nor2_1)
     4    0.01    0.06    0.08    3.03 v _0973_/Y (sky130_fd_sc_hd__nor2_1)
                                         _0286_ (net)
                  0.06    0.00    3.03 v _1131_/A (sky130_fd_sc_hd__nand2_1)
    10    0.05    0.46    0.36    3.39 ^ _1131_/Y (sky130_fd_sc_hd__nand2_1)
                                         _0423_ (net)
                  0.46    0.00    3.39 ^ _1140_/A (sky130_fd_sc_hd__inv_1)
     7    0.02    0.19    0.24    3.63 v _1140_/Y (sky130_fd_sc_hd__inv_1)
                                         _0429_ (net)
                  0.19    0.00    3.63 v _1229_/A1 (sky130_fd_sc_hd__a2111oi_0)
     1    0.00    0.29    0.36    4.00 ^ _1229_/Y (sky130_fd_sc_hd__a2111oi_0)
                                         _0514_ (net)
                  0.29    0.00    4.00 ^ _1230_/B1 (sky130_fd_sc_hd__o21ai_0)
     4    0.02    0.27    0.32    4.31 v _1230_/Y (sky130_fd_sc_hd__o21ai_0)
                                         _0010_ (net)
                  0.27    0.00    4.31 v GPR[2][4]$_DFFE_PP_/D (sky130_fd_sc_hd__edfxtp_1)
                                  4.31   data arrival time

                  0.00    9.96    9.96   clock core_clock (rise edge)
                          0.00    9.96   clock network delay (ideal)
                          0.00    9.96   clock reconvergence pessimism
                                  9.96 ^ GPR[2][4]$_DFFE_PP_/CLK (sky130_fd_sc_hd__edfxtp_1)
                         -0.35    9.61   library setup time
                                  9.61   data required time
-----------------------------------------------------------------------------
                                  9.61   data required time
                                 -4.31   data arrival time
-----------------------------------------------------------------------------
                                  5.30   slack (MET)



==========================================================================
resizer report_check_types -max_slew -max_cap -max_fanout -violators
--------------------------------------------------------------------------

==========================================================================
resizer max_slew_check_slack
--------------------------------------------------------------------------
0.8712050318717957

==========================================================================
resizer max_slew_check_limit
--------------------------------------------------------------------------
1.48431396484375

==========================================================================
resizer max_slew_check_slack_limit
--------------------------------------------------------------------------
0.5869

==========================================================================
resizer max_fanout_check_slack
--------------------------------------------------------------------------
1.0000000150474662e+30

==========================================================================
resizer max_fanout_check_limit
--------------------------------------------------------------------------
1.0000000150474662e+30

==========================================================================
resizer max_capacitance_check_slack
--------------------------------------------------------------------------
0.019105853512883186

==========================================================================
resizer max_capacitance_check_limit
--------------------------------------------------------------------------
0.021067000925540924

==========================================================================
resizer max_capacitance_check_slack_limit
--------------------------------------------------------------------------
0.9069

==========================================================================
resizer max_slew_violation_count
--------------------------------------------------------------------------
max slew violation count 0

==========================================================================
resizer max_fanout_violation_count
--------------------------------------------------------------------------
max fanout violation count 0

==========================================================================
resizer max_cap_violation_count
--------------------------------------------------------------------------
max cap violation count 0

==========================================================================
resizer setup_violation_count
--------------------------------------------------------------------------
setup violation count 0

==========================================================================
resizer hold_violation_count
--------------------------------------------------------------------------
hold violation count 0

==========================================================================
resizer report_checks -path_delay max reg to reg
--------------------------------------------------------------------------
Startpoint: IR[18]$_SDFFE_PP0P_
            (rising edge-triggered flip-flop clocked by core_clock)
Endpoint: zero$_SDFFE_PP0P_
          (rising edge-triggered flip-flop clocked by core_clock)
Path Group: core_clock
Path Type: max

  Delay    Time   Description
---------------------------------------------------------
   0.00    0.00   clock core_clock (rise edge)
   0.00    0.00   clock network delay (ideal)
   0.00    0.00 ^ IR[18]$_SDFFE_PP0P_/CLK (sky130_fd_sc_hd__dfxtp_1)
   0.27    0.27 v IR[18]$_SDFFE_PP0P_/Q (sky130_fd_sc_hd__dfxtp_1)
   0.22    0.49 v place49/X (sky130_fd_sc_hd__buf_4)
   0.39    0.88 ^ _1003_/Y (sky130_fd_sc_hd__inv_2)
   0.08    0.97 v _1114_/Y (sky130_fd_sc_hd__a21oi_1)
   0.32    1.29 ^ _1116_/Y (sky130_fd_sc_hd__a32oi_1)
   0.18    1.47 v _1132_/Y (sky130_fd_sc_hd__inv_1)
   0.28    1.75 v _1820_/COUT (sky130_fd_sc_hd__ha_1)
   0.48    2.23 v _1816_/COUT (sky130_fd_sc_hd__fa_1)
   0.11    2.34 ^ _1201_/Y (sky130_fd_sc_hd__inv_1)
   0.07    2.40 v _1202_/Y (sky130_fd_sc_hd__nand3_1)
   0.12    2.52 ^ _1203_/Y (sky130_fd_sc_hd__nand2_1)
   0.27    2.79 ^ _1204_/X (sky130_fd_sc_hd__xor2_1)
   0.13    2.92 v _1755_/Y (sky130_fd_sc_hd__nand3_1)
   0.13    3.05 ^ _1756_/Y (sky130_fd_sc_hd__nor2_1)
   0.09    3.14 v _1757_/Y (sky130_fd_sc_hd__nand3_1)
   0.13    3.27 ^ _1758_/Y (sky130_fd_sc_hd__nor2_1)
   0.08    3.35 v _1761_/Y (sky130_fd_sc_hd__nand3_1)
   0.17    3.51 ^ _1762_/Y (sky130_fd_sc_hd__nor2_1)
   0.07    3.58 v _1783_/Y (sky130_fd_sc_hd__nor2_1)
   0.11    3.69 ^ _1812_/Y (sky130_fd_sc_hd__a21oi_1)
   0.00    3.69 ^ zero$_SDFFE_PP0P_/D (sky130_fd_sc_hd__dfxtp_1)
           3.69   data arrival time

   9.96    9.96   clock core_clock (rise edge)
   0.00    9.96   clock network delay (ideal)
   0.00    9.96   clock reconvergence pessimism
           9.96 ^ zero$_SDFFE_PP0P_/CLK (sky130_fd_sc_hd__dfxtp_1)
  -0.07    9.88   library setup time
           9.88   data required time
---------------------------------------------------------
           9.88   data required time
          -3.69   data arrival time
---------------------------------------------------------
           6.19   slack (MET)



==========================================================================
resizer report_checks -path_delay min reg to reg
--------------------------------------------------------------------------
Startpoint: count[0]$_SDFF_PP0_
            (rising edge-triggered flip-flop clocked by core_clock)
Endpoint: count[0]$_SDFF_PP0_
          (rising edge-triggered flip-flop clocked by core_clock)
Path Group: core_clock
Path Type: min

  Delay    Time   Description
---------------------------------------------------------
   0.00    0.00   clock core_clock (rise edge)
   0.00    0.00   clock network delay (ideal)
   0.00    0.00 ^ count[0]$_SDFF_PP0_/CLK (sky130_fd_sc_hd__dfxtp_1)
   0.31    0.31 ^ count[0]$_SDFF_PP0_/Q (sky130_fd_sc_hd__dfxtp_1)
   0.05    0.36 v _1725_/Y (sky130_fd_sc_hd__nor2_1)
   0.00    0.36 v count[0]$_SDFF_PP0_/D (sky130_fd_sc_hd__dfxtp_1)
           0.36   data arrival time

   0.00    0.00   clock core_clock (rise edge)
   0.00    0.00   clock network delay (ideal)
   0.00    0.00   clock reconvergence pessimism
           0.00 ^ count[0]$_SDFF_PP0_/CLK (sky130_fd_sc_hd__dfxtp_1)
  -0.06   -0.06   library hold time
          -0.06   data required time
---------------------------------------------------------
          -0.06   data required time
          -0.36   data arrival time
---------------------------------------------------------
           0.42   slack (MET)



==========================================================================
resizer critical path target clock latency max path
--------------------------------------------------------------------------
0.0000

==========================================================================
resizer critical path target clock latency min path
--------------------------------------------------------------------------
0.0000

==========================================================================
resizer critical path source clock latency min path
--------------------------------------------------------------------------
0.0000

==========================================================================
resizer critical path delay
--------------------------------------------------------------------------
4.3122

==========================================================================
resizer critical path slack
--------------------------------------------------------------------------
5.2957

==========================================================================
resizer slack div critical path delay
--------------------------------------------------------------------------
122.807384

==========================================================================
resizer report_power
--------------------------------------------------------------------------
Group                  Internal  Switching    Leakage      Total
                          Power      Power      Power      Power (Watts)
----------------------------------------------------------------
Sequential             4.07e-04   8.68e-06   7.45e-10   4.16e-04  78.1%
Combinational          3.68e-05   7.96e-05   2.58e-09   1.16e-04  21.9%
Clock                  0.00e+00   0.00e+00   0.00e+00   0.00e+00   0.0%
Macro                  0.00e+00   0.00e+00   0.00e+00   0.00e+00   0.0%
Pad                    0.00e+00   0.00e+00   0.00e+00   0.00e+00   0.0%
----------------------------------------------------------------
Total                  4.44e-04   8.82e-05   3.32e-09   5.32e-04 100.0%
                          83.4%      16.6%       0.0%
