
==========================================================================
global route report_tns
--------------------------------------------------------------------------
tns max 0.00

==========================================================================
global route report_wns
--------------------------------------------------------------------------
wns max 0.00

==========================================================================
global route report_worst_slack
--------------------------------------------------------------------------
worst slack max 5.36

==========================================================================
global route report_clock_min_period
--------------------------------------------------------------------------
core_clock period_min = 4.59 fmax = 217.63

==========================================================================
global route report_clock_skew
--------------------------------------------------------------------------
Clock core_clock
   0.37 source latency GPR[2][15]$_DFFE_PP_/CLK ^
  -0.36 target latency zero$_SDFFE_PP0P_/CLK ^
   0.00 CRPR
--------------
   0.01 setup skew


==========================================================================
global route report_checks -path_delay min
--------------------------------------------------------------------------
Startpoint: count[0]$_SDFF_PP0_
            (rising edge-triggered flip-flop clocked by core_clock)
Endpoint: count[0]$_SDFF_PP0_
          (rising edge-triggered flip-flop clocked by core_clock)
Path Group: core_clock
Path Type: min

Fanout     Cap    Slew   Delay    Time   Description
-----------------------------------------------------------------------------
                          0.00    0.00   clock core_clock (rise edge)
                          0.00    0.00   clock source latency
     1    0.03    0.00    0.00    0.00 ^ clk (in)
                                         clk (net)
                  0.00    0.00    0.00 ^ clkbuf_0_clk/A (sky130_fd_sc_hd__clkbuf_16)
     8    0.11    0.13    0.18    0.18 ^ clkbuf_0_clk/X (sky130_fd_sc_hd__clkbuf_16)
                                         clknet_0_clk (net)
                  0.13    0.00    0.18 ^ clkbuf_3_7__f_clk/A (sky130_fd_sc_hd__clkbuf_16)
     8    0.05    0.07    0.18    0.36 ^ clkbuf_3_7__f_clk/X (sky130_fd_sc_hd__clkbuf_16)
                                         clknet_3_7__leaf_clk (net)
                  0.07    0.00    0.36 ^ count[0]$_SDFF_PP0_/CLK (sky130_fd_sc_hd__dfxtp_1)
     2    0.01    0.12    0.37    0.73 ^ count[0]$_SDFF_PP0_/Q (sky130_fd_sc_hd__dfxtp_1)
                                         count[0] (net)
                  0.12    0.00    0.73 ^ _1725_/A (sky130_fd_sc_hd__nor2_1)
     1    0.00    0.04    0.07    0.80 v _1725_/Y (sky130_fd_sc_hd__nor2_1)
                                         _0162_ (net)
                  0.04    0.00    0.80 v count[0]$_SDFF_PP0_/D (sky130_fd_sc_hd__dfxtp_1)
                                  0.80   data arrival time

                          0.00    0.00   clock core_clock (rise edge)
                          0.00    0.00   clock source latency
     1    0.03    0.00    0.00    0.00 ^ clk (in)
                                         clk (net)
                  0.00    0.00    0.00 ^ clkbuf_0_clk/A (sky130_fd_sc_hd__clkbuf_16)
     8    0.11    0.13    0.18    0.18 ^ clkbuf_0_clk/X (sky130_fd_sc_hd__clkbuf_16)
                                         clknet_0_clk (net)
                  0.13    0.00    0.18 ^ clkbuf_3_7__f_clk/A (sky130_fd_sc_hd__clkbuf_16)
     8    0.05    0.07    0.18    0.36 ^ clkbuf_3_7__f_clk/X (sky130_fd_sc_hd__clkbuf_16)
                                         clknet_3_7__leaf_clk (net)
                  0.07    0.00    0.36 ^ count[0]$_SDFF_PP0_/CLK (sky130_fd_sc_hd__dfxtp_1)
                          0.00    0.36   clock reconvergence pessimism
                         -0.05    0.31   library hold time
                                  0.31   data required time
-----------------------------------------------------------------------------
                                  0.31   data required time
                                 -0.80   data arrival time
-----------------------------------------------------------------------------
                                  0.49   slack (MET)



==========================================================================
global route report_checks -path_delay max
--------------------------------------------------------------------------
Startpoint: sys_rst (input port clocked by core_clock)
Endpoint: GPR[0][4]$_DFFE_PP_
          (rising edge-triggered flip-flop clocked by core_clock)
Path Group: core_clock
Path Type: max

Fanout     Cap    Slew   Delay    Time   Description
-----------------------------------------------------------------------------
                          0.00    0.00   clock core_clock (rise edge)
                          0.00    0.00   clock network delay (propagated)
                          1.99    1.99 ^ input external delay
     1    0.00    0.00    0.00    1.99 ^ sys_rst (in)
                                         sys_rst (net)
                  0.00    0.00    1.99 ^ input36/A (sky130_fd_sc_hd__clkdlybuf4s50_1)
     1    0.01    0.07    0.47    2.46 ^ input36/X (sky130_fd_sc_hd__clkdlybuf4s50_1)
                                         net35 (net)
                  0.07    0.00    2.46 ^ place51/A (sky130_fd_sc_hd__buf_4)
    20    0.08    0.23    0.25    2.72 ^ place51/X (sky130_fd_sc_hd__buf_4)
                                         net50 (net)
                  0.23    0.00    2.72 ^ _0961_/A (sky130_fd_sc_hd__inv_1)
     6    0.02    0.12    0.16    2.88 v _0961_/Y (sky130_fd_sc_hd__inv_1)
                                         _0274_ (net)
                  0.12    0.00    2.88 v _0967_/B (sky130_fd_sc_hd__nand2_1)
     2    0.01    0.12    0.15    3.03 ^ _0967_/Y (sky130_fd_sc_hd__nand2_1)
                                         _0280_ (net)
                  0.12    0.00    3.03 ^ _0973_/B (sky130_fd_sc_hd__nor2_1)
     4    0.01    0.07    0.10    3.13 v _0973_/Y (sky130_fd_sc_hd__nor2_1)
                                         _0286_ (net)
                  0.07    0.00    3.13 v _1131_/A (sky130_fd_sc_hd__nand2_1)
    10    0.05    0.48    0.38    3.51 ^ _1131_/Y (sky130_fd_sc_hd__nand2_1)
                                         _0423_ (net)
                  0.48    0.00    3.51 ^ _1140_/A (sky130_fd_sc_hd__inv_1)
     7    0.03    0.20    0.27    3.78 v _1140_/Y (sky130_fd_sc_hd__inv_1)
                                         _0429_ (net)
                  0.20    0.00    3.78 v _1229_/A1 (sky130_fd_sc_hd__a2111oi_0)
     1    0.00    0.40    0.45    4.23 ^ _1229_/Y (sky130_fd_sc_hd__a2111oi_0)
                                         _0514_ (net)
                  0.40    0.00    4.23 ^ _1230_/B1 (sky130_fd_sc_hd__o21ai_0)
     4    0.02    0.32    0.38    4.61 v _1230_/Y (sky130_fd_sc_hd__o21ai_0)
                                         _0010_ (net)
                  0.32    0.00    4.61 v GPR[0][4]$_DFFE_PP_/D (sky130_fd_sc_hd__edfxtp_1)
                                  4.61   data arrival time

                          9.96    9.96   clock core_clock (rise edge)
                          0.00    9.96   clock source latency
     1    0.03    0.00    0.00    9.96 ^ clk (in)
                                         clk (net)
                  0.00    0.00    9.96 ^ clkbuf_0_clk/A (sky130_fd_sc_hd__clkbuf_16)
     8    0.11    0.13    0.18   10.14 ^ clkbuf_0_clk/X (sky130_fd_sc_hd__clkbuf_16)
                                         clknet_0_clk (net)
                  0.13    0.00   10.14 ^ clkbuf_3_1__f_clk/A (sky130_fd_sc_hd__clkbuf_16)
    14    0.06    0.07    0.18   10.32 ^ clkbuf_3_1__f_clk/X (sky130_fd_sc_hd__clkbuf_16)
                                         clknet_3_1__leaf_clk (net)
                  0.07    0.00   10.32 ^ GPR[0][4]$_DFFE_PP_/CLK (sky130_fd_sc_hd__edfxtp_1)
                          0.00   10.32   clock reconvergence pessimism
                         -0.35    9.97   library setup time
                                  9.97   data required time
-----------------------------------------------------------------------------
                                  9.97   data required time
                                 -4.61   data arrival time
-----------------------------------------------------------------------------
                                  5.36   slack (MET)



==========================================================================
global route report_checks -unconstrained
--------------------------------------------------------------------------
Startpoint: sys_rst (input port clocked by core_clock)
Endpoint: GPR[0][4]$_DFFE_PP_
          (rising edge-triggered flip-flop clocked by core_clock)
Path Group: core_clock
Path Type: max

Fanout     Cap    Slew   Delay    Time   Description
-----------------------------------------------------------------------------
                          0.00    0.00   clock core_clock (rise edge)
                          0.00    0.00   clock network delay (propagated)
                          1.99    1.99 ^ input external delay
     1    0.00    0.00    0.00    1.99 ^ sys_rst (in)
                                         sys_rst (net)
                  0.00    0.00    1.99 ^ input36/A (sky130_fd_sc_hd__clkdlybuf4s50_1)
     1    0.01    0.07    0.47    2.46 ^ input36/X (sky130_fd_sc_hd__clkdlybuf4s50_1)
                                         net35 (net)
                  0.07    0.00    2.46 ^ place51/A (sky130_fd_sc_hd__buf_4)
    20    0.08    0.23    0.25    2.72 ^ place51/X (sky130_fd_sc_hd__buf_4)
                                         net50 (net)
                  0.23    0.00    2.72 ^ _0961_/A (sky130_fd_sc_hd__inv_1)
     6    0.02    0.12    0.16    2.88 v _0961_/Y (sky130_fd_sc_hd__inv_1)
                                         _0274_ (net)
                  0.12    0.00    2.88 v _0967_/B (sky130_fd_sc_hd__nand2_1)
     2    0.01    0.12    0.15    3.03 ^ _0967_/Y (sky130_fd_sc_hd__nand2_1)
                                         _0280_ (net)
                  0.12    0.00    3.03 ^ _0973_/B (sky130_fd_sc_hd__nor2_1)
     4    0.01    0.07    0.10    3.13 v _0973_/Y (sky130_fd_sc_hd__nor2_1)
                                         _0286_ (net)
                  0.07    0.00    3.13 v _1131_/A (sky130_fd_sc_hd__nand2_1)
    10    0.05    0.48    0.38    3.51 ^ _1131_/Y (sky130_fd_sc_hd__nand2_1)
                                         _0423_ (net)
                  0.48    0.00    3.51 ^ _1140_/A (sky130_fd_sc_hd__inv_1)
     7    0.03    0.20    0.27    3.78 v _1140_/Y (sky130_fd_sc_hd__inv_1)
                                         _0429_ (net)
                  0.20    0.00    3.78 v _1229_/A1 (sky130_fd_sc_hd__a2111oi_0)
     1    0.00    0.40    0.45    4.23 ^ _1229_/Y (sky130_fd_sc_hd__a2111oi_0)
                                         _0514_ (net)
                  0.40    0.00    4.23 ^ _1230_/B1 (sky130_fd_sc_hd__o21ai_0)
     4    0.02    0.32    0.38    4.61 v _1230_/Y (sky130_fd_sc_hd__o21ai_0)
                                         _0010_ (net)
                  0.32    0.00    4.61 v GPR[0][4]$_DFFE_PP_/D (sky130_fd_sc_hd__edfxtp_1)
                                  4.61   data arrival time

                          9.96    9.96   clock core_clock (rise edge)
                          0.00    9.96   clock source latency
     1    0.03    0.00    0.00    9.96 ^ clk (in)
                                         clk (net)
                  0.00    0.00    9.96 ^ clkbuf_0_clk/A (sky130_fd_sc_hd__clkbuf_16)
     8    0.11    0.13    0.18   10.14 ^ clkbuf_0_clk/X (sky130_fd_sc_hd__clkbuf_16)
                                         clknet_0_clk (net)
                  0.13    0.00   10.14 ^ clkbuf_3_1__f_clk/A (sky130_fd_sc_hd__clkbuf_16)
    14    0.06    0.07    0.18   10.32 ^ clkbuf_3_1__f_clk/X (sky130_fd_sc_hd__clkbuf_16)
                                         clknet_3_1__leaf_clk (net)
                  0.07    0.00   10.32 ^ GPR[0][4]$_DFFE_PP_/CLK (sky130_fd_sc_hd__edfxtp_1)
                          0.00   10.32   clock reconvergence pessimism
                         -0.35    9.97   library setup time
                                  9.97   data required time
-----------------------------------------------------------------------------
                                  9.97   data required time
                                 -4.61   data arrival time
-----------------------------------------------------------------------------
                                  5.36   slack (MET)



==========================================================================
global route report_check_types -max_slew -max_cap -max_fanout -violators
--------------------------------------------------------------------------

==========================================================================
global route max_slew_check_slack
--------------------------------------------------------------------------
0.8008030652999878

==========================================================================
global route max_slew_check_limit
--------------------------------------------------------------------------
1.48431396484375

==========================================================================
global route max_slew_check_slack_limit
--------------------------------------------------------------------------
0.5395

==========================================================================
global route max_fanout_check_slack
--------------------------------------------------------------------------
1.0000000150474662e+30

==========================================================================
global route max_fanout_check_limit
--------------------------------------------------------------------------
1.0000000150474662e+30

==========================================================================
global route max_capacitance_check_slack
--------------------------------------------------------------------------
0.017285699024796486

==========================================================================
global route max_capacitance_check_limit
--------------------------------------------------------------------------
0.021067000925540924

==========================================================================
global route max_capacitance_check_slack_limit
--------------------------------------------------------------------------
0.8205

==========================================================================
global route max_slew_violation_count
--------------------------------------------------------------------------
max slew violation count 0

==========================================================================
global route max_fanout_violation_count
--------------------------------------------------------------------------
max fanout violation count 0

==========================================================================
global route max_cap_violation_count
--------------------------------------------------------------------------
max cap violation count 0

==========================================================================
global route setup_violation_count
--------------------------------------------------------------------------
setup violation count 0

==========================================================================
global route hold_violation_count
--------------------------------------------------------------------------
hold violation count 0

==========================================================================
global route report_checks -path_delay max reg to reg
--------------------------------------------------------------------------
Startpoint: IR[18]$_SDFFE_PP0P_
            (rising edge-triggered flip-flop clocked by core_clock)
Endpoint: zero$_SDFFE_PP0P_
          (rising edge-triggered flip-flop clocked by core_clock)
Path Group: core_clock
Path Type: max

  Delay    Time   Description
---------------------------------------------------------
   0.00    0.00   clock core_clock (rise edge)
   0.00    0.00   clock source latency
   0.00    0.00 ^ clk (in)
   0.18    0.18 ^ clkbuf_0_clk/X (sky130_fd_sc_hd__clkbuf_16)
   0.18    0.36 ^ clkbuf_3_4__f_clk/X (sky130_fd_sc_hd__clkbuf_16)
   0.00    0.36 ^ IR[18]$_SDFFE_PP0P_/CLK (sky130_fd_sc_hd__dfxtp_1)
   0.31    0.67 v IR[18]$_SDFFE_PP0P_/Q (sky130_fd_sc_hd__dfxtp_1)
   0.25    0.92 v place49/X (sky130_fd_sc_hd__buf_4)
   0.44    1.36 ^ _1003_/Y (sky130_fd_sc_hd__inv_2)
   0.10    1.46 v _1114_/Y (sky130_fd_sc_hd__a21oi_1)
   0.37    1.83 ^ _1116_/Y (sky130_fd_sc_hd__a32oi_1)
   0.22    2.05 v _1132_/Y (sky130_fd_sc_hd__inv_1)
   0.31    2.36 v _1820_/COUT (sky130_fd_sc_hd__ha_1)
   0.49    2.85 v _1816_/COUT (sky130_fd_sc_hd__fa_1)
   0.13    2.98 ^ _1201_/Y (sky130_fd_sc_hd__inv_1)
   0.10    3.08 v _1202_/Y (sky130_fd_sc_hd__nand3_1)
   0.14    3.22 ^ _1203_/Y (sky130_fd_sc_hd__nand2_1)
   0.26    3.48 ^ _1204_/X (sky130_fd_sc_hd__xor2_1)
   0.14    3.62 v _1755_/Y (sky130_fd_sc_hd__nand3_1)
   0.14    3.75 ^ _1756_/Y (sky130_fd_sc_hd__nor2_1)
   0.10    3.85 v _1757_/Y (sky130_fd_sc_hd__nand3_1)
   0.16    4.01 ^ _1758_/Y (sky130_fd_sc_hd__nor2_1)
   0.09    4.10 v _1761_/Y (sky130_fd_sc_hd__nand3_1)
   0.18    4.28 ^ _1762_/Y (sky130_fd_sc_hd__nor2_1)
   0.07    4.35 v _1783_/Y (sky130_fd_sc_hd__nor2_1)
   0.13    4.48 ^ _1812_/Y (sky130_fd_sc_hd__a21oi_1)
   0.00    4.48 ^ zero$_SDFFE_PP0P_/D (sky130_fd_sc_hd__dfxtp_1)
           4.48   data arrival time

   9.96    9.96   clock core_clock (rise edge)
   0.00    9.96   clock source latency
   0.00    9.96 ^ clk (in)
   0.18   10.14 ^ clkbuf_0_clk/X (sky130_fd_sc_hd__clkbuf_16)
   0.18   10.31 ^ clkbuf_3_7__f_clk/X (sky130_fd_sc_hd__clkbuf_16)
   0.00   10.32 ^ zero$_SDFFE_PP0P_/CLK (sky130_fd_sc_hd__dfxtp_1)
   0.00   10.32   clock reconvergence pessimism
  -0.07   10.25   library setup time
          10.25   data required time
---------------------------------------------------------
          10.25   data required time
          -4.48   data arrival time
---------------------------------------------------------
           5.76   slack (MET)



==========================================================================
global route report_checks -path_delay min reg to reg
--------------------------------------------------------------------------
Startpoint: count[0]$_SDFF_PP0_
            (rising edge-triggered flip-flop clocked by core_clock)
Endpoint: count[0]$_SDFF_PP0_
          (rising edge-triggered flip-flop clocked by core_clock)
Path Group: core_clock
Path Type: min

  Delay    Time   Description
---------------------------------------------------------
   0.00    0.00   clock core_clock (rise edge)
   0.00    0.00   clock source latency
   0.00    0.00 ^ clk (in)
   0.18    0.18 ^ clkbuf_0_clk/X (sky130_fd_sc_hd__clkbuf_16)
   0.18    0.36 ^ clkbuf_3_7__f_clk/X (sky130_fd_sc_hd__clkbuf_16)
   0.00    0.36 ^ count[0]$_SDFF_PP0_/CLK (sky130_fd_sc_hd__dfxtp_1)
   0.37    0.73 ^ count[0]$_SDFF_PP0_/Q (sky130_fd_sc_hd__dfxtp_1)
   0.07    0.80 v _1725_/Y (sky130_fd_sc_hd__nor2_1)
   0.00    0.80 v count[0]$_SDFF_PP0_/D (sky130_fd_sc_hd__dfxtp_1)
           0.80   data arrival time

   0.00    0.00   clock core_clock (rise edge)
   0.00    0.00   clock source latency
   0.00    0.00 ^ clk (in)
   0.18    0.18 ^ clkbuf_0_clk/X (sky130_fd_sc_hd__clkbuf_16)
   0.18    0.36 ^ clkbuf_3_7__f_clk/X (sky130_fd_sc_hd__clkbuf_16)
   0.00    0.36 ^ count[0]$_SDFF_PP0_/CLK (sky130_fd_sc_hd__dfxtp_1)
   0.00    0.36   clock reconvergence pessimism
  -0.05    0.31   library hold time
           0.31   data required time
---------------------------------------------------------
           0.31   data required time
          -0.80   data arrival time
---------------------------------------------------------
           0.49   slack (MET)



==========================================================================
global route critical path target clock latency max path
--------------------------------------------------------------------------
0.3659

==========================================================================
global route critical path target clock latency min path
--------------------------------------------------------------------------
0.3652

==========================================================================
global route critical path source clock latency min path
--------------------------------------------------------------------------
0.0000

==========================================================================
global route critical path delay
--------------------------------------------------------------------------
4.6124

==========================================================================
global route critical path slack
--------------------------------------------------------------------------
5.3620

==========================================================================
global route slack div critical path delay
--------------------------------------------------------------------------
116.251843

==========================================================================
global route report_power
--------------------------------------------------------------------------
Group                  Internal  Switching    Leakage      Total
                          Power      Power      Power      Power (Watts)
----------------------------------------------------------------
Sequential             3.98e-04   9.63e-06   7.45e-10   4.08e-04  43.4%
Combinational          3.75e-05   9.42e-05   2.58e-09   1.32e-04  14.0%
Clock                  2.22e-04   1.78e-04   1.56e-10   4.00e-04  42.6%
Macro                  0.00e+00   0.00e+00   0.00e+00   0.00e+00   0.0%
Pad                    0.00e+00   0.00e+00   0.00e+00   0.00e+00   0.0%
----------------------------------------------------------------
Total                  6.58e-04   2.82e-04   3.48e-09   9.40e-04 100.0%
                          70.0%      30.0%       0.0%
