
==========================================================================
global route report_tns
--------------------------------------------------------------------------
tns max 0.00

==========================================================================
global route report_wns
--------------------------------------------------------------------------
wns max 0.00

==========================================================================
global route report_worst_slack
--------------------------------------------------------------------------
worst slack max 8.10

==========================================================================
global route report_clock_min_period
--------------------------------------------------------------------------
core_clock period_min = 6.00 fmax = 166.53

==========================================================================
global route report_clock_skew
--------------------------------------------------------------------------
Clock core_clock
   0.36 source latency IR[1]$_SDFFE_PP0P_/CLK ^
  -0.37 target latency GPR[0][15]$_DFFE_PP_/CLK ^
   0.00 CRPR
--------------
  -0.01 setup skew


==========================================================================
global route report_checks -path_delay min
--------------------------------------------------------------------------
Startpoint: count[0]$_SDFF_PP0_
            (rising edge-triggered flip-flop clocked by core_clock)
Endpoint: count[0]$_SDFF_PP0_
          (rising edge-triggered flip-flop clocked by core_clock)
Path Group: core_clock
Path Type: min

Fanout     Cap    Slew   Delay    Time   Description
-----------------------------------------------------------------------------
                          0.00    0.00   clock core_clock (rise edge)
                          0.00    0.00   clock source latency
     1    0.03    0.00    0.00    0.00 ^ clk (in)
                                         clk (net)
                  0.00    0.00    0.00 ^ clkbuf_0_clk/A (sky130_fd_sc_hd__clkbuf_16)
     8    0.11    0.12    0.18    0.18 ^ clkbuf_0_clk/X (sky130_fd_sc_hd__clkbuf_16)
                                         clknet_0_clk (net)
                  0.12    0.00    0.18 ^ clkbuf_3_7__f_clk/A (sky130_fd_sc_hd__clkbuf_16)
     8    0.06    0.08    0.18    0.36 ^ clkbuf_3_7__f_clk/X (sky130_fd_sc_hd__clkbuf_16)
                                         clknet_3_7__leaf_clk (net)
                  0.08    0.00    0.36 ^ count[0]$_SDFF_PP0_/CLK (sky130_fd_sc_hd__dfxtp_1)
     2    0.01    0.09    0.35    0.72 ^ count[0]$_SDFF_PP0_/Q (sky130_fd_sc_hd__dfxtp_1)
                                         count[0] (net)
                  0.09    0.00    0.72 ^ _1725_/A (sky130_fd_sc_hd__nor2_1)
     1    0.00    0.03    0.05    0.77 v _1725_/Y (sky130_fd_sc_hd__nor2_1)
                                         _0162_ (net)
                  0.03    0.00    0.77 v count[0]$_SDFF_PP0_/D (sky130_fd_sc_hd__dfxtp_1)
                                  0.77   data arrival time

                          0.00    0.00   clock core_clock (rise edge)
                          0.00    0.00   clock source latency
     1    0.03    0.00    0.00    0.00 ^ clk (in)
                                         clk (net)
                  0.00    0.00    0.00 ^ clkbuf_0_clk/A (sky130_fd_sc_hd__clkbuf_16)
     8    0.11    0.12    0.18    0.18 ^ clkbuf_0_clk/X (sky130_fd_sc_hd__clkbuf_16)
                                         clknet_0_clk (net)
                  0.12    0.00    0.18 ^ clkbuf_3_7__f_clk/A (sky130_fd_sc_hd__clkbuf_16)
     8    0.06    0.08    0.18    0.36 ^ clkbuf_3_7__f_clk/X (sky130_fd_sc_hd__clkbuf_16)
                                         clknet_3_7__leaf_clk (net)
                  0.08    0.00    0.36 ^ count[0]$_SDFF_PP0_/CLK (sky130_fd_sc_hd__dfxtp_1)
                          0.00    0.36   clock reconvergence pessimism
                         -0.04    0.32   library hold time
                                  0.32   data required time
-----------------------------------------------------------------------------
                                  0.32   data required time
                                 -0.77   data arrival time
-----------------------------------------------------------------------------
                                  0.44   slack (MET)



==========================================================================
global route report_checks -path_delay max
--------------------------------------------------------------------------
Startpoint: sys_rst (input port clocked by core_clock)
Endpoint: GPR[2][4]$_DFFE_PP_
          (rising edge-triggered flip-flop clocked by core_clock)
Path Group: core_clock
Path Type: max

Fanout     Cap    Slew   Delay    Time   Description
-----------------------------------------------------------------------------
                          0.00    0.00   clock core_clock (rise edge)
                          0.00    0.00   clock network delay (propagated)
                          2.82    2.82 ^ input external delay
     1    0.00    0.00    0.00    2.82 ^ sys_rst (in)
                                         sys_rst (net)
                  0.00    0.00    2.82 ^ input36/A (sky130_fd_sc_hd__clkdlybuf4s50_1)
    20    0.09    0.81    1.00    3.82 ^ input36/X (sky130_fd_sc_hd__clkdlybuf4s50_1)
                                         net35 (net)
                  0.81    0.00    3.83 ^ _0961_/A (sky130_fd_sc_hd__inv_1)
     6    0.02    0.23    0.27    4.10 v _0961_/Y (sky130_fd_sc_hd__inv_1)
                                         _0274_ (net)
                  0.23    0.00    4.10 v _0967_/B (sky130_fd_sc_hd__nand2_1)
     2    0.01    0.10    0.17    4.27 ^ _0967_/Y (sky130_fd_sc_hd__nand2_1)
                                         _0280_ (net)
                  0.10    0.00    4.27 ^ _0973_/B (sky130_fd_sc_hd__nor2_1)
     4    0.01    0.07    0.09    4.36 v _0973_/Y (sky130_fd_sc_hd__nor2_1)
                                         _0286_ (net)
                  0.07    0.00    4.36 v _1131_/A (sky130_fd_sc_hd__nand2_1)
    10    0.04    0.41    0.33    4.69 ^ _1131_/Y (sky130_fd_sc_hd__nand2_1)
                                         _0423_ (net)
                  0.41    0.00    4.69 ^ _1140_/A (sky130_fd_sc_hd__inv_1)
     7    0.03    0.19    0.26    4.94 v _1140_/Y (sky130_fd_sc_hd__inv_1)
                                         _0429_ (net)
                  0.19    0.00    4.95 v _1229_/A1 (sky130_fd_sc_hd__a2111oi_0)
     1    0.01    0.62    0.61    5.56 ^ _1229_/Y (sky130_fd_sc_hd__a2111oi_0)
                                         _0514_ (net)
                  0.62    0.00    5.56 ^ _1230_/B1 (sky130_fd_sc_hd__o21ai_0)
     4    0.02    0.35    0.45    6.01 v _1230_/Y (sky130_fd_sc_hd__o21ai_0)
                                         _0010_ (net)
                  0.35    0.00    6.01 v GPR[2][4]$_DFFE_PP_/D (sky130_fd_sc_hd__edfxtp_1)
                                  6.01   data arrival time

                         14.11   14.11   clock core_clock (rise edge)
                          0.00   14.11   clock source latency
     1    0.03    0.00    0.00   14.11 ^ clk (in)
                                         clk (net)
                  0.00    0.00   14.11 ^ clkbuf_0_clk/A (sky130_fd_sc_hd__clkbuf_16)
     8    0.11    0.12    0.18   14.29 ^ clkbuf_0_clk/X (sky130_fd_sc_hd__clkbuf_16)
                                         clknet_0_clk (net)
                  0.12    0.00   14.29 ^ clkbuf_3_1__f_clk/A (sky130_fd_sc_hd__clkbuf_16)
    14    0.06    0.07    0.18   14.47 ^ clkbuf_3_1__f_clk/X (sky130_fd_sc_hd__clkbuf_16)
                                         clknet_3_1__leaf_clk (net)
                  0.07    0.00   14.47 ^ GPR[2][4]$_DFFE_PP_/CLK (sky130_fd_sc_hd__edfxtp_1)
                          0.00   14.47   clock reconvergence pessimism
                         -0.36   14.11   library setup time
                                 14.11   data required time
-----------------------------------------------------------------------------
                                 14.11   data required time
                                 -6.01   data arrival time
-----------------------------------------------------------------------------
                                  8.10   slack (MET)



==========================================================================
global route report_checks -unconstrained
--------------------------------------------------------------------------
Startpoint: sys_rst (input port clocked by core_clock)
Endpoint: GPR[2][4]$_DFFE_PP_
          (rising edge-triggered flip-flop clocked by core_clock)
Path Group: core_clock
Path Type: max

Fanout     Cap    Slew   Delay    Time   Description
-----------------------------------------------------------------------------
                          0.00    0.00   clock core_clock (rise edge)
                          0.00    0.00   clock network delay (propagated)
                          2.82    2.82 ^ input external delay
     1    0.00    0.00    0.00    2.82 ^ sys_rst (in)
                                         sys_rst (net)
                  0.00    0.00    2.82 ^ input36/A (sky130_fd_sc_hd__clkdlybuf4s50_1)
    20    0.09    0.81    1.00    3.82 ^ input36/X (sky130_fd_sc_hd__clkdlybuf4s50_1)
                                         net35 (net)
                  0.81    0.00    3.83 ^ _0961_/A (sky130_fd_sc_hd__inv_1)
     6    0.02    0.23    0.27    4.10 v _0961_/Y (sky130_fd_sc_hd__inv_1)
                                         _0274_ (net)
                  0.23    0.00    4.10 v _0967_/B (sky130_fd_sc_hd__nand2_1)
     2    0.01    0.10    0.17    4.27 ^ _0967_/Y (sky130_fd_sc_hd__nand2_1)
                                         _0280_ (net)
                  0.10    0.00    4.27 ^ _0973_/B (sky130_fd_sc_hd__nor2_1)
     4    0.01    0.07    0.09    4.36 v _0973_/Y (sky130_fd_sc_hd__nor2_1)
                                         _0286_ (net)
                  0.07    0.00    4.36 v _1131_/A (sky130_fd_sc_hd__nand2_1)
    10    0.04    0.41    0.33    4.69 ^ _1131_/Y (sky130_fd_sc_hd__nand2_1)
                                         _0423_ (net)
                  0.41    0.00    4.69 ^ _1140_/A (sky130_fd_sc_hd__inv_1)
     7    0.03    0.19    0.26    4.94 v _1140_/Y (sky130_fd_sc_hd__inv_1)
                                         _0429_ (net)
                  0.19    0.00    4.95 v _1229_/A1 (sky130_fd_sc_hd__a2111oi_0)
     1    0.01    0.62    0.61    5.56 ^ _1229_/Y (sky130_fd_sc_hd__a2111oi_0)
                                         _0514_ (net)
                  0.62    0.00    5.56 ^ _1230_/B1 (sky130_fd_sc_hd__o21ai_0)
     4    0.02    0.35    0.45    6.01 v _1230_/Y (sky130_fd_sc_hd__o21ai_0)
                                         _0010_ (net)
                  0.35    0.00    6.01 v GPR[2][4]$_DFFE_PP_/D (sky130_fd_sc_hd__edfxtp_1)
                                  6.01   data arrival time

                         14.11   14.11   clock core_clock (rise edge)
                          0.00   14.11   clock source latency
     1    0.03    0.00    0.00   14.11 ^ clk (in)
                                         clk (net)
                  0.00    0.00   14.11 ^ clkbuf_0_clk/A (sky130_fd_sc_hd__clkbuf_16)
     8    0.11    0.12    0.18   14.29 ^ clkbuf_0_clk/X (sky130_fd_sc_hd__clkbuf_16)
                                         clknet_0_clk (net)
                  0.12    0.00   14.29 ^ clkbuf_3_1__f_clk/A (sky130_fd_sc_hd__clkbuf_16)
    14    0.06    0.07    0.18   14.47 ^ clkbuf_3_1__f_clk/X (sky130_fd_sc_hd__clkbuf_16)
                                         clknet_3_1__leaf_clk (net)
                  0.07    0.00   14.47 ^ GPR[2][4]$_DFFE_PP_/CLK (sky130_fd_sc_hd__edfxtp_1)
                          0.00   14.47   clock reconvergence pessimism
                         -0.36   14.11   library setup time
                                 14.11   data required time
-----------------------------------------------------------------------------
                                 14.11   data required time
                                 -6.01   data arrival time
-----------------------------------------------------------------------------
                                  8.10   slack (MET)



==========================================================================
global route report_check_types -max_slew -max_cap -max_fanout -violators
--------------------------------------------------------------------------

==========================================================================
global route max_slew_check_slack
--------------------------------------------------------------------------
0.6821622252464294

==========================================================================
global route max_slew_check_limit
--------------------------------------------------------------------------
1.4953149557113647

==========================================================================
global route max_slew_check_slack_limit
--------------------------------------------------------------------------
0.4562

==========================================================================
global route max_fanout_check_slack
--------------------------------------------------------------------------
1.0000000150474662e+30

==========================================================================
global route max_fanout_check_limit
--------------------------------------------------------------------------
1.0000000150474662e+30

==========================================================================
global route max_capacitance_check_slack
--------------------------------------------------------------------------
0.01359571423381567

==========================================================================
global route max_capacitance_check_limit
--------------------------------------------------------------------------
0.021067000925540924

==========================================================================
global route max_capacitance_check_slack_limit
--------------------------------------------------------------------------
0.6454

==========================================================================
global route max_slew_violation_count
--------------------------------------------------------------------------
max slew violation count 0

==========================================================================
global route max_fanout_violation_count
--------------------------------------------------------------------------
max fanout violation count 0

==========================================================================
global route max_cap_violation_count
--------------------------------------------------------------------------
max cap violation count 0

==========================================================================
global route setup_violation_count
--------------------------------------------------------------------------
setup violation count 0

==========================================================================
global route hold_violation_count
--------------------------------------------------------------------------
hold violation count 0

==========================================================================
global route report_checks -path_delay max reg to reg
--------------------------------------------------------------------------
Startpoint: IR[17]$_SDFFE_PP0P_
            (rising edge-triggered flip-flop clocked by core_clock)
Endpoint: GPR[2][4]$_DFFE_PP_
          (rising edge-triggered flip-flop clocked by core_clock)
Path Group: core_clock
Path Type: max

  Delay    Time   Description
---------------------------------------------------------
   0.00    0.00   clock core_clock (rise edge)
   0.00    0.00   clock source latency
   0.00    0.00 ^ clk (in)
   0.18    0.18 ^ clkbuf_0_clk/X (sky130_fd_sc_hd__clkbuf_16)
   0.18    0.36 ^ clkbuf_3_5__f_clk/X (sky130_fd_sc_hd__clkbuf_16)
   0.00    0.36 ^ IR[17]$_SDFFE_PP0P_/CLK (sky130_fd_sc_hd__dfxtp_1)
   0.30    0.66 v IR[17]$_SDFFE_PP0P_/Q (sky130_fd_sc_hd__dfxtp_1)
   0.26    0.93 v place50/X (sky130_fd_sc_hd__buf_4)
   0.52    1.44 ^ _0991_/Y (sky130_fd_sc_hd__inv_2)
   0.13    1.57 v _1112_/Y (sky130_fd_sc_hd__nand2_1)
   0.45    2.02 ^ _1116_/Y (sky130_fd_sc_hd__a32oi_1)
   0.24    2.26 v _1132_/Y (sky130_fd_sc_hd__inv_1)
   0.30    2.56 v _1818_/COUT (sky130_fd_sc_hd__ha_1)
   0.40    2.96 v _1815_/COUT (sky130_fd_sc_hd__fa_1)
   0.08    3.04 ^ _1154_/Y (sky130_fd_sc_hd__inv_1)
   0.12    3.16 v _1155_/Y (sky130_fd_sc_hd__nand2_1)
   0.20    3.36 ^ _1223_/Y (sky130_fd_sc_hd__nand3_1)
   0.07    3.43 v _1226_/Y (sky130_fd_sc_hd__nand2_1)
   0.09    3.52 ^ _1227_/Y (sky130_fd_sc_hd__nand2_1)
   0.06    3.58 v _1228_/Y (sky130_fd_sc_hd__nor2_1)
   0.49    4.08 ^ _1229_/Y (sky130_fd_sc_hd__a2111oi_0)
   0.45    4.52 v _1230_/Y (sky130_fd_sc_hd__o21ai_0)
   0.00    4.53 v GPR[2][4]$_DFFE_PP_/D (sky130_fd_sc_hd__edfxtp_1)
           4.53   data arrival time

  14.11   14.11   clock core_clock (rise edge)
   0.00   14.11   clock source latency
   0.00   14.11 ^ clk (in)
   0.18   14.29 ^ clkbuf_0_clk/X (sky130_fd_sc_hd__clkbuf_16)
   0.18   14.47 ^ clkbuf_3_1__f_clk/X (sky130_fd_sc_hd__clkbuf_16)
   0.00   14.47 ^ GPR[2][4]$_DFFE_PP_/CLK (sky130_fd_sc_hd__edfxtp_1)
   0.00   14.47   clock reconvergence pessimism
  -0.36   14.11   library setup time
          14.11   data required time
---------------------------------------------------------
          14.11   data required time
          -4.53   data arrival time
---------------------------------------------------------
           9.59   slack (MET)



==========================================================================
global route report_checks -path_delay min reg to reg
--------------------------------------------------------------------------
Startpoint: count[0]$_SDFF_PP0_
            (rising edge-triggered flip-flop clocked by core_clock)
Endpoint: count[0]$_SDFF_PP0_
          (rising edge-triggered flip-flop clocked by core_clock)
Path Group: core_clock
Path Type: min

  Delay    Time   Description
---------------------------------------------------------
   0.00    0.00   clock core_clock (rise edge)
   0.00    0.00   clock source latency
   0.00    0.00 ^ clk (in)
   0.18    0.18 ^ clkbuf_0_clk/X (sky130_fd_sc_hd__clkbuf_16)
   0.19    0.36 ^ clkbuf_3_7__f_clk/X (sky130_fd_sc_hd__clkbuf_16)
   0.00    0.36 ^ count[0]$_SDFF_PP0_/CLK (sky130_fd_sc_hd__dfxtp_1)
   0.35    0.72 ^ count[0]$_SDFF_PP0_/Q (sky130_fd_sc_hd__dfxtp_1)
   0.05    0.77 v _1725_/Y (sky130_fd_sc_hd__nor2_1)
   0.00    0.77 v count[0]$_SDFF_PP0_/D (sky130_fd_sc_hd__dfxtp_1)
           0.77   data arrival time

   0.00    0.00   clock core_clock (rise edge)
   0.00    0.00   clock source latency
   0.00    0.00 ^ clk (in)
   0.18    0.18 ^ clkbuf_0_clk/X (sky130_fd_sc_hd__clkbuf_16)
   0.19    0.36 ^ clkbuf_3_7__f_clk/X (sky130_fd_sc_hd__clkbuf_16)
   0.00    0.36 ^ count[0]$_SDFF_PP0_/CLK (sky130_fd_sc_hd__dfxtp_1)
   0.00    0.36   clock reconvergence pessimism
  -0.04    0.32   library hold time
           0.32   data required time
---------------------------------------------------------
           0.32   data required time
          -0.77   data arrival time
---------------------------------------------------------
           0.44   slack (MET)



==========================================================================
global route critical path target clock latency max path
--------------------------------------------------------------------------
0.3642

==========================================================================
global route critical path target clock latency min path
--------------------------------------------------------------------------
0.3610

==========================================================================
global route critical path source clock latency min path
--------------------------------------------------------------------------
0.0000

==========================================================================
global route critical path delay
--------------------------------------------------------------------------
6.0079

==========================================================================
global route critical path slack
--------------------------------------------------------------------------
8.1031

==========================================================================
global route slack div critical path delay
--------------------------------------------------------------------------
134.874082

==========================================================================
global route report_power
--------------------------------------------------------------------------
Group                  Internal  Switching    Leakage      Total
                          Power      Power      Power      Power (Watts)
----------------------------------------------------------------
Sequential             2.81e-04   6.69e-06   7.45e-10   2.88e-04  44.9%
Combinational          2.63e-05   6.74e-05   2.57e-09   9.36e-05  14.6%
Clock                  1.27e-04   1.32e-04   1.50e-10   2.59e-04  40.5%
Macro                  0.00e+00   0.00e+00   0.00e+00   0.00e+00   0.0%
Pad                    0.00e+00   0.00e+00   0.00e+00   0.00e+00   0.0%
----------------------------------------------------------------
Total                  4.34e-04   2.07e-04   3.47e-09   6.41e-04 100.0%
                          67.8%      32.2%       0.0%
