
==========================================================================
floorplan final report_tns
--------------------------------------------------------------------------
tns max 0.00

==========================================================================
floorplan final report_wns
--------------------------------------------------------------------------
wns max 0.00

==========================================================================
floorplan final report_worst_slack
--------------------------------------------------------------------------
worst slack max 3.00

==========================================================================
floorplan final report_clock_min_period
--------------------------------------------------------------------------
core_clock period_min = 3.12 fmax = 320.09

==========================================================================
floorplan final report_checks -path_delay min
--------------------------------------------------------------------------
Startpoint: count[0]$_SDFF_PP0_
            (rising edge-triggered flip-flop clocked by core_clock)
Endpoint: count[0]$_SDFF_PP0_
          (rising edge-triggered flip-flop clocked by core_clock)
Path Group: core_clock
Path Type: min

Fanout     Cap    Slew   Delay    Time   Description
-----------------------------------------------------------------------------
                  0.00    0.00    0.00   clock core_clock (rise edge)
                          0.00    0.00   clock network delay (ideal)
                  0.00    0.00    0.00 ^ count[0]$_SDFF_PP0_/CLK (sky130_fd_sc_hd__dfxtp_1)
     2    0.01    0.07    0.30    0.30 ^ count[0]$_SDFF_PP0_/Q (sky130_fd_sc_hd__dfxtp_1)
                                         count[0] (net)
                  0.07    0.00    0.30 ^ _1725_/A (sky130_fd_sc_hd__nor2_1)
     1    0.00    0.02    0.04    0.34 v _1725_/Y (sky130_fd_sc_hd__nor2_1)
                                         _0162_ (net)
                  0.02    0.00    0.34 v count[0]$_SDFF_PP0_/D (sky130_fd_sc_hd__dfxtp_1)
                                  0.34   data arrival time

                  0.00    0.00    0.00   clock core_clock (rise edge)
                          0.00    0.00   clock network delay (ideal)
                          0.00    0.00   clock reconvergence pessimism
                                  0.00 ^ count[0]$_SDFF_PP0_/CLK (sky130_fd_sc_hd__dfxtp_1)
                         -0.06   -0.06   library hold time
                                 -0.06   data required time
-----------------------------------------------------------------------------
                                 -0.06   data required time
                                 -0.34   data arrival time
-----------------------------------------------------------------------------
                                  0.40   slack (MET)



==========================================================================
floorplan final report_checks -path_delay max
--------------------------------------------------------------------------
Startpoint: IR[17]$_SDFFE_PP0P_
            (rising edge-triggered flip-flop clocked by core_clock)
Endpoint: GPR[0][4]$_DFFE_PP_
          (rising edge-triggered flip-flop clocked by core_clock)
Path Group: core_clock
Path Type: max

Fanout     Cap    Slew   Delay    Time   Description
-----------------------------------------------------------------------------
                  0.00    0.00    0.00   clock core_clock (rise edge)
                          0.00    0.00   clock network delay (ideal)
                  0.00    0.00    0.00 ^ IR[17]$_SDFFE_PP0P_/CLK (sky130_fd_sc_hd__dfxtp_1)
     3    0.01    0.10    0.32    0.32 ^ IR[17]$_SDFFE_PP0P_/Q (sky130_fd_sc_hd__dfxtp_1)
                                         IR[17] (net)
                  0.10    0.00    0.32 ^ _0983_/A (sky130_fd_sc_hd__buf_2)
    10    0.02    0.12    0.18    0.50 ^ _0983_/X (sky130_fd_sc_hd__buf_2)
                                         _0292_ (net)
                  0.12    0.00    0.50 ^ _0984_/A (sky130_fd_sc_hd__buf_2)
    10    0.02    0.12    0.19    0.69 ^ _0984_/X (sky130_fd_sc_hd__buf_2)
                                         _0293_ (net)
                  0.12    0.00    0.69 ^ _1108_/A (sky130_fd_sc_hd__nand2_1)
     1    0.00    0.04    0.06    0.75 v _1108_/Y (sky130_fd_sc_hd__nand2_1)
                                         _0402_ (net)
                  0.04    0.00    0.75 v _1111_/A2 (sky130_fd_sc_hd__a32oi_1)
     8    0.03    0.69    0.58    1.33 ^ _1111_/Y (sky130_fd_sc_hd__a32oi_1)
                                         _0020_ (net)
                  0.69    0.00    1.33 ^ _1634_/A (sky130_fd_sc_hd__inv_1)
     2    0.01    0.17    0.19    1.53 v _1634_/Y (sky130_fd_sc_hd__inv_1)
                                         _0024_ (net)
                  0.17    0.00    1.53 v _1815_/B (sky130_fd_sc_hd__fa_1)
     2    0.00    0.08    0.44    1.97 v _1815_/COUT (sky130_fd_sc_hd__fa_1)
                                         _0031_ (net)
                  0.08    0.00    1.97 v _1154_/A (sky130_fd_sc_hd__inv_1)
     1    0.00    0.04    0.06    2.03 ^ _1154_/Y (sky130_fd_sc_hd__inv_1)
                                         _0441_ (net)
                  0.04    0.00    2.03 ^ _1155_/A (sky130_fd_sc_hd__nand2_1)
     4    0.01    0.08    0.07    2.10 v _1155_/Y (sky130_fd_sc_hd__nand2_1)
                                         _0442_ (net)
                  0.08    0.00    2.10 v _1223_/C (sky130_fd_sc_hd__nand3_1)
     4    0.01    0.14    0.15    2.25 ^ _1223_/Y (sky130_fd_sc_hd__nand3_1)
                                         _0508_ (net)
                  0.14    0.00    2.25 ^ _1226_/A (sky130_fd_sc_hd__nand2_1)
     1    0.00    0.05    0.06    2.31 v _1226_/Y (sky130_fd_sc_hd__nand2_1)
                                         _0511_ (net)
                  0.05    0.00    2.31 v _1227_/B (sky130_fd_sc_hd__nand2_1)
     2    0.00    0.06    0.07    2.38 ^ _1227_/Y (sky130_fd_sc_hd__nand2_1)
                                         _0512_ (net)
                  0.06    0.00    2.38 ^ _1228_/B (sky130_fd_sc_hd__nor2_1)
     1    0.00    0.03    0.04    2.42 v _1228_/Y (sky130_fd_sc_hd__nor2_1)
                                         _0513_ (net)
                  0.03    0.00    2.42 v _1229_/D1 (sky130_fd_sc_hd__a2111oi_0)
     1    0.00    0.28    0.22    2.64 ^ _1229_/Y (sky130_fd_sc_hd__a2111oi_0)
                                         _0514_ (net)
                  0.28    0.00    2.64 ^ _1230_/B1 (sky130_fd_sc_hd__o21ai_0)
     4    0.01    0.14    0.19    2.83 v _1230_/Y (sky130_fd_sc_hd__o21ai_0)
                                         _0010_ (net)
                  0.14    0.00    2.83 v GPR[0][4]$_DFFE_PP_/D (sky130_fd_sc_hd__edfxtp_1)
                                  2.83   data arrival time

                  0.00    6.13    6.13   clock core_clock (rise edge)
                          0.00    6.13   clock network delay (ideal)
                          0.00    6.13   clock reconvergence pessimism
                                  6.13 ^ GPR[0][4]$_DFFE_PP_/CLK (sky130_fd_sc_hd__edfxtp_1)
                         -0.30    5.83   library setup time
                                  5.83   data required time
-----------------------------------------------------------------------------
                                  5.83   data required time
                                 -2.83   data arrival time
-----------------------------------------------------------------------------
                                  3.00   slack (MET)



==========================================================================
floorplan final report_checks -unconstrained
--------------------------------------------------------------------------
Startpoint: IR[17]$_SDFFE_PP0P_
            (rising edge-triggered flip-flop clocked by core_clock)
Endpoint: GPR[0][4]$_DFFE_PP_
          (rising edge-triggered flip-flop clocked by core_clock)
Path Group: core_clock
Path Type: max

Fanout     Cap    Slew   Delay    Time   Description
-----------------------------------------------------------------------------
                  0.00    0.00    0.00   clock core_clock (rise edge)
                          0.00    0.00   clock network delay (ideal)
                  0.00    0.00    0.00 ^ IR[17]$_SDFFE_PP0P_/CLK (sky130_fd_sc_hd__dfxtp_1)
     3    0.01    0.10    0.32    0.32 ^ IR[17]$_SDFFE_PP0P_/Q (sky130_fd_sc_hd__dfxtp_1)
                                         IR[17] (net)
                  0.10    0.00    0.32 ^ _0983_/A (sky130_fd_sc_hd__buf_2)
    10    0.02    0.12    0.18    0.50 ^ _0983_/X (sky130_fd_sc_hd__buf_2)
                                         _0292_ (net)
                  0.12    0.00    0.50 ^ _0984_/A (sky130_fd_sc_hd__buf_2)
    10    0.02    0.12    0.19    0.69 ^ _0984_/X (sky130_fd_sc_hd__buf_2)
                                         _0293_ (net)
                  0.12    0.00    0.69 ^ _1108_/A (sky130_fd_sc_hd__nand2_1)
     1    0.00    0.04    0.06    0.75 v _1108_/Y (sky130_fd_sc_hd__nand2_1)
                                         _0402_ (net)
                  0.04    0.00    0.75 v _1111_/A2 (sky130_fd_sc_hd__a32oi_1)
     8    0.03    0.69    0.58    1.33 ^ _1111_/Y (sky130_fd_sc_hd__a32oi_1)
                                         _0020_ (net)
                  0.69    0.00    1.33 ^ _1634_/A (sky130_fd_sc_hd__inv_1)
     2    0.01    0.17    0.19    1.53 v _1634_/Y (sky130_fd_sc_hd__inv_1)
                                         _0024_ (net)
                  0.17    0.00    1.53 v _1815_/B (sky130_fd_sc_hd__fa_1)
     2    0.00    0.08    0.44    1.97 v _1815_/COUT (sky130_fd_sc_hd__fa_1)
                                         _0031_ (net)
                  0.08    0.00    1.97 v _1154_/A (sky130_fd_sc_hd__inv_1)
     1    0.00    0.04    0.06    2.03 ^ _1154_/Y (sky130_fd_sc_hd__inv_1)
                                         _0441_ (net)
                  0.04    0.00    2.03 ^ _1155_/A (sky130_fd_sc_hd__nand2_1)
     4    0.01    0.08    0.07    2.10 v _1155_/Y (sky130_fd_sc_hd__nand2_1)
                                         _0442_ (net)
                  0.08    0.00    2.10 v _1223_/C (sky130_fd_sc_hd__nand3_1)
     4    0.01    0.14    0.15    2.25 ^ _1223_/Y (sky130_fd_sc_hd__nand3_1)
                                         _0508_ (net)
                  0.14    0.00    2.25 ^ _1226_/A (sky130_fd_sc_hd__nand2_1)
     1    0.00    0.05    0.06    2.31 v _1226_/Y (sky130_fd_sc_hd__nand2_1)
                                         _0511_ (net)
                  0.05    0.00    2.31 v _1227_/B (sky130_fd_sc_hd__nand2_1)
     2    0.00    0.06    0.07    2.38 ^ _1227_/Y (sky130_fd_sc_hd__nand2_1)
                                         _0512_ (net)
                  0.06    0.00    2.38 ^ _1228_/B (sky130_fd_sc_hd__nor2_1)
     1    0.00    0.03    0.04    2.42 v _1228_/Y (sky130_fd_sc_hd__nor2_1)
                                         _0513_ (net)
                  0.03    0.00    2.42 v _1229_/D1 (sky130_fd_sc_hd__a2111oi_0)
     1    0.00    0.28    0.22    2.64 ^ _1229_/Y (sky130_fd_sc_hd__a2111oi_0)
                                         _0514_ (net)
                  0.28    0.00    2.64 ^ _1230_/B1 (sky130_fd_sc_hd__o21ai_0)
     4    0.01    0.14    0.19    2.83 v _1230_/Y (sky130_fd_sc_hd__o21ai_0)
                                         _0010_ (net)
                  0.14    0.00    2.83 v GPR[0][4]$_DFFE_PP_/D (sky130_fd_sc_hd__edfxtp_1)
                                  2.83   data arrival time

                  0.00    6.13    6.13   clock core_clock (rise edge)
                          0.00    6.13   clock network delay (ideal)
                          0.00    6.13   clock reconvergence pessimism
                                  6.13 ^ GPR[0][4]$_DFFE_PP_/CLK (sky130_fd_sc_hd__edfxtp_1)
                         -0.30    5.83   library setup time
                                  5.83   data required time
-----------------------------------------------------------------------------
                                  5.83   data required time
                                 -2.83   data arrival time
-----------------------------------------------------------------------------
                                  3.00   slack (MET)



==========================================================================
floorplan final report_power
--------------------------------------------------------------------------
Group                  Internal  Switching    Leakage      Total
                          Power      Power      Power      Power (Watts)
----------------------------------------------------------------
Sequential             6.61e-04   7.54e-06   7.45e-10   6.69e-04  82.0%
Combinational          5.72e-05   8.98e-05   2.79e-09   1.47e-04  18.0%
Clock                  0.00e+00   0.00e+00   0.00e+00   0.00e+00   0.0%
Macro                  0.00e+00   0.00e+00   0.00e+00   0.00e+00   0.0%
Pad                    0.00e+00   0.00e+00   0.00e+00   0.00e+00   0.0%
----------------------------------------------------------------
Total                  7.19e-04   9.74e-05   3.53e-09   8.16e-04 100.0%
                          88.1%      11.9%       0.0%
