
==========================================================================
global route report_tns
--------------------------------------------------------------------------
tns max 0.00

==========================================================================
global route report_wns
--------------------------------------------------------------------------
wns max 0.00

==========================================================================
global route report_worst_slack
--------------------------------------------------------------------------
worst slack max 1.89

==========================================================================
global route report_clock_min_period
--------------------------------------------------------------------------
core_clock period_min = 4.24 fmax = 236.00

==========================================================================
global route report_clock_skew
--------------------------------------------------------------------------
Clock core_clock
   0.34 source latency GPR[1][12]$_DFFE_PP_/CLK ^
  -0.36 target latency GPR[3][12]$_DFFE_PP_/CLK ^
   0.00 CRPR
--------------
  -0.01 setup skew


==========================================================================
global route report_checks -path_delay min
--------------------------------------------------------------------------
Startpoint: count[0]$_SDFF_PP0_
            (rising edge-triggered flip-flop clocked by core_clock)
Endpoint: count[0]$_SDFF_PP0_
          (rising edge-triggered flip-flop clocked by core_clock)
Path Group: core_clock
Path Type: min

Fanout     Cap    Slew   Delay    Time   Description
-----------------------------------------------------------------------------
                          0.00    0.00   clock core_clock (rise edge)
                          0.00    0.00   clock source latency
     1    0.03    0.00    0.00    0.00 ^ clk (in)
                                         clk (net)
                  0.00    0.00    0.00 ^ clkbuf_0_clk/A (sky130_fd_sc_hd__clkbuf_16)
     8    0.10    0.11    0.17    0.17 ^ clkbuf_0_clk/X (sky130_fd_sc_hd__clkbuf_16)
                                         clknet_0_clk (net)
                  0.11    0.00    0.17 ^ clkbuf_3_7__f_clk/A (sky130_fd_sc_hd__clkbuf_16)
     7    0.05    0.07    0.17    0.35 ^ clkbuf_3_7__f_clk/X (sky130_fd_sc_hd__clkbuf_16)
                                         clknet_3_7__leaf_clk (net)
                  0.07    0.00    0.35 ^ count[0]$_SDFF_PP0_/CLK (sky130_fd_sc_hd__dfxtp_1)
     2    0.01    0.10    0.36    0.70 ^ count[0]$_SDFF_PP0_/Q (sky130_fd_sc_hd__dfxtp_1)
                                         count[0] (net)
                  0.10    0.00    0.70 ^ _1725_/A (sky130_fd_sc_hd__nor2_1)
     1    0.00    0.03    0.06    0.76 v _1725_/Y (sky130_fd_sc_hd__nor2_1)
                                         _0162_ (net)
                  0.03    0.00    0.76 v count[0]$_SDFF_PP0_/D (sky130_fd_sc_hd__dfxtp_1)
                                  0.76   data arrival time

                          0.00    0.00   clock core_clock (rise edge)
                          0.00    0.00   clock source latency
     1    0.03    0.00    0.00    0.00 ^ clk (in)
                                         clk (net)
                  0.00    0.00    0.00 ^ clkbuf_0_clk/A (sky130_fd_sc_hd__clkbuf_16)
     8    0.10    0.11    0.17    0.17 ^ clkbuf_0_clk/X (sky130_fd_sc_hd__clkbuf_16)
                                         clknet_0_clk (net)
                  0.11    0.00    0.17 ^ clkbuf_3_7__f_clk/A (sky130_fd_sc_hd__clkbuf_16)
     7    0.05    0.07    0.17    0.35 ^ clkbuf_3_7__f_clk/X (sky130_fd_sc_hd__clkbuf_16)
                                         clknet_3_7__leaf_clk (net)
                  0.07    0.00    0.35 ^ count[0]$_SDFF_PP0_/CLK (sky130_fd_sc_hd__dfxtp_1)
                          0.00    0.35   clock reconvergence pessimism
                         -0.04    0.30   library hold time
                                  0.30   data required time
-----------------------------------------------------------------------------
                                  0.30   data required time
                                 -0.76   data arrival time
-----------------------------------------------------------------------------
                                  0.46   slack (MET)



==========================================================================
global route report_checks -path_delay max
--------------------------------------------------------------------------
Startpoint: sys_rst (input port clocked by core_clock)
Endpoint: GPR[0][4]$_DFFE_PP_
          (rising edge-triggered flip-flop clocked by core_clock)
Path Group: core_clock
Path Type: max

Fanout     Cap    Slew   Delay    Time   Description
-----------------------------------------------------------------------------
                          0.00    0.00   clock core_clock (rise edge)
                          0.00    0.00   clock network delay (propagated)
                          1.23    1.23 ^ input external delay
     1    0.00    0.00    0.00    1.23 ^ sys_rst (in)
                                         sys_rst (net)
                  0.00    0.00    1.23 ^ input36/A (sky130_fd_sc_hd__clkdlybuf4s50_1)
    20    0.08    0.81    1.00    2.22 ^ input36/X (sky130_fd_sc_hd__clkdlybuf4s50_1)
                                         net35 (net)
                  0.81    0.00    2.23 ^ _0961_/A (sky130_fd_sc_hd__inv_1)
     6    0.02    0.25    0.29    2.52 v _0961_/Y (sky130_fd_sc_hd__inv_1)
                                         _0274_ (net)
                  0.25    0.00    2.52 v _0967_/B (sky130_fd_sc_hd__nand2_1)
     2    0.01    0.12    0.19    2.70 ^ _0967_/Y (sky130_fd_sc_hd__nand2_1)
                                         _0280_ (net)
                  0.12    0.00    2.70 ^ _0973_/B (sky130_fd_sc_hd__nor2_1)
     4    0.02    0.08    0.11    2.81 v _0973_/Y (sky130_fd_sc_hd__nor2_1)
                                         _0286_ (net)
                  0.08    0.00    2.81 v _1131_/A (sky130_fd_sc_hd__nand2_1)
    10    0.05    0.41    0.33    3.14 ^ _1131_/Y (sky130_fd_sc_hd__nand2_1)
                                         _0423_ (net)
                  0.41    0.00    3.14 ^ _1140_/A (sky130_fd_sc_hd__inv_1)
     7    0.03    0.19    0.25    3.40 v _1140_/Y (sky130_fd_sc_hd__inv_1)
                                         _0429_ (net)
                  0.19    0.00    3.40 v _1229_/A1 (sky130_fd_sc_hd__a2111oi_0)
     1    0.00    0.41    0.45    3.85 ^ _1229_/Y (sky130_fd_sc_hd__a2111oi_0)
                                         _0514_ (net)
                  0.41    0.00    3.85 ^ _1230_/B1 (sky130_fd_sc_hd__o21ai_0)
     4    0.02    0.33    0.39    4.23 v _1230_/Y (sky130_fd_sc_hd__o21ai_0)
                                         _0010_ (net)
                  0.33    0.00    4.23 v GPR[0][4]$_DFFE_PP_/D (sky130_fd_sc_hd__edfxtp_1)
                                  4.23   data arrival time

                          6.13    6.13   clock core_clock (rise edge)
                          0.00    6.13   clock source latency
     1    0.03    0.00    0.00    6.13 ^ clk (in)
                                         clk (net)
                  0.00    0.00    6.13 ^ clkbuf_0_clk/A (sky130_fd_sc_hd__clkbuf_16)
     8    0.10    0.11    0.17    6.29 ^ clkbuf_0_clk/X (sky130_fd_sc_hd__clkbuf_16)
                                         clknet_0_clk (net)
                  0.11    0.00    6.30 ^ clkbuf_3_1__f_clk/A (sky130_fd_sc_hd__clkbuf_16)
    13    0.05    0.07    0.17    6.47 ^ clkbuf_3_1__f_clk/X (sky130_fd_sc_hd__clkbuf_16)
                                         clknet_3_1__leaf_clk (net)
                  0.07    0.00    6.47 ^ GPR[0][4]$_DFFE_PP_/CLK (sky130_fd_sc_hd__edfxtp_1)
                          0.00    6.47   clock reconvergence pessimism
                         -0.35    6.12   library setup time
                                  6.12   data required time
-----------------------------------------------------------------------------
                                  6.12   data required time
                                 -4.23   data arrival time
-----------------------------------------------------------------------------
                                  1.89   slack (MET)



==========================================================================
global route report_checks -unconstrained
--------------------------------------------------------------------------
Startpoint: sys_rst (input port clocked by core_clock)
Endpoint: GPR[0][4]$_DFFE_PP_
          (rising edge-triggered flip-flop clocked by core_clock)
Path Group: core_clock
Path Type: max

Fanout     Cap    Slew   Delay    Time   Description
-----------------------------------------------------------------------------
                          0.00    0.00   clock core_clock (rise edge)
                          0.00    0.00   clock network delay (propagated)
                          1.23    1.23 ^ input external delay
     1    0.00    0.00    0.00    1.23 ^ sys_rst (in)
                                         sys_rst (net)
                  0.00    0.00    1.23 ^ input36/A (sky130_fd_sc_hd__clkdlybuf4s50_1)
    20    0.08    0.81    1.00    2.22 ^ input36/X (sky130_fd_sc_hd__clkdlybuf4s50_1)
                                         net35 (net)
                  0.81    0.00    2.23 ^ _0961_/A (sky130_fd_sc_hd__inv_1)
     6    0.02    0.25    0.29    2.52 v _0961_/Y (sky130_fd_sc_hd__inv_1)
                                         _0274_ (net)
                  0.25    0.00    2.52 v _0967_/B (sky130_fd_sc_hd__nand2_1)
     2    0.01    0.12    0.19    2.70 ^ _0967_/Y (sky130_fd_sc_hd__nand2_1)
                                         _0280_ (net)
                  0.12    0.00    2.70 ^ _0973_/B (sky130_fd_sc_hd__nor2_1)
     4    0.02    0.08    0.11    2.81 v _0973_/Y (sky130_fd_sc_hd__nor2_1)
                                         _0286_ (net)
                  0.08    0.00    2.81 v _1131_/A (sky130_fd_sc_hd__nand2_1)
    10    0.05    0.41    0.33    3.14 ^ _1131_/Y (sky130_fd_sc_hd__nand2_1)
                                         _0423_ (net)
                  0.41    0.00    3.14 ^ _1140_/A (sky130_fd_sc_hd__inv_1)
     7    0.03    0.19    0.25    3.40 v _1140_/Y (sky130_fd_sc_hd__inv_1)
                                         _0429_ (net)
                  0.19    0.00    3.40 v _1229_/A1 (sky130_fd_sc_hd__a2111oi_0)
     1    0.00    0.41    0.45    3.85 ^ _1229_/Y (sky130_fd_sc_hd__a2111oi_0)
                                         _0514_ (net)
                  0.41    0.00    3.85 ^ _1230_/B1 (sky130_fd_sc_hd__o21ai_0)
     4    0.02    0.33    0.39    4.23 v _1230_/Y (sky130_fd_sc_hd__o21ai_0)
                                         _0010_ (net)
                  0.33    0.00    4.23 v GPR[0][4]$_DFFE_PP_/D (sky130_fd_sc_hd__edfxtp_1)
                                  4.23   data arrival time

                          6.13    6.13   clock core_clock (rise edge)
                          0.00    6.13   clock source latency
     1    0.03    0.00    0.00    6.13 ^ clk (in)
                                         clk (net)
                  0.00    0.00    6.13 ^ clkbuf_0_clk/A (sky130_fd_sc_hd__clkbuf_16)
     8    0.10    0.11    0.17    6.29 ^ clkbuf_0_clk/X (sky130_fd_sc_hd__clkbuf_16)
                                         clknet_0_clk (net)
                  0.11    0.00    6.30 ^ clkbuf_3_1__f_clk/A (sky130_fd_sc_hd__clkbuf_16)
    13    0.05    0.07    0.17    6.47 ^ clkbuf_3_1__f_clk/X (sky130_fd_sc_hd__clkbuf_16)
                                         clknet_3_1__leaf_clk (net)
                  0.07    0.00    6.47 ^ GPR[0][4]$_DFFE_PP_/CLK (sky130_fd_sc_hd__edfxtp_1)
                          0.00    6.47   clock reconvergence pessimism
                         -0.35    6.12   library setup time
                                  6.12   data required time
-----------------------------------------------------------------------------
                                  6.12   data required time
                                 -4.23   data arrival time
-----------------------------------------------------------------------------
                                  1.89   slack (MET)



==========================================================================
global route report_check_types -max_slew -max_cap -max_fanout -violators
--------------------------------------------------------------------------

==========================================================================
global route max_slew_check_slack
--------------------------------------------------------------------------
0.6884063482284546

==========================================================================
global route max_slew_check_limit
--------------------------------------------------------------------------
1.4953149557113647

==========================================================================
global route max_slew_check_slack_limit
--------------------------------------------------------------------------
0.4604

==========================================================================
global route max_fanout_check_slack
--------------------------------------------------------------------------
1.0000000150474662e+30

==========================================================================
global route max_fanout_check_limit
--------------------------------------------------------------------------
1.0000000150474662e+30

==========================================================================
global route max_capacitance_check_slack
--------------------------------------------------------------------------
0.017210418358445168

==========================================================================
global route max_capacitance_check_limit
--------------------------------------------------------------------------
0.021067000925540924

==========================================================================
global route max_capacitance_check_slack_limit
--------------------------------------------------------------------------
0.8169

==========================================================================
global route max_slew_violation_count
--------------------------------------------------------------------------
max slew violation count 0

==========================================================================
global route max_fanout_violation_count
--------------------------------------------------------------------------
max fanout violation count 0

==========================================================================
global route max_cap_violation_count
--------------------------------------------------------------------------
max cap violation count 0

==========================================================================
global route setup_violation_count
--------------------------------------------------------------------------
setup violation count 0

==========================================================================
global route hold_violation_count
--------------------------------------------------------------------------
hold violation count 0

==========================================================================
global route report_checks -path_delay max reg to reg
--------------------------------------------------------------------------
Startpoint: IR[18]$_SDFFE_PP0P_
            (rising edge-triggered flip-flop clocked by core_clock)
Endpoint: GPR[0][14]$_DFFE_PP_
          (rising edge-triggered flip-flop clocked by core_clock)
Path Group: core_clock
Path Type: max

  Delay    Time   Description
---------------------------------------------------------
   0.00    0.00   clock core_clock (rise edge)
   0.00    0.00   clock source latency
   0.00    0.00 ^ clk (in)
   0.17    0.17 ^ clkbuf_0_clk/X (sky130_fd_sc_hd__clkbuf_16)
   0.18    0.35 ^ clkbuf_3_4__f_clk/X (sky130_fd_sc_hd__clkbuf_16)
   0.00    0.35 ^ IR[18]$_SDFFE_PP0P_/CLK (sky130_fd_sc_hd__dfxtp_1)
   0.30    0.65 v IR[18]$_SDFFE_PP0P_/Q (sky130_fd_sc_hd__dfxtp_1)
   0.23    0.87 v place49/X (sky130_fd_sc_hd__buf_4)
   0.41    1.28 ^ _1003_/Y (sky130_fd_sc_hd__inv_2)
   0.18    1.46 v _1103_/Y (sky130_fd_sc_hd__o21ai_0)
   0.50    1.96 ^ _1104_/Y (sky130_fd_sc_hd__o22ai_1)
   0.43    2.38 v _1829_/SUM (sky130_fd_sc_hd__ha_1)
   0.17    2.55 ^ _1156_/Y (sky130_fd_sc_hd__inv_1)
   0.08    2.63 v _1210_/Y (sky130_fd_sc_hd__nand2_1)
   0.09    2.72 ^ _1211_/Y (sky130_fd_sc_hd__nand2_1)
   0.14    2.86 v _1213_/Y (sky130_fd_sc_hd__nand3_1)
   0.16    3.03 ^ _1286_/Y (sky130_fd_sc_hd__inv_1)
   0.11    3.13 v _1287_/Y (sky130_fd_sc_hd__nand2_2)
   0.21    3.35 ^ _1421_/Y (sky130_fd_sc_hd__nor2_2)
   0.12    3.46 v _1582_/Y (sky130_fd_sc_hd__nand3_1)
   0.12    3.58 ^ _1583_/Y (sky130_fd_sc_hd__nand2_1)
   0.08    3.66 v _1584_/Y (sky130_fd_sc_hd__o22ai_1)
   0.20    3.86 ^ _1585_/Y (sky130_fd_sc_hd__nor3_1)
   0.29    4.16 v _1586_/Y (sky130_fd_sc_hd__o21ai_0)
   0.00    4.16 v GPR[0][14]$_DFFE_PP_/D (sky130_fd_sc_hd__edfxtp_1)
           4.16   data arrival time

   6.13    6.13   clock core_clock (rise edge)
   0.00    6.13   clock source latency
   0.00    6.13 ^ clk (in)
   0.17    6.29 ^ clkbuf_0_clk/X (sky130_fd_sc_hd__clkbuf_16)
   0.17    6.47 ^ clkbuf_3_6__f_clk/X (sky130_fd_sc_hd__clkbuf_16)
   0.00    6.47 ^ GPR[0][14]$_DFFE_PP_/CLK (sky130_fd_sc_hd__edfxtp_1)
   0.00    6.47   clock reconvergence pessimism
  -0.33    6.14   library setup time
           6.14   data required time
---------------------------------------------------------
           6.14   data required time
          -4.16   data arrival time
---------------------------------------------------------
           1.98   slack (MET)



==========================================================================
global route report_checks -path_delay min reg to reg
--------------------------------------------------------------------------
Startpoint: count[0]$_SDFF_PP0_
            (rising edge-triggered flip-flop clocked by core_clock)
Endpoint: count[0]$_SDFF_PP0_
          (rising edge-triggered flip-flop clocked by core_clock)
Path Group: core_clock
Path Type: min

  Delay    Time   Description
---------------------------------------------------------
   0.00    0.00   clock core_clock (rise edge)
   0.00    0.00   clock source latency
   0.00    0.00 ^ clk (in)
   0.17    0.17 ^ clkbuf_0_clk/X (sky130_fd_sc_hd__clkbuf_16)
   0.18    0.35 ^ clkbuf_3_7__f_clk/X (sky130_fd_sc_hd__clkbuf_16)
   0.00    0.35 ^ count[0]$_SDFF_PP0_/CLK (sky130_fd_sc_hd__dfxtp_1)
   0.36    0.70 ^ count[0]$_SDFF_PP0_/Q (sky130_fd_sc_hd__dfxtp_1)
   0.06    0.76 v _1725_/Y (sky130_fd_sc_hd__nor2_1)
   0.00    0.76 v count[0]$_SDFF_PP0_/D (sky130_fd_sc_hd__dfxtp_1)
           0.76   data arrival time

   0.00    0.00   clock core_clock (rise edge)
   0.00    0.00   clock source latency
   0.00    0.00 ^ clk (in)
   0.17    0.17 ^ clkbuf_0_clk/X (sky130_fd_sc_hd__clkbuf_16)
   0.18    0.35 ^ clkbuf_3_7__f_clk/X (sky130_fd_sc_hd__clkbuf_16)
   0.00    0.35 ^ count[0]$_SDFF_PP0_/CLK (sky130_fd_sc_hd__dfxtp_1)
   0.00    0.35   clock reconvergence pessimism
  -0.04    0.30   library hold time
           0.30   data required time
---------------------------------------------------------
           0.30   data required time
          -0.76   data arrival time
---------------------------------------------------------
           0.46   slack (MET)



==========================================================================
global route critical path target clock latency max path
--------------------------------------------------------------------------
0.3486

==========================================================================
global route critical path target clock latency min path
--------------------------------------------------------------------------
0.3478

==========================================================================
global route critical path source clock latency min path
--------------------------------------------------------------------------
0.0000

==========================================================================
global route critical path delay
--------------------------------------------------------------------------
4.2334

==========================================================================
global route critical path slack
--------------------------------------------------------------------------
1.8880

==========================================================================
global route slack div critical path delay
--------------------------------------------------------------------------
44.597723

==========================================================================
global route report_power
--------------------------------------------------------------------------
Group                  Internal  Switching    Leakage      Total
                          Power      Power      Power      Power (Watts)
----------------------------------------------------------------
Sequential             6.48e-04   1.57e-05   7.45e-10   6.63e-04  46.2%
Combinational          6.06e-05   1.53e-04   2.57e-09   2.13e-04  14.9%
Clock                  2.85e-04   2.74e-04   1.34e-10   5.59e-04  38.9%
Macro                  0.00e+00   0.00e+00   0.00e+00   0.00e+00   0.0%
Pad                    0.00e+00   0.00e+00   0.00e+00   0.00e+00   0.0%
----------------------------------------------------------------
Total                  9.94e-04   4.42e-04   3.45e-09   1.44e-03 100.0%
                          69.2%      30.8%       0.0%
