
==========================================================================
finish report_tns
--------------------------------------------------------------------------
tns max 0.00

==========================================================================
finish report_wns
--------------------------------------------------------------------------
wns max 0.00

==========================================================================
finish report_worst_slack
--------------------------------------------------------------------------
worst slack max 2.16

==========================================================================
finish report_clock_min_period
--------------------------------------------------------------------------
core_clock period_min = 3.96 fmax = 252.46

==========================================================================
finish report_clock_skew
--------------------------------------------------------------------------
Clock core_clock
   0.34 source latency GPR[3][0]$_DFFE_PP_/CLK ^
  -0.34 target latency GPR[0][11]$_DFFE_PP_/CLK ^
   0.00 CRPR
--------------
   0.01 setup skew


==========================================================================
finish report_checks -path_delay min
--------------------------------------------------------------------------
Startpoint: count[0]$_SDFF_PP0_
            (rising edge-triggered flip-flop clocked by core_clock)
Endpoint: count[0]$_SDFF_PP0_
          (rising edge-triggered flip-flop clocked by core_clock)
Path Group: core_clock
Path Type: min

Fanout     Cap    Slew   Delay    Time   Description
-----------------------------------------------------------------------------
                          0.00    0.00   clock core_clock (rise edge)
                          0.00    0.00   clock source latency
     1    0.02    0.00    0.00    0.00 ^ clk (in)
                                         clk (net)
                  0.00    0.00    0.00 ^ clkbuf_0_clk/A (sky130_fd_sc_hd__clkbuf_16)
     8    0.09    0.11    0.17    0.17 ^ clkbuf_0_clk/X (sky130_fd_sc_hd__clkbuf_16)
                                         clknet_0_clk (net)
                  0.11    0.00    0.17 ^ clkbuf_3_7__f_clk/A (sky130_fd_sc_hd__clkbuf_16)
     7    0.05    0.07    0.17    0.34 ^ clkbuf_3_7__f_clk/X (sky130_fd_sc_hd__clkbuf_16)
                                         clknet_3_7__leaf_clk (net)
                  0.07    0.00    0.34 ^ count[0]$_SDFF_PP0_/CLK (sky130_fd_sc_hd__dfxtp_1)
     2    0.01    0.08    0.34    0.68 ^ count[0]$_SDFF_PP0_/Q (sky130_fd_sc_hd__dfxtp_1)
                                         count[0] (net)
                  0.08    0.00    0.68 ^ _1725_/A (sky130_fd_sc_hd__nor2_1)
     1    0.00    0.03    0.05    0.72 v _1725_/Y (sky130_fd_sc_hd__nor2_1)
                                         _0162_ (net)
                  0.03    0.00    0.72 v count[0]$_SDFF_PP0_/D (sky130_fd_sc_hd__dfxtp_1)
                                  0.72   data arrival time

                          0.00    0.00   clock core_clock (rise edge)
                          0.00    0.00   clock source latency
     1    0.02    0.00    0.00    0.00 ^ clk (in)
                                         clk (net)
                  0.00    0.00    0.00 ^ clkbuf_0_clk/A (sky130_fd_sc_hd__clkbuf_16)
     8    0.09    0.11    0.17    0.17 ^ clkbuf_0_clk/X (sky130_fd_sc_hd__clkbuf_16)
                                         clknet_0_clk (net)
                  0.11    0.00    0.17 ^ clkbuf_3_7__f_clk/A (sky130_fd_sc_hd__clkbuf_16)
     7    0.05    0.07    0.17    0.34 ^ clkbuf_3_7__f_clk/X (sky130_fd_sc_hd__clkbuf_16)
                                         clknet_3_7__leaf_clk (net)
                  0.07    0.00    0.34 ^ count[0]$_SDFF_PP0_/CLK (sky130_fd_sc_hd__dfxtp_1)
                          0.00    0.34   clock reconvergence pessimism
                         -0.04    0.30   library hold time
                                  0.30   data required time
-----------------------------------------------------------------------------
                                  0.30   data required time
                                 -0.72   data arrival time
-----------------------------------------------------------------------------
                                  0.42   slack (MET)



==========================================================================
finish report_checks -path_delay max
--------------------------------------------------------------------------
Startpoint: sys_rst (input port clocked by core_clock)
Endpoint: GPR[0][4]$_DFFE_PP_
          (rising edge-triggered flip-flop clocked by core_clock)
Path Group: core_clock
Path Type: max

Fanout     Cap    Slew   Delay    Time   Description
-----------------------------------------------------------------------------
                          0.00    0.00   clock core_clock (rise edge)
                          0.00    0.00   clock network delay (propagated)
                          1.23    1.23 ^ input external delay
     1    0.00    0.00    0.00    1.23 ^ sys_rst (in)
                                         sys_rst (net)
                  0.00    0.00    1.23 ^ input36/A (sky130_fd_sc_hd__clkdlybuf4s50_1)
    20    0.07    0.72    0.93    2.16 ^ input36/X (sky130_fd_sc_hd__clkdlybuf4s50_1)
                                         net35 (net)
                  0.72    0.00    2.16 ^ _0961_/A (sky130_fd_sc_hd__inv_1)
     6    0.02    0.22    0.26    2.42 v _0961_/Y (sky130_fd_sc_hd__inv_1)
                                         _0274_ (net)
                  0.22    0.00    2.42 v _0967_/B (sky130_fd_sc_hd__nand2_1)
     2    0.01    0.11    0.17    2.59 ^ _0967_/Y (sky130_fd_sc_hd__nand2_1)
                                         _0280_ (net)
                  0.11    0.00    2.59 ^ _0973_/B (sky130_fd_sc_hd__nor2_1)
     4    0.01    0.06    0.08    2.67 v _0973_/Y (sky130_fd_sc_hd__nor2_1)
                                         _0286_ (net)
                  0.06    0.00    2.67 v _1131_/A (sky130_fd_sc_hd__nand2_1)
    10    0.04    0.41    0.32    2.99 ^ _1131_/Y (sky130_fd_sc_hd__nand2_1)
                                         _0423_ (net)
                  0.41    0.00    2.99 ^ _1140_/A (sky130_fd_sc_hd__inv_1)
     7    0.03    0.17    0.23    3.23 v _1140_/Y (sky130_fd_sc_hd__inv_1)
                                         _0429_ (net)
                  0.17    0.00    3.23 v _1229_/A1 (sky130_fd_sc_hd__a2111oi_0)
     1    0.00    0.33    0.38    3.61 ^ _1229_/Y (sky130_fd_sc_hd__a2111oi_0)
                                         _0514_ (net)
                  0.33    0.00    3.61 ^ _1230_/B1 (sky130_fd_sc_hd__o21ai_0)
     4    0.02    0.30    0.35    3.96 v _1230_/Y (sky130_fd_sc_hd__o21ai_0)
                                         _0010_ (net)
                  0.30    0.00    3.96 v GPR[0][4]$_DFFE_PP_/D (sky130_fd_sc_hd__edfxtp_1)
                                  3.96   data arrival time

                          6.13    6.13   clock core_clock (rise edge)
                          0.00    6.13   clock source latency
     1    0.02    0.00    0.00    6.13 ^ clk (in)
                                         clk (net)
                  0.00    0.00    6.13 ^ clkbuf_0_clk/A (sky130_fd_sc_hd__clkbuf_16)
     8    0.09    0.11    0.17    6.29 ^ clkbuf_0_clk/X (sky130_fd_sc_hd__clkbuf_16)
                                         clknet_0_clk (net)
                  0.11    0.00    6.29 ^ clkbuf_3_1__f_clk/A (sky130_fd_sc_hd__clkbuf_16)
    13    0.05    0.07    0.17    6.46 ^ clkbuf_3_1__f_clk/X (sky130_fd_sc_hd__clkbuf_16)
                                         clknet_3_1__leaf_clk (net)
                  0.07    0.00    6.46 ^ GPR[0][4]$_DFFE_PP_/CLK (sky130_fd_sc_hd__edfxtp_1)
                          0.00    6.46   clock reconvergence pessimism
                         -0.34    6.12   library setup time
                                  6.12   data required time
-----------------------------------------------------------------------------
                                  6.12   data required time
                                 -3.96   data arrival time
-----------------------------------------------------------------------------
                                  2.16   slack (MET)



==========================================================================
finish report_checks -unconstrained
--------------------------------------------------------------------------
Startpoint: sys_rst (input port clocked by core_clock)
Endpoint: GPR[0][4]$_DFFE_PP_
          (rising edge-triggered flip-flop clocked by core_clock)
Path Group: core_clock
Path Type: max

Fanout     Cap    Slew   Delay    Time   Description
-----------------------------------------------------------------------------
                          0.00    0.00   clock core_clock (rise edge)
                          0.00    0.00   clock network delay (propagated)
                          1.23    1.23 ^ input external delay
     1    0.00    0.00    0.00    1.23 ^ sys_rst (in)
                                         sys_rst (net)
                  0.00    0.00    1.23 ^ input36/A (sky130_fd_sc_hd__clkdlybuf4s50_1)
    20    0.07    0.72    0.93    2.16 ^ input36/X (sky130_fd_sc_hd__clkdlybuf4s50_1)
                                         net35 (net)
                  0.72    0.00    2.16 ^ _0961_/A (sky130_fd_sc_hd__inv_1)
     6    0.02    0.22    0.26    2.42 v _0961_/Y (sky130_fd_sc_hd__inv_1)
                                         _0274_ (net)
                  0.22    0.00    2.42 v _0967_/B (sky130_fd_sc_hd__nand2_1)
     2    0.01    0.11    0.17    2.59 ^ _0967_/Y (sky130_fd_sc_hd__nand2_1)
                                         _0280_ (net)
                  0.11    0.00    2.59 ^ _0973_/B (sky130_fd_sc_hd__nor2_1)
     4    0.01    0.06    0.08    2.67 v _0973_/Y (sky130_fd_sc_hd__nor2_1)
                                         _0286_ (net)
                  0.06    0.00    2.67 v _1131_/A (sky130_fd_sc_hd__nand2_1)
    10    0.04    0.41    0.32    2.99 ^ _1131_/Y (sky130_fd_sc_hd__nand2_1)
                                         _0423_ (net)
                  0.41    0.00    2.99 ^ _1140_/A (sky130_fd_sc_hd__inv_1)
     7    0.03    0.17    0.23    3.23 v _1140_/Y (sky130_fd_sc_hd__inv_1)
                                         _0429_ (net)
                  0.17    0.00    3.23 v _1229_/A1 (sky130_fd_sc_hd__a2111oi_0)
     1    0.00    0.33    0.38    3.61 ^ _1229_/Y (sky130_fd_sc_hd__a2111oi_0)
                                         _0514_ (net)
                  0.33    0.00    3.61 ^ _1230_/B1 (sky130_fd_sc_hd__o21ai_0)
     4    0.02    0.30    0.35    3.96 v _1230_/Y (sky130_fd_sc_hd__o21ai_0)
                                         _0010_ (net)
                  0.30    0.00    3.96 v GPR[0][4]$_DFFE_PP_/D (sky130_fd_sc_hd__edfxtp_1)
                                  3.96   data arrival time

                          6.13    6.13   clock core_clock (rise edge)
                          0.00    6.13   clock source latency
     1    0.02    0.00    0.00    6.13 ^ clk (in)
                                         clk (net)
                  0.00    0.00    6.13 ^ clkbuf_0_clk/A (sky130_fd_sc_hd__clkbuf_16)
     8    0.09    0.11    0.17    6.29 ^ clkbuf_0_clk/X (sky130_fd_sc_hd__clkbuf_16)
                                         clknet_0_clk (net)
                  0.11    0.00    6.29 ^ clkbuf_3_1__f_clk/A (sky130_fd_sc_hd__clkbuf_16)
    13    0.05    0.07    0.17    6.46 ^ clkbuf_3_1__f_clk/X (sky130_fd_sc_hd__clkbuf_16)
                                         clknet_3_1__leaf_clk (net)
                  0.07    0.00    6.46 ^ GPR[0][4]$_DFFE_PP_/CLK (sky130_fd_sc_hd__edfxtp_1)
                          0.00    6.46   clock reconvergence pessimism
                         -0.34    6.12   library setup time
                                  6.12   data required time
-----------------------------------------------------------------------------
                                  6.12   data required time
                                 -3.96   data arrival time
-----------------------------------------------------------------------------
                                  2.16   slack (MET)



==========================================================================
finish report_check_types -max_slew -max_cap -max_fanout -violators
--------------------------------------------------------------------------

==========================================================================
finish max_slew_check_slack
--------------------------------------------------------------------------
0.7775862812995911

==========================================================================
finish max_slew_check_limit
--------------------------------------------------------------------------
1.4953149557113647

==========================================================================
finish max_slew_check_slack_limit
--------------------------------------------------------------------------
0.5200

==========================================================================
finish max_fanout_check_slack
--------------------------------------------------------------------------
1.0000000150474662e+30

==========================================================================
finish max_fanout_check_limit
--------------------------------------------------------------------------
1.0000000150474662e+30

==========================================================================
finish max_capacitance_check_slack
--------------------------------------------------------------------------
0.018493792042136192

==========================================================================
finish max_capacitance_check_limit
--------------------------------------------------------------------------
0.021067000925540924

==========================================================================
finish max_capacitance_check_slack_limit
--------------------------------------------------------------------------
0.8779

==========================================================================
finish max_slew_violation_count
--------------------------------------------------------------------------
max slew violation count 0

==========================================================================
finish max_fanout_violation_count
--------------------------------------------------------------------------
max fanout violation count 0

==========================================================================
finish max_cap_violation_count
--------------------------------------------------------------------------
max cap violation count 0

==========================================================================
finish setup_violation_count
--------------------------------------------------------------------------
setup violation count 0

==========================================================================
finish hold_violation_count
--------------------------------------------------------------------------
hold violation count 0

==========================================================================
finish report_checks -path_delay max reg to reg
--------------------------------------------------------------------------
Startpoint: IR[18]$_SDFFE_PP0P_
            (rising edge-triggered flip-flop clocked by core_clock)
Endpoint: GPR[0][15]$_DFFE_PP_
          (rising edge-triggered flip-flop clocked by core_clock)
Path Group: core_clock
Path Type: max

  Delay    Time   Description
---------------------------------------------------------
   0.00    0.00   clock core_clock (rise edge)
   0.00    0.00   clock source latency
   0.00    0.00 ^ clk (in)
   0.17    0.17 ^ clkbuf_0_clk/X (sky130_fd_sc_hd__clkbuf_16)
   0.17    0.34 ^ clkbuf_3_4__f_clk/X (sky130_fd_sc_hd__clkbuf_16)
   0.00    0.34 ^ IR[18]$_SDFFE_PP0P_/CLK (sky130_fd_sc_hd__dfxtp_1)
   0.30    0.63 v IR[18]$_SDFFE_PP0P_/Q (sky130_fd_sc_hd__dfxtp_1)
   0.21    0.85 v place49/X (sky130_fd_sc_hd__buf_4)
   0.39    1.24 ^ _1003_/Y (sky130_fd_sc_hd__inv_2)
   0.16    1.40 v _1103_/Y (sky130_fd_sc_hd__o21ai_0)
   0.48    1.88 ^ _1104_/Y (sky130_fd_sc_hd__o22ai_1)
   0.40    2.28 v _1829_/SUM (sky130_fd_sc_hd__ha_1)
   0.14    2.42 ^ _1156_/Y (sky130_fd_sc_hd__inv_1)
   0.11    2.53 v _1185_/Y (sky130_fd_sc_hd__nand3_1)
   0.07    2.60 ^ _1191_/Y (sky130_fd_sc_hd__inv_1)
   0.06    2.66 v _1192_/Y (sky130_fd_sc_hd__nor2_1)
   0.19    2.85 ^ _1243_/Y (sky130_fd_sc_hd__nor2_2)
   0.09    2.93 v _1384_/Y (sky130_fd_sc_hd__nand2_1)
   0.18    3.11 ^ _1385_/Y (sky130_fd_sc_hd__nor2_2)
   0.10    3.21 v _1597_/Y (sky130_fd_sc_hd__nand3_1)
   0.07    3.28 ^ _1598_/Y (sky130_fd_sc_hd__nand2_1)
   0.08    3.36 v _1600_/Y (sky130_fd_sc_hd__nand2_1)
   0.25    3.61 ^ _1614_/Y (sky130_fd_sc_hd__a221oi_1)
   0.23    3.84 v _1633_/Y (sky130_fd_sc_hd__nand3_1)
   0.00    3.84 v GPR[0][15]$_DFFE_PP_/D (sky130_fd_sc_hd__edfxtp_1)
           3.84   data arrival time

   6.13    6.13   clock core_clock (rise edge)
   0.00    6.13   clock source latency
   0.00    6.13 ^ clk (in)
   0.17    6.29 ^ clkbuf_0_clk/X (sky130_fd_sc_hd__clkbuf_16)
   0.17    6.47 ^ clkbuf_3_2__f_clk/X (sky130_fd_sc_hd__clkbuf_16)
   0.00    6.47 ^ GPR[0][15]$_DFFE_PP_/CLK (sky130_fd_sc_hd__edfxtp_1)
   0.00    6.47   clock reconvergence pessimism
  -0.30    6.16   library setup time
           6.16   data required time
---------------------------------------------------------
           6.16   data required time
          -3.84   data arrival time
---------------------------------------------------------
           2.32   slack (MET)



==========================================================================
finish report_checks -path_delay min reg to reg
--------------------------------------------------------------------------
Startpoint: count[0]$_SDFF_PP0_
            (rising edge-triggered flip-flop clocked by core_clock)
Endpoint: count[0]$_SDFF_PP0_
          (rising edge-triggered flip-flop clocked by core_clock)
Path Group: core_clock
Path Type: min

  Delay    Time   Description
---------------------------------------------------------
   0.00    0.00   clock core_clock (rise edge)
   0.00    0.00   clock source latency
   0.00    0.00 ^ clk (in)
   0.17    0.17 ^ clkbuf_0_clk/X (sky130_fd_sc_hd__clkbuf_16)
   0.17    0.34 ^ clkbuf_3_7__f_clk/X (sky130_fd_sc_hd__clkbuf_16)
   0.00    0.34 ^ count[0]$_SDFF_PP0_/CLK (sky130_fd_sc_hd__dfxtp_1)
   0.34    0.68 ^ count[0]$_SDFF_PP0_/Q (sky130_fd_sc_hd__dfxtp_1)
   0.05    0.72 v _1725_/Y (sky130_fd_sc_hd__nor2_1)
   0.00    0.72 v count[0]$_SDFF_PP0_/D (sky130_fd_sc_hd__dfxtp_1)
           0.72   data arrival time

   0.00    0.00   clock core_clock (rise edge)
   0.00    0.00   clock source latency
   0.00    0.00 ^ clk (in)
   0.17    0.17 ^ clkbuf_0_clk/X (sky130_fd_sc_hd__clkbuf_16)
   0.17    0.34 ^ clkbuf_3_7__f_clk/X (sky130_fd_sc_hd__clkbuf_16)
   0.00    0.34 ^ count[0]$_SDFF_PP0_/CLK (sky130_fd_sc_hd__dfxtp_1)
   0.00    0.34   clock reconvergence pessimism
  -0.04    0.30   library hold time
           0.30   data required time
---------------------------------------------------------
           0.30   data required time
          -0.72   data arrival time
---------------------------------------------------------
           0.42   slack (MET)



==========================================================================
finish critical path target clock latency max path
--------------------------------------------------------------------------
0.3394

==========================================================================
finish critical path target clock latency min path
--------------------------------------------------------------------------
0.3381

==========================================================================
finish critical path source clock latency min path
--------------------------------------------------------------------------
0.0000

==========================================================================
finish critical path delay
--------------------------------------------------------------------------
3.9572

==========================================================================
finish critical path slack
--------------------------------------------------------------------------
2.1642

==========================================================================
finish slack div critical path delay
--------------------------------------------------------------------------
54.690185

==========================================================================
finish report_power
--------------------------------------------------------------------------
Group                  Internal  Switching    Leakage      Total
                          Power      Power      Power      Power (Watts)
----------------------------------------------------------------
Sequential             6.48e-04   1.40e-05   7.45e-10   6.62e-04  47.8%
Combinational          5.95e-05   1.31e-04   2.57e-09   1.90e-04  13.7%
Clock                  2.84e-04   2.47e-04   1.34e-10   5.32e-04  38.4%
Macro                  0.00e+00   0.00e+00   0.00e+00   0.00e+00   0.0%
Pad                    0.00e+00   0.00e+00   0.00e+00   0.00e+00   0.0%
----------------------------------------------------------------
Total                  9.92e-04   3.92e-04   3.45e-09   1.38e-03 100.0%
                          71.7%      28.3%       0.0%
