
==========================================================================
cts final report_tns
--------------------------------------------------------------------------
tns max 0.00

==========================================================================
cts final report_wns
--------------------------------------------------------------------------
wns max 0.00

==========================================================================
cts final report_worst_slack
--------------------------------------------------------------------------
worst slack max 9.26

==========================================================================
cts final report_clock_min_period
--------------------------------------------------------------------------
core_clock period_min = 5.71 fmax = 175.10

==========================================================================
cts final report_clock_skew
--------------------------------------------------------------------------
Clock core_clock
   0.37 source latency GPR[0][6]$_DFFE_PP_/CLK ^
  -0.35 target latency GPR[1][14]$_DFFE_PP_/CLK ^
   0.00 CRPR
--------------
   0.02 setup skew


==========================================================================
cts final report_checks -path_delay min
--------------------------------------------------------------------------
Startpoint: count[0]$_SDFF_PP0_
            (rising edge-triggered flip-flop clocked by core_clock)
Endpoint: count[0]$_SDFF_PP0_
          (rising edge-triggered flip-flop clocked by core_clock)
Path Group: core_clock
Path Type: min

Fanout     Cap    Slew   Delay    Time   Description
-----------------------------------------------------------------------------
                          0.00    0.00   clock core_clock (rise edge)
                          0.00    0.00   clock source latency
     1    0.03    0.00    0.00    0.00 ^ clk (in)
                                         clk (net)
                  0.00    0.00    0.00 ^ clkbuf_0_clk/A (sky130_fd_sc_hd__clkbuf_16)
     8    0.11    0.12    0.18    0.18 ^ clkbuf_0_clk/X (sky130_fd_sc_hd__clkbuf_16)
                                         clknet_0_clk (net)
                  0.12    0.00    0.18 ^ clkbuf_3_7__f_clk/A (sky130_fd_sc_hd__clkbuf_16)
     7    0.06    0.08    0.19    0.37 ^ clkbuf_3_7__f_clk/X (sky130_fd_sc_hd__clkbuf_16)
                                         clknet_3_7__leaf_clk (net)
                  0.08    0.00    0.37 ^ count[0]$_SDFF_PP0_/CLK (sky130_fd_sc_hd__dfxtp_1)
     2    0.01    0.08    0.35    0.71 ^ count[0]$_SDFF_PP0_/Q (sky130_fd_sc_hd__dfxtp_1)
                                         count[0] (net)
                  0.08    0.00    0.71 ^ _1725_/A (sky130_fd_sc_hd__nor2_1)
     1    0.00    0.03    0.05    0.76 v _1725_/Y (sky130_fd_sc_hd__nor2_1)
                                         _0162_ (net)
                  0.03    0.00    0.76 v count[0]$_SDFF_PP0_/D (sky130_fd_sc_hd__dfxtp_1)
                                  0.76   data arrival time

                          0.00    0.00   clock core_clock (rise edge)
                          0.00    0.00   clock source latency
     1    0.03    0.00    0.00    0.00 ^ clk (in)
                                         clk (net)
                  0.00    0.00    0.00 ^ clkbuf_0_clk/A (sky130_fd_sc_hd__clkbuf_16)
     8    0.11    0.12    0.18    0.18 ^ clkbuf_0_clk/X (sky130_fd_sc_hd__clkbuf_16)
                                         clknet_0_clk (net)
                  0.12    0.00    0.18 ^ clkbuf_3_7__f_clk/A (sky130_fd_sc_hd__clkbuf_16)
     7    0.06    0.08    0.19    0.37 ^ clkbuf_3_7__f_clk/X (sky130_fd_sc_hd__clkbuf_16)
                                         clknet_3_7__leaf_clk (net)
                  0.08    0.00    0.37 ^ count[0]$_SDFF_PP0_/CLK (sky130_fd_sc_hd__dfxtp_1)
                          0.00    0.37   clock reconvergence pessimism
                         -0.04    0.33   library hold time
                                  0.33   data required time
-----------------------------------------------------------------------------
                                  0.33   data required time
                                 -0.76   data arrival time
-----------------------------------------------------------------------------
                                  0.43   slack (MET)



==========================================================================
cts final report_checks -path_delay max
--------------------------------------------------------------------------
Startpoint: sys_rst (input port clocked by core_clock)
Endpoint: GPR[0][4]$_DFFE_PP_
          (rising edge-triggered flip-flop clocked by core_clock)
Path Group: core_clock
Path Type: max

Fanout     Cap    Slew   Delay    Time   Description
-----------------------------------------------------------------------------
                          0.00    0.00   clock core_clock (rise edge)
                          0.00    0.00   clock network delay (propagated)
                          3.00    3.00 ^ input external delay
     1    0.00    0.00    0.00    3.00 ^ sys_rst (in)
                                         sys_rst (net)
                  0.00    0.00    3.00 ^ input36/A (sky130_fd_sc_hd__clkdlybuf4s50_1)
    20    0.08    0.74    0.95    3.95 ^ input36/X (sky130_fd_sc_hd__clkdlybuf4s50_1)
                                         net35 (net)
                  0.74    0.00    3.95 ^ _0961_/A (sky130_fd_sc_hd__inv_1)
     6    0.02    0.22    0.26    4.21 v _0961_/Y (sky130_fd_sc_hd__inv_1)
                                         _0274_ (net)
                  0.22    0.00    4.21 v _0967_/B (sky130_fd_sc_hd__nand2_1)
     2    0.01    0.11    0.17    4.38 ^ _0967_/Y (sky130_fd_sc_hd__nand2_1)
                                         _0280_ (net)
                  0.11    0.00    4.38 ^ _0973_/B (sky130_fd_sc_hd__nor2_1)
     4    0.01    0.06    0.09    4.47 v _0973_/Y (sky130_fd_sc_hd__nor2_1)
                                         _0286_ (net)
                  0.06    0.00    4.47 v _1131_/A (sky130_fd_sc_hd__nand2_1)
    10    0.05    0.42    0.33    4.80 ^ _1131_/Y (sky130_fd_sc_hd__nand2_1)
                                         _0423_ (net)
                  0.42    0.00    4.80 ^ _1140_/A (sky130_fd_sc_hd__inv_1)
     7    0.03    0.18    0.24    5.05 v _1140_/Y (sky130_fd_sc_hd__inv_1)
                                         _0429_ (net)
                  0.18    0.00    5.05 v _1229_/A1 (sky130_fd_sc_hd__a2111oi_0)
     1    0.00    0.30    0.37    5.42 ^ _1229_/Y (sky130_fd_sc_hd__a2111oi_0)
                                         _0514_ (net)
                  0.30    0.00    5.42 ^ _1230_/B1 (sky130_fd_sc_hd__o21ai_0)
     4    0.02    0.28    0.32    5.74 v _1230_/Y (sky130_fd_sc_hd__o21ai_0)
                                         _0010_ (net)
                  0.28    0.00    5.74 v GPR[0][4]$_DFFE_PP_/D (sky130_fd_sc_hd__edfxtp_1)
                                  5.74   data arrival time

                         14.98   14.98   clock core_clock (rise edge)
                          0.00   14.98   clock source latency
     1    0.03    0.00    0.00   14.98 ^ clk (in)
                                         clk (net)
                  0.00    0.00   14.98 ^ clkbuf_0_clk/A (sky130_fd_sc_hd__clkbuf_16)
     8    0.11    0.12    0.18   15.15 ^ clkbuf_0_clk/X (sky130_fd_sc_hd__clkbuf_16)
                                         clknet_0_clk (net)
                  0.12    0.00   15.15 ^ clkbuf_3_0__f_clk/A (sky130_fd_sc_hd__clkbuf_16)
    17    0.06    0.07    0.18   15.34 ^ clkbuf_3_0__f_clk/X (sky130_fd_sc_hd__clkbuf_16)
                                         clknet_3_0__leaf_clk (net)
                  0.07    0.00   15.34 ^ GPR[0][4]$_DFFE_PP_/CLK (sky130_fd_sc_hd__edfxtp_1)
                          0.00   15.34   clock reconvergence pessimism
                         -0.33   15.00   library setup time
                                 15.00   data required time
-----------------------------------------------------------------------------
                                 15.00   data required time
                                 -5.74   data arrival time
-----------------------------------------------------------------------------
                                  9.26   slack (MET)



==========================================================================
cts final report_checks -unconstrained
--------------------------------------------------------------------------
Startpoint: sys_rst (input port clocked by core_clock)
Endpoint: GPR[0][4]$_DFFE_PP_
          (rising edge-triggered flip-flop clocked by core_clock)
Path Group: core_clock
Path Type: max

Fanout     Cap    Slew   Delay    Time   Description
-----------------------------------------------------------------------------
                          0.00    0.00   clock core_clock (rise edge)
                          0.00    0.00   clock network delay (propagated)
                          3.00    3.00 ^ input external delay
     1    0.00    0.00    0.00    3.00 ^ sys_rst (in)
                                         sys_rst (net)
                  0.00    0.00    3.00 ^ input36/A (sky130_fd_sc_hd__clkdlybuf4s50_1)
    20    0.08    0.74    0.95    3.95 ^ input36/X (sky130_fd_sc_hd__clkdlybuf4s50_1)
                                         net35 (net)
                  0.74    0.00    3.95 ^ _0961_/A (sky130_fd_sc_hd__inv_1)
     6    0.02    0.22    0.26    4.21 v _0961_/Y (sky130_fd_sc_hd__inv_1)
                                         _0274_ (net)
                  0.22    0.00    4.21 v _0967_/B (sky130_fd_sc_hd__nand2_1)
     2    0.01    0.11    0.17    4.38 ^ _0967_/Y (sky130_fd_sc_hd__nand2_1)
                                         _0280_ (net)
                  0.11    0.00    4.38 ^ _0973_/B (sky130_fd_sc_hd__nor2_1)
     4    0.01    0.06    0.09    4.47 v _0973_/Y (sky130_fd_sc_hd__nor2_1)
                                         _0286_ (net)
                  0.06    0.00    4.47 v _1131_/A (sky130_fd_sc_hd__nand2_1)
    10    0.05    0.42    0.33    4.80 ^ _1131_/Y (sky130_fd_sc_hd__nand2_1)
                                         _0423_ (net)
                  0.42    0.00    4.80 ^ _1140_/A (sky130_fd_sc_hd__inv_1)
     7    0.03    0.18    0.24    5.05 v _1140_/Y (sky130_fd_sc_hd__inv_1)
                                         _0429_ (net)
                  0.18    0.00    5.05 v _1229_/A1 (sky130_fd_sc_hd__a2111oi_0)
     1    0.00    0.30    0.37    5.42 ^ _1229_/Y (sky130_fd_sc_hd__a2111oi_0)
                                         _0514_ (net)
                  0.30    0.00    5.42 ^ _1230_/B1 (sky130_fd_sc_hd__o21ai_0)
     4    0.02    0.28    0.32    5.74 v _1230_/Y (sky130_fd_sc_hd__o21ai_0)
                                         _0010_ (net)
                  0.28    0.00    5.74 v GPR[0][4]$_DFFE_PP_/D (sky130_fd_sc_hd__edfxtp_1)
                                  5.74   data arrival time

                         14.98   14.98   clock core_clock (rise edge)
                          0.00   14.98   clock source latency
     1    0.03    0.00    0.00   14.98 ^ clk (in)
                                         clk (net)
                  0.00    0.00   14.98 ^ clkbuf_0_clk/A (sky130_fd_sc_hd__clkbuf_16)
     8    0.11    0.12    0.18   15.15 ^ clkbuf_0_clk/X (sky130_fd_sc_hd__clkbuf_16)
                                         clknet_0_clk (net)
                  0.12    0.00   15.15 ^ clkbuf_3_0__f_clk/A (sky130_fd_sc_hd__clkbuf_16)
    17    0.06    0.07    0.18   15.34 ^ clkbuf_3_0__f_clk/X (sky130_fd_sc_hd__clkbuf_16)
                                         clknet_3_0__leaf_clk (net)
                  0.07    0.00   15.34 ^ GPR[0][4]$_DFFE_PP_/CLK (sky130_fd_sc_hd__edfxtp_1)
                          0.00   15.34   clock reconvergence pessimism
                         -0.33   15.00   library setup time
                                 15.00   data required time
-----------------------------------------------------------------------------
                                 15.00   data required time
                                 -5.74   data arrival time
-----------------------------------------------------------------------------
                                  9.26   slack (MET)



==========================================================================
cts final report_check_types -max_slew -max_cap -max_fanout -violators
--------------------------------------------------------------------------

==========================================================================
cts final max_slew_check_slack
--------------------------------------------------------------------------
0.7521176934242249

==========================================================================
cts final max_slew_check_limit
--------------------------------------------------------------------------
1.4953149557113647

==========================================================================
cts final max_slew_check_slack_limit
--------------------------------------------------------------------------
0.5030

==========================================================================
cts final max_fanout_check_slack
--------------------------------------------------------------------------
1.0000000150474662e+30

==========================================================================
cts final max_fanout_check_limit
--------------------------------------------------------------------------
1.0000000150474662e+30

==========================================================================
cts final max_capacitance_check_slack
--------------------------------------------------------------------------
0.01896398887038231

==========================================================================
cts final max_capacitance_check_limit
--------------------------------------------------------------------------
0.021067000925540924

==========================================================================
cts final max_capacitance_check_slack_limit
--------------------------------------------------------------------------
0.9002

==========================================================================
cts final max_slew_violation_count
--------------------------------------------------------------------------
max slew violation count 0

==========================================================================
cts final max_fanout_violation_count
--------------------------------------------------------------------------
max fanout violation count 0

==========================================================================
cts final max_cap_violation_count
--------------------------------------------------------------------------
max cap violation count 0

==========================================================================
cts final setup_violation_count
--------------------------------------------------------------------------
setup violation count 0

==========================================================================
cts final hold_violation_count
--------------------------------------------------------------------------
hold violation count 0

==========================================================================
cts final report_checks -path_delay max reg to reg
--------------------------------------------------------------------------
Startpoint: IR[17]$_SDFFE_PP0P_
            (rising edge-triggered flip-flop clocked by core_clock)
Endpoint: GPR[0][15]$_DFFE_PP_
          (rising edge-triggered flip-flop clocked by core_clock)
Path Group: core_clock
Path Type: max

  Delay    Time   Description
---------------------------------------------------------
   0.00    0.00   clock core_clock (rise edge)
   0.00    0.00   clock source latency
   0.00    0.00 ^ clk (in)
   0.18    0.18 ^ clkbuf_0_clk/X (sky130_fd_sc_hd__clkbuf_16)
   0.18    0.36 ^ clkbuf_3_4__f_clk/X (sky130_fd_sc_hd__clkbuf_16)
   0.00    0.36 ^ IR[17]$_SDFFE_PP0P_/CLK (sky130_fd_sc_hd__dfxtp_1)
   0.30    0.65 v IR[17]$_SDFFE_PP0P_/Q (sky130_fd_sc_hd__dfxtp_1)
   0.26    0.91 v place50/X (sky130_fd_sc_hd__buf_4)
   0.52    1.43 ^ _0991_/Y (sky130_fd_sc_hd__inv_2)
   0.16    1.59 v _1103_/Y (sky130_fd_sc_hd__o21ai_0)
   0.54    2.13 ^ _1104_/Y (sky130_fd_sc_hd__o22ai_1)
   0.41    2.55 v _1829_/SUM (sky130_fd_sc_hd__ha_1)
   0.13    2.68 ^ _1156_/Y (sky130_fd_sc_hd__inv_1)
   0.10    2.78 v _1185_/Y (sky130_fd_sc_hd__nand3_1)
   0.06    2.84 ^ _1191_/Y (sky130_fd_sc_hd__inv_1)
   0.06    2.89 v _1192_/Y (sky130_fd_sc_hd__nor2_1)
   0.18    3.08 ^ _1243_/Y (sky130_fd_sc_hd__nor2_2)
   0.09    3.17 v _1384_/Y (sky130_fd_sc_hd__nand2_1)
   0.16    3.33 ^ _1385_/Y (sky130_fd_sc_hd__nor2_2)
   0.10    3.43 v _1597_/Y (sky130_fd_sc_hd__nand3_1)
   0.06    3.49 ^ _1598_/Y (sky130_fd_sc_hd__nand2_1)
   0.09    3.58 v _1600_/Y (sky130_fd_sc_hd__nand2_1)
   0.26    3.84 ^ _1614_/Y (sky130_fd_sc_hd__a221oi_1)
   0.24    4.08 v _1633_/Y (sky130_fd_sc_hd__nand3_1)
   0.00    4.08 v GPR[0][15]$_DFFE_PP_/D (sky130_fd_sc_hd__edfxtp_1)
           4.08   data arrival time

  14.98   14.98   clock core_clock (rise edge)
   0.00   14.98   clock source latency
   0.00   14.98 ^ clk (in)
   0.18   15.15 ^ clkbuf_0_clk/X (sky130_fd_sc_hd__clkbuf_16)
   0.18   15.33 ^ clkbuf_3_2__f_clk/X (sky130_fd_sc_hd__clkbuf_16)
   0.00   15.33 ^ GPR[0][15]$_DFFE_PP_/CLK (sky130_fd_sc_hd__edfxtp_1)
   0.00   15.33   clock reconvergence pessimism
  -0.31   15.02   library setup time
          15.02   data required time
---------------------------------------------------------
          15.02   data required time
          -4.08   data arrival time
---------------------------------------------------------
          10.95   slack (MET)



==========================================================================
cts final report_checks -path_delay min reg to reg
--------------------------------------------------------------------------
Startpoint: count[0]$_SDFF_PP0_
            (rising edge-triggered flip-flop clocked by core_clock)
Endpoint: count[0]$_SDFF_PP0_
          (rising edge-triggered flip-flop clocked by core_clock)
Path Group: core_clock
Path Type: min

  Delay    Time   Description
---------------------------------------------------------
   0.00    0.00   clock core_clock (rise edge)
   0.00    0.00   clock source latency
   0.00    0.00 ^ clk (in)
   0.18    0.18 ^ clkbuf_0_clk/X (sky130_fd_sc_hd__clkbuf_16)
   0.19    0.37 ^ clkbuf_3_7__f_clk/X (sky130_fd_sc_hd__clkbuf_16)
   0.00    0.37 ^ count[0]$_SDFF_PP0_/CLK (sky130_fd_sc_hd__dfxtp_1)
   0.35    0.71 ^ count[0]$_SDFF_PP0_/Q (sky130_fd_sc_hd__dfxtp_1)
   0.05    0.76 v _1725_/Y (sky130_fd_sc_hd__nor2_1)
   0.00    0.76 v count[0]$_SDFF_PP0_/D (sky130_fd_sc_hd__dfxtp_1)
           0.76   data arrival time

   0.00    0.00   clock core_clock (rise edge)
   0.00    0.00   clock source latency
   0.00    0.00 ^ clk (in)
   0.18    0.18 ^ clkbuf_0_clk/X (sky130_fd_sc_hd__clkbuf_16)
   0.19    0.37 ^ clkbuf_3_7__f_clk/X (sky130_fd_sc_hd__clkbuf_16)
   0.00    0.37 ^ count[0]$_SDFF_PP0_/CLK (sky130_fd_sc_hd__dfxtp_1)
   0.00    0.37   clock reconvergence pessimism
  -0.04    0.33   library hold time
           0.33   data required time
---------------------------------------------------------
           0.33   data required time
          -0.76   data arrival time
---------------------------------------------------------
           0.43   slack (MET)



==========================================================================
cts final critical path target clock latency max path
--------------------------------------------------------------------------
0.3617

==========================================================================
cts final critical path target clock latency min path
--------------------------------------------------------------------------
0.3685

==========================================================================
cts final critical path source clock latency min path
--------------------------------------------------------------------------
0.0000

==========================================================================
cts final critical path delay
--------------------------------------------------------------------------
5.7397

==========================================================================
cts final critical path slack
--------------------------------------------------------------------------
9.2641

==========================================================================
cts final slack div critical path delay
--------------------------------------------------------------------------
161.403906

==========================================================================
cts final report_power
--------------------------------------------------------------------------
Group                  Internal  Switching    Leakage      Total
                          Power      Power      Power      Power (Watts)
----------------------------------------------------------------
Sequential             2.65e-04   5.49e-06   7.45e-10   2.70e-04  45.6%
Combinational          2.44e-05   5.40e-05   2.57e-09   7.84e-05  13.2%
Clock                  1.33e-04   1.12e-04   1.43e-10   2.45e-04  41.2%
Macro                  0.00e+00   0.00e+00   0.00e+00   0.00e+00   0.0%
Pad                    0.00e+00   0.00e+00   0.00e+00   0.00e+00   0.0%
----------------------------------------------------------------
Total                  4.22e-04   1.72e-04   3.46e-09   5.94e-04 100.0%
                          71.1%      28.9%       0.0%
