
==========================================================================
detailed route report_tns
--------------------------------------------------------------------------
tns max 0.00

==========================================================================
detailed route report_wns
--------------------------------------------------------------------------
wns max 0.00

==========================================================================
detailed route report_worst_slack
--------------------------------------------------------------------------
worst slack max 4.41

==========================================================================
detailed route report_clock_min_period
--------------------------------------------------------------------------
core_clock period_min = 3.53 fmax = 283.28

==========================================================================
detailed route report_clock_skew
--------------------------------------------------------------------------
Clock core_clock
   0.29 source latency IR[18]$_SDFFE_PP0P_/CLK ^
  -0.29 target latency GPR[0][11]$_DFFE_PP_/CLK ^
   0.00 CRPR
--------------
  -0.00 setup skew


==========================================================================
detailed route report_checks -path_delay min
--------------------------------------------------------------------------
Startpoint: count[0]$_SDFF_PP0_
            (rising edge-triggered flip-flop clocked by core_clock)
Endpoint: count[0]$_SDFF_PP0_
          (rising edge-triggered flip-flop clocked by core_clock)
Path Group: core_clock
Path Type: min

Fanout     Cap    Slew   Delay    Time   Description
-----------------------------------------------------------------------------
                          0.00    0.00   clock core_clock (rise edge)
                          0.00    0.00   clock source latency
     1    0.01    0.00    0.00    0.00 ^ clk (in)
                                         clk (net)
                  0.00    0.00    0.00 ^ clkbuf_0_clk/A (sky130_fd_sc_hd__clkbuf_16)
     8    0.06    0.08    0.14    0.14 ^ clkbuf_0_clk/X (sky130_fd_sc_hd__clkbuf_16)
                                         clknet_0_clk (net)
                  0.08    0.00    0.14 ^ clkbuf_3_7__f_clk/A (sky130_fd_sc_hd__clkbuf_16)
     9    0.03    0.06    0.15    0.29 ^ clkbuf_3_7__f_clk/X (sky130_fd_sc_hd__clkbuf_16)
                                         clknet_3_7__leaf_clk (net)
                  0.06    0.00    0.29 ^ count[0]$_SDFF_PP0_/CLK (sky130_fd_sc_hd__dfxtp_1)
     2    0.01    0.07    0.32    0.62 ^ count[0]$_SDFF_PP0_/Q (sky130_fd_sc_hd__dfxtp_1)
                                         count[0] (net)
                  0.07    0.00    0.62 ^ _1725_/A (sky130_fd_sc_hd__nor2_1)
     1    0.00    0.02    0.04    0.66 v _1725_/Y (sky130_fd_sc_hd__nor2_1)
                                         _0162_ (net)
                  0.02    0.00    0.66 v count[0]$_SDFF_PP0_/D (sky130_fd_sc_hd__dfxtp_1)
                                  0.66   data arrival time

                          0.00    0.00   clock core_clock (rise edge)
                          0.00    0.00   clock source latency
     1    0.01    0.00    0.00    0.00 ^ clk (in)
                                         clk (net)
                  0.00    0.00    0.00 ^ clkbuf_0_clk/A (sky130_fd_sc_hd__clkbuf_16)
     8    0.06    0.08    0.14    0.14 ^ clkbuf_0_clk/X (sky130_fd_sc_hd__clkbuf_16)
                                         clknet_0_clk (net)
                  0.08    0.00    0.14 ^ clkbuf_3_7__f_clk/A (sky130_fd_sc_hd__clkbuf_16)
     9    0.03    0.06    0.15    0.29 ^ clkbuf_3_7__f_clk/X (sky130_fd_sc_hd__clkbuf_16)
                                         clknet_3_7__leaf_clk (net)
                  0.06    0.00    0.29 ^ count[0]$_SDFF_PP0_/CLK (sky130_fd_sc_hd__dfxtp_1)
                          0.00    0.29   clock reconvergence pessimism
                         -0.04    0.25   library hold time
                                  0.25   data required time
-----------------------------------------------------------------------------
                                  0.25   data required time
                                 -0.66   data arrival time
-----------------------------------------------------------------------------
                                  0.41   slack (MET)



==========================================================================
detailed route report_checks -path_delay max
--------------------------------------------------------------------------
Startpoint: sys_rst (input port clocked by core_clock)
Endpoint: GPR[0][4]$_DFFE_PP_
          (rising edge-triggered flip-flop clocked by core_clock)
Path Group: core_clock
Path Type: max

Fanout     Cap    Slew   Delay    Time   Description
-----------------------------------------------------------------------------
                          0.00    0.00   clock core_clock (rise edge)
                          0.00    0.00   clock network delay (propagated)
                          1.59    1.59 ^ input external delay
     1    0.00    0.00    0.00    1.59 ^ sys_rst (in)
                                         sys_rst (net)
                  0.00    0.00    1.59 ^ input36/A (sky130_fd_sc_hd__clkdlybuf4s50_1)
    20    0.05    0.48    0.77    2.35 ^ input36/X (sky130_fd_sc_hd__clkdlybuf4s50_1)
                                         net35 (net)
                  0.48    0.00    2.35 ^ _0961_/A (sky130_fd_sc_hd__inv_1)
     6    0.01    0.14    0.16    2.52 v _0961_/Y (sky130_fd_sc_hd__inv_1)
                                         _0274_ (net)
                  0.14    0.00    2.52 v _0967_/B (sky130_fd_sc_hd__nand2_1)
     2    0.01    0.07    0.12    2.63 ^ _0967_/Y (sky130_fd_sc_hd__nand2_1)
                                         _0280_ (net)
                  0.07    0.00    2.63 ^ _0973_/B (sky130_fd_sc_hd__nor2_1)
     4    0.01    0.05    0.07    2.70 v _0973_/Y (sky130_fd_sc_hd__nor2_1)
                                         _0286_ (net)
                  0.05    0.00    2.70 v _1131_/A (sky130_fd_sc_hd__nand2_1)
    10    0.02    0.24    0.19    2.89 ^ _1131_/Y (sky130_fd_sc_hd__nand2_1)
                                         _0423_ (net)
                  0.24    0.00    2.89 ^ _1140_/A (sky130_fd_sc_hd__inv_1)
     7    0.02    0.11    0.14    3.03 v _1140_/Y (sky130_fd_sc_hd__inv_1)
                                         _0429_ (net)
                  0.11    0.00    3.03 v _1229_/A1 (sky130_fd_sc_hd__a2111oi_0)
     1    0.00    0.28    0.32    3.35 ^ _1229_/Y (sky130_fd_sc_hd__a2111oi_0)
                                         _0514_ (net)
                  0.28    0.00    3.35 ^ _1230_/B1 (sky130_fd_sc_hd__o21ai_0)
     4    0.01    0.14    0.19    3.54 v _1230_/Y (sky130_fd_sc_hd__o21ai_0)
                                         _0010_ (net)
                  0.14    0.00    3.54 v GPR[0][4]$_DFFE_PP_/D (sky130_fd_sc_hd__edfxtp_1)
                                  3.54   data arrival time

                          7.94    7.94   clock core_clock (rise edge)
                          0.00    7.94   clock source latency
     1    0.01    0.00    0.00    7.94 ^ clk (in)
                                         clk (net)
                  0.00    0.00    7.94 ^ clkbuf_0_clk/A (sky130_fd_sc_hd__clkbuf_16)
     8    0.06    0.08    0.14    8.08 ^ clkbuf_0_clk/X (sky130_fd_sc_hd__clkbuf_16)
                                         clknet_0_clk (net)
                  0.08    0.00    8.08 ^ clkbuf_3_0__f_clk/A (sky130_fd_sc_hd__clkbuf_16)
    15    0.03    0.06    0.15    8.23 ^ clkbuf_3_0__f_clk/X (sky130_fd_sc_hd__clkbuf_16)
                                         clknet_3_0__leaf_clk (net)
                  0.06    0.00    8.23 ^ GPR[0][4]$_DFFE_PP_/CLK (sky130_fd_sc_hd__edfxtp_1)
                          0.00    8.23   clock reconvergence pessimism
                         -0.28    7.95   library setup time
                                  7.95   data required time
-----------------------------------------------------------------------------
                                  7.95   data required time
                                 -3.54   data arrival time
-----------------------------------------------------------------------------
                                  4.41   slack (MET)



==========================================================================
detailed route report_checks -unconstrained
--------------------------------------------------------------------------
Startpoint: sys_rst (input port clocked by core_clock)
Endpoint: GPR[0][4]$_DFFE_PP_
          (rising edge-triggered flip-flop clocked by core_clock)
Path Group: core_clock
Path Type: max

Fanout     Cap    Slew   Delay    Time   Description
-----------------------------------------------------------------------------
                          0.00    0.00   clock core_clock (rise edge)
                          0.00    0.00   clock network delay (propagated)
                          1.59    1.59 ^ input external delay
     1    0.00    0.00    0.00    1.59 ^ sys_rst (in)
                                         sys_rst (net)
                  0.00    0.00    1.59 ^ input36/A (sky130_fd_sc_hd__clkdlybuf4s50_1)
    20    0.05    0.48    0.77    2.35 ^ input36/X (sky130_fd_sc_hd__clkdlybuf4s50_1)
                                         net35 (net)
                  0.48    0.00    2.35 ^ _0961_/A (sky130_fd_sc_hd__inv_1)
     6    0.01    0.14    0.16    2.52 v _0961_/Y (sky130_fd_sc_hd__inv_1)
                                         _0274_ (net)
                  0.14    0.00    2.52 v _0967_/B (sky130_fd_sc_hd__nand2_1)
     2    0.01    0.07    0.12    2.63 ^ _0967_/Y (sky130_fd_sc_hd__nand2_1)
                                         _0280_ (net)
                  0.07    0.00    2.63 ^ _0973_/B (sky130_fd_sc_hd__nor2_1)
     4    0.01    0.05    0.07    2.70 v _0973_/Y (sky130_fd_sc_hd__nor2_1)
                                         _0286_ (net)
                  0.05    0.00    2.70 v _1131_/A (sky130_fd_sc_hd__nand2_1)
    10    0.02    0.24    0.19    2.89 ^ _1131_/Y (sky130_fd_sc_hd__nand2_1)
                                         _0423_ (net)
                  0.24    0.00    2.89 ^ _1140_/A (sky130_fd_sc_hd__inv_1)
     7    0.02    0.11    0.14    3.03 v _1140_/Y (sky130_fd_sc_hd__inv_1)
                                         _0429_ (net)
                  0.11    0.00    3.03 v _1229_/A1 (sky130_fd_sc_hd__a2111oi_0)
     1    0.00    0.28    0.32    3.35 ^ _1229_/Y (sky130_fd_sc_hd__a2111oi_0)
                                         _0514_ (net)
                  0.28    0.00    3.35 ^ _1230_/B1 (sky130_fd_sc_hd__o21ai_0)
     4    0.01    0.14    0.19    3.54 v _1230_/Y (sky130_fd_sc_hd__o21ai_0)
                                         _0010_ (net)
                  0.14    0.00    3.54 v GPR[0][4]$_DFFE_PP_/D (sky130_fd_sc_hd__edfxtp_1)
                                  3.54   data arrival time

                          7.94    7.94   clock core_clock (rise edge)
                          0.00    7.94   clock source latency
     1    0.01    0.00    0.00    7.94 ^ clk (in)
                                         clk (net)
                  0.00    0.00    7.94 ^ clkbuf_0_clk/A (sky130_fd_sc_hd__clkbuf_16)
     8    0.06    0.08    0.14    8.08 ^ clkbuf_0_clk/X (sky130_fd_sc_hd__clkbuf_16)
                                         clknet_0_clk (net)
                  0.08    0.00    8.08 ^ clkbuf_3_0__f_clk/A (sky130_fd_sc_hd__clkbuf_16)
    15    0.03    0.06    0.15    8.23 ^ clkbuf_3_0__f_clk/X (sky130_fd_sc_hd__clkbuf_16)
                                         clknet_3_0__leaf_clk (net)
                  0.06    0.00    8.23 ^ GPR[0][4]$_DFFE_PP_/CLK (sky130_fd_sc_hd__edfxtp_1)
                          0.00    8.23   clock reconvergence pessimism
                         -0.28    7.95   library setup time
                                  7.95   data required time
-----------------------------------------------------------------------------
                                  7.95   data required time
                                 -3.54   data arrival time
-----------------------------------------------------------------------------
                                  4.41   slack (MET)



==========================================================================
detailed route report_check_types -max_slew -max_cap -max_fanout -violators
--------------------------------------------------------------------------

==========================================================================
detailed route max_slew_check_slack
--------------------------------------------------------------------------
1.0140295028686523

==========================================================================
detailed route max_slew_check_limit
--------------------------------------------------------------------------
1.4953149557113647

==========================================================================
detailed route max_slew_check_slack_limit
--------------------------------------------------------------------------
0.6781

==========================================================================
detailed route max_fanout_check_slack
--------------------------------------------------------------------------
1.0000000150474662e+30

==========================================================================
detailed route max_fanout_check_limit
--------------------------------------------------------------------------
1.0000000150474662e+30

==========================================================================
detailed route max_capacitance_check_slack
--------------------------------------------------------------------------
0.01937200129032135

==========================================================================
detailed route max_capacitance_check_limit
--------------------------------------------------------------------------
0.021067000925540924

==========================================================================
detailed route max_capacitance_check_slack_limit
--------------------------------------------------------------------------
0.9195

==========================================================================
detailed route max_slew_violation_count
--------------------------------------------------------------------------
max slew violation count 0

==========================================================================
detailed route max_fanout_violation_count
--------------------------------------------------------------------------
max fanout violation count 0

==========================================================================
detailed route max_cap_violation_count
--------------------------------------------------------------------------
max cap violation count 0

==========================================================================
detailed route setup_violation_count
--------------------------------------------------------------------------
setup violation count 0

==========================================================================
detailed route hold_violation_count
--------------------------------------------------------------------------
hold violation count 0

==========================================================================
detailed route report_checks -path_delay max reg to reg
--------------------------------------------------------------------------
Startpoint: IR[17]$_SDFFE_PP0P_
            (rising edge-triggered flip-flop clocked by core_clock)
Endpoint: GPR[0][4]$_DFFE_PP_
          (rising edge-triggered flip-flop clocked by core_clock)
Path Group: core_clock
Path Type: max

  Delay    Time   Description
---------------------------------------------------------
   0.00    0.00   clock core_clock (rise edge)
   0.00    0.00   clock source latency
   0.00    0.00 ^ clk (in)
   0.14    0.14 ^ clkbuf_0_clk/X (sky130_fd_sc_hd__clkbuf_16)
   0.15    0.29 ^ clkbuf_3_4__f_clk/X (sky130_fd_sc_hd__clkbuf_16)
   0.00    0.29 ^ IR[17]$_SDFFE_PP0P_/CLK (sky130_fd_sc_hd__dfxtp_1)
   0.29    0.59 v IR[17]$_SDFFE_PP0P_/Q (sky130_fd_sc_hd__dfxtp_1)
   0.21    0.80 v place50/X (sky130_fd_sc_hd__buf_4)
   0.29    1.09 ^ _0991_/Y (sky130_fd_sc_hd__inv_2)
   0.08    1.17 v _1112_/Y (sky130_fd_sc_hd__nand2_1)
   0.27    1.44 ^ _1116_/Y (sky130_fd_sc_hd__a32oi_1)
   0.14    1.58 v _1132_/Y (sky130_fd_sc_hd__inv_1)
   0.24    1.82 v _1818_/COUT (sky130_fd_sc_hd__ha_1)
   0.37    2.19 v _1815_/COUT (sky130_fd_sc_hd__fa_1)
   0.06    2.25 ^ _1154_/Y (sky130_fd_sc_hd__inv_1)
   0.07    2.32 v _1155_/Y (sky130_fd_sc_hd__nand2_1)
   0.15    2.47 ^ _1223_/Y (sky130_fd_sc_hd__nand3_1)
   0.06    2.53 v _1226_/Y (sky130_fd_sc_hd__nand2_1)
   0.07    2.60 ^ _1227_/Y (sky130_fd_sc_hd__nand2_1)
   0.04    2.64 v _1228_/Y (sky130_fd_sc_hd__nor2_1)
   0.22    2.86 ^ _1229_/Y (sky130_fd_sc_hd__a2111oi_0)
   0.19    3.05 v _1230_/Y (sky130_fd_sc_hd__o21ai_0)
   0.00    3.05 v GPR[0][4]$_DFFE_PP_/D (sky130_fd_sc_hd__edfxtp_1)
           3.05   data arrival time

   7.94    7.94   clock core_clock (rise edge)
   0.00    7.94   clock source latency
   0.00    7.94 ^ clk (in)
   0.14    8.08 ^ clkbuf_0_clk/X (sky130_fd_sc_hd__clkbuf_16)
   0.15    8.23 ^ clkbuf_3_0__f_clk/X (sky130_fd_sc_hd__clkbuf_16)
   0.00    8.23 ^ GPR[0][4]$_DFFE_PP_/CLK (sky130_fd_sc_hd__edfxtp_1)
   0.00    8.23   clock reconvergence pessimism
  -0.28    7.95   library setup time
           7.95   data required time
---------------------------------------------------------
           7.95   data required time
          -3.05   data arrival time
---------------------------------------------------------
           4.90   slack (MET)



==========================================================================
detailed route report_checks -path_delay min reg to reg
--------------------------------------------------------------------------
Startpoint: count[0]$_SDFF_PP0_
            (rising edge-triggered flip-flop clocked by core_clock)
Endpoint: count[0]$_SDFF_PP0_
          (rising edge-triggered flip-flop clocked by core_clock)
Path Group: core_clock
Path Type: min

  Delay    Time   Description
---------------------------------------------------------
   0.00    0.00   clock core_clock (rise edge)
   0.00    0.00   clock source latency
   0.00    0.00 ^ clk (in)
   0.14    0.14 ^ clkbuf_0_clk/X (sky130_fd_sc_hd__clkbuf_16)
   0.15    0.29 ^ clkbuf_3_7__f_clk/X (sky130_fd_sc_hd__clkbuf_16)
   0.00    0.29 ^ count[0]$_SDFF_PP0_/CLK (sky130_fd_sc_hd__dfxtp_1)
   0.32    0.62 ^ count[0]$_SDFF_PP0_/Q (sky130_fd_sc_hd__dfxtp_1)
   0.04    0.66 v _1725_/Y (sky130_fd_sc_hd__nor2_1)
   0.00    0.66 v count[0]$_SDFF_PP0_/D (sky130_fd_sc_hd__dfxtp_1)
           0.66   data arrival time

   0.00    0.00   clock core_clock (rise edge)
   0.00    0.00   clock source latency
   0.00    0.00 ^ clk (in)
   0.14    0.14 ^ clkbuf_0_clk/X (sky130_fd_sc_hd__clkbuf_16)
   0.15    0.29 ^ clkbuf_3_7__f_clk/X (sky130_fd_sc_hd__clkbuf_16)
   0.00    0.29 ^ count[0]$_SDFF_PP0_/CLK (sky130_fd_sc_hd__dfxtp_1)
   0.00    0.29   clock reconvergence pessimism
  -0.04    0.25   library hold time
           0.25   data required time
---------------------------------------------------------
           0.25   data required time
          -0.66   data arrival time
---------------------------------------------------------
           0.41   slack (MET)



==========================================================================
detailed route critical path target clock latency max path
--------------------------------------------------------------------------
0.2946

==========================================================================
detailed route critical path target clock latency min path
--------------------------------------------------------------------------
0.2950

==========================================================================
detailed route critical path source clock latency min path
--------------------------------------------------------------------------
0.0000

==========================================================================
detailed route critical path delay
--------------------------------------------------------------------------
3.5424

==========================================================================
detailed route critical path slack
--------------------------------------------------------------------------
4.4060

==========================================================================
detailed route slack div critical path delay
--------------------------------------------------------------------------
124.378952

==========================================================================
detailed route report_power
--------------------------------------------------------------------------
Group                  Internal  Switching    Leakage      Total
                          Power      Power      Power      Power (Watts)
----------------------------------------------------------------
Sequential             5.01e-04   6.42e-06   7.45e-10   5.07e-04  50.6%
Combinational          4.43e-05   6.68e-05   2.57e-09   1.11e-04  11.1%
Clock                  2.50e-04   1.33e-04   1.55e-10   3.83e-04  38.2%
Macro                  0.00e+00   0.00e+00   0.00e+00   0.00e+00   0.0%
Pad                    0.00e+00   0.00e+00   0.00e+00   0.00e+00   0.0%
----------------------------------------------------------------
Total                  7.95e-04   2.06e-04   3.47e-09   1.00e-03 100.0%
                          79.4%      20.6%       0.0%
