
==========================================================================
global route report_tns
--------------------------------------------------------------------------
tns max 0.00

==========================================================================
global route report_wns
--------------------------------------------------------------------------
wns max 0.00

==========================================================================
global route report_worst_slack
--------------------------------------------------------------------------
worst slack max 3.25

==========================================================================
global route report_clock_min_period
--------------------------------------------------------------------------
core_clock period_min = 4.69 fmax = 213.29

==========================================================================
global route report_clock_skew
--------------------------------------------------------------------------
Clock core_clock
   0.34 source latency IR[1]$_SDFFE_PP0P_/CLK ^
  -0.36 target latency GPR[3][11]$_DFFE_PP_/CLK ^
   0.00 CRPR
--------------
  -0.01 setup skew


==========================================================================
global route report_checks -path_delay min
--------------------------------------------------------------------------
Startpoint: count[0]$_SDFF_PP0_
            (rising edge-triggered flip-flop clocked by core_clock)
Endpoint: count[0]$_SDFF_PP0_
          (rising edge-triggered flip-flop clocked by core_clock)
Path Group: core_clock
Path Type: min

Fanout     Cap    Slew   Delay    Time   Description
-----------------------------------------------------------------------------
                          0.00    0.00   clock core_clock (rise edge)
                          0.00    0.00   clock source latency
     1    0.03    0.00    0.00    0.00 ^ clk (in)
                                         clk (net)
                  0.00    0.00    0.00 ^ clkbuf_0_clk/A (sky130_fd_sc_hd__clkbuf_16)
     8    0.10    0.11    0.17    0.17 ^ clkbuf_0_clk/X (sky130_fd_sc_hd__clkbuf_16)
                                         clknet_0_clk (net)
                  0.11    0.00    0.17 ^ clkbuf_3_7__f_clk/A (sky130_fd_sc_hd__clkbuf_16)
     9    0.06    0.08    0.18    0.35 ^ clkbuf_3_7__f_clk/X (sky130_fd_sc_hd__clkbuf_16)
                                         clknet_3_7__leaf_clk (net)
                  0.08    0.00    0.35 ^ count[0]$_SDFF_PP0_/CLK (sky130_fd_sc_hd__dfxtp_1)
     2    0.01    0.11    0.36    0.72 ^ count[0]$_SDFF_PP0_/Q (sky130_fd_sc_hd__dfxtp_1)
                                         count[0] (net)
                  0.11    0.00    0.72 ^ _1725_/A (sky130_fd_sc_hd__nor2_1)
     1    0.01    0.05    0.07    0.79 v _1725_/Y (sky130_fd_sc_hd__nor2_1)
                                         _0162_ (net)
                  0.05    0.00    0.79 v count[0]$_SDFF_PP0_/D (sky130_fd_sc_hd__dfxtp_1)
                                  0.79   data arrival time

                          0.00    0.00   clock core_clock (rise edge)
                          0.00    0.00   clock source latency
     1    0.03    0.00    0.00    0.00 ^ clk (in)
                                         clk (net)
                  0.00    0.00    0.00 ^ clkbuf_0_clk/A (sky130_fd_sc_hd__clkbuf_16)
     8    0.10    0.11    0.17    0.17 ^ clkbuf_0_clk/X (sky130_fd_sc_hd__clkbuf_16)
                                         clknet_0_clk (net)
                  0.11    0.00    0.17 ^ clkbuf_3_7__f_clk/A (sky130_fd_sc_hd__clkbuf_16)
     9    0.06    0.08    0.18    0.35 ^ clkbuf_3_7__f_clk/X (sky130_fd_sc_hd__clkbuf_16)
                                         clknet_3_7__leaf_clk (net)
                  0.08    0.00    0.35 ^ count[0]$_SDFF_PP0_/CLK (sky130_fd_sc_hd__dfxtp_1)
                          0.00    0.35   clock reconvergence pessimism
                         -0.05    0.31   library hold time
                                  0.31   data required time
-----------------------------------------------------------------------------
                                  0.31   data required time
                                 -0.79   data arrival time
-----------------------------------------------------------------------------
                                  0.48   slack (MET)



==========================================================================
global route report_checks -path_delay max
--------------------------------------------------------------------------
Startpoint: sys_rst (input port clocked by core_clock)
Endpoint: GPR[0][4]$_DFFE_PP_
          (rising edge-triggered flip-flop clocked by core_clock)
Path Group: core_clock
Path Type: max

Fanout     Cap    Slew   Delay    Time   Description
-----------------------------------------------------------------------------
                          0.00    0.00   clock core_clock (rise edge)
                          0.00    0.00   clock network delay (propagated)
                          1.59    1.59 ^ input external delay
     1    0.00    0.00    0.00    1.59 ^ sys_rst (in)
                                         sys_rst (net)
                  0.00    0.00    1.59 ^ input36/A (sky130_fd_sc_hd__clkdlybuf4s50_1)
    20    0.08    0.79    0.99    2.57 ^ input36/X (sky130_fd_sc_hd__clkdlybuf4s50_1)
                                         net35 (net)
                  0.79    0.00    2.57 ^ _0961_/A (sky130_fd_sc_hd__inv_1)
     6    0.02    0.23    0.27    2.84 v _0961_/Y (sky130_fd_sc_hd__inv_1)
                                         _0274_ (net)
                  0.23    0.00    2.85 v _0967_/B (sky130_fd_sc_hd__nand2_1)
     2    0.01    0.11    0.18    3.02 ^ _0967_/Y (sky130_fd_sc_hd__nand2_1)
                                         _0280_ (net)
                  0.11    0.00    3.02 ^ _0973_/B (sky130_fd_sc_hd__nor2_1)
     4    0.01    0.07    0.09    3.12 v _0973_/Y (sky130_fd_sc_hd__nor2_1)
                                         _0286_ (net)
                  0.07    0.00    3.12 v _1131_/A (sky130_fd_sc_hd__nand2_1)
    10    0.04    0.37    0.30    3.41 ^ _1131_/Y (sky130_fd_sc_hd__nand2_1)
                                         _0423_ (net)
                  0.37    0.00    3.41 ^ _1140_/A (sky130_fd_sc_hd__inv_1)
     7    0.03    0.18    0.24    3.65 v _1140_/Y (sky130_fd_sc_hd__inv_1)
                                         _0429_ (net)
                  0.18    0.00    3.65 v _1229_/A1 (sky130_fd_sc_hd__a2111oi_0)
     1    0.01    0.59    0.58    4.23 ^ _1229_/Y (sky130_fd_sc_hd__a2111oi_0)
                                         _0514_ (net)
                  0.59    0.00    4.23 ^ _1230_/B1 (sky130_fd_sc_hd__o21ai_0)
     4    0.02    0.36    0.44    4.68 v _1230_/Y (sky130_fd_sc_hd__o21ai_0)
                                         _0010_ (net)
                  0.36    0.00    4.68 v GPR[0][4]$_DFFE_PP_/D (sky130_fd_sc_hd__edfxtp_1)
                                  4.68   data arrival time

                          7.94    7.94   clock core_clock (rise edge)
                          0.00    7.94   clock source latency
     1    0.03    0.00    0.00    7.94 ^ clk (in)
                                         clk (net)
                  0.00    0.00    7.94 ^ clkbuf_0_clk/A (sky130_fd_sc_hd__clkbuf_16)
     8    0.10    0.11    0.17    8.10 ^ clkbuf_0_clk/X (sky130_fd_sc_hd__clkbuf_16)
                                         clknet_0_clk (net)
                  0.11    0.00    8.11 ^ clkbuf_3_0__f_clk/A (sky130_fd_sc_hd__clkbuf_16)
    15    0.06    0.07    0.18    8.29 ^ clkbuf_3_0__f_clk/X (sky130_fd_sc_hd__clkbuf_16)
                                         clknet_3_0__leaf_clk (net)
                  0.08    0.00    8.29 ^ GPR[0][4]$_DFFE_PP_/CLK (sky130_fd_sc_hd__edfxtp_1)
                          0.00    8.29   clock reconvergence pessimism
                         -0.36    7.93   library setup time
                                  7.93   data required time
-----------------------------------------------------------------------------
                                  7.93   data required time
                                 -4.68   data arrival time
-----------------------------------------------------------------------------
                                  3.25   slack (MET)



==========================================================================
global route report_checks -unconstrained
--------------------------------------------------------------------------
Startpoint: sys_rst (input port clocked by core_clock)
Endpoint: GPR[0][4]$_DFFE_PP_
          (rising edge-triggered flip-flop clocked by core_clock)
Path Group: core_clock
Path Type: max

Fanout     Cap    Slew   Delay    Time   Description
-----------------------------------------------------------------------------
                          0.00    0.00   clock core_clock (rise edge)
                          0.00    0.00   clock network delay (propagated)
                          1.59    1.59 ^ input external delay
     1    0.00    0.00    0.00    1.59 ^ sys_rst (in)
                                         sys_rst (net)
                  0.00    0.00    1.59 ^ input36/A (sky130_fd_sc_hd__clkdlybuf4s50_1)
    20    0.08    0.79    0.99    2.57 ^ input36/X (sky130_fd_sc_hd__clkdlybuf4s50_1)
                                         net35 (net)
                  0.79    0.00    2.57 ^ _0961_/A (sky130_fd_sc_hd__inv_1)
     6    0.02    0.23    0.27    2.84 v _0961_/Y (sky130_fd_sc_hd__inv_1)
                                         _0274_ (net)
                  0.23    0.00    2.85 v _0967_/B (sky130_fd_sc_hd__nand2_1)
     2    0.01    0.11    0.18    3.02 ^ _0967_/Y (sky130_fd_sc_hd__nand2_1)
                                         _0280_ (net)
                  0.11    0.00    3.02 ^ _0973_/B (sky130_fd_sc_hd__nor2_1)
     4    0.01    0.07    0.09    3.12 v _0973_/Y (sky130_fd_sc_hd__nor2_1)
                                         _0286_ (net)
                  0.07    0.00    3.12 v _1131_/A (sky130_fd_sc_hd__nand2_1)
    10    0.04    0.37    0.30    3.41 ^ _1131_/Y (sky130_fd_sc_hd__nand2_1)
                                         _0423_ (net)
                  0.37    0.00    3.41 ^ _1140_/A (sky130_fd_sc_hd__inv_1)
     7    0.03    0.18    0.24    3.65 v _1140_/Y (sky130_fd_sc_hd__inv_1)
                                         _0429_ (net)
                  0.18    0.00    3.65 v _1229_/A1 (sky130_fd_sc_hd__a2111oi_0)
     1    0.01    0.59    0.58    4.23 ^ _1229_/Y (sky130_fd_sc_hd__a2111oi_0)
                                         _0514_ (net)
                  0.59    0.00    4.23 ^ _1230_/B1 (sky130_fd_sc_hd__o21ai_0)
     4    0.02    0.36    0.44    4.68 v _1230_/Y (sky130_fd_sc_hd__o21ai_0)
                                         _0010_ (net)
                  0.36    0.00    4.68 v GPR[0][4]$_DFFE_PP_/D (sky130_fd_sc_hd__edfxtp_1)
                                  4.68   data arrival time

                          7.94    7.94   clock core_clock (rise edge)
                          0.00    7.94   clock source latency
     1    0.03    0.00    0.00    7.94 ^ clk (in)
                                         clk (net)
                  0.00    0.00    7.94 ^ clkbuf_0_clk/A (sky130_fd_sc_hd__clkbuf_16)
     8    0.10    0.11    0.17    8.10 ^ clkbuf_0_clk/X (sky130_fd_sc_hd__clkbuf_16)
                                         clknet_0_clk (net)
                  0.11    0.00    8.11 ^ clkbuf_3_0__f_clk/A (sky130_fd_sc_hd__clkbuf_16)
    15    0.06    0.07    0.18    8.29 ^ clkbuf_3_0__f_clk/X (sky130_fd_sc_hd__clkbuf_16)
                                         clknet_3_0__leaf_clk (net)
                  0.08    0.00    8.29 ^ GPR[0][4]$_DFFE_PP_/CLK (sky130_fd_sc_hd__edfxtp_1)
                          0.00    8.29   clock reconvergence pessimism
                         -0.36    7.93   library setup time
                                  7.93   data required time
-----------------------------------------------------------------------------
                                  7.93   data required time
                                 -4.68   data arrival time
-----------------------------------------------------------------------------
                                  3.25   slack (MET)



==========================================================================
global route report_check_types -max_slew -max_cap -max_fanout -violators
--------------------------------------------------------------------------

==========================================================================
global route max_slew_check_slack
--------------------------------------------------------------------------
0.7042831778526306

==========================================================================
global route max_slew_check_limit
--------------------------------------------------------------------------
1.4953149557113647

==========================================================================
global route max_slew_check_slack_limit
--------------------------------------------------------------------------
0.4710

==========================================================================
global route max_fanout_check_slack
--------------------------------------------------------------------------
1.0000000150474662e+30

==========================================================================
global route max_fanout_check_limit
--------------------------------------------------------------------------
1.0000000150474662e+30

==========================================================================
global route max_capacitance_check_slack
--------------------------------------------------------------------------
0.014217126183211803

==========================================================================
global route max_capacitance_check_limit
--------------------------------------------------------------------------
0.021067000925540924

==========================================================================
global route max_capacitance_check_slack_limit
--------------------------------------------------------------------------
0.6749

==========================================================================
global route max_slew_violation_count
--------------------------------------------------------------------------
max slew violation count 0

==========================================================================
global route max_fanout_violation_count
--------------------------------------------------------------------------
max fanout violation count 0

==========================================================================
global route max_cap_violation_count
--------------------------------------------------------------------------
max cap violation count 0

==========================================================================
global route setup_violation_count
--------------------------------------------------------------------------
setup violation count 0

==========================================================================
global route hold_violation_count
--------------------------------------------------------------------------
hold violation count 0

==========================================================================
global route report_checks -path_delay max reg to reg
--------------------------------------------------------------------------
Startpoint: IR[17]$_SDFFE_PP0P_
            (rising edge-triggered flip-flop clocked by core_clock)
Endpoint: GPR[0][4]$_DFFE_PP_
          (rising edge-triggered flip-flop clocked by core_clock)
Path Group: core_clock
Path Type: max

  Delay    Time   Description
---------------------------------------------------------
   0.00    0.00   clock core_clock (rise edge)
   0.00    0.00   clock source latency
   0.00    0.00 ^ clk (in)
   0.17    0.17 ^ clkbuf_0_clk/X (sky130_fd_sc_hd__clkbuf_16)
   0.18    0.35 ^ clkbuf_3_4__f_clk/X (sky130_fd_sc_hd__clkbuf_16)
   0.00    0.35 ^ IR[17]$_SDFFE_PP0P_/CLK (sky130_fd_sc_hd__dfxtp_1)
   0.31    0.67 v IR[17]$_SDFFE_PP0P_/Q (sky130_fd_sc_hd__dfxtp_1)
   0.26    0.93 v place50/X (sky130_fd_sc_hd__buf_4)
   0.51    1.44 ^ _0991_/Y (sky130_fd_sc_hd__inv_2)
   0.12    1.56 v _1112_/Y (sky130_fd_sc_hd__nand2_1)
   0.37    1.92 ^ _1116_/Y (sky130_fd_sc_hd__a32oi_1)
   0.22    2.14 v _1132_/Y (sky130_fd_sc_hd__inv_1)
   0.29    2.43 v _1818_/COUT (sky130_fd_sc_hd__ha_1)
   0.41    2.84 v _1815_/COUT (sky130_fd_sc_hd__fa_1)
   0.08    2.91 ^ _1154_/Y (sky130_fd_sc_hd__inv_1)
   0.11    3.03 v _1155_/Y (sky130_fd_sc_hd__nand2_1)
   0.21    3.24 ^ _1223_/Y (sky130_fd_sc_hd__nand3_1)
   0.08    3.32 v _1226_/Y (sky130_fd_sc_hd__nand2_1)
   0.12    3.44 ^ _1227_/Y (sky130_fd_sc_hd__nand2_1)
   0.06    3.50 v _1228_/Y (sky130_fd_sc_hd__nor2_1)
   0.46    3.97 ^ _1229_/Y (sky130_fd_sc_hd__a2111oi_0)
   0.45    4.41 v _1230_/Y (sky130_fd_sc_hd__o21ai_0)
   0.00    4.41 v GPR[0][4]$_DFFE_PP_/D (sky130_fd_sc_hd__edfxtp_1)
           4.41   data arrival time

   7.94    7.94   clock core_clock (rise edge)
   0.00    7.94   clock source latency
   0.00    7.94 ^ clk (in)
   0.17    8.10 ^ clkbuf_0_clk/X (sky130_fd_sc_hd__clkbuf_16)
   0.18    8.29 ^ clkbuf_3_0__f_clk/X (sky130_fd_sc_hd__clkbuf_16)
   0.00    8.29 ^ GPR[0][4]$_DFFE_PP_/CLK (sky130_fd_sc_hd__edfxtp_1)
   0.00    8.29   clock reconvergence pessimism
  -0.36    7.93   library setup time
           7.93   data required time
---------------------------------------------------------
           7.93   data required time
          -4.41   data arrival time
---------------------------------------------------------
           3.51   slack (MET)



==========================================================================
global route report_checks -path_delay min reg to reg
--------------------------------------------------------------------------
Startpoint: count[0]$_SDFF_PP0_
            (rising edge-triggered flip-flop clocked by core_clock)
Endpoint: count[0]$_SDFF_PP0_
          (rising edge-triggered flip-flop clocked by core_clock)
Path Group: core_clock
Path Type: min

  Delay    Time   Description
---------------------------------------------------------
   0.00    0.00   clock core_clock (rise edge)
   0.00    0.00   clock source latency
   0.00    0.00 ^ clk (in)
   0.17    0.17 ^ clkbuf_0_clk/X (sky130_fd_sc_hd__clkbuf_16)
   0.18    0.35 ^ clkbuf_3_7__f_clk/X (sky130_fd_sc_hd__clkbuf_16)
   0.00    0.35 ^ count[0]$_SDFF_PP0_/CLK (sky130_fd_sc_hd__dfxtp_1)
   0.36    0.72 ^ count[0]$_SDFF_PP0_/Q (sky130_fd_sc_hd__dfxtp_1)
   0.07    0.79 v _1725_/Y (sky130_fd_sc_hd__nor2_1)
   0.00    0.79 v count[0]$_SDFF_PP0_/D (sky130_fd_sc_hd__dfxtp_1)
           0.79   data arrival time

   0.00    0.00   clock core_clock (rise edge)
   0.00    0.00   clock source latency
   0.00    0.00 ^ clk (in)
   0.17    0.17 ^ clkbuf_0_clk/X (sky130_fd_sc_hd__clkbuf_16)
   0.18    0.35 ^ clkbuf_3_7__f_clk/X (sky130_fd_sc_hd__clkbuf_16)
   0.00    0.35 ^ count[0]$_SDFF_PP0_/CLK (sky130_fd_sc_hd__dfxtp_1)
   0.00    0.35   clock reconvergence pessimism
  -0.05    0.31   library hold time
           0.31   data required time
---------------------------------------------------------
           0.31   data required time
          -0.79   data arrival time
---------------------------------------------------------
           0.48   slack (MET)



==========================================================================
global route critical path target clock latency max path
--------------------------------------------------------------------------
0.3527

==========================================================================
global route critical path target clock latency min path
--------------------------------------------------------------------------
0.3550

==========================================================================
global route critical path source clock latency min path
--------------------------------------------------------------------------
0.0000

==========================================================================
global route critical path delay
--------------------------------------------------------------------------
4.6789

==========================================================================
global route critical path slack
--------------------------------------------------------------------------
3.2476

==========================================================================
global route slack div critical path delay
--------------------------------------------------------------------------
69.409477

==========================================================================
global route report_power
--------------------------------------------------------------------------
Group                  Internal  Switching    Leakage      Total
                          Power      Power      Power      Power (Watts)
----------------------------------------------------------------
Sequential             5.00e-04   1.17e-05   7.45e-10   5.12e-04  44.5%
Combinational          4.68e-05   1.19e-04   2.57e-09   1.66e-04  14.4%
Clock                  2.53e-04   2.19e-04   1.55e-10   4.73e-04  41.1%
Macro                  0.00e+00   0.00e+00   0.00e+00   0.00e+00   0.0%
Pad                    0.00e+00   0.00e+00   0.00e+00   0.00e+00   0.0%
----------------------------------------------------------------
Total                  8.00e-04   3.50e-04   3.47e-09   1.15e-03 100.0%
                          69.6%      30.4%       0.0%
