
==========================================================================
global place report_tns
--------------------------------------------------------------------------
tns max 0.00

==========================================================================
global place report_wns
--------------------------------------------------------------------------
wns max 0.00

==========================================================================
global place report_worst_slack
--------------------------------------------------------------------------
worst slack max 3.20

==========================================================================
global place report_clock_min_period
--------------------------------------------------------------------------
core_clock period_min = 4.50 fmax = 222.24

==========================================================================
global place report_checks -path_delay min
--------------------------------------------------------------------------
Startpoint: count[0]$_SDFF_PP0_
            (rising edge-triggered flip-flop clocked by core_clock)
Endpoint: count[0]$_SDFF_PP0_
          (rising edge-triggered flip-flop clocked by core_clock)
Path Group: core_clock
Path Type: min

Fanout     Cap    Slew   Delay    Time   Description
-----------------------------------------------------------------------------
                  0.00    0.00    0.00   clock core_clock (rise edge)
                          0.00    0.00   clock network delay (ideal)
                  0.00    0.00    0.00 ^ count[0]$_SDFF_PP0_/CLK (sky130_fd_sc_hd__dfxtp_1)
     2    0.01    0.08    0.31    0.31 ^ count[0]$_SDFF_PP0_/Q (sky130_fd_sc_hd__dfxtp_1)
                                         count[0] (net)
                  0.08    0.00    0.31 ^ _1725_/A (sky130_fd_sc_hd__nor2_1)
     1    0.00    0.03    0.05    0.36 v _1725_/Y (sky130_fd_sc_hd__nor2_1)
                                         _0162_ (net)
                  0.03    0.00    0.36 v count[0]$_SDFF_PP0_/D (sky130_fd_sc_hd__dfxtp_1)
                                  0.36   data arrival time

                  0.00    0.00    0.00   clock core_clock (rise edge)
                          0.00    0.00   clock network delay (ideal)
                          0.00    0.00   clock reconvergence pessimism
                                  0.00 ^ count[0]$_SDFF_PP0_/CLK (sky130_fd_sc_hd__dfxtp_1)
                         -0.06   -0.06   library hold time
                                 -0.06   data required time
-----------------------------------------------------------------------------
                                 -0.06   data required time
                                 -0.36   data arrival time
-----------------------------------------------------------------------------
                                  0.41   slack (MET)



==========================================================================
global place report_checks -path_delay max
--------------------------------------------------------------------------
Startpoint: sys_rst (input port clocked by core_clock)
Endpoint: GPR[3][12]$_DFFE_PP_
          (rising edge-triggered flip-flop clocked by core_clock)
Path Group: core_clock
Path Type: max

Fanout     Cap    Slew   Delay    Time   Description
-----------------------------------------------------------------------------
                  0.00    0.00    0.00   clock core_clock (rise edge)
                          0.00    0.00   clock network delay (ideal)
                          1.54    1.54 v input external delay
     1    0.00    0.00    0.00    1.54 v sys_rst (in)
                                         sys_rst (net)
                  0.00    0.00    1.54 v input36/A (sky130_fd_sc_hd__clkdlybuf4s50_1)
     1    0.00    0.05    0.39    1.93 v input36/X (sky130_fd_sc_hd__clkdlybuf4s50_1)
                                         net35 (net)
                  0.05    0.00    1.93 v place51/A (sky130_fd_sc_hd__buf_4)
    20    0.07    0.10    0.20    2.14 v place51/X (sky130_fd_sc_hd__buf_4)
                                         net50 (net)
                  0.10    0.00    2.14 v _0961_/A (sky130_fd_sc_hd__inv_1)
     6    0.02    0.17    0.17    2.31 ^ _0961_/Y (sky130_fd_sc_hd__inv_1)
                                         _0274_ (net)
                  0.17    0.00    2.31 ^ _0967_/B (sky130_fd_sc_hd__nand2_1)
     2    0.01    0.10    0.10    2.41 v _0967_/Y (sky130_fd_sc_hd__nand2_1)
                                         _0280_ (net)
                  0.10    0.00    2.41 v _0968_/B (sky130_fd_sc_hd__nor2_1)
     2    0.01    0.12    0.13    2.54 ^ _0968_/Y (sky130_fd_sc_hd__nor2_1)
                                         _0281_ (net)
                  0.12    0.00    2.54 ^ _0970_/A (sky130_fd_sc_hd__nand2_1)
    13    0.05    0.37    0.31    2.86 v _0970_/Y (sky130_fd_sc_hd__nand2_1)
                                         _0283_ (net)
                  0.37    0.00    2.86 v _0975_/B (sky130_fd_sc_hd__nand3_1)
     2    0.01    0.16    0.27    3.12 ^ _0975_/Y (sky130_fd_sc_hd__nand3_1)
                                         _0288_ (net)
                  0.16    0.00    3.12 ^ _0976_/B (sky130_fd_sc_hd__nand3b_1)
     2    0.01    0.08    0.11    3.24 v _0976_/Y (sky130_fd_sc_hd__nand3b_1)
                                         _0289_ (net)
                  0.08    0.00    3.24 v _0977_/B (sky130_fd_sc_hd__nor2_1)
     4    0.04    0.70    0.55    3.79 ^ _0977_/Y (sky130_fd_sc_hd__nor2_1)
                                         _0019_ (net)
                  0.70    0.00    3.79 ^ place46/A (sky130_fd_sc_hd__buf_4)
    13    0.08    0.24    0.38    4.17 ^ place46/X (sky130_fd_sc_hd__buf_4)
                                         net45 (net)
                  0.24    0.01    4.17 ^ GPR[3][12]$_DFFE_PP_/DE (sky130_fd_sc_hd__edfxtp_1)
                                  4.17   data arrival time

                  0.00    7.70    7.70   clock core_clock (rise edge)
                          0.00    7.70   clock network delay (ideal)
                          0.00    7.70   clock reconvergence pessimism
                                  7.70 ^ GPR[3][12]$_DFFE_PP_/CLK (sky130_fd_sc_hd__edfxtp_1)
                         -0.33    7.38   library setup time
                                  7.38   data required time
-----------------------------------------------------------------------------
                                  7.38   data required time
                                 -4.17   data arrival time
-----------------------------------------------------------------------------
                                  3.20   slack (MET)



==========================================================================
global place report_checks -unconstrained
--------------------------------------------------------------------------
Startpoint: sys_rst (input port clocked by core_clock)
Endpoint: GPR[3][12]$_DFFE_PP_
          (rising edge-triggered flip-flop clocked by core_clock)
Path Group: core_clock
Path Type: max

Fanout     Cap    Slew   Delay    Time   Description
-----------------------------------------------------------------------------
                  0.00    0.00    0.00   clock core_clock (rise edge)
                          0.00    0.00   clock network delay (ideal)
                          1.54    1.54 v input external delay
     1    0.00    0.00    0.00    1.54 v sys_rst (in)
                                         sys_rst (net)
                  0.00    0.00    1.54 v input36/A (sky130_fd_sc_hd__clkdlybuf4s50_1)
     1    0.00    0.05    0.39    1.93 v input36/X (sky130_fd_sc_hd__clkdlybuf4s50_1)
                                         net35 (net)
                  0.05    0.00    1.93 v place51/A (sky130_fd_sc_hd__buf_4)
    20    0.07    0.10    0.20    2.14 v place51/X (sky130_fd_sc_hd__buf_4)
                                         net50 (net)
                  0.10    0.00    2.14 v _0961_/A (sky130_fd_sc_hd__inv_1)
     6    0.02    0.17    0.17    2.31 ^ _0961_/Y (sky130_fd_sc_hd__inv_1)
                                         _0274_ (net)
                  0.17    0.00    2.31 ^ _0967_/B (sky130_fd_sc_hd__nand2_1)
     2    0.01    0.10    0.10    2.41 v _0967_/Y (sky130_fd_sc_hd__nand2_1)
                                         _0280_ (net)
                  0.10    0.00    2.41 v _0968_/B (sky130_fd_sc_hd__nor2_1)
     2    0.01    0.12    0.13    2.54 ^ _0968_/Y (sky130_fd_sc_hd__nor2_1)
                                         _0281_ (net)
                  0.12    0.00    2.54 ^ _0970_/A (sky130_fd_sc_hd__nand2_1)
    13    0.05    0.37    0.31    2.86 v _0970_/Y (sky130_fd_sc_hd__nand2_1)
                                         _0283_ (net)
                  0.37    0.00    2.86 v _0975_/B (sky130_fd_sc_hd__nand3_1)
     2    0.01    0.16    0.27    3.12 ^ _0975_/Y (sky130_fd_sc_hd__nand3_1)
                                         _0288_ (net)
                  0.16    0.00    3.12 ^ _0976_/B (sky130_fd_sc_hd__nand3b_1)
     2    0.01    0.08    0.11    3.24 v _0976_/Y (sky130_fd_sc_hd__nand3b_1)
                                         _0289_ (net)
                  0.08    0.00    3.24 v _0977_/B (sky130_fd_sc_hd__nor2_1)
     4    0.04    0.70    0.55    3.79 ^ _0977_/Y (sky130_fd_sc_hd__nor2_1)
                                         _0019_ (net)
                  0.70    0.00    3.79 ^ place46/A (sky130_fd_sc_hd__buf_4)
    13    0.08    0.24    0.38    4.17 ^ place46/X (sky130_fd_sc_hd__buf_4)
                                         net45 (net)
                  0.24    0.01    4.17 ^ GPR[3][12]$_DFFE_PP_/DE (sky130_fd_sc_hd__edfxtp_1)
                                  4.17   data arrival time

                  0.00    7.70    7.70   clock core_clock (rise edge)
                          0.00    7.70   clock network delay (ideal)
                          0.00    7.70   clock reconvergence pessimism
                                  7.70 ^ GPR[3][12]$_DFFE_PP_/CLK (sky130_fd_sc_hd__edfxtp_1)
                         -0.33    7.38   library setup time
                                  7.38   data required time
-----------------------------------------------------------------------------
                                  7.38   data required time
                                 -4.17   data arrival time
-----------------------------------------------------------------------------
                                  3.20   slack (MET)



==========================================================================
global place report_power
--------------------------------------------------------------------------
Group                  Internal  Switching    Leakage      Total
                          Power      Power      Power      Power (Watts)
----------------------------------------------------------------
Sequential             5.26e-04   1.11e-05   7.45e-10   5.37e-04  78.2%
Combinational          4.76e-05   1.02e-04   2.58e-09   1.49e-04  21.8%
Clock                  0.00e+00   0.00e+00   0.00e+00   0.00e+00   0.0%
Macro                  0.00e+00   0.00e+00   0.00e+00   0.00e+00   0.0%
Pad                    0.00e+00   0.00e+00   0.00e+00   0.00e+00   0.0%
----------------------------------------------------------------
Total                  5.74e-04   1.13e-04   3.32e-09   6.86e-04 100.0%
                          83.6%      16.4%       0.0%
