
==========================================================================
resizer report_tns
--------------------------------------------------------------------------
tns max 0.00

==========================================================================
resizer report_wns
--------------------------------------------------------------------------
wns max 0.00

==========================================================================
resizer report_worst_slack
--------------------------------------------------------------------------
worst slack max 3.20

==========================================================================
resizer report_clock_min_period
--------------------------------------------------------------------------
core_clock period_min = 4.50 fmax = 222.24

==========================================================================
resizer report_checks -path_delay min
--------------------------------------------------------------------------
Startpoint: count[0]$_SDFF_PP0_
            (rising edge-triggered flip-flop clocked by core_clock)
Endpoint: count[0]$_SDFF_PP0_
          (rising edge-triggered flip-flop clocked by core_clock)
Path Group: core_clock
Path Type: min

Fanout     Cap    Slew   Delay    Time   Description
-----------------------------------------------------------------------------
                  0.00    0.00    0.00   clock core_clock (rise edge)
                          0.00    0.00   clock network delay (ideal)
                  0.00    0.00    0.00 ^ count[0]$_SDFF_PP0_/CLK (sky130_fd_sc_hd__dfxtp_1)
     2    0.01    0.08    0.31    0.31 ^ count[0]$_SDFF_PP0_/Q (sky130_fd_sc_hd__dfxtp_1)
                                         count[0] (net)
                  0.08    0.00    0.31 ^ _1725_/A (sky130_fd_sc_hd__nor2_1)
     1    0.00    0.03    0.05    0.36 v _1725_/Y (sky130_fd_sc_hd__nor2_1)
                                         _0162_ (net)
                  0.03    0.00    0.36 v count[0]$_SDFF_PP0_/D (sky130_fd_sc_hd__dfxtp_1)
                                  0.36   data arrival time

                  0.00    0.00    0.00   clock core_clock (rise edge)
                          0.00    0.00   clock network delay (ideal)
                          0.00    0.00   clock reconvergence pessimism
                                  0.00 ^ count[0]$_SDFF_PP0_/CLK (sky130_fd_sc_hd__dfxtp_1)
                         -0.06   -0.06   library hold time
                                 -0.06   data required time
-----------------------------------------------------------------------------
                                 -0.06   data required time
                                 -0.36   data arrival time
-----------------------------------------------------------------------------
                                  0.41   slack (MET)



==========================================================================
resizer report_checks -path_delay max
--------------------------------------------------------------------------
Startpoint: sys_rst (input port clocked by core_clock)
Endpoint: GPR[3][12]$_DFFE_PP_
          (rising edge-triggered flip-flop clocked by core_clock)
Path Group: core_clock
Path Type: max

Fanout     Cap    Slew   Delay    Time   Description
-----------------------------------------------------------------------------
                  0.00    0.00    0.00   clock core_clock (rise edge)
                          0.00    0.00   clock network delay (ideal)
                          1.54    1.54 v input external delay
     1    0.00    0.00    0.00    1.54 v sys_rst (in)
                                         sys_rst (net)
                  0.00    0.00    1.54 v input36/A (sky130_fd_sc_hd__clkdlybuf4s50_1)
     1    0.00    0.05    0.39    1.93 v input36/X (sky130_fd_sc_hd__clkdlybuf4s50_1)
                                         net35 (net)
                  0.05    0.00    1.93 v place51/A (sky130_fd_sc_hd__buf_4)
    20    0.07    0.10    0.20    2.14 v place51/X (sky130_fd_sc_hd__buf_4)
                                         net50 (net)
                  0.10    0.00    2.14 v _0961_/A (sky130_fd_sc_hd__inv_1)
     6    0.02    0.17    0.17    2.31 ^ _0961_/Y (sky130_fd_sc_hd__inv_1)
                                         _0274_ (net)
                  0.17    0.00    2.31 ^ _0967_/B (sky130_fd_sc_hd__nand2_1)
     2    0.01    0.10    0.10    2.41 v _0967_/Y (sky130_fd_sc_hd__nand2_1)
                                         _0280_ (net)
                  0.10    0.00    2.41 v _0968_/B (sky130_fd_sc_hd__nor2_1)
     2    0.01    0.12    0.13    2.54 ^ _0968_/Y (sky130_fd_sc_hd__nor2_1)
                                         _0281_ (net)
                  0.12    0.00    2.54 ^ _0970_/A (sky130_fd_sc_hd__nand2_1)
    13    0.05    0.37    0.31    2.86 v _0970_/Y (sky130_fd_sc_hd__nand2_1)
                                         _0283_ (net)
                  0.37    0.00    2.86 v _0975_/B (sky130_fd_sc_hd__nand3_1)
     2    0.01    0.16    0.27    3.12 ^ _0975_/Y (sky130_fd_sc_hd__nand3_1)
                                         _0288_ (net)
                  0.16    0.00    3.12 ^ _0976_/B (sky130_fd_sc_hd__nand3b_1)
     2    0.01    0.08    0.11    3.24 v _0976_/Y (sky130_fd_sc_hd__nand3b_1)
                                         _0289_ (net)
                  0.08    0.00    3.24 v _0977_/B (sky130_fd_sc_hd__nor2_1)
     4    0.04    0.70    0.55    3.79 ^ _0977_/Y (sky130_fd_sc_hd__nor2_1)
                                         _0019_ (net)
                  0.70    0.00    3.79 ^ place46/A (sky130_fd_sc_hd__buf_4)
    13    0.08    0.24    0.38    4.17 ^ place46/X (sky130_fd_sc_hd__buf_4)
                                         net45 (net)
                  0.24    0.01    4.17 ^ GPR[3][12]$_DFFE_PP_/DE (sky130_fd_sc_hd__edfxtp_1)
                                  4.17   data arrival time

                  0.00    7.70    7.70   clock core_clock (rise edge)
                          0.00    7.70   clock network delay (ideal)
                          0.00    7.70   clock reconvergence pessimism
                                  7.70 ^ GPR[3][12]$_DFFE_PP_/CLK (sky130_fd_sc_hd__edfxtp_1)
                         -0.33    7.38   library setup time
                                  7.38   data required time
-----------------------------------------------------------------------------
                                  7.38   data required time
                                 -4.17   data arrival time
-----------------------------------------------------------------------------
                                  3.20   slack (MET)



==========================================================================
resizer report_checks -unconstrained
--------------------------------------------------------------------------
Startpoint: sys_rst (input port clocked by core_clock)
Endpoint: GPR[3][12]$_DFFE_PP_
          (rising edge-triggered flip-flop clocked by core_clock)
Path Group: core_clock
Path Type: max

Fanout     Cap    Slew   Delay    Time   Description
-----------------------------------------------------------------------------
                  0.00    0.00    0.00   clock core_clock (rise edge)
                          0.00    0.00   clock network delay (ideal)
                          1.54    1.54 v input external delay
     1    0.00    0.00    0.00    1.54 v sys_rst (in)
                                         sys_rst (net)
                  0.00    0.00    1.54 v input36/A (sky130_fd_sc_hd__clkdlybuf4s50_1)
     1    0.00    0.05    0.39    1.93 v input36/X (sky130_fd_sc_hd__clkdlybuf4s50_1)
                                         net35 (net)
                  0.05    0.00    1.93 v place51/A (sky130_fd_sc_hd__buf_4)
    20    0.07    0.10    0.20    2.14 v place51/X (sky130_fd_sc_hd__buf_4)
                                         net50 (net)
                  0.10    0.00    2.14 v _0961_/A (sky130_fd_sc_hd__inv_1)
     6    0.02    0.17    0.17    2.31 ^ _0961_/Y (sky130_fd_sc_hd__inv_1)
                                         _0274_ (net)
                  0.17    0.00    2.31 ^ _0967_/B (sky130_fd_sc_hd__nand2_1)
     2    0.01    0.10    0.10    2.41 v _0967_/Y (sky130_fd_sc_hd__nand2_1)
                                         _0280_ (net)
                  0.10    0.00    2.41 v _0968_/B (sky130_fd_sc_hd__nor2_1)
     2    0.01    0.12    0.13    2.54 ^ _0968_/Y (sky130_fd_sc_hd__nor2_1)
                                         _0281_ (net)
                  0.12    0.00    2.54 ^ _0970_/A (sky130_fd_sc_hd__nand2_1)
    13    0.05    0.37    0.31    2.86 v _0970_/Y (sky130_fd_sc_hd__nand2_1)
                                         _0283_ (net)
                  0.37    0.00    2.86 v _0975_/B (sky130_fd_sc_hd__nand3_1)
     2    0.01    0.16    0.27    3.12 ^ _0975_/Y (sky130_fd_sc_hd__nand3_1)
                                         _0288_ (net)
                  0.16    0.00    3.12 ^ _0976_/B (sky130_fd_sc_hd__nand3b_1)
     2    0.01    0.08    0.11    3.24 v _0976_/Y (sky130_fd_sc_hd__nand3b_1)
                                         _0289_ (net)
                  0.08    0.00    3.24 v _0977_/B (sky130_fd_sc_hd__nor2_1)
     4    0.04    0.70    0.55    3.79 ^ _0977_/Y (sky130_fd_sc_hd__nor2_1)
                                         _0019_ (net)
                  0.70    0.00    3.79 ^ place46/A (sky130_fd_sc_hd__buf_4)
    13    0.08    0.24    0.38    4.17 ^ place46/X (sky130_fd_sc_hd__buf_4)
                                         net45 (net)
                  0.24    0.01    4.17 ^ GPR[3][12]$_DFFE_PP_/DE (sky130_fd_sc_hd__edfxtp_1)
                                  4.17   data arrival time

                  0.00    7.70    7.70   clock core_clock (rise edge)
                          0.00    7.70   clock network delay (ideal)
                          0.00    7.70   clock reconvergence pessimism
                                  7.70 ^ GPR[3][12]$_DFFE_PP_/CLK (sky130_fd_sc_hd__edfxtp_1)
                         -0.33    7.38   library setup time
                                  7.38   data required time
-----------------------------------------------------------------------------
                                  7.38   data required time
                                 -4.17   data arrival time
-----------------------------------------------------------------------------
                                  3.20   slack (MET)



==========================================================================
resizer report_check_types -max_slew -max_cap -max_fanout -violators
--------------------------------------------------------------------------

==========================================================================
resizer max_slew_check_slack
--------------------------------------------------------------------------
0.7960622906684875

==========================================================================
resizer max_slew_check_limit
--------------------------------------------------------------------------
1.4944789409637451

==========================================================================
resizer max_slew_check_slack_limit
--------------------------------------------------------------------------
0.5327

==========================================================================
resizer max_fanout_check_slack
--------------------------------------------------------------------------
1.0000000150474662e+30

==========================================================================
resizer max_fanout_check_limit
--------------------------------------------------------------------------
1.0000000150474662e+30

==========================================================================
resizer max_capacitance_check_slack
--------------------------------------------------------------------------
0.015252238139510155

==========================================================================
resizer max_capacitance_check_limit
--------------------------------------------------------------------------
0.021067000925540924

==========================================================================
resizer max_capacitance_check_slack_limit
--------------------------------------------------------------------------
0.7240

==========================================================================
resizer max_slew_violation_count
--------------------------------------------------------------------------
max slew violation count 0

==========================================================================
resizer max_fanout_violation_count
--------------------------------------------------------------------------
max fanout violation count 0

==========================================================================
resizer max_cap_violation_count
--------------------------------------------------------------------------
max cap violation count 0

==========================================================================
resizer setup_violation_count
--------------------------------------------------------------------------
setup violation count 0

==========================================================================
resizer hold_violation_count
--------------------------------------------------------------------------
hold violation count 0

==========================================================================
resizer report_checks -path_delay max reg to reg
--------------------------------------------------------------------------
Startpoint: IR[17]$_SDFFE_PP0P_
            (rising edge-triggered flip-flop clocked by core_clock)
Endpoint: GPR[2][15]$_DFFE_PP_
          (rising edge-triggered flip-flop clocked by core_clock)
Path Group: core_clock
Path Type: max

  Delay    Time   Description
---------------------------------------------------------
   0.00    0.00   clock core_clock (rise edge)
   0.00    0.00   clock network delay (ideal)
   0.00    0.00 ^ IR[17]$_SDFFE_PP0P_/CLK (sky130_fd_sc_hd__dfxtp_1)
   0.27    0.27 v IR[17]$_SDFFE_PP0P_/Q (sky130_fd_sc_hd__dfxtp_1)
   0.27    0.55 v place50/X (sky130_fd_sc_hd__buf_4)
   0.55    1.09 ^ _0991_/Y (sky130_fd_sc_hd__inv_2)
   0.18    1.27 v _1103_/Y (sky130_fd_sc_hd__o21ai_0)
   0.49    1.76 ^ _1104_/Y (sky130_fd_sc_hd__o22ai_1)
   0.41    2.17 v _1829_/SUM (sky130_fd_sc_hd__ha_1)
   0.14    2.30 ^ _1156_/Y (sky130_fd_sc_hd__inv_1)
   0.10    2.40 v _1185_/Y (sky130_fd_sc_hd__nand3_1)
   0.06    2.46 ^ _1191_/Y (sky130_fd_sc_hd__inv_1)
   0.06    2.52 v _1192_/Y (sky130_fd_sc_hd__nor2_1)
   0.20    2.72 ^ _1243_/Y (sky130_fd_sc_hd__nor2_2)
   0.09    2.81 v _1384_/Y (sky130_fd_sc_hd__nand2_1)
   0.18    2.98 ^ _1385_/Y (sky130_fd_sc_hd__nor2_2)
   0.10    3.08 v _1597_/Y (sky130_fd_sc_hd__nand3_1)
   0.06    3.15 ^ _1598_/Y (sky130_fd_sc_hd__nand2_1)
   0.06    3.21 v _1600_/Y (sky130_fd_sc_hd__nand2_1)
   0.32    3.54 ^ _1614_/Y (sky130_fd_sc_hd__a221oi_1)
   0.26    3.80 v _1633_/Y (sky130_fd_sc_hd__nand3_1)
   0.00    3.80 v GPR[2][15]$_DFFE_PP_/D (sky130_fd_sc_hd__edfxtp_1)
           3.80   data arrival time

   7.70    7.70   clock core_clock (rise edge)
   0.00    7.70   clock network delay (ideal)
   0.00    7.70   clock reconvergence pessimism
           7.70 ^ GPR[2][15]$_DFFE_PP_/CLK (sky130_fd_sc_hd__edfxtp_1)
  -0.33    7.37   library setup time
           7.37   data required time
---------------------------------------------------------
           7.37   data required time
          -3.80   data arrival time
---------------------------------------------------------
           3.57   slack (MET)



==========================================================================
resizer report_checks -path_delay min reg to reg
--------------------------------------------------------------------------
Startpoint: count[0]$_SDFF_PP0_
            (rising edge-triggered flip-flop clocked by core_clock)
Endpoint: count[0]$_SDFF_PP0_
          (rising edge-triggered flip-flop clocked by core_clock)
Path Group: core_clock
Path Type: min

  Delay    Time   Description
---------------------------------------------------------
   0.00    0.00   clock core_clock (rise edge)
   0.00    0.00   clock network delay (ideal)
   0.00    0.00 ^ count[0]$_SDFF_PP0_/CLK (sky130_fd_sc_hd__dfxtp_1)
   0.31    0.31 ^ count[0]$_SDFF_PP0_/Q (sky130_fd_sc_hd__dfxtp_1)
   0.05    0.36 v _1725_/Y (sky130_fd_sc_hd__nor2_1)
   0.00    0.36 v count[0]$_SDFF_PP0_/D (sky130_fd_sc_hd__dfxtp_1)
           0.36   data arrival time

   0.00    0.00   clock core_clock (rise edge)
   0.00    0.00   clock network delay (ideal)
   0.00    0.00   clock reconvergence pessimism
           0.00 ^ count[0]$_SDFF_PP0_/CLK (sky130_fd_sc_hd__dfxtp_1)
  -0.06   -0.06   library hold time
          -0.06   data required time
---------------------------------------------------------
          -0.06   data required time
          -0.36   data arrival time
---------------------------------------------------------
           0.41   slack (MET)



==========================================================================
resizer critical path target clock latency max path
--------------------------------------------------------------------------
0.0000

==========================================================================
resizer critical path target clock latency min path
--------------------------------------------------------------------------
0.0000

==========================================================================
resizer critical path source clock latency min path
--------------------------------------------------------------------------
0.0000

==========================================================================
resizer critical path delay
--------------------------------------------------------------------------
4.1745

==========================================================================
resizer critical path slack
--------------------------------------------------------------------------
3.2046

==========================================================================
resizer slack div critical path delay
--------------------------------------------------------------------------
76.766080

==========================================================================
resizer report_power
--------------------------------------------------------------------------
Group                  Internal  Switching    Leakage      Total
                          Power      Power      Power      Power (Watts)
----------------------------------------------------------------
Sequential             5.26e-04   1.11e-05   7.45e-10   5.37e-04  78.2%
Combinational          4.76e-05   1.02e-04   2.58e-09   1.49e-04  21.8%
Clock                  0.00e+00   0.00e+00   0.00e+00   0.00e+00   0.0%
Macro                  0.00e+00   0.00e+00   0.00e+00   0.00e+00   0.0%
Pad                    0.00e+00   0.00e+00   0.00e+00   0.00e+00   0.0%
----------------------------------------------------------------
Total                  5.74e-04   1.13e-04   3.32e-09   6.86e-04 100.0%
                          83.6%      16.4%       0.0%
