
==========================================================================
detailed place report_tns
--------------------------------------------------------------------------
tns max 0.00

==========================================================================
detailed place report_wns
--------------------------------------------------------------------------
wns max 0.00

==========================================================================
detailed place report_worst_slack
--------------------------------------------------------------------------
worst slack max 4.66

==========================================================================
detailed place report_clock_min_period
--------------------------------------------------------------------------
core_clock period_min = 5.16 fmax = 193.87

==========================================================================
detailed place report_checks -path_delay min
--------------------------------------------------------------------------
Startpoint: count[0]$_SDFF_PP0_
            (rising edge-triggered flip-flop clocked by core_clock)
Endpoint: count[0]$_SDFF_PP0_
          (rising edge-triggered flip-flop clocked by core_clock)
Path Group: core_clock
Path Type: min

Fanout     Cap    Slew   Delay    Time   Description
-----------------------------------------------------------------------------
                  0.00    0.00    0.00   clock core_clock (rise edge)
                          0.00    0.00   clock network delay (ideal)
                  0.00    0.00    0.00 ^ count[0]$_SDFF_PP0_/CLK (sky130_fd_sc_hd__dfxtp_1)
     2    0.01    0.07    0.31    0.31 ^ count[0]$_SDFF_PP0_/Q (sky130_fd_sc_hd__dfxtp_1)
                                         count[0] (net)
                  0.07    0.00    0.31 ^ _1725_/A (sky130_fd_sc_hd__nor2_1)
     1    0.00    0.03    0.05    0.35 v _1725_/Y (sky130_fd_sc_hd__nor2_1)
                                         _0162_ (net)
                  0.03    0.00    0.35 v count[0]$_SDFF_PP0_/D (sky130_fd_sc_hd__dfxtp_1)
                                  0.35   data arrival time

                  0.00    0.00    0.00   clock core_clock (rise edge)
                          0.00    0.00   clock network delay (ideal)
                          0.00    0.00   clock reconvergence pessimism
                                  0.00 ^ count[0]$_SDFF_PP0_/CLK (sky130_fd_sc_hd__dfxtp_1)
                         -0.06   -0.06   library hold time
                                 -0.06   data required time
-----------------------------------------------------------------------------
                                 -0.06   data required time
                                 -0.35   data arrival time
-----------------------------------------------------------------------------
                                  0.41   slack (MET)



==========================================================================
detailed place report_checks -path_delay max
--------------------------------------------------------------------------
Startpoint: sys_rst (input port clocked by core_clock)
Endpoint: GPR[2][7]$_DFFE_PP_
          (rising edge-triggered flip-flop clocked by core_clock)
Path Group: core_clock
Path Type: max

Fanout     Cap    Slew   Delay    Time   Description
-----------------------------------------------------------------------------
                  0.00    0.00    0.00   clock core_clock (rise edge)
                          0.00    0.00   clock network delay (ideal)
                          1.96    1.96 v input external delay
     1    0.00    0.00    0.00    1.96 v sys_rst (in)
                                         sys_rst (net)
                  0.00    0.00    1.96 v input36/A (sky130_fd_sc_hd__clkdlybuf4s50_1)
    20    0.07    0.55    0.80    2.76 v input36/X (sky130_fd_sc_hd__clkdlybuf4s50_1)
                                         net35 (net)
                  0.55    0.00    2.76 v _0961_/A (sky130_fd_sc_hd__inv_1)
     6    0.02    0.23    0.33    3.09 ^ _0961_/Y (sky130_fd_sc_hd__inv_1)
                                         _0274_ (net)
                  0.23    0.00    3.09 ^ _0967_/B (sky130_fd_sc_hd__nand2_1)
     2    0.01    0.09    0.11    3.20 v _0967_/Y (sky130_fd_sc_hd__nand2_1)
                                         _0280_ (net)
                  0.09    0.00    3.20 v _0968_/B (sky130_fd_sc_hd__nor2_1)
     2    0.01    0.13    0.14    3.34 ^ _0968_/Y (sky130_fd_sc_hd__nor2_1)
                                         _0281_ (net)
                  0.13    0.00    3.34 ^ _0970_/A (sky130_fd_sc_hd__nand2_1)
    13    0.06    0.39    0.34    3.68 v _0970_/Y (sky130_fd_sc_hd__nand2_1)
                                         _0283_ (net)
                  0.39    0.00    3.68 v _0975_/B (sky130_fd_sc_hd__nand3_1)
     2    0.01    0.16    0.27    3.95 ^ _0975_/Y (sky130_fd_sc_hd__nand3_1)
                                         _0288_ (net)
                  0.16    0.00    3.95 ^ _0979_/A (sky130_fd_sc_hd__nand2_1)
     2    0.01    0.09    0.12    4.07 v _0979_/Y (sky130_fd_sc_hd__nand2_1)
                                         _0291_ (net)
                  0.09    0.00    4.07 v _0980_/B (sky130_fd_sc_hd__nor2_2)
     8    0.05    0.49    0.40    4.48 ^ _0980_/Y (sky130_fd_sc_hd__nor2_2)
                                         _0018_ (net)
                  0.49    0.00    4.48 ^ place45/A (sky130_fd_sc_hd__buf_4)
     9    0.08    0.23    0.35    4.83 ^ place45/X (sky130_fd_sc_hd__buf_4)
                                         net44 (net)
                  0.23    0.01    4.83 ^ GPR[2][7]$_DFFE_PP_/DE (sky130_fd_sc_hd__edfxtp_1)
                                  4.83   data arrival time

                  0.00    9.82    9.82   clock core_clock (rise edge)
                          0.00    9.82   clock network delay (ideal)
                          0.00    9.82   clock reconvergence pessimism
                                  9.82 ^ GPR[2][7]$_DFFE_PP_/CLK (sky130_fd_sc_hd__edfxtp_1)
                         -0.32    9.50   library setup time
                                  9.50   data required time
-----------------------------------------------------------------------------
                                  9.50   data required time
                                 -4.83   data arrival time
-----------------------------------------------------------------------------
                                  4.66   slack (MET)



==========================================================================
detailed place report_checks -unconstrained
--------------------------------------------------------------------------
Startpoint: sys_rst (input port clocked by core_clock)
Endpoint: GPR[2][7]$_DFFE_PP_
          (rising edge-triggered flip-flop clocked by core_clock)
Path Group: core_clock
Path Type: max

Fanout     Cap    Slew   Delay    Time   Description
-----------------------------------------------------------------------------
                  0.00    0.00    0.00   clock core_clock (rise edge)
                          0.00    0.00   clock network delay (ideal)
                          1.96    1.96 v input external delay
     1    0.00    0.00    0.00    1.96 v sys_rst (in)
                                         sys_rst (net)
                  0.00    0.00    1.96 v input36/A (sky130_fd_sc_hd__clkdlybuf4s50_1)
    20    0.07    0.55    0.80    2.76 v input36/X (sky130_fd_sc_hd__clkdlybuf4s50_1)
                                         net35 (net)
                  0.55    0.00    2.76 v _0961_/A (sky130_fd_sc_hd__inv_1)
     6    0.02    0.23    0.33    3.09 ^ _0961_/Y (sky130_fd_sc_hd__inv_1)
                                         _0274_ (net)
                  0.23    0.00    3.09 ^ _0967_/B (sky130_fd_sc_hd__nand2_1)
     2    0.01    0.09    0.11    3.20 v _0967_/Y (sky130_fd_sc_hd__nand2_1)
                                         _0280_ (net)
                  0.09    0.00    3.20 v _0968_/B (sky130_fd_sc_hd__nor2_1)
     2    0.01    0.13    0.14    3.34 ^ _0968_/Y (sky130_fd_sc_hd__nor2_1)
                                         _0281_ (net)
                  0.13    0.00    3.34 ^ _0970_/A (sky130_fd_sc_hd__nand2_1)
    13    0.06    0.39    0.34    3.68 v _0970_/Y (sky130_fd_sc_hd__nand2_1)
                                         _0283_ (net)
                  0.39    0.00    3.68 v _0975_/B (sky130_fd_sc_hd__nand3_1)
     2    0.01    0.16    0.27    3.95 ^ _0975_/Y (sky130_fd_sc_hd__nand3_1)
                                         _0288_ (net)
                  0.16    0.00    3.95 ^ _0979_/A (sky130_fd_sc_hd__nand2_1)
     2    0.01    0.09    0.12    4.07 v _0979_/Y (sky130_fd_sc_hd__nand2_1)
                                         _0291_ (net)
                  0.09    0.00    4.07 v _0980_/B (sky130_fd_sc_hd__nor2_2)
     8    0.05    0.49    0.40    4.48 ^ _0980_/Y (sky130_fd_sc_hd__nor2_2)
                                         _0018_ (net)
                  0.49    0.00    4.48 ^ place45/A (sky130_fd_sc_hd__buf_4)
     9    0.08    0.23    0.35    4.83 ^ place45/X (sky130_fd_sc_hd__buf_4)
                                         net44 (net)
                  0.23    0.01    4.83 ^ GPR[2][7]$_DFFE_PP_/DE (sky130_fd_sc_hd__edfxtp_1)
                                  4.83   data arrival time

                  0.00    9.82    9.82   clock core_clock (rise edge)
                          0.00    9.82   clock network delay (ideal)
                          0.00    9.82   clock reconvergence pessimism
                                  9.82 ^ GPR[2][7]$_DFFE_PP_/CLK (sky130_fd_sc_hd__edfxtp_1)
                         -0.32    9.50   library setup time
                                  9.50   data required time
-----------------------------------------------------------------------------
                                  9.50   data required time
                                 -4.83   data arrival time
-----------------------------------------------------------------------------
                                  4.66   slack (MET)



==========================================================================
detailed place report_check_types -max_slew -max_cap -max_fanout -violators
--------------------------------------------------------------------------

==========================================================================
detailed place max_slew_check_slack
--------------------------------------------------------------------------
0.7357733249664307

==========================================================================
detailed place max_slew_check_limit
--------------------------------------------------------------------------
1.4953149557113647

==========================================================================
detailed place max_slew_check_slack_limit
--------------------------------------------------------------------------
0.4921

==========================================================================
detailed place max_fanout_check_slack
--------------------------------------------------------------------------
1.0000000150474662e+30

==========================================================================
detailed place max_fanout_check_limit
--------------------------------------------------------------------------
1.0000000150474662e+30

==========================================================================
detailed place max_capacitance_check_slack
--------------------------------------------------------------------------
0.019043108448386192

==========================================================================
detailed place max_capacitance_check_limit
--------------------------------------------------------------------------
0.021067000925540924

==========================================================================
detailed place max_capacitance_check_slack_limit
--------------------------------------------------------------------------
0.9039

==========================================================================
detailed place max_slew_violation_count
--------------------------------------------------------------------------
max slew violation count 0

==========================================================================
detailed place max_fanout_violation_count
--------------------------------------------------------------------------
max fanout violation count 0

==========================================================================
detailed place max_cap_violation_count
--------------------------------------------------------------------------
max cap violation count 0

==========================================================================
detailed place setup_violation_count
--------------------------------------------------------------------------
setup violation count 0

==========================================================================
detailed place hold_violation_count
--------------------------------------------------------------------------
hold violation count 0

==========================================================================
detailed place report_checks -path_delay max reg to reg
--------------------------------------------------------------------------
Startpoint: IR[17]$_SDFFE_PP0P_
            (rising edge-triggered flip-flop clocked by core_clock)
Endpoint: GPR[2][14]$_DFFE_PP_
          (rising edge-triggered flip-flop clocked by core_clock)
Path Group: core_clock
Path Type: max

  Delay    Time   Description
---------------------------------------------------------
   0.00    0.00   clock core_clock (rise edge)
   0.00    0.00   clock network delay (ideal)
   0.00    0.00 ^ IR[17]$_SDFFE_PP0P_/CLK (sky130_fd_sc_hd__dfxtp_1)
   0.27    0.27 v IR[17]$_SDFFE_PP0P_/Q (sky130_fd_sc_hd__dfxtp_1)
   0.27    0.55 v place50/X (sky130_fd_sc_hd__buf_4)
   0.57    1.12 ^ _0991_/Y (sky130_fd_sc_hd__inv_2)
   0.16    1.28 v _1103_/Y (sky130_fd_sc_hd__o21ai_0)
   0.45    1.72 ^ _1104_/Y (sky130_fd_sc_hd__o22ai_1)
   0.39    2.12 v _1829_/SUM (sky130_fd_sc_hd__ha_1)
   0.13    2.25 ^ _1156_/Y (sky130_fd_sc_hd__inv_1)
   0.06    2.31 v _1210_/Y (sky130_fd_sc_hd__nand2_1)
   0.09    2.40 ^ _1211_/Y (sky130_fd_sc_hd__nand2_1)
   0.18    2.59 v _1213_/Y (sky130_fd_sc_hd__nand3_1)
   0.17    2.76 ^ _1286_/Y (sky130_fd_sc_hd__inv_1)
   0.09    2.85 v _1287_/Y (sky130_fd_sc_hd__nand2_2)
   0.18    3.03 ^ _1421_/Y (sky130_fd_sc_hd__nor2_2)
   0.09    3.12 v _1582_/Y (sky130_fd_sc_hd__nand3_1)
   0.09    3.21 ^ _1583_/Y (sky130_fd_sc_hd__nand2_1)
   0.06    3.28 v _1584_/Y (sky130_fd_sc_hd__o22ai_1)
   0.22    3.50 ^ _1585_/Y (sky130_fd_sc_hd__nor3_1)
   0.25    3.75 v _1586_/Y (sky130_fd_sc_hd__o21ai_0)
   0.00    3.75 v GPR[2][14]$_DFFE_PP_/D (sky130_fd_sc_hd__edfxtp_1)
           3.75   data arrival time

   9.82    9.82   clock core_clock (rise edge)
   0.00    9.82   clock network delay (ideal)
   0.00    9.82   clock reconvergence pessimism
           9.82 ^ GPR[2][14]$_DFFE_PP_/CLK (sky130_fd_sc_hd__edfxtp_1)
  -0.33    9.49   library setup time
           9.49   data required time
---------------------------------------------------------
           9.49   data required time
          -3.75   data arrival time
---------------------------------------------------------
           5.74   slack (MET)



==========================================================================
detailed place report_checks -path_delay min reg to reg
--------------------------------------------------------------------------
Startpoint: count[0]$_SDFF_PP0_
            (rising edge-triggered flip-flop clocked by core_clock)
Endpoint: count[0]$_SDFF_PP0_
          (rising edge-triggered flip-flop clocked by core_clock)
Path Group: core_clock
Path Type: min

  Delay    Time   Description
---------------------------------------------------------
   0.00    0.00   clock core_clock (rise edge)
   0.00    0.00   clock network delay (ideal)
   0.00    0.00 ^ count[0]$_SDFF_PP0_/CLK (sky130_fd_sc_hd__dfxtp_1)
   0.31    0.31 ^ count[0]$_SDFF_PP0_/Q (sky130_fd_sc_hd__dfxtp_1)
   0.05    0.35 v _1725_/Y (sky130_fd_sc_hd__nor2_1)
   0.00    0.35 v count[0]$_SDFF_PP0_/D (sky130_fd_sc_hd__dfxtp_1)
           0.35   data arrival time

   0.00    0.00   clock core_clock (rise edge)
   0.00    0.00   clock network delay (ideal)
   0.00    0.00   clock reconvergence pessimism
           0.00 ^ count[0]$_SDFF_PP0_/CLK (sky130_fd_sc_hd__dfxtp_1)
  -0.06   -0.06   library hold time
          -0.06   data required time
---------------------------------------------------------
          -0.06   data required time
          -0.35   data arrival time
---------------------------------------------------------
           0.41   slack (MET)



==========================================================================
detailed place critical path target clock latency max path
--------------------------------------------------------------------------
0.0000

==========================================================================
detailed place critical path target clock latency min path
--------------------------------------------------------------------------
0.0000

==========================================================================
detailed place critical path source clock latency min path
--------------------------------------------------------------------------
0.0000

==========================================================================
detailed place critical path delay
--------------------------------------------------------------------------
4.8339

==========================================================================
detailed place critical path slack
--------------------------------------------------------------------------
4.6616

==========================================================================
detailed place slack div critical path delay
--------------------------------------------------------------------------
96.435590

==========================================================================
detailed place report_power
--------------------------------------------------------------------------
Group                  Internal  Switching    Leakage      Total
                          Power      Power      Power      Power (Watts)
----------------------------------------------------------------
Sequential             4.13e-04   7.92e-06   7.45e-10   4.21e-04  78.3%
Combinational          3.71e-05   7.98e-05   2.57e-09   1.17e-04  21.7%
Clock                  0.00e+00   0.00e+00   0.00e+00   0.00e+00   0.0%
Macro                  0.00e+00   0.00e+00   0.00e+00   0.00e+00   0.0%
Pad                    0.00e+00   0.00e+00   0.00e+00   0.00e+00   0.0%
----------------------------------------------------------------
Total                  4.50e-04   8.77e-05   3.32e-09   5.37e-04 100.0%
                          83.7%      16.3%       0.0%
