
==========================================================================
global place report_tns
--------------------------------------------------------------------------
tns max 0.00

==========================================================================
global place report_wns
--------------------------------------------------------------------------
wns max 0.00

==========================================================================
global place report_worst_slack
--------------------------------------------------------------------------
worst slack max 4.70

==========================================================================
global place report_clock_min_period
--------------------------------------------------------------------------
core_clock period_min = 5.12 fmax = 195.24

==========================================================================
global place report_checks -path_delay min
--------------------------------------------------------------------------
Startpoint: count[0]$_SDFF_PP0_
            (rising edge-triggered flip-flop clocked by core_clock)
Endpoint: count[0]$_SDFF_PP0_
          (rising edge-triggered flip-flop clocked by core_clock)
Path Group: core_clock
Path Type: min

Fanout     Cap    Slew   Delay    Time   Description
-----------------------------------------------------------------------------
                  0.00    0.00    0.00   clock core_clock (rise edge)
                          0.00    0.00   clock network delay (ideal)
                  0.00    0.00    0.00 ^ count[0]$_SDFF_PP0_/CLK (sky130_fd_sc_hd__dfxtp_1)
     2    0.01    0.08    0.31    0.31 ^ count[0]$_SDFF_PP0_/Q (sky130_fd_sc_hd__dfxtp_1)
                                         count[0] (net)
                  0.08    0.00    0.31 ^ _1725_/A (sky130_fd_sc_hd__nor2_1)
     1    0.00    0.03    0.05    0.36 v _1725_/Y (sky130_fd_sc_hd__nor2_1)
                                         _0162_ (net)
                  0.03    0.00    0.36 v count[0]$_SDFF_PP0_/D (sky130_fd_sc_hd__dfxtp_1)
                                  0.36   data arrival time

                  0.00    0.00    0.00   clock core_clock (rise edge)
                          0.00    0.00   clock network delay (ideal)
                          0.00    0.00   clock reconvergence pessimism
                                  0.00 ^ count[0]$_SDFF_PP0_/CLK (sky130_fd_sc_hd__dfxtp_1)
                         -0.06   -0.06   library hold time
                                 -0.06   data required time
-----------------------------------------------------------------------------
                                 -0.06   data required time
                                 -0.36   data arrival time
-----------------------------------------------------------------------------
                                  0.41   slack (MET)



==========================================================================
global place report_checks -path_delay max
--------------------------------------------------------------------------
Startpoint: sys_rst (input port clocked by core_clock)
Endpoint: GPR[2][7]$_DFFE_PP_
          (rising edge-triggered flip-flop clocked by core_clock)
Path Group: core_clock
Path Type: max

Fanout     Cap    Slew   Delay    Time   Description
-----------------------------------------------------------------------------
                  0.00    0.00    0.00   clock core_clock (rise edge)
                          0.00    0.00   clock network delay (ideal)
                          1.96    1.96 v input external delay
     1    0.00    0.00    0.00    1.96 v sys_rst (in)
                                         sys_rst (net)
                  0.00    0.00    1.96 v input36/A (sky130_fd_sc_hd__clkdlybuf4s50_1)
    20    0.07    0.53    0.79    2.75 v input36/X (sky130_fd_sc_hd__clkdlybuf4s50_1)
                                         net35 (net)
                  0.53    0.00    2.75 v _0961_/A (sky130_fd_sc_hd__inv_1)
     6    0.02    0.22    0.32    3.07 ^ _0961_/Y (sky130_fd_sc_hd__inv_1)
                                         _0274_ (net)
                  0.22    0.00    3.07 ^ _0967_/B (sky130_fd_sc_hd__nand2_1)
     2    0.01    0.09    0.11    3.18 v _0967_/Y (sky130_fd_sc_hd__nand2_1)
                                         _0280_ (net)
                  0.09    0.00    3.18 v _0968_/B (sky130_fd_sc_hd__nor2_1)
     2    0.01    0.12    0.13    3.31 ^ _0968_/Y (sky130_fd_sc_hd__nor2_1)
                                         _0281_ (net)
                  0.12    0.00    3.31 ^ _0970_/A (sky130_fd_sc_hd__nand2_1)
    13    0.05    0.39    0.33    3.65 v _0970_/Y (sky130_fd_sc_hd__nand2_1)
                                         _0283_ (net)
                  0.39    0.00    3.65 v _0975_/B (sky130_fd_sc_hd__nand3_1)
     2    0.01    0.16    0.27    3.91 ^ _0975_/Y (sky130_fd_sc_hd__nand3_1)
                                         _0288_ (net)
                  0.16    0.00    3.91 ^ _0979_/A (sky130_fd_sc_hd__nand2_1)
     2    0.01    0.09    0.12    4.03 v _0979_/Y (sky130_fd_sc_hd__nand2_1)
                                         _0291_ (net)
                  0.09    0.00    4.03 v _0980_/B (sky130_fd_sc_hd__nor2_2)
     8    0.05    0.49    0.40    4.44 ^ _0980_/Y (sky130_fd_sc_hd__nor2_2)
                                         _0018_ (net)
                  0.49    0.00    4.44 ^ place45/A (sky130_fd_sc_hd__buf_4)
     9    0.08    0.23    0.35    4.79 ^ place45/X (sky130_fd_sc_hd__buf_4)
                                         net44 (net)
                  0.23    0.01    4.80 ^ GPR[2][7]$_DFFE_PP_/DE (sky130_fd_sc_hd__edfxtp_1)
                                  4.80   data arrival time

                  0.00    9.82    9.82   clock core_clock (rise edge)
                          0.00    9.82   clock network delay (ideal)
                          0.00    9.82   clock reconvergence pessimism
                                  9.82 ^ GPR[2][7]$_DFFE_PP_/CLK (sky130_fd_sc_hd__edfxtp_1)
                         -0.32    9.49   library setup time
                                  9.49   data required time
-----------------------------------------------------------------------------
                                  9.49   data required time
                                 -4.80   data arrival time
-----------------------------------------------------------------------------
                                  4.70   slack (MET)



==========================================================================
global place report_checks -unconstrained
--------------------------------------------------------------------------
Startpoint: sys_rst (input port clocked by core_clock)
Endpoint: GPR[2][7]$_DFFE_PP_
          (rising edge-triggered flip-flop clocked by core_clock)
Path Group: core_clock
Path Type: max

Fanout     Cap    Slew   Delay    Time   Description
-----------------------------------------------------------------------------
                  0.00    0.00    0.00   clock core_clock (rise edge)
                          0.00    0.00   clock network delay (ideal)
                          1.96    1.96 v input external delay
     1    0.00    0.00    0.00    1.96 v sys_rst (in)
                                         sys_rst (net)
                  0.00    0.00    1.96 v input36/A (sky130_fd_sc_hd__clkdlybuf4s50_1)
    20    0.07    0.53    0.79    2.75 v input36/X (sky130_fd_sc_hd__clkdlybuf4s50_1)
                                         net35 (net)
                  0.53    0.00    2.75 v _0961_/A (sky130_fd_sc_hd__inv_1)
     6    0.02    0.22    0.32    3.07 ^ _0961_/Y (sky130_fd_sc_hd__inv_1)
                                         _0274_ (net)
                  0.22    0.00    3.07 ^ _0967_/B (sky130_fd_sc_hd__nand2_1)
     2    0.01    0.09    0.11    3.18 v _0967_/Y (sky130_fd_sc_hd__nand2_1)
                                         _0280_ (net)
                  0.09    0.00    3.18 v _0968_/B (sky130_fd_sc_hd__nor2_1)
     2    0.01    0.12    0.13    3.31 ^ _0968_/Y (sky130_fd_sc_hd__nor2_1)
                                         _0281_ (net)
                  0.12    0.00    3.31 ^ _0970_/A (sky130_fd_sc_hd__nand2_1)
    13    0.05    0.39    0.33    3.65 v _0970_/Y (sky130_fd_sc_hd__nand2_1)
                                         _0283_ (net)
                  0.39    0.00    3.65 v _0975_/B (sky130_fd_sc_hd__nand3_1)
     2    0.01    0.16    0.27    3.91 ^ _0975_/Y (sky130_fd_sc_hd__nand3_1)
                                         _0288_ (net)
                  0.16    0.00    3.91 ^ _0979_/A (sky130_fd_sc_hd__nand2_1)
     2    0.01    0.09    0.12    4.03 v _0979_/Y (sky130_fd_sc_hd__nand2_1)
                                         _0291_ (net)
                  0.09    0.00    4.03 v _0980_/B (sky130_fd_sc_hd__nor2_2)
     8    0.05    0.49    0.40    4.44 ^ _0980_/Y (sky130_fd_sc_hd__nor2_2)
                                         _0018_ (net)
                  0.49    0.00    4.44 ^ place45/A (sky130_fd_sc_hd__buf_4)
     9    0.08    0.23    0.35    4.79 ^ place45/X (sky130_fd_sc_hd__buf_4)
                                         net44 (net)
                  0.23    0.01    4.80 ^ GPR[2][7]$_DFFE_PP_/DE (sky130_fd_sc_hd__edfxtp_1)
                                  4.80   data arrival time

                  0.00    9.82    9.82   clock core_clock (rise edge)
                          0.00    9.82   clock network delay (ideal)
                          0.00    9.82   clock reconvergence pessimism
                                  9.82 ^ GPR[2][7]$_DFFE_PP_/CLK (sky130_fd_sc_hd__edfxtp_1)
                         -0.32    9.49   library setup time
                                  9.49   data required time
-----------------------------------------------------------------------------
                                  9.49   data required time
                                 -4.80   data arrival time
-----------------------------------------------------------------------------
                                  4.70   slack (MET)



==========================================================================
global place report_power
--------------------------------------------------------------------------
Group                  Internal  Switching    Leakage      Total
                          Power      Power      Power      Power (Watts)
----------------------------------------------------------------
Sequential             4.13e-04   7.91e-06   7.45e-10   4.21e-04  78.3%
Combinational          3.71e-05   7.97e-05   2.57e-09   1.17e-04  21.7%
Clock                  0.00e+00   0.00e+00   0.00e+00   0.00e+00   0.0%
Macro                  0.00e+00   0.00e+00   0.00e+00   0.00e+00   0.0%
Pad                    0.00e+00   0.00e+00   0.00e+00   0.00e+00   0.0%
----------------------------------------------------------------
Total                  4.50e-04   8.76e-05   3.32e-09   5.37e-04 100.0%
                          83.7%      16.3%       0.0%
