
==========================================================================
finish report_tns
--------------------------------------------------------------------------
tns max 0.00

==========================================================================
finish report_wns
--------------------------------------------------------------------------
wns max 0.00

==========================================================================
finish report_worst_slack
--------------------------------------------------------------------------
worst slack max 4.98

==========================================================================
finish report_clock_min_period
--------------------------------------------------------------------------
core_clock period_min = 4.84 fmax = 206.61

==========================================================================
finish report_clock_skew
--------------------------------------------------------------------------
Clock core_clock
   0.34 source latency IR[16]$_SDFFE_PP0P_/CLK ^
  -0.36 target latency GPR[0][0]$_DFFE_PP_/CLK ^
   0.00 CRPR
--------------
  -0.02 setup skew


==========================================================================
finish report_checks -path_delay min
--------------------------------------------------------------------------
Startpoint: count[0]$_SDFF_PP0_
            (rising edge-triggered flip-flop clocked by core_clock)
Endpoint: count[0]$_SDFF_PP0_
          (rising edge-triggered flip-flop clocked by core_clock)
Path Group: core_clock
Path Type: min

Fanout     Cap    Slew   Delay    Time   Description
-----------------------------------------------------------------------------
                          0.00    0.00   clock core_clock (rise edge)
                          0.00    0.00   clock source latency
     1    0.02    0.00    0.00    0.00 ^ clk (in)
                                         clk (net)
                  0.00    0.00    0.00 ^ clkbuf_0_clk/A (sky130_fd_sc_hd__clkbuf_16)
     8    0.10    0.11    0.17    0.17 ^ clkbuf_0_clk/X (sky130_fd_sc_hd__clkbuf_16)
                                         clknet_0_clk (net)
                  0.11    0.00    0.17 ^ clkbuf_3_4__f_clk/A (sky130_fd_sc_hd__clkbuf_16)
    13    0.05    0.07    0.17    0.34 ^ clkbuf_3_4__f_clk/X (sky130_fd_sc_hd__clkbuf_16)
                                         clknet_3_4__leaf_clk (net)
                  0.07    0.00    0.35 ^ count[0]$_SDFF_PP0_/CLK (sky130_fd_sc_hd__dfxtp_1)
     2    0.01    0.07    0.33    0.68 ^ count[0]$_SDFF_PP0_/Q (sky130_fd_sc_hd__dfxtp_1)
                                         count[0] (net)
                  0.07    0.00    0.68 ^ _1725_/A (sky130_fd_sc_hd__nor2_1)
     1    0.00    0.03    0.05    0.73 v _1725_/Y (sky130_fd_sc_hd__nor2_1)
                                         _0162_ (net)
                  0.03    0.00    0.73 v count[0]$_SDFF_PP0_/D (sky130_fd_sc_hd__dfxtp_1)
                                  0.73   data arrival time

                          0.00    0.00   clock core_clock (rise edge)
                          0.00    0.00   clock source latency
     1    0.02    0.00    0.00    0.00 ^ clk (in)
                                         clk (net)
                  0.00    0.00    0.00 ^ clkbuf_0_clk/A (sky130_fd_sc_hd__clkbuf_16)
     8    0.10    0.11    0.17    0.17 ^ clkbuf_0_clk/X (sky130_fd_sc_hd__clkbuf_16)
                                         clknet_0_clk (net)
                  0.11    0.00    0.17 ^ clkbuf_3_4__f_clk/A (sky130_fd_sc_hd__clkbuf_16)
    13    0.05    0.07    0.17    0.34 ^ clkbuf_3_4__f_clk/X (sky130_fd_sc_hd__clkbuf_16)
                                         clknet_3_4__leaf_clk (net)
                  0.07    0.00    0.35 ^ count[0]$_SDFF_PP0_/CLK (sky130_fd_sc_hd__dfxtp_1)
                          0.00    0.35   clock reconvergence pessimism
                         -0.04    0.30   library hold time
                                  0.30   data required time
-----------------------------------------------------------------------------
                                  0.30   data required time
                                 -0.73   data arrival time
-----------------------------------------------------------------------------
                                  0.42   slack (MET)



==========================================================================
finish report_checks -path_delay max
--------------------------------------------------------------------------
Startpoint: sys_rst (input port clocked by core_clock)
Endpoint: GPR[2][6]$_DFFE_PP_
          (rising edge-triggered flip-flop clocked by core_clock)
Path Group: core_clock
Path Type: max

Fanout     Cap    Slew   Delay    Time   Description
-----------------------------------------------------------------------------
                          0.00    0.00   clock core_clock (rise edge)
                          0.00    0.00   clock network delay (propagated)
                          1.96    1.96 v input external delay
     1    0.00    0.00    0.00    1.96 v sys_rst (in)
                                         sys_rst (net)
                  0.00    0.00    1.96 v input36/A (sky130_fd_sc_hd__clkdlybuf4s50_1)
    20    0.07    0.53    0.78    2.75 v input36/X (sky130_fd_sc_hd__clkdlybuf4s50_1)
                                         net35 (net)
                  0.53    0.00    2.75 v _0961_/A (sky130_fd_sc_hd__inv_1)
     6    0.02    0.23    0.32    3.07 ^ _0961_/Y (sky130_fd_sc_hd__inv_1)
                                         _0274_ (net)
                  0.23    0.00    3.07 ^ _0967_/B (sky130_fd_sc_hd__nand2_1)
     2    0.01    0.09    0.11    3.18 v _0967_/Y (sky130_fd_sc_hd__nand2_1)
                                         _0280_ (net)
                  0.09    0.00    3.18 v _0968_/B (sky130_fd_sc_hd__nor2_1)
     2    0.01    0.14    0.15    3.33 ^ _0968_/Y (sky130_fd_sc_hd__nor2_1)
                                         _0281_ (net)
                  0.14    0.00    3.33 ^ _0970_/A (sky130_fd_sc_hd__nand2_1)
    13    0.06    0.43    0.37    3.69 v _0970_/Y (sky130_fd_sc_hd__nand2_1)
                                         _0283_ (net)
                  0.43    0.00    3.69 v _0975_/B (sky130_fd_sc_hd__nand3_1)
     2    0.01    0.18    0.29    3.98 ^ _0975_/Y (sky130_fd_sc_hd__nand3_1)
                                         _0288_ (net)
                  0.18    0.00    3.98 ^ _0979_/A (sky130_fd_sc_hd__nand2_1)
     2    0.01    0.09    0.12    4.11 v _0979_/Y (sky130_fd_sc_hd__nand2_1)
                                         _0291_ (net)
                  0.09    0.00    4.11 v _0980_/B (sky130_fd_sc_hd__nor2_2)
     8    0.05    0.50    0.41    4.52 ^ _0980_/Y (sky130_fd_sc_hd__nor2_2)
                                         _0018_ (net)
                  0.50    0.00    4.52 ^ place45/A (sky130_fd_sc_hd__buf_4)
     9    0.08    0.23    0.35    4.87 ^ place45/X (sky130_fd_sc_hd__buf_4)
                                         net44 (net)
                  0.23    0.01    4.87 ^ GPR[2][6]$_DFFE_PP_/DE (sky130_fd_sc_hd__edfxtp_1)
                                  4.87   data arrival time

                          9.82    9.82   clock core_clock (rise edge)
                          0.00    9.82   clock source latency
     1    0.02    0.00    0.00    9.82 ^ clk (in)
                                         clk (net)
                  0.00    0.00    9.82 ^ clkbuf_0_clk/A (sky130_fd_sc_hd__clkbuf_16)
     8    0.10    0.11    0.17    9.99 ^ clkbuf_0_clk/X (sky130_fd_sc_hd__clkbuf_16)
                                         clknet_0_clk (net)
                  0.11    0.00    9.99 ^ clkbuf_3_3__f_clk/A (sky130_fd_sc_hd__clkbuf_16)
    10    0.04    0.06    0.17   10.16 ^ clkbuf_3_3__f_clk/X (sky130_fd_sc_hd__clkbuf_16)
                                         clknet_3_3__leaf_clk (net)
                  0.06    0.00   10.16 ^ GPR[2][6]$_DFFE_PP_/CLK (sky130_fd_sc_hd__edfxtp_1)
                          0.00   10.16   clock reconvergence pessimism
                         -0.31    9.85   library setup time
                                  9.85   data required time
-----------------------------------------------------------------------------
                                  9.85   data required time
                                 -4.87   data arrival time
-----------------------------------------------------------------------------
                                  4.98   slack (MET)



==========================================================================
finish report_checks -unconstrained
--------------------------------------------------------------------------
Startpoint: sys_rst (input port clocked by core_clock)
Endpoint: GPR[2][6]$_DFFE_PP_
          (rising edge-triggered flip-flop clocked by core_clock)
Path Group: core_clock
Path Type: max

Fanout     Cap    Slew   Delay    Time   Description
-----------------------------------------------------------------------------
                          0.00    0.00   clock core_clock (rise edge)
                          0.00    0.00   clock network delay (propagated)
                          1.96    1.96 v input external delay
     1    0.00    0.00    0.00    1.96 v sys_rst (in)
                                         sys_rst (net)
                  0.00    0.00    1.96 v input36/A (sky130_fd_sc_hd__clkdlybuf4s50_1)
    20    0.07    0.53    0.78    2.75 v input36/X (sky130_fd_sc_hd__clkdlybuf4s50_1)
                                         net35 (net)
                  0.53    0.00    2.75 v _0961_/A (sky130_fd_sc_hd__inv_1)
     6    0.02    0.23    0.32    3.07 ^ _0961_/Y (sky130_fd_sc_hd__inv_1)
                                         _0274_ (net)
                  0.23    0.00    3.07 ^ _0967_/B (sky130_fd_sc_hd__nand2_1)
     2    0.01    0.09    0.11    3.18 v _0967_/Y (sky130_fd_sc_hd__nand2_1)
                                         _0280_ (net)
                  0.09    0.00    3.18 v _0968_/B (sky130_fd_sc_hd__nor2_1)
     2    0.01    0.14    0.15    3.33 ^ _0968_/Y (sky130_fd_sc_hd__nor2_1)
                                         _0281_ (net)
                  0.14    0.00    3.33 ^ _0970_/A (sky130_fd_sc_hd__nand2_1)
    13    0.06    0.43    0.37    3.69 v _0970_/Y (sky130_fd_sc_hd__nand2_1)
                                         _0283_ (net)
                  0.43    0.00    3.69 v _0975_/B (sky130_fd_sc_hd__nand3_1)
     2    0.01    0.18    0.29    3.98 ^ _0975_/Y (sky130_fd_sc_hd__nand3_1)
                                         _0288_ (net)
                  0.18    0.00    3.98 ^ _0979_/A (sky130_fd_sc_hd__nand2_1)
     2    0.01    0.09    0.12    4.11 v _0979_/Y (sky130_fd_sc_hd__nand2_1)
                                         _0291_ (net)
                  0.09    0.00    4.11 v _0980_/B (sky130_fd_sc_hd__nor2_2)
     8    0.05    0.50    0.41    4.52 ^ _0980_/Y (sky130_fd_sc_hd__nor2_2)
                                         _0018_ (net)
                  0.50    0.00    4.52 ^ place45/A (sky130_fd_sc_hd__buf_4)
     9    0.08    0.23    0.35    4.87 ^ place45/X (sky130_fd_sc_hd__buf_4)
                                         net44 (net)
                  0.23    0.01    4.87 ^ GPR[2][6]$_DFFE_PP_/DE (sky130_fd_sc_hd__edfxtp_1)
                                  4.87   data arrival time

                          9.82    9.82   clock core_clock (rise edge)
                          0.00    9.82   clock source latency
     1    0.02    0.00    0.00    9.82 ^ clk (in)
                                         clk (net)
                  0.00    0.00    9.82 ^ clkbuf_0_clk/A (sky130_fd_sc_hd__clkbuf_16)
     8    0.10    0.11    0.17    9.99 ^ clkbuf_0_clk/X (sky130_fd_sc_hd__clkbuf_16)
                                         clknet_0_clk (net)
                  0.11    0.00    9.99 ^ clkbuf_3_3__f_clk/A (sky130_fd_sc_hd__clkbuf_16)
    10    0.04    0.06    0.17   10.16 ^ clkbuf_3_3__f_clk/X (sky130_fd_sc_hd__clkbuf_16)
                                         clknet_3_3__leaf_clk (net)
                  0.06    0.00   10.16 ^ GPR[2][6]$_DFFE_PP_/CLK (sky130_fd_sc_hd__edfxtp_1)
                          0.00   10.16   clock reconvergence pessimism
                         -0.31    9.85   library setup time
                                  9.85   data required time
-----------------------------------------------------------------------------
                                  9.85   data required time
                                 -4.87   data arrival time
-----------------------------------------------------------------------------
                                  4.98   slack (MET)



==========================================================================
finish report_check_types -max_slew -max_cap -max_fanout -violators
--------------------------------------------------------------------------

==========================================================================
finish max_slew_check_slack
--------------------------------------------------------------------------
0.7617872357368469

==========================================================================
finish max_slew_check_limit
--------------------------------------------------------------------------
1.4953149557113647

==========================================================================
finish max_slew_check_slack_limit
--------------------------------------------------------------------------
0.5094

==========================================================================
finish max_fanout_check_slack
--------------------------------------------------------------------------
1.0000000150474662e+30

==========================================================================
finish max_fanout_check_limit
--------------------------------------------------------------------------
1.0000000150474662e+30

==========================================================================
finish max_capacitance_check_slack
--------------------------------------------------------------------------
0.019200246781110764

==========================================================================
finish max_capacitance_check_limit
--------------------------------------------------------------------------
0.021067000925540924

==========================================================================
finish max_capacitance_check_slack_limit
--------------------------------------------------------------------------
0.9114

==========================================================================
finish max_slew_violation_count
--------------------------------------------------------------------------
max slew violation count 0

==========================================================================
finish max_fanout_violation_count
--------------------------------------------------------------------------
max fanout violation count 0

==========================================================================
finish max_cap_violation_count
--------------------------------------------------------------------------
max cap violation count 0

==========================================================================
finish setup_violation_count
--------------------------------------------------------------------------
setup violation count 0

==========================================================================
finish hold_violation_count
--------------------------------------------------------------------------
hold violation count 0

==========================================================================
finish report_checks -path_delay max reg to reg
--------------------------------------------------------------------------
Startpoint: IR[17]$_SDFFE_PP0P_
            (rising edge-triggered flip-flop clocked by core_clock)
Endpoint: GPR[0][14]$_DFFE_PP_
          (rising edge-triggered flip-flop clocked by core_clock)
Path Group: core_clock
Path Type: max

  Delay    Time   Description
---------------------------------------------------------
   0.00    0.00   clock core_clock (rise edge)
   0.00    0.00   clock source latency
   0.00    0.00 ^ clk (in)
   0.17    0.17 ^ clkbuf_0_clk/X (sky130_fd_sc_hd__clkbuf_16)
   0.18    0.34 ^ clkbuf_3_0__f_clk/X (sky130_fd_sc_hd__clkbuf_16)
   0.00    0.35 ^ IR[17]$_SDFFE_PP0P_/CLK (sky130_fd_sc_hd__dfxtp_1)
   0.30    0.64 v IR[17]$_SDFFE_PP0P_/Q (sky130_fd_sc_hd__dfxtp_1)
   0.27    0.91 v place50/X (sky130_fd_sc_hd__buf_4)
   0.55    1.46 ^ _0991_/Y (sky130_fd_sc_hd__inv_2)
   0.16    1.62 v _1103_/Y (sky130_fd_sc_hd__o21ai_0)
   0.43    2.06 ^ _1104_/Y (sky130_fd_sc_hd__o22ai_1)
   0.39    2.45 v _1829_/SUM (sky130_fd_sc_hd__ha_1)
   0.14    2.59 ^ _1156_/Y (sky130_fd_sc_hd__inv_1)
   0.06    2.66 v _1210_/Y (sky130_fd_sc_hd__nand2_1)
   0.09    2.75 ^ _1211_/Y (sky130_fd_sc_hd__nand2_1)
   0.18    2.93 v _1213_/Y (sky130_fd_sc_hd__nand3_1)
   0.17    3.10 ^ _1286_/Y (sky130_fd_sc_hd__inv_1)
   0.09    3.20 v _1287_/Y (sky130_fd_sc_hd__nand2_2)
   0.19    3.38 ^ _1421_/Y (sky130_fd_sc_hd__nor2_2)
   0.09    3.48 v _1582_/Y (sky130_fd_sc_hd__nand3_1)
   0.09    3.57 ^ _1583_/Y (sky130_fd_sc_hd__nand2_1)
   0.06    3.64 v _1584_/Y (sky130_fd_sc_hd__o22ai_1)
   0.21    3.85 ^ _1585_/Y (sky130_fd_sc_hd__nor3_1)
   0.26    4.10 v _1586_/Y (sky130_fd_sc_hd__o21ai_0)
   0.00    4.11 v GPR[0][14]$_DFFE_PP_/D (sky130_fd_sc_hd__edfxtp_1)
           4.11   data arrival time

   9.82    9.82   clock core_clock (rise edge)
   0.00    9.82   clock source latency
   0.00    9.82 ^ clk (in)
   0.17    9.99 ^ clkbuf_0_clk/X (sky130_fd_sc_hd__clkbuf_16)
   0.17   10.16 ^ clkbuf_3_4__f_clk/X (sky130_fd_sc_hd__clkbuf_16)
   0.00   10.17 ^ GPR[0][14]$_DFFE_PP_/CLK (sky130_fd_sc_hd__edfxtp_1)
   0.00   10.17   clock reconvergence pessimism
  -0.31    9.85   library setup time
           9.85   data required time
---------------------------------------------------------
           9.85   data required time
          -4.11   data arrival time
---------------------------------------------------------
           5.75   slack (MET)



==========================================================================
finish report_checks -path_delay min reg to reg
--------------------------------------------------------------------------
Startpoint: count[0]$_SDFF_PP0_
            (rising edge-triggered flip-flop clocked by core_clock)
Endpoint: count[0]$_SDFF_PP0_
          (rising edge-triggered flip-flop clocked by core_clock)
Path Group: core_clock
Path Type: min

  Delay    Time   Description
---------------------------------------------------------
   0.00    0.00   clock core_clock (rise edge)
   0.00    0.00   clock source latency
   0.00    0.00 ^ clk (in)
   0.17    0.17 ^ clkbuf_0_clk/X (sky130_fd_sc_hd__clkbuf_16)
   0.17    0.34 ^ clkbuf_3_4__f_clk/X (sky130_fd_sc_hd__clkbuf_16)
   0.00    0.35 ^ count[0]$_SDFF_PP0_/CLK (sky130_fd_sc_hd__dfxtp_1)
   0.33    0.68 ^ count[0]$_SDFF_PP0_/Q (sky130_fd_sc_hd__dfxtp_1)
   0.05    0.73 v _1725_/Y (sky130_fd_sc_hd__nor2_1)
   0.00    0.73 v count[0]$_SDFF_PP0_/D (sky130_fd_sc_hd__dfxtp_1)
           0.73   data arrival time

   0.00    0.00   clock core_clock (rise edge)
   0.00    0.00   clock source latency
   0.00    0.00 ^ clk (in)
   0.17    0.17 ^ clkbuf_0_clk/X (sky130_fd_sc_hd__clkbuf_16)
   0.17    0.34 ^ clkbuf_3_4__f_clk/X (sky130_fd_sc_hd__clkbuf_16)
   0.00    0.35 ^ count[0]$_SDFF_PP0_/CLK (sky130_fd_sc_hd__dfxtp_1)
   0.00    0.35   clock reconvergence pessimism
  -0.04    0.30   library hold time
           0.30   data required time
---------------------------------------------------------
           0.30   data required time
          -0.73   data arrival time
---------------------------------------------------------
           0.42   slack (MET)



==========================================================================
finish critical path target clock latency max path
--------------------------------------------------------------------------
0.3406

==========================================================================
finish critical path target clock latency min path
--------------------------------------------------------------------------
0.3470

==========================================================================
finish critical path source clock latency min path
--------------------------------------------------------------------------
0.0000

==========================================================================
finish critical path delay
--------------------------------------------------------------------------
4.8729

==========================================================================
finish critical path slack
--------------------------------------------------------------------------
4.9797

==========================================================================
finish slack div critical path delay
--------------------------------------------------------------------------
102.191713

==========================================================================
finish report_power
--------------------------------------------------------------------------
Group                  Internal  Switching    Leakage      Total
                          Power      Power      Power      Power (Watts)
----------------------------------------------------------------
Sequential             4.04e-04   8.23e-06   7.45e-10   4.12e-04  47.6%
Combinational          3.72e-05   8.19e-05   2.57e-09   1.19e-04  13.7%
Clock                  1.76e-04   1.60e-04   1.31e-10   3.36e-04  38.7%
Macro                  0.00e+00   0.00e+00   0.00e+00   0.00e+00   0.0%
Pad                    0.00e+00   0.00e+00   0.00e+00   0.00e+00   0.0%
----------------------------------------------------------------
Total                  6.17e-04   2.50e-04   3.45e-09   8.67e-04 100.0%
                          71.2%      28.8%       0.0%
