
==========================================================================
cts final report_tns
--------------------------------------------------------------------------
tns max 0.00

==========================================================================
cts final report_wns
--------------------------------------------------------------------------
wns max 0.00

==========================================================================
cts final report_worst_slack
--------------------------------------------------------------------------
worst slack max 1.46

==========================================================================
cts final report_clock_min_period
--------------------------------------------------------------------------
core_clock period_min = 3.79 fmax = 263.55

==========================================================================
cts final report_clock_skew
--------------------------------------------------------------------------
Clock core_clock
   0.35 source latency GPR[0][3]$_DFFE_PP_/CLK ^
  -0.36 target latency GPR[0][14]$_DFFE_PP_/CLK ^
   0.00 CRPR
--------------
  -0.01 setup skew


==========================================================================
cts final report_checks -path_delay min
--------------------------------------------------------------------------
Startpoint: count[0]$_SDFF_PP0_
            (rising edge-triggered flip-flop clocked by core_clock)
Endpoint: count[0]$_SDFF_PP0_
          (rising edge-triggered flip-flop clocked by core_clock)
Path Group: core_clock
Path Type: min

Fanout     Cap    Slew   Delay    Time   Description
-----------------------------------------------------------------------------
                          0.00    0.00   clock core_clock (rise edge)
                          0.00    0.00   clock source latency
     1    0.03    0.00    0.00    0.00 ^ clk (in)
                                         clk (net)
                  0.00    0.00    0.00 ^ clkbuf_0_clk/A (sky130_fd_sc_hd__clkbuf_16)
     8    0.11    0.12    0.18    0.18 ^ clkbuf_0_clk/X (sky130_fd_sc_hd__clkbuf_16)
                                         clknet_0_clk (net)
                  0.12    0.00    0.18 ^ clkbuf_3_0__f_clk/A (sky130_fd_sc_hd__clkbuf_16)
    14    0.05    0.07    0.18    0.36 ^ clkbuf_3_0__f_clk/X (sky130_fd_sc_hd__clkbuf_16)
                                         clknet_3_0__leaf_clk (net)
                  0.07    0.00    0.36 ^ count[0]$_SDFF_PP0_/CLK (sky130_fd_sc_hd__dfxtp_1)
     2    0.01    0.07    0.33    0.69 ^ count[0]$_SDFF_PP0_/Q (sky130_fd_sc_hd__dfxtp_1)
                                         count[0] (net)
                  0.07    0.00    0.69 ^ _1725_/A (sky130_fd_sc_hd__nor2_1)
     1    0.00    0.03    0.05    0.74 v _1725_/Y (sky130_fd_sc_hd__nor2_1)
                                         _0162_ (net)
                  0.03    0.00    0.74 v count[0]$_SDFF_PP0_/D (sky130_fd_sc_hd__dfxtp_1)
                                  0.74   data arrival time

                          0.00    0.00   clock core_clock (rise edge)
                          0.00    0.00   clock source latency
     1    0.03    0.00    0.00    0.00 ^ clk (in)
                                         clk (net)
                  0.00    0.00    0.00 ^ clkbuf_0_clk/A (sky130_fd_sc_hd__clkbuf_16)
     8    0.11    0.12    0.18    0.18 ^ clkbuf_0_clk/X (sky130_fd_sc_hd__clkbuf_16)
                                         clknet_0_clk (net)
                  0.12    0.00    0.18 ^ clkbuf_3_0__f_clk/A (sky130_fd_sc_hd__clkbuf_16)
    14    0.05    0.07    0.18    0.36 ^ clkbuf_3_0__f_clk/X (sky130_fd_sc_hd__clkbuf_16)
                                         clknet_3_0__leaf_clk (net)
                  0.07    0.00    0.36 ^ count[0]$_SDFF_PP0_/CLK (sky130_fd_sc_hd__dfxtp_1)
                          0.00    0.36   clock reconvergence pessimism
                         -0.04    0.32   library hold time
                                  0.32   data required time
-----------------------------------------------------------------------------
                                  0.32   data required time
                                 -0.74   data arrival time
-----------------------------------------------------------------------------
                                  0.42   slack (MET)



==========================================================================
cts final report_checks -path_delay max
--------------------------------------------------------------------------
Startpoint: IR[17]$_SDFFE_PP0P_
            (rising edge-triggered flip-flop clocked by core_clock)
Endpoint: GPR[0][15]$_DFFE_PP_
          (rising edge-triggered flip-flop clocked by core_clock)
Path Group: core_clock
Path Type: max

Fanout     Cap    Slew   Delay    Time   Description
-----------------------------------------------------------------------------
                          0.00    0.00   clock core_clock (rise edge)
                          0.00    0.00   clock source latency
     1    0.03    0.00    0.00    0.00 ^ clk (in)
                                         clk (net)
                  0.00    0.00    0.00 ^ clkbuf_0_clk/A (sky130_fd_sc_hd__clkbuf_16)
     8    0.11    0.12    0.18    0.18 ^ clkbuf_0_clk/X (sky130_fd_sc_hd__clkbuf_16)
                                         clknet_0_clk (net)
                  0.12    0.00    0.18 ^ clkbuf_3_1__f_clk/A (sky130_fd_sc_hd__clkbuf_16)
    14    0.04    0.06    0.17    0.35 ^ clkbuf_3_1__f_clk/X (sky130_fd_sc_hd__clkbuf_16)
                                         clknet_3_1__leaf_clk (net)
                  0.06    0.00    0.35 ^ IR[17]$_SDFFE_PP0P_/CLK (sky130_fd_sc_hd__dfxtp_1)
     2    0.01    0.05    0.32    0.67 v IR[17]$_SDFFE_PP0P_/Q (sky130_fd_sc_hd__dfxtp_1)
                                         IR[17] (net)
                  0.05    0.00    0.67 v _0991_/A (sky130_fd_sc_hd__inv_2)
    31    0.15    0.66    0.49    1.16 ^ _0991_/Y (sky130_fd_sc_hd__inv_2)
                                         _0299_ (net)
                  0.66    0.01    1.16 ^ _1103_/A2 (sky130_fd_sc_hd__o21ai_0)
     1    0.00    0.14    0.16    1.32 v _1103_/Y (sky130_fd_sc_hd__o21ai_0)
                                         _0399_ (net)
                  0.14    0.00    1.32 v _1104_/B2 (sky130_fd_sc_hd__o22ai_1)
     5    0.02    0.48    0.40    1.73 ^ _1104_/Y (sky130_fd_sc_hd__o22ai_1)
                                         _0052_ (net)
                  0.48    0.00    1.73 ^ _1829_/B (sky130_fd_sc_hd__ha_1)
     5    0.02    0.12    0.38    2.11 v _1829_/SUM (sky130_fd_sc_hd__ha_1)
                                         _0057_ (net)
                  0.12    0.00    2.11 v _1156_/A (sky130_fd_sc_hd__inv_1)
     4    0.01    0.12    0.14    2.26 ^ _1156_/Y (sky130_fd_sc_hd__inv_1)
                                         _0443_ (net)
                  0.12    0.00    2.26 ^ _1185_/A (sky130_fd_sc_hd__nand3_1)
     2    0.01    0.08    0.10    2.36 v _1185_/Y (sky130_fd_sc_hd__nand3_1)
                                         _0471_ (net)
                  0.08    0.00    2.36 v _1191_/A (sky130_fd_sc_hd__inv_1)
     1    0.00    0.04    0.06    2.42 ^ _1191_/Y (sky130_fd_sc_hd__inv_1)
                                         _0477_ (net)
                  0.04    0.00    2.42 ^ _1192_/B (sky130_fd_sc_hd__nor2_1)
     2    0.01    0.05    0.06    2.48 v _1192_/Y (sky130_fd_sc_hd__nor2_1)
                                         _0478_ (net)
                  0.05    0.00    2.48 v _1243_/A (sky130_fd_sc_hd__nor2_2)
     4    0.02    0.18    0.19    2.67 ^ _1243_/Y (sky130_fd_sc_hd__nor2_2)
                                         _0527_ (net)
                  0.18    0.00    2.67 ^ _1384_/A (sky130_fd_sc_hd__nand2_1)
     1    0.00    0.07    0.09    2.75 v _1384_/Y (sky130_fd_sc_hd__nand2_1)
                                         _0664_ (net)
                  0.07    0.00    2.75 v _1385_/B (sky130_fd_sc_hd__nor2_2)
     4    0.02    0.24    0.21    2.96 ^ _1385_/Y (sky130_fd_sc_hd__nor2_2)
                                         _0665_ (net)
                  0.24    0.00    2.96 ^ _1597_/B (sky130_fd_sc_hd__nand3_1)
     1    0.00    0.07    0.11    3.07 v _1597_/Y (sky130_fd_sc_hd__nand3_1)
                                         _0871_ (net)
                  0.07    0.00    3.07 v _1598_/A (sky130_fd_sc_hd__nand2_1)
     1    0.00    0.05    0.07    3.13 ^ _1598_/Y (sky130_fd_sc_hd__nand2_1)
                                         _0872_ (net)
                  0.05    0.00    3.13 ^ _1600_/A (sky130_fd_sc_hd__nand2_1)
     2    0.01    0.09    0.09    3.22 v _1600_/Y (sky130_fd_sc_hd__nand2_1)
                                         _0874_ (net)
                  0.09    0.00    3.22 v _1614_/B1 (sky130_fd_sc_hd__a221oi_1)
     1    0.01    0.37    0.37    3.59 ^ _1614_/Y (sky130_fd_sc_hd__a221oi_1)
                                         _0888_ (net)
                  0.37    0.00    3.59 ^ _1633_/A (sky130_fd_sc_hd__nand3_1)
     4    0.02    0.20    0.24    3.84 v _1633_/Y (sky130_fd_sc_hd__nand3_1)
                                         _0006_ (net)
                  0.20    0.00    3.84 v GPR[0][15]$_DFFE_PP_/D (sky130_fd_sc_hd__edfxtp_1)
                                  3.84   data arrival time

                          5.26    5.26   clock core_clock (rise edge)
                          0.00    5.26   clock source latency
     1    0.03    0.00    0.00    5.26 ^ clk (in)
                                         clk (net)
                  0.00    0.00    5.26 ^ clkbuf_0_clk/A (sky130_fd_sc_hd__clkbuf_16)
     8    0.11    0.12    0.18    5.43 ^ clkbuf_0_clk/X (sky130_fd_sc_hd__clkbuf_16)
                                         clknet_0_clk (net)
                  0.12    0.00    5.44 ^ clkbuf_3_4__f_clk/A (sky130_fd_sc_hd__clkbuf_16)
    11    0.04    0.06    0.17    5.61 ^ clkbuf_3_4__f_clk/X (sky130_fd_sc_hd__clkbuf_16)
                                         clknet_3_4__leaf_clk (net)
                  0.06    0.00    5.61 ^ GPR[0][15]$_DFFE_PP_/CLK (sky130_fd_sc_hd__edfxtp_1)
                          0.00    5.61   clock reconvergence pessimism
                         -0.31    5.30   library setup time
                                  5.30   data required time
-----------------------------------------------------------------------------
                                  5.30   data required time
                                 -3.84   data arrival time
-----------------------------------------------------------------------------
                                  1.46   slack (MET)



==========================================================================
cts final report_checks -unconstrained
--------------------------------------------------------------------------
Startpoint: IR[17]$_SDFFE_PP0P_
            (rising edge-triggered flip-flop clocked by core_clock)
Endpoint: GPR[0][15]$_DFFE_PP_
          (rising edge-triggered flip-flop clocked by core_clock)
Path Group: core_clock
Path Type: max

Fanout     Cap    Slew   Delay    Time   Description
-----------------------------------------------------------------------------
                          0.00    0.00   clock core_clock (rise edge)
                          0.00    0.00   clock source latency
     1    0.03    0.00    0.00    0.00 ^ clk (in)
                                         clk (net)
                  0.00    0.00    0.00 ^ clkbuf_0_clk/A (sky130_fd_sc_hd__clkbuf_16)
     8    0.11    0.12    0.18    0.18 ^ clkbuf_0_clk/X (sky130_fd_sc_hd__clkbuf_16)
                                         clknet_0_clk (net)
                  0.12    0.00    0.18 ^ clkbuf_3_1__f_clk/A (sky130_fd_sc_hd__clkbuf_16)
    14    0.04    0.06    0.17    0.35 ^ clkbuf_3_1__f_clk/X (sky130_fd_sc_hd__clkbuf_16)
                                         clknet_3_1__leaf_clk (net)
                  0.06    0.00    0.35 ^ IR[17]$_SDFFE_PP0P_/CLK (sky130_fd_sc_hd__dfxtp_1)
     2    0.01    0.05    0.32    0.67 v IR[17]$_SDFFE_PP0P_/Q (sky130_fd_sc_hd__dfxtp_1)
                                         IR[17] (net)
                  0.05    0.00    0.67 v _0991_/A (sky130_fd_sc_hd__inv_2)
    31    0.15    0.66    0.49    1.16 ^ _0991_/Y (sky130_fd_sc_hd__inv_2)
                                         _0299_ (net)
                  0.66    0.01    1.16 ^ _1103_/A2 (sky130_fd_sc_hd__o21ai_0)
     1    0.00    0.14    0.16    1.32 v _1103_/Y (sky130_fd_sc_hd__o21ai_0)
                                         _0399_ (net)
                  0.14    0.00    1.32 v _1104_/B2 (sky130_fd_sc_hd__o22ai_1)
     5    0.02    0.48    0.40    1.73 ^ _1104_/Y (sky130_fd_sc_hd__o22ai_1)
                                         _0052_ (net)
                  0.48    0.00    1.73 ^ _1829_/B (sky130_fd_sc_hd__ha_1)
     5    0.02    0.12    0.38    2.11 v _1829_/SUM (sky130_fd_sc_hd__ha_1)
                                         _0057_ (net)
                  0.12    0.00    2.11 v _1156_/A (sky130_fd_sc_hd__inv_1)
     4    0.01    0.12    0.14    2.26 ^ _1156_/Y (sky130_fd_sc_hd__inv_1)
                                         _0443_ (net)
                  0.12    0.00    2.26 ^ _1185_/A (sky130_fd_sc_hd__nand3_1)
     2    0.01    0.08    0.10    2.36 v _1185_/Y (sky130_fd_sc_hd__nand3_1)
                                         _0471_ (net)
                  0.08    0.00    2.36 v _1191_/A (sky130_fd_sc_hd__inv_1)
     1    0.00    0.04    0.06    2.42 ^ _1191_/Y (sky130_fd_sc_hd__inv_1)
                                         _0477_ (net)
                  0.04    0.00    2.42 ^ _1192_/B (sky130_fd_sc_hd__nor2_1)
     2    0.01    0.05    0.06    2.48 v _1192_/Y (sky130_fd_sc_hd__nor2_1)
                                         _0478_ (net)
                  0.05    0.00    2.48 v _1243_/A (sky130_fd_sc_hd__nor2_2)
     4    0.02    0.18    0.19    2.67 ^ _1243_/Y (sky130_fd_sc_hd__nor2_2)
                                         _0527_ (net)
                  0.18    0.00    2.67 ^ _1384_/A (sky130_fd_sc_hd__nand2_1)
     1    0.00    0.07    0.09    2.75 v _1384_/Y (sky130_fd_sc_hd__nand2_1)
                                         _0664_ (net)
                  0.07    0.00    2.75 v _1385_/B (sky130_fd_sc_hd__nor2_2)
     4    0.02    0.24    0.21    2.96 ^ _1385_/Y (sky130_fd_sc_hd__nor2_2)
                                         _0665_ (net)
                  0.24    0.00    2.96 ^ _1597_/B (sky130_fd_sc_hd__nand3_1)
     1    0.00    0.07    0.11    3.07 v _1597_/Y (sky130_fd_sc_hd__nand3_1)
                                         _0871_ (net)
                  0.07    0.00    3.07 v _1598_/A (sky130_fd_sc_hd__nand2_1)
     1    0.00    0.05    0.07    3.13 ^ _1598_/Y (sky130_fd_sc_hd__nand2_1)
                                         _0872_ (net)
                  0.05    0.00    3.13 ^ _1600_/A (sky130_fd_sc_hd__nand2_1)
     2    0.01    0.09    0.09    3.22 v _1600_/Y (sky130_fd_sc_hd__nand2_1)
                                         _0874_ (net)
                  0.09    0.00    3.22 v _1614_/B1 (sky130_fd_sc_hd__a221oi_1)
     1    0.01    0.37    0.37    3.59 ^ _1614_/Y (sky130_fd_sc_hd__a221oi_1)
                                         _0888_ (net)
                  0.37    0.00    3.59 ^ _1633_/A (sky130_fd_sc_hd__nand3_1)
     4    0.02    0.20    0.24    3.84 v _1633_/Y (sky130_fd_sc_hd__nand3_1)
                                         _0006_ (net)
                  0.20    0.00    3.84 v GPR[0][15]$_DFFE_PP_/D (sky130_fd_sc_hd__edfxtp_1)
                                  3.84   data arrival time

                          5.26    5.26   clock core_clock (rise edge)
                          0.00    5.26   clock source latency
     1    0.03    0.00    0.00    5.26 ^ clk (in)
                                         clk (net)
                  0.00    0.00    5.26 ^ clkbuf_0_clk/A (sky130_fd_sc_hd__clkbuf_16)
     8    0.11    0.12    0.18    5.43 ^ clkbuf_0_clk/X (sky130_fd_sc_hd__clkbuf_16)
                                         clknet_0_clk (net)
                  0.12    0.00    5.44 ^ clkbuf_3_4__f_clk/A (sky130_fd_sc_hd__clkbuf_16)
    11    0.04    0.06    0.17    5.61 ^ clkbuf_3_4__f_clk/X (sky130_fd_sc_hd__clkbuf_16)
                                         clknet_3_4__leaf_clk (net)
                  0.06    0.00    5.61 ^ GPR[0][15]$_DFFE_PP_/CLK (sky130_fd_sc_hd__edfxtp_1)
                          0.00    5.61   clock reconvergence pessimism
                         -0.31    5.30   library setup time
                                  5.30   data required time
-----------------------------------------------------------------------------
                                  5.30   data required time
                                 -3.84   data arrival time
-----------------------------------------------------------------------------
                                  1.46   slack (MET)



==========================================================================
cts final report_check_types -max_slew -max_cap -max_fanout -violators
--------------------------------------------------------------------------

==========================================================================
cts final max_slew_check_slack
--------------------------------------------------------------------------
0.8341044783592224

==========================================================================
cts final max_slew_check_limit
--------------------------------------------------------------------------
1.497817039489746

==========================================================================
cts final max_slew_check_slack_limit
--------------------------------------------------------------------------
0.5569

==========================================================================
cts final max_fanout_check_slack
--------------------------------------------------------------------------
1.0000000150474662e+30

==========================================================================
cts final max_fanout_check_limit
--------------------------------------------------------------------------
1.0000000150474662e+30

==========================================================================
cts final max_capacitance_check_slack
--------------------------------------------------------------------------
0.01904328167438507

==========================================================================
cts final max_capacitance_check_limit
--------------------------------------------------------------------------
0.021067000925540924

==========================================================================
cts final max_capacitance_check_slack_limit
--------------------------------------------------------------------------
0.9039

==========================================================================
cts final max_slew_violation_count
--------------------------------------------------------------------------
max slew violation count 0

==========================================================================
cts final max_fanout_violation_count
--------------------------------------------------------------------------
max fanout violation count 0

==========================================================================
cts final max_cap_violation_count
--------------------------------------------------------------------------
max cap violation count 0

==========================================================================
cts final setup_violation_count
--------------------------------------------------------------------------
setup violation count 0

==========================================================================
cts final hold_violation_count
--------------------------------------------------------------------------
hold violation count 0

==========================================================================
cts final report_checks -path_delay max reg to reg
--------------------------------------------------------------------------
Startpoint: IR[17]$_SDFFE_PP0P_
            (rising edge-triggered flip-flop clocked by core_clock)
Endpoint: GPR[0][15]$_DFFE_PP_
          (rising edge-triggered flip-flop clocked by core_clock)
Path Group: core_clock
Path Type: max

  Delay    Time   Description
---------------------------------------------------------
   0.00    0.00   clock core_clock (rise edge)
   0.00    0.00   clock source latency
   0.00    0.00 ^ clk (in)
   0.18    0.18 ^ clkbuf_0_clk/X (sky130_fd_sc_hd__clkbuf_16)
   0.17    0.35 ^ clkbuf_3_1__f_clk/X (sky130_fd_sc_hd__clkbuf_16)
   0.00    0.35 ^ IR[17]$_SDFFE_PP0P_/CLK (sky130_fd_sc_hd__dfxtp_1)
   0.32    0.67 v IR[17]$_SDFFE_PP0P_/Q (sky130_fd_sc_hd__dfxtp_1)
   0.49    1.16 ^ _0991_/Y (sky130_fd_sc_hd__inv_2)
   0.17    1.32 v _1103_/Y (sky130_fd_sc_hd__o21ai_0)
   0.40    1.73 ^ _1104_/Y (sky130_fd_sc_hd__o22ai_1)
   0.38    2.11 v _1829_/SUM (sky130_fd_sc_hd__ha_1)
   0.14    2.26 ^ _1156_/Y (sky130_fd_sc_hd__inv_1)
   0.10    2.36 v _1185_/Y (sky130_fd_sc_hd__nand3_1)
   0.06    2.42 ^ _1191_/Y (sky130_fd_sc_hd__inv_1)
   0.06    2.48 v _1192_/Y (sky130_fd_sc_hd__nor2_1)
   0.19    2.67 ^ _1243_/Y (sky130_fd_sc_hd__nor2_2)
   0.09    2.75 v _1384_/Y (sky130_fd_sc_hd__nand2_1)
   0.21    2.96 ^ _1385_/Y (sky130_fd_sc_hd__nor2_2)
   0.11    3.07 v _1597_/Y (sky130_fd_sc_hd__nand3_1)
   0.07    3.13 ^ _1598_/Y (sky130_fd_sc_hd__nand2_1)
   0.09    3.22 v _1600_/Y (sky130_fd_sc_hd__nand2_1)
   0.37    3.59 ^ _1614_/Y (sky130_fd_sc_hd__a221oi_1)
   0.24    3.84 v _1633_/Y (sky130_fd_sc_hd__nand3_1)
   0.00    3.84 v GPR[0][15]$_DFFE_PP_/D (sky130_fd_sc_hd__edfxtp_1)
           3.84   data arrival time

   5.26    5.26   clock core_clock (rise edge)
   0.00    5.26   clock source latency
   0.00    5.26 ^ clk (in)
   0.18    5.43 ^ clkbuf_0_clk/X (sky130_fd_sc_hd__clkbuf_16)
   0.17    5.61 ^ clkbuf_3_4__f_clk/X (sky130_fd_sc_hd__clkbuf_16)
   0.00    5.61 ^ GPR[0][15]$_DFFE_PP_/CLK (sky130_fd_sc_hd__edfxtp_1)
   0.00    5.61   clock reconvergence pessimism
  -0.31    5.30   library setup time
           5.30   data required time
---------------------------------------------------------
           5.30   data required time
          -3.84   data arrival time
---------------------------------------------------------
           1.46   slack (MET)



==========================================================================
cts final report_checks -path_delay min reg to reg
--------------------------------------------------------------------------
Startpoint: count[0]$_SDFF_PP0_
            (rising edge-triggered flip-flop clocked by core_clock)
Endpoint: count[0]$_SDFF_PP0_
          (rising edge-triggered flip-flop clocked by core_clock)
Path Group: core_clock
Path Type: min

  Delay    Time   Description
---------------------------------------------------------
   0.00    0.00   clock core_clock (rise edge)
   0.00    0.00   clock source latency
   0.00    0.00 ^ clk (in)
   0.18    0.18 ^ clkbuf_0_clk/X (sky130_fd_sc_hd__clkbuf_16)
   0.18    0.36 ^ clkbuf_3_0__f_clk/X (sky130_fd_sc_hd__clkbuf_16)
   0.00    0.36 ^ count[0]$_SDFF_PP0_/CLK (sky130_fd_sc_hd__dfxtp_1)
   0.33    0.69 ^ count[0]$_SDFF_PP0_/Q (sky130_fd_sc_hd__dfxtp_1)
   0.05    0.74 v _1725_/Y (sky130_fd_sc_hd__nor2_1)
   0.00    0.74 v count[0]$_SDFF_PP0_/D (sky130_fd_sc_hd__dfxtp_1)
           0.74   data arrival time

   0.00    0.00   clock core_clock (rise edge)
   0.00    0.00   clock source latency
   0.00    0.00 ^ clk (in)
   0.18    0.18 ^ clkbuf_0_clk/X (sky130_fd_sc_hd__clkbuf_16)
   0.18    0.36 ^ clkbuf_3_0__f_clk/X (sky130_fd_sc_hd__clkbuf_16)
   0.00    0.36 ^ count[0]$_SDFF_PP0_/CLK (sky130_fd_sc_hd__dfxtp_1)
   0.00    0.36   clock reconvergence pessimism
  -0.04    0.32   library hold time
           0.32   data required time
---------------------------------------------------------
           0.32   data required time
          -0.74   data arrival time
---------------------------------------------------------
           0.42   slack (MET)



==========================================================================
cts final critical path target clock latency max path
--------------------------------------------------------------------------
0.3484

==========================================================================
cts final critical path target clock latency min path
--------------------------------------------------------------------------
0.3567

==========================================================================
cts final critical path source clock latency min path
--------------------------------------------------------------------------
0.0000

==========================================================================
cts final critical path delay
--------------------------------------------------------------------------
3.8387

==========================================================================
cts final critical path slack
--------------------------------------------------------------------------
1.4612

==========================================================================
cts final slack div critical path delay
--------------------------------------------------------------------------
38.064970

==========================================================================
cts final report_power
--------------------------------------------------------------------------
Group                  Internal  Switching    Leakage      Total
                          Power      Power      Power      Power (Watts)
----------------------------------------------------------------
Sequential             7.55e-04   1.47e-05   7.45e-10   7.70e-04  47.3%
Combinational          6.99e-05   1.47e-04   2.58e-09   2.17e-04  13.3%
Clock                  3.54e-04   2.85e-04   1.43e-10   6.39e-04  39.3%
Macro                  0.00e+00   0.00e+00   0.00e+00   0.00e+00   0.0%
Pad                    0.00e+00   0.00e+00   0.00e+00   0.00e+00   0.0%
----------------------------------------------------------------
Total                  1.18e-03   4.47e-04   3.47e-09   1.63e-03 100.0%
                          72.5%      27.5%       0.0%
