
==========================================================================
global route report_tns
--------------------------------------------------------------------------
tns max 0.00

==========================================================================
global route report_wns
--------------------------------------------------------------------------
wns max 0.00

==========================================================================
global route report_worst_slack
--------------------------------------------------------------------------
worst slack max 1.19

==========================================================================
global route report_clock_min_period
--------------------------------------------------------------------------
core_clock period_min = 4.07 fmax = 245.78

==========================================================================
global route report_clock_skew
--------------------------------------------------------------------------
Clock core_clock
   0.36 source latency GPR[1][1]$_DFFE_PP_/CLK ^
  -0.35 target latency GPR[0][3]$_DFFE_PP_/CLK ^
   0.00 CRPR
--------------
   0.01 setup skew


==========================================================================
global route report_checks -path_delay min
--------------------------------------------------------------------------
Startpoint: count[0]$_SDFF_PP0_
            (rising edge-triggered flip-flop clocked by core_clock)
Endpoint: count[0]$_SDFF_PP0_
          (rising edge-triggered flip-flop clocked by core_clock)
Path Group: core_clock
Path Type: min

Fanout     Cap    Slew   Delay    Time   Description
-----------------------------------------------------------------------------
                          0.00    0.00   clock core_clock (rise edge)
                          0.00    0.00   clock source latency
     1    0.03    0.00    0.00    0.00 ^ clk (in)
                                         clk (net)
                  0.00    0.00    0.00 ^ clkbuf_0_clk/A (sky130_fd_sc_hd__clkbuf_16)
     8    0.11    0.12    0.18    0.18 ^ clkbuf_0_clk/X (sky130_fd_sc_hd__clkbuf_16)
                                         clknet_0_clk (net)
                  0.12    0.00    0.18 ^ clkbuf_3_0__f_clk/A (sky130_fd_sc_hd__clkbuf_16)
    14    0.05    0.07    0.18    0.36 ^ clkbuf_3_0__f_clk/X (sky130_fd_sc_hd__clkbuf_16)
                                         clknet_3_0__leaf_clk (net)
                  0.07    0.00    0.36 ^ count[0]$_SDFF_PP0_/CLK (sky130_fd_sc_hd__dfxtp_1)
     2    0.01    0.09    0.35    0.71 ^ count[0]$_SDFF_PP0_/Q (sky130_fd_sc_hd__dfxtp_1)
                                         count[0] (net)
                  0.09    0.00    0.71 ^ _1725_/A (sky130_fd_sc_hd__nor2_1)
     1    0.00    0.04    0.06    0.77 v _1725_/Y (sky130_fd_sc_hd__nor2_1)
                                         _0162_ (net)
                  0.04    0.00    0.77 v count[0]$_SDFF_PP0_/D (sky130_fd_sc_hd__dfxtp_1)
                                  0.77   data arrival time

                          0.00    0.00   clock core_clock (rise edge)
                          0.00    0.00   clock source latency
     1    0.03    0.00    0.00    0.00 ^ clk (in)
                                         clk (net)
                  0.00    0.00    0.00 ^ clkbuf_0_clk/A (sky130_fd_sc_hd__clkbuf_16)
     8    0.11    0.12    0.18    0.18 ^ clkbuf_0_clk/X (sky130_fd_sc_hd__clkbuf_16)
                                         clknet_0_clk (net)
                  0.12    0.00    0.18 ^ clkbuf_3_0__f_clk/A (sky130_fd_sc_hd__clkbuf_16)
    14    0.05    0.07    0.18    0.36 ^ clkbuf_3_0__f_clk/X (sky130_fd_sc_hd__clkbuf_16)
                                         clknet_3_0__leaf_clk (net)
                  0.07    0.00    0.36 ^ count[0]$_SDFF_PP0_/CLK (sky130_fd_sc_hd__dfxtp_1)
                          0.00    0.36   clock reconvergence pessimism
                         -0.04    0.32   library hold time
                                  0.32   data required time
-----------------------------------------------------------------------------
                                  0.32   data required time
                                 -0.77   data arrival time
-----------------------------------------------------------------------------
                                  0.45   slack (MET)



==========================================================================
global route report_checks -path_delay max
--------------------------------------------------------------------------
Startpoint: IR[17]$_SDFFE_PP0P_
            (rising edge-triggered flip-flop clocked by core_clock)
Endpoint: GPR[0][15]$_DFFE_PP_
          (rising edge-triggered flip-flop clocked by core_clock)
Path Group: core_clock
Path Type: max

Fanout     Cap    Slew   Delay    Time   Description
-----------------------------------------------------------------------------
                          0.00    0.00   clock core_clock (rise edge)
                          0.00    0.00   clock source latency
     1    0.03    0.00    0.00    0.00 ^ clk (in)
                                         clk (net)
                  0.00    0.00    0.00 ^ clkbuf_0_clk/A (sky130_fd_sc_hd__clkbuf_16)
     8    0.11    0.12    0.18    0.18 ^ clkbuf_0_clk/X (sky130_fd_sc_hd__clkbuf_16)
                                         clknet_0_clk (net)
                  0.12    0.00    0.18 ^ clkbuf_3_1__f_clk/A (sky130_fd_sc_hd__clkbuf_16)
    14    0.05    0.06    0.17    0.35 ^ clkbuf_3_1__f_clk/X (sky130_fd_sc_hd__clkbuf_16)
                                         clknet_3_1__leaf_clk (net)
                  0.06    0.00    0.35 ^ IR[17]$_SDFFE_PP0P_/CLK (sky130_fd_sc_hd__dfxtp_1)
     2    0.01    0.05    0.32    0.68 v IR[17]$_SDFFE_PP0P_/Q (sky130_fd_sc_hd__dfxtp_1)
                                         IR[17] (net)
                  0.05    0.00    0.68 v _0991_/A (sky130_fd_sc_hd__inv_2)
    31    0.15    0.69    0.51    1.18 ^ _0991_/Y (sky130_fd_sc_hd__inv_2)
                                         _0299_ (net)
                  0.69    0.01    1.19 ^ _1103_/A2 (sky130_fd_sc_hd__o21ai_0)
     1    0.00    0.14    0.17    1.36 v _1103_/Y (sky130_fd_sc_hd__o21ai_0)
                                         _0399_ (net)
                  0.14    0.00    1.36 v _1104_/B2 (sky130_fd_sc_hd__o22ai_1)
     5    0.03    0.56    0.47    1.82 ^ _1104_/Y (sky130_fd_sc_hd__o22ai_1)
                                         _0052_ (net)
                  0.56    0.00    1.83 ^ _1829_/B (sky130_fd_sc_hd__ha_1)
     5    0.02    0.13    0.41    2.23 v _1829_/SUM (sky130_fd_sc_hd__ha_1)
                                         _0057_ (net)
                  0.13    0.00    2.23 v _1156_/A (sky130_fd_sc_hd__inv_1)
     4    0.02    0.13    0.15    2.39 ^ _1156_/Y (sky130_fd_sc_hd__inv_1)
                                         _0443_ (net)
                  0.13    0.00    2.39 ^ _1185_/A (sky130_fd_sc_hd__nand3_1)
     2    0.01    0.10    0.12    2.51 v _1185_/Y (sky130_fd_sc_hd__nand3_1)
                                         _0471_ (net)
                  0.10    0.00    2.51 v _1191_/A (sky130_fd_sc_hd__inv_1)
     1    0.00    0.05    0.08    2.58 ^ _1191_/Y (sky130_fd_sc_hd__inv_1)
                                         _0477_ (net)
                  0.05    0.00    2.59 ^ _1192_/B (sky130_fd_sc_hd__nor2_1)
     2    0.01    0.06    0.06    2.65 v _1192_/Y (sky130_fd_sc_hd__nor2_1)
                                         _0478_ (net)
                  0.06    0.00    2.65 v _1243_/A (sky130_fd_sc_hd__nor2_2)
     4    0.02    0.19    0.20    2.84 ^ _1243_/Y (sky130_fd_sc_hd__nor2_2)
                                         _0527_ (net)
                  0.19    0.00    2.85 ^ _1384_/A (sky130_fd_sc_hd__nand2_1)
     1    0.01    0.07    0.09    2.94 v _1384_/Y (sky130_fd_sc_hd__nand2_1)
                                         _0664_ (net)
                  0.07    0.00    2.94 v _1385_/B (sky130_fd_sc_hd__nor2_2)
     4    0.02    0.25    0.22    3.16 ^ _1385_/Y (sky130_fd_sc_hd__nor2_2)
                                         _0665_ (net)
                  0.25    0.00    3.16 ^ _1597_/B (sky130_fd_sc_hd__nand3_1)
     1    0.00    0.09    0.13    3.29 v _1597_/Y (sky130_fd_sc_hd__nand3_1)
                                         _0871_ (net)
                  0.09    0.00    3.29 v _1598_/A (sky130_fd_sc_hd__nand2_1)
     1    0.00    0.06    0.08    3.36 ^ _1598_/Y (sky130_fd_sc_hd__nand2_1)
                                         _0872_ (net)
                  0.06    0.00    3.36 ^ _1600_/A (sky130_fd_sc_hd__nand2_1)
     2    0.01    0.08    0.09    3.45 v _1600_/Y (sky130_fd_sc_hd__nand2_1)
                                         _0874_ (net)
                  0.08    0.00    3.45 v _1614_/B1 (sky130_fd_sc_hd__a221oi_1)
     1    0.01    0.40    0.39    3.84 ^ _1614_/Y (sky130_fd_sc_hd__a221oi_1)
                                         _0888_ (net)
                  0.40    0.00    3.84 ^ _1633_/A (sky130_fd_sc_hd__nand3_1)
     4    0.02    0.23    0.27    4.10 v _1633_/Y (sky130_fd_sc_hd__nand3_1)
                                         _0006_ (net)
                  0.23    0.00    4.10 v GPR[0][15]$_DFFE_PP_/D (sky130_fd_sc_hd__edfxtp_1)
                                  4.10   data arrival time

                          5.26    5.26   clock core_clock (rise edge)
                          0.00    5.26   clock source latency
     1    0.03    0.00    0.00    5.26 ^ clk (in)
                                         clk (net)
                  0.00    0.00    5.26 ^ clkbuf_0_clk/A (sky130_fd_sc_hd__clkbuf_16)
     8    0.11    0.12    0.18    5.43 ^ clkbuf_0_clk/X (sky130_fd_sc_hd__clkbuf_16)
                                         clknet_0_clk (net)
                  0.12    0.00    5.43 ^ clkbuf_3_4__f_clk/A (sky130_fd_sc_hd__clkbuf_16)
    11    0.04    0.06    0.17    5.61 ^ clkbuf_3_4__f_clk/X (sky130_fd_sc_hd__clkbuf_16)
                                         clknet_3_4__leaf_clk (net)
                  0.06    0.00    5.61 ^ GPR[0][15]$_DFFE_PP_/CLK (sky130_fd_sc_hd__edfxtp_1)
                          0.00    5.61   clock reconvergence pessimism
                         -0.32    5.29   library setup time
                                  5.29   data required time
-----------------------------------------------------------------------------
                                  5.29   data required time
                                 -4.10   data arrival time
-----------------------------------------------------------------------------
                                  1.19   slack (MET)



==========================================================================
global route report_checks -unconstrained
--------------------------------------------------------------------------
Startpoint: IR[17]$_SDFFE_PP0P_
            (rising edge-triggered flip-flop clocked by core_clock)
Endpoint: GPR[0][15]$_DFFE_PP_
          (rising edge-triggered flip-flop clocked by core_clock)
Path Group: core_clock
Path Type: max

Fanout     Cap    Slew   Delay    Time   Description
-----------------------------------------------------------------------------
                          0.00    0.00   clock core_clock (rise edge)
                          0.00    0.00   clock source latency
     1    0.03    0.00    0.00    0.00 ^ clk (in)
                                         clk (net)
                  0.00    0.00    0.00 ^ clkbuf_0_clk/A (sky130_fd_sc_hd__clkbuf_16)
     8    0.11    0.12    0.18    0.18 ^ clkbuf_0_clk/X (sky130_fd_sc_hd__clkbuf_16)
                                         clknet_0_clk (net)
                  0.12    0.00    0.18 ^ clkbuf_3_1__f_clk/A (sky130_fd_sc_hd__clkbuf_16)
    14    0.05    0.06    0.17    0.35 ^ clkbuf_3_1__f_clk/X (sky130_fd_sc_hd__clkbuf_16)
                                         clknet_3_1__leaf_clk (net)
                  0.06    0.00    0.35 ^ IR[17]$_SDFFE_PP0P_/CLK (sky130_fd_sc_hd__dfxtp_1)
     2    0.01    0.05    0.32    0.68 v IR[17]$_SDFFE_PP0P_/Q (sky130_fd_sc_hd__dfxtp_1)
                                         IR[17] (net)
                  0.05    0.00    0.68 v _0991_/A (sky130_fd_sc_hd__inv_2)
    31    0.15    0.69    0.51    1.18 ^ _0991_/Y (sky130_fd_sc_hd__inv_2)
                                         _0299_ (net)
                  0.69    0.01    1.19 ^ _1103_/A2 (sky130_fd_sc_hd__o21ai_0)
     1    0.00    0.14    0.17    1.36 v _1103_/Y (sky130_fd_sc_hd__o21ai_0)
                                         _0399_ (net)
                  0.14    0.00    1.36 v _1104_/B2 (sky130_fd_sc_hd__o22ai_1)
     5    0.03    0.56    0.47    1.82 ^ _1104_/Y (sky130_fd_sc_hd__o22ai_1)
                                         _0052_ (net)
                  0.56    0.00    1.83 ^ _1829_/B (sky130_fd_sc_hd__ha_1)
     5    0.02    0.13    0.41    2.23 v _1829_/SUM (sky130_fd_sc_hd__ha_1)
                                         _0057_ (net)
                  0.13    0.00    2.23 v _1156_/A (sky130_fd_sc_hd__inv_1)
     4    0.02    0.13    0.15    2.39 ^ _1156_/Y (sky130_fd_sc_hd__inv_1)
                                         _0443_ (net)
                  0.13    0.00    2.39 ^ _1185_/A (sky130_fd_sc_hd__nand3_1)
     2    0.01    0.10    0.12    2.51 v _1185_/Y (sky130_fd_sc_hd__nand3_1)
                                         _0471_ (net)
                  0.10    0.00    2.51 v _1191_/A (sky130_fd_sc_hd__inv_1)
     1    0.00    0.05    0.08    2.58 ^ _1191_/Y (sky130_fd_sc_hd__inv_1)
                                         _0477_ (net)
                  0.05    0.00    2.59 ^ _1192_/B (sky130_fd_sc_hd__nor2_1)
     2    0.01    0.06    0.06    2.65 v _1192_/Y (sky130_fd_sc_hd__nor2_1)
                                         _0478_ (net)
                  0.06    0.00    2.65 v _1243_/A (sky130_fd_sc_hd__nor2_2)
     4    0.02    0.19    0.20    2.84 ^ _1243_/Y (sky130_fd_sc_hd__nor2_2)
                                         _0527_ (net)
                  0.19    0.00    2.85 ^ _1384_/A (sky130_fd_sc_hd__nand2_1)
     1    0.01    0.07    0.09    2.94 v _1384_/Y (sky130_fd_sc_hd__nand2_1)
                                         _0664_ (net)
                  0.07    0.00    2.94 v _1385_/B (sky130_fd_sc_hd__nor2_2)
     4    0.02    0.25    0.22    3.16 ^ _1385_/Y (sky130_fd_sc_hd__nor2_2)
                                         _0665_ (net)
                  0.25    0.00    3.16 ^ _1597_/B (sky130_fd_sc_hd__nand3_1)
     1    0.00    0.09    0.13    3.29 v _1597_/Y (sky130_fd_sc_hd__nand3_1)
                                         _0871_ (net)
                  0.09    0.00    3.29 v _1598_/A (sky130_fd_sc_hd__nand2_1)
     1    0.00    0.06    0.08    3.36 ^ _1598_/Y (sky130_fd_sc_hd__nand2_1)
                                         _0872_ (net)
                  0.06    0.00    3.36 ^ _1600_/A (sky130_fd_sc_hd__nand2_1)
     2    0.01    0.08    0.09    3.45 v _1600_/Y (sky130_fd_sc_hd__nand2_1)
                                         _0874_ (net)
                  0.08    0.00    3.45 v _1614_/B1 (sky130_fd_sc_hd__a221oi_1)
     1    0.01    0.40    0.39    3.84 ^ _1614_/Y (sky130_fd_sc_hd__a221oi_1)
                                         _0888_ (net)
                  0.40    0.00    3.84 ^ _1633_/A (sky130_fd_sc_hd__nand3_1)
     4    0.02    0.23    0.27    4.10 v _1633_/Y (sky130_fd_sc_hd__nand3_1)
                                         _0006_ (net)
                  0.23    0.00    4.10 v GPR[0][15]$_DFFE_PP_/D (sky130_fd_sc_hd__edfxtp_1)
                                  4.10   data arrival time

                          5.26    5.26   clock core_clock (rise edge)
                          0.00    5.26   clock source latency
     1    0.03    0.00    0.00    5.26 ^ clk (in)
                                         clk (net)
                  0.00    0.00    5.26 ^ clkbuf_0_clk/A (sky130_fd_sc_hd__clkbuf_16)
     8    0.11    0.12    0.18    5.43 ^ clkbuf_0_clk/X (sky130_fd_sc_hd__clkbuf_16)
                                         clknet_0_clk (net)
                  0.12    0.00    5.43 ^ clkbuf_3_4__f_clk/A (sky130_fd_sc_hd__clkbuf_16)
    11    0.04    0.06    0.17    5.61 ^ clkbuf_3_4__f_clk/X (sky130_fd_sc_hd__clkbuf_16)
                                         clknet_3_4__leaf_clk (net)
                  0.06    0.00    5.61 ^ GPR[0][15]$_DFFE_PP_/CLK (sky130_fd_sc_hd__edfxtp_1)
                          0.00    5.61   clock reconvergence pessimism
                         -0.32    5.29   library setup time
                                  5.29   data required time
-----------------------------------------------------------------------------
                                  5.29   data required time
                                 -4.10   data arrival time
-----------------------------------------------------------------------------
                                  1.19   slack (MET)



==========================================================================
global route report_check_types -max_slew -max_cap -max_fanout -violators
--------------------------------------------------------------------------

==========================================================================
global route max_slew_check_slack
--------------------------------------------------------------------------
0.7881367802619934

==========================================================================
global route max_slew_check_limit
--------------------------------------------------------------------------
1.4944789409637451

==========================================================================
global route max_slew_check_slack_limit
--------------------------------------------------------------------------
0.5274

==========================================================================
global route max_fanout_check_slack
--------------------------------------------------------------------------
1.0000000150474662e+30

==========================================================================
global route max_fanout_check_limit
--------------------------------------------------------------------------
1.0000000150474662e+30

==========================================================================
global route max_capacitance_check_slack
--------------------------------------------------------------------------
0.017159566283226013

==========================================================================
global route max_capacitance_check_limit
--------------------------------------------------------------------------
0.021067000925540924

==========================================================================
global route max_capacitance_check_slack_limit
--------------------------------------------------------------------------
0.8145

==========================================================================
global route max_slew_violation_count
--------------------------------------------------------------------------
max slew violation count 0

==========================================================================
global route max_fanout_violation_count
--------------------------------------------------------------------------
max fanout violation count 0

==========================================================================
global route max_cap_violation_count
--------------------------------------------------------------------------
max cap violation count 0

==========================================================================
global route setup_violation_count
--------------------------------------------------------------------------
setup violation count 0

==========================================================================
global route hold_violation_count
--------------------------------------------------------------------------
hold violation count 0

==========================================================================
global route report_checks -path_delay max reg to reg
--------------------------------------------------------------------------
Startpoint: IR[17]$_SDFFE_PP0P_
            (rising edge-triggered flip-flop clocked by core_clock)
Endpoint: GPR[0][15]$_DFFE_PP_
          (rising edge-triggered flip-flop clocked by core_clock)
Path Group: core_clock
Path Type: max

  Delay    Time   Description
---------------------------------------------------------
   0.00    0.00   clock core_clock (rise edge)
   0.00    0.00   clock source latency
   0.00    0.00 ^ clk (in)
   0.18    0.18 ^ clkbuf_0_clk/X (sky130_fd_sc_hd__clkbuf_16)
   0.18    0.35 ^ clkbuf_3_1__f_clk/X (sky130_fd_sc_hd__clkbuf_16)
   0.00    0.35 ^ IR[17]$_SDFFE_PP0P_/CLK (sky130_fd_sc_hd__dfxtp_1)
   0.32    0.68 v IR[17]$_SDFFE_PP0P_/Q (sky130_fd_sc_hd__dfxtp_1)
   0.51    1.18 ^ _0991_/Y (sky130_fd_sc_hd__inv_2)
   0.18    1.36 v _1103_/Y (sky130_fd_sc_hd__o21ai_0)
   0.47    1.82 ^ _1104_/Y (sky130_fd_sc_hd__o22ai_1)
   0.41    2.23 v _1829_/SUM (sky130_fd_sc_hd__ha_1)
   0.15    2.39 ^ _1156_/Y (sky130_fd_sc_hd__inv_1)
   0.12    2.51 v _1185_/Y (sky130_fd_sc_hd__nand3_1)
   0.08    2.58 ^ _1191_/Y (sky130_fd_sc_hd__inv_1)
   0.06    2.65 v _1192_/Y (sky130_fd_sc_hd__nor2_1)
   0.20    2.84 ^ _1243_/Y (sky130_fd_sc_hd__nor2_2)
   0.09    2.94 v _1384_/Y (sky130_fd_sc_hd__nand2_1)
   0.22    3.16 ^ _1385_/Y (sky130_fd_sc_hd__nor2_2)
   0.13    3.29 v _1597_/Y (sky130_fd_sc_hd__nand3_1)
   0.08    3.36 ^ _1598_/Y (sky130_fd_sc_hd__nand2_1)
   0.09    3.45 v _1600_/Y (sky130_fd_sc_hd__nand2_1)
   0.39    3.84 ^ _1614_/Y (sky130_fd_sc_hd__a221oi_1)
   0.27    4.10 v _1633_/Y (sky130_fd_sc_hd__nand3_1)
   0.00    4.10 v GPR[0][15]$_DFFE_PP_/D (sky130_fd_sc_hd__edfxtp_1)
           4.10   data arrival time

   5.26    5.26   clock core_clock (rise edge)
   0.00    5.26   clock source latency
   0.00    5.26 ^ clk (in)
   0.18    5.43 ^ clkbuf_0_clk/X (sky130_fd_sc_hd__clkbuf_16)
   0.17    5.61 ^ clkbuf_3_4__f_clk/X (sky130_fd_sc_hd__clkbuf_16)
   0.00    5.61 ^ GPR[0][15]$_DFFE_PP_/CLK (sky130_fd_sc_hd__edfxtp_1)
   0.00    5.61   clock reconvergence pessimism
  -0.32    5.29   library setup time
           5.29   data required time
---------------------------------------------------------
           5.29   data required time
          -4.10   data arrival time
---------------------------------------------------------
           1.19   slack (MET)



==========================================================================
global route report_checks -path_delay min reg to reg
--------------------------------------------------------------------------
Startpoint: count[0]$_SDFF_PP0_
            (rising edge-triggered flip-flop clocked by core_clock)
Endpoint: count[0]$_SDFF_PP0_
          (rising edge-triggered flip-flop clocked by core_clock)
Path Group: core_clock
Path Type: min

  Delay    Time   Description
---------------------------------------------------------
   0.00    0.00   clock core_clock (rise edge)
   0.00    0.00   clock source latency
   0.00    0.00 ^ clk (in)
   0.18    0.18 ^ clkbuf_0_clk/X (sky130_fd_sc_hd__clkbuf_16)
   0.18    0.36 ^ clkbuf_3_0__f_clk/X (sky130_fd_sc_hd__clkbuf_16)
   0.00    0.36 ^ count[0]$_SDFF_PP0_/CLK (sky130_fd_sc_hd__dfxtp_1)
   0.35    0.71 ^ count[0]$_SDFF_PP0_/Q (sky130_fd_sc_hd__dfxtp_1)
   0.06    0.77 v _1725_/Y (sky130_fd_sc_hd__nor2_1)
   0.00    0.77 v count[0]$_SDFF_PP0_/D (sky130_fd_sc_hd__dfxtp_1)
           0.77   data arrival time

   0.00    0.00   clock core_clock (rise edge)
   0.00    0.00   clock source latency
   0.00    0.00 ^ clk (in)
   0.18    0.18 ^ clkbuf_0_clk/X (sky130_fd_sc_hd__clkbuf_16)
   0.18    0.36 ^ clkbuf_3_0__f_clk/X (sky130_fd_sc_hd__clkbuf_16)
   0.00    0.36 ^ count[0]$_SDFF_PP0_/CLK (sky130_fd_sc_hd__dfxtp_1)
   0.00    0.36   clock reconvergence pessimism
  -0.04    0.32   library hold time
           0.32   data required time
---------------------------------------------------------
           0.32   data required time
          -0.77   data arrival time
---------------------------------------------------------
           0.45   slack (MET)



==========================================================================
global route critical path target clock latency max path
--------------------------------------------------------------------------
0.3510

==========================================================================
global route critical path target clock latency min path
--------------------------------------------------------------------------
0.3590

==========================================================================
global route critical path source clock latency min path
--------------------------------------------------------------------------
0.0000

==========================================================================
global route critical path delay
--------------------------------------------------------------------------
4.1048

==========================================================================
global route critical path slack
--------------------------------------------------------------------------
1.1869

==========================================================================
global route slack div critical path delay
--------------------------------------------------------------------------
28.914929

==========================================================================
global route report_power
--------------------------------------------------------------------------
Group                  Internal  Switching    Leakage      Total
                          Power      Power      Power      Power (Watts)
----------------------------------------------------------------
Sequential             7.55e-04   1.67e-05   7.45e-10   7.72e-04  45.9%
Combinational          7.11e-05   1.76e-04   2.58e-09   2.47e-04  14.7%
Clock                  3.55e-04   3.06e-04   1.43e-10   6.61e-04  39.3%
Macro                  0.00e+00   0.00e+00   0.00e+00   0.00e+00   0.0%
Pad                    0.00e+00   0.00e+00   0.00e+00   0.00e+00   0.0%
----------------------------------------------------------------
Total                  1.18e-03   4.98e-04   3.47e-09   1.68e-03 100.0%
                          70.3%      29.7%       0.0%
