
==========================================================================
global place report_tns
--------------------------------------------------------------------------
tns max 0.00

==========================================================================
global place report_wns
--------------------------------------------------------------------------
wns max 0.00

==========================================================================
global place report_worst_slack
--------------------------------------------------------------------------
worst slack max 7.34

==========================================================================
global place report_clock_min_period
--------------------------------------------------------------------------
core_clock period_min = 5.98 fmax = 167.35

==========================================================================
global place report_checks -path_delay min
--------------------------------------------------------------------------
Startpoint: count[0]$_SDFF_PP0_
            (rising edge-triggered flip-flop clocked by core_clock)
Endpoint: count[0]$_SDFF_PP0_
          (rising edge-triggered flip-flop clocked by core_clock)
Path Group: core_clock
Path Type: min

Fanout     Cap    Slew   Delay    Time   Description
-----------------------------------------------------------------------------
                  0.00    0.00    0.00   clock core_clock (rise edge)
                          0.00    0.00   clock network delay (ideal)
                  0.00    0.00    0.00 ^ count[0]$_SDFF_PP0_/CLK (sky130_fd_sc_hd__dfxtp_1)
     2    0.01    0.08    0.32    0.32 ^ count[0]$_SDFF_PP0_/Q (sky130_fd_sc_hd__dfxtp_1)
                                         count[0] (net)
                  0.08    0.00    0.32 ^ _1725_/A (sky130_fd_sc_hd__nor2_1)
     1    0.00    0.03    0.05    0.37 v _1725_/Y (sky130_fd_sc_hd__nor2_1)
                                         _0162_ (net)
                  0.03    0.00    0.37 v count[0]$_SDFF_PP0_/D (sky130_fd_sc_hd__dfxtp_1)
                                  0.37   data arrival time

                  0.00    0.00    0.00   clock core_clock (rise edge)
                          0.00    0.00   clock network delay (ideal)
                          0.00    0.00   clock reconvergence pessimism
                                  0.00 ^ count[0]$_SDFF_PP0_/CLK (sky130_fd_sc_hd__dfxtp_1)
                         -0.06   -0.06   library hold time
                                 -0.06   data required time
-----------------------------------------------------------------------------
                                 -0.06   data required time
                                 -0.37   data arrival time
-----------------------------------------------------------------------------
                                  0.42   slack (MET)



==========================================================================
global place report_checks -path_delay max
--------------------------------------------------------------------------
Startpoint: sys_rst (input port clocked by core_clock)
Endpoint: GPR[3][11]$_DFFE_PP_
          (rising edge-triggered flip-flop clocked by core_clock)
Path Group: core_clock
Path Type: max

Fanout     Cap    Slew   Delay    Time   Description
-----------------------------------------------------------------------------
                  0.00    0.00    0.00   clock core_clock (rise edge)
                          0.00    0.00   clock network delay (ideal)
                          2.66    2.66 v input external delay
     1    0.00    0.00    0.00    2.66 v sys_rst (in)
                                         sys_rst (net)
                  0.00    0.00    2.66 v input36/A (sky130_fd_sc_hd__clkdlybuf4s50_1)
    20    0.07    0.52    0.78    3.45 v input36/X (sky130_fd_sc_hd__clkdlybuf4s50_1)
                                         net35 (net)
                  0.52    0.00    3.45 v _0961_/A (sky130_fd_sc_hd__inv_1)
     6    0.02    0.25    0.35    3.79 ^ _0961_/Y (sky130_fd_sc_hd__inv_1)
                                         _0274_ (net)
                  0.25    0.00    3.79 ^ _0967_/B (sky130_fd_sc_hd__nand2_1)
     2    0.01    0.10    0.11    3.91 v _0967_/Y (sky130_fd_sc_hd__nand2_1)
                                         _0280_ (net)
                  0.10    0.00    3.91 v _0968_/B (sky130_fd_sc_hd__nor2_1)
     2    0.01    0.15    0.16    4.06 ^ _0968_/Y (sky130_fd_sc_hd__nor2_1)
                                         _0281_ (net)
                  0.15    0.00    4.06 ^ _0970_/A (sky130_fd_sc_hd__nand2_1)
    13    0.05    0.37    0.32    4.38 v _0970_/Y (sky130_fd_sc_hd__nand2_1)
                                         _0283_ (net)
                  0.37    0.00    4.38 v _0975_/B (sky130_fd_sc_hd__nand3_1)
     2    0.01    0.14    0.24    4.63 ^ _0975_/Y (sky130_fd_sc_hd__nand3_1)
                                         _0288_ (net)
                  0.14    0.00    4.63 ^ _0976_/B (sky130_fd_sc_hd__nand3b_1)
     2    0.01    0.11    0.14    4.76 v _0976_/Y (sky130_fd_sc_hd__nand3b_1)
                                         _0289_ (net)
                  0.11    0.00    4.76 v _0977_/B (sky130_fd_sc_hd__nor2_2)
     8    0.06    0.69    0.55    5.32 ^ _0977_/Y (sky130_fd_sc_hd__nor2_2)
                                         _0019_ (net)
                  0.69    0.00    5.32 ^ place46/A (sky130_fd_sc_hd__buf_4)
     9    0.06    0.18    0.34    5.66 ^ place46/X (sky130_fd_sc_hd__buf_4)
                                         net45 (net)
                  0.18    0.01    5.66 ^ GPR[3][11]$_DFFE_PP_/DE (sky130_fd_sc_hd__edfxtp_1)
                                  5.66   data arrival time

                  0.00   13.32   13.32   clock core_clock (rise edge)
                          0.00   13.32   clock network delay (ideal)
                          0.00   13.32   clock reconvergence pessimism
                                 13.32 ^ GPR[3][11]$_DFFE_PP_/CLK (sky130_fd_sc_hd__edfxtp_1)
                         -0.31   13.00   library setup time
                                 13.00   data required time
-----------------------------------------------------------------------------
                                 13.00   data required time
                                 -5.66   data arrival time
-----------------------------------------------------------------------------
                                  7.34   slack (MET)



==========================================================================
global place report_checks -unconstrained
--------------------------------------------------------------------------
Startpoint: sys_rst (input port clocked by core_clock)
Endpoint: GPR[3][11]$_DFFE_PP_
          (rising edge-triggered flip-flop clocked by core_clock)
Path Group: core_clock
Path Type: max

Fanout     Cap    Slew   Delay    Time   Description
-----------------------------------------------------------------------------
                  0.00    0.00    0.00   clock core_clock (rise edge)
                          0.00    0.00   clock network delay (ideal)
                          2.66    2.66 v input external delay
     1    0.00    0.00    0.00    2.66 v sys_rst (in)
                                         sys_rst (net)
                  0.00    0.00    2.66 v input36/A (sky130_fd_sc_hd__clkdlybuf4s50_1)
    20    0.07    0.52    0.78    3.45 v input36/X (sky130_fd_sc_hd__clkdlybuf4s50_1)
                                         net35 (net)
                  0.52    0.00    3.45 v _0961_/A (sky130_fd_sc_hd__inv_1)
     6    0.02    0.25    0.35    3.79 ^ _0961_/Y (sky130_fd_sc_hd__inv_1)
                                         _0274_ (net)
                  0.25    0.00    3.79 ^ _0967_/B (sky130_fd_sc_hd__nand2_1)
     2    0.01    0.10    0.11    3.91 v _0967_/Y (sky130_fd_sc_hd__nand2_1)
                                         _0280_ (net)
                  0.10    0.00    3.91 v _0968_/B (sky130_fd_sc_hd__nor2_1)
     2    0.01    0.15    0.16    4.06 ^ _0968_/Y (sky130_fd_sc_hd__nor2_1)
                                         _0281_ (net)
                  0.15    0.00    4.06 ^ _0970_/A (sky130_fd_sc_hd__nand2_1)
    13    0.05    0.37    0.32    4.38 v _0970_/Y (sky130_fd_sc_hd__nand2_1)
                                         _0283_ (net)
                  0.37    0.00    4.38 v _0975_/B (sky130_fd_sc_hd__nand3_1)
     2    0.01    0.14    0.24    4.63 ^ _0975_/Y (sky130_fd_sc_hd__nand3_1)
                                         _0288_ (net)
                  0.14    0.00    4.63 ^ _0976_/B (sky130_fd_sc_hd__nand3b_1)
     2    0.01    0.11    0.14    4.76 v _0976_/Y (sky130_fd_sc_hd__nand3b_1)
                                         _0289_ (net)
                  0.11    0.00    4.76 v _0977_/B (sky130_fd_sc_hd__nor2_2)
     8    0.06    0.69    0.55    5.32 ^ _0977_/Y (sky130_fd_sc_hd__nor2_2)
                                         _0019_ (net)
                  0.69    0.00    5.32 ^ place46/A (sky130_fd_sc_hd__buf_4)
     9    0.06    0.18    0.34    5.66 ^ place46/X (sky130_fd_sc_hd__buf_4)
                                         net45 (net)
                  0.18    0.01    5.66 ^ GPR[3][11]$_DFFE_PP_/DE (sky130_fd_sc_hd__edfxtp_1)
                                  5.66   data arrival time

                  0.00   13.32   13.32   clock core_clock (rise edge)
                          0.00   13.32   clock network delay (ideal)
                          0.00   13.32   clock reconvergence pessimism
                                 13.32 ^ GPR[3][11]$_DFFE_PP_/CLK (sky130_fd_sc_hd__edfxtp_1)
                         -0.31   13.00   library setup time
                                 13.00   data required time
-----------------------------------------------------------------------------
                                 13.00   data required time
                                 -5.66   data arrival time
-----------------------------------------------------------------------------
                                  7.34   slack (MET)



==========================================================================
global place report_power
--------------------------------------------------------------------------
Group                  Internal  Switching    Leakage      Total
                          Power      Power      Power      Power (Watts)
----------------------------------------------------------------
Sequential             3.04e-04   6.04e-06   7.45e-10   3.10e-04  78.1%
Combinational          2.75e-05   5.95e-05   2.58e-09   8.70e-05  21.9%
Clock                  0.00e+00   0.00e+00   0.00e+00   0.00e+00   0.0%
Macro                  0.00e+00   0.00e+00   0.00e+00   0.00e+00   0.0%
Pad                    0.00e+00   0.00e+00   0.00e+00   0.00e+00   0.0%
----------------------------------------------------------------
Total                  3.32e-04   6.56e-05   3.32e-09   3.97e-04 100.0%
                          83.5%      16.5%       0.0%
