
==========================================================================
global route report_tns
--------------------------------------------------------------------------
tns max 0.00

==========================================================================
global route report_wns
--------------------------------------------------------------------------
wns max 0.00

==========================================================================
global route report_worst_slack
--------------------------------------------------------------------------
worst slack max 7.36

==========================================================================
global route report_clock_min_period
--------------------------------------------------------------------------
core_clock period_min = 5.95 fmax = 167.97

==========================================================================
global route report_clock_skew
--------------------------------------------------------------------------
Clock core_clock
   0.36 source latency GPR[2][4]$_DFFE_PP_/CLK ^
  -0.35 target latency GPR[1][8]$_DFFE_PP_/CLK ^
   0.00 CRPR
--------------
   0.01 setup skew


==========================================================================
global route report_checks -path_delay min
--------------------------------------------------------------------------
Startpoint: count[0]$_SDFF_PP0_
            (rising edge-triggered flip-flop clocked by core_clock)
Endpoint: count[0]$_SDFF_PP0_
          (rising edge-triggered flip-flop clocked by core_clock)
Path Group: core_clock
Path Type: min

Fanout     Cap    Slew   Delay    Time   Description
-----------------------------------------------------------------------------
                          0.00    0.00   clock core_clock (rise edge)
                          0.00    0.00   clock source latency
     1    0.03    0.00    0.00    0.00 ^ clk (in)
                                         clk (net)
                  0.00    0.00    0.00 ^ clkbuf_0_clk/A (sky130_fd_sc_hd__clkbuf_16)
     8    0.11    0.12    0.17    0.17 ^ clkbuf_0_clk/X (sky130_fd_sc_hd__clkbuf_16)
                                         clknet_0_clk (net)
                  0.12    0.00    0.18 ^ clkbuf_3_0__f_clk/A (sky130_fd_sc_hd__clkbuf_16)
    14    0.05    0.07    0.18    0.36 ^ clkbuf_3_0__f_clk/X (sky130_fd_sc_hd__clkbuf_16)
                                         clknet_3_0__leaf_clk (net)
                  0.07    0.00    0.36 ^ count[0]$_SDFF_PP0_/CLK (sky130_fd_sc_hd__dfxtp_1)
     2    0.01    0.10    0.35    0.71 ^ count[0]$_SDFF_PP0_/Q (sky130_fd_sc_hd__dfxtp_1)
                                         count[0] (net)
                  0.10    0.00    0.71 ^ _1725_/A (sky130_fd_sc_hd__nor2_1)
     1    0.00    0.04    0.06    0.77 v _1725_/Y (sky130_fd_sc_hd__nor2_1)
                                         _0162_ (net)
                  0.04    0.00    0.78 v count[0]$_SDFF_PP0_/D (sky130_fd_sc_hd__dfxtp_1)
                                  0.78   data arrival time

                          0.00    0.00   clock core_clock (rise edge)
                          0.00    0.00   clock source latency
     1    0.03    0.00    0.00    0.00 ^ clk (in)
                                         clk (net)
                  0.00    0.00    0.00 ^ clkbuf_0_clk/A (sky130_fd_sc_hd__clkbuf_16)
     8    0.11    0.12    0.17    0.17 ^ clkbuf_0_clk/X (sky130_fd_sc_hd__clkbuf_16)
                                         clknet_0_clk (net)
                  0.12    0.00    0.18 ^ clkbuf_3_0__f_clk/A (sky130_fd_sc_hd__clkbuf_16)
    14    0.05    0.07    0.18    0.36 ^ clkbuf_3_0__f_clk/X (sky130_fd_sc_hd__clkbuf_16)
                                         clknet_3_0__leaf_clk (net)
                  0.07    0.00    0.36 ^ count[0]$_SDFF_PP0_/CLK (sky130_fd_sc_hd__dfxtp_1)
                          0.00    0.36   clock reconvergence pessimism
                         -0.04    0.31   library hold time
                                  0.31   data required time
-----------------------------------------------------------------------------
                                  0.31   data required time
                                 -0.78   data arrival time
-----------------------------------------------------------------------------
                                  0.46   slack (MET)



==========================================================================
global route report_checks -path_delay max
--------------------------------------------------------------------------
Startpoint: sys_rst (input port clocked by core_clock)
Endpoint: GPR[3][14]$_DFFE_PP_
          (rising edge-triggered flip-flop clocked by core_clock)
Path Group: core_clock
Path Type: max

Fanout     Cap    Slew   Delay    Time   Description
-----------------------------------------------------------------------------
                          0.00    0.00   clock core_clock (rise edge)
                          0.00    0.00   clock network delay (propagated)
                          2.66    2.66 v input external delay
     1    0.00    0.00    0.00    2.66 v sys_rst (in)
                                         sys_rst (net)
                  0.00    0.00    2.66 v input36/A (sky130_fd_sc_hd__clkdlybuf4s50_1)
    20    0.08    0.60    0.84    3.50 v input36/X (sky130_fd_sc_hd__clkdlybuf4s50_1)
                                         net35 (net)
                  0.60    0.00    3.50 v _0961_/A (sky130_fd_sc_hd__inv_1)
     6    0.02    0.29    0.40    3.90 ^ _0961_/Y (sky130_fd_sc_hd__inv_1)
                                         _0274_ (net)
                  0.29    0.00    3.90 ^ _0967_/B (sky130_fd_sc_hd__nand2_1)
     2    0.01    0.13    0.15    4.05 v _0967_/Y (sky130_fd_sc_hd__nand2_1)
                                         _0280_ (net)
                  0.13    0.00    4.05 v _0968_/B (sky130_fd_sc_hd__nor2_1)
     2    0.01    0.19    0.20    4.25 ^ _0968_/Y (sky130_fd_sc_hd__nor2_1)
                                         _0281_ (net)
                  0.19    0.00    4.25 ^ _0970_/A (sky130_fd_sc_hd__nand2_1)
    13    0.06    0.42    0.38    4.62 v _0970_/Y (sky130_fd_sc_hd__nand2_1)
                                         _0283_ (net)
                  0.42    0.00    4.62 v _0975_/B (sky130_fd_sc_hd__nand3_1)
     2    0.01    0.16    0.28    4.90 ^ _0975_/Y (sky130_fd_sc_hd__nand3_1)
                                         _0288_ (net)
                  0.16    0.00    4.90 ^ _0976_/B (sky130_fd_sc_hd__nand3b_1)
     2    0.01    0.14    0.16    5.07 v _0976_/Y (sky130_fd_sc_hd__nand3b_1)
                                         _0289_ (net)
                  0.14    0.00    5.07 v _0977_/B (sky130_fd_sc_hd__nor2_2)
     8    0.07    0.72    0.59    5.65 ^ _0977_/Y (sky130_fd_sc_hd__nor2_2)
                                         _0019_ (net)
                  0.72    0.00    5.65 ^ place46/A (sky130_fd_sc_hd__buf_4)
     9    0.07    0.19    0.35    6.00 ^ place46/X (sky130_fd_sc_hd__buf_4)
                                         net45 (net)
                  0.19    0.00    6.01 ^ GPR[3][14]$_DFFE_PP_/DE (sky130_fd_sc_hd__edfxtp_1)
                                  6.01   data arrival time

                         13.32   13.32   clock core_clock (rise edge)
                          0.00   13.32   clock source latency
     1    0.03    0.00    0.00   13.32 ^ clk (in)
                                         clk (net)
                  0.00    0.00   13.32 ^ clkbuf_0_clk/A (sky130_fd_sc_hd__clkbuf_16)
     8    0.11    0.12    0.17   13.49 ^ clkbuf_0_clk/X (sky130_fd_sc_hd__clkbuf_16)
                                         clknet_0_clk (net)
                  0.12    0.00   13.49 ^ clkbuf_3_4__f_clk/A (sky130_fd_sc_hd__clkbuf_16)
    10    0.05    0.07    0.17   13.67 ^ clkbuf_3_4__f_clk/X (sky130_fd_sc_hd__clkbuf_16)
                                         clknet_3_4__leaf_clk (net)
                  0.07    0.00   13.67 ^ GPR[3][14]$_DFFE_PP_/CLK (sky130_fd_sc_hd__edfxtp_1)
                          0.00   13.67   clock reconvergence pessimism
                         -0.30   13.37   library setup time
                                 13.37   data required time
-----------------------------------------------------------------------------
                                 13.37   data required time
                                 -6.01   data arrival time
-----------------------------------------------------------------------------
                                  7.36   slack (MET)



==========================================================================
global route report_checks -unconstrained
--------------------------------------------------------------------------
Startpoint: sys_rst (input port clocked by core_clock)
Endpoint: GPR[3][14]$_DFFE_PP_
          (rising edge-triggered flip-flop clocked by core_clock)
Path Group: core_clock
Path Type: max

Fanout     Cap    Slew   Delay    Time   Description
-----------------------------------------------------------------------------
                          0.00    0.00   clock core_clock (rise edge)
                          0.00    0.00   clock network delay (propagated)
                          2.66    2.66 v input external delay
     1    0.00    0.00    0.00    2.66 v sys_rst (in)
                                         sys_rst (net)
                  0.00    0.00    2.66 v input36/A (sky130_fd_sc_hd__clkdlybuf4s50_1)
    20    0.08    0.60    0.84    3.50 v input36/X (sky130_fd_sc_hd__clkdlybuf4s50_1)
                                         net35 (net)
                  0.60    0.00    3.50 v _0961_/A (sky130_fd_sc_hd__inv_1)
     6    0.02    0.29    0.40    3.90 ^ _0961_/Y (sky130_fd_sc_hd__inv_1)
                                         _0274_ (net)
                  0.29    0.00    3.90 ^ _0967_/B (sky130_fd_sc_hd__nand2_1)
     2    0.01    0.13    0.15    4.05 v _0967_/Y (sky130_fd_sc_hd__nand2_1)
                                         _0280_ (net)
                  0.13    0.00    4.05 v _0968_/B (sky130_fd_sc_hd__nor2_1)
     2    0.01    0.19    0.20    4.25 ^ _0968_/Y (sky130_fd_sc_hd__nor2_1)
                                         _0281_ (net)
                  0.19    0.00    4.25 ^ _0970_/A (sky130_fd_sc_hd__nand2_1)
    13    0.06    0.42    0.38    4.62 v _0970_/Y (sky130_fd_sc_hd__nand2_1)
                                         _0283_ (net)
                  0.42    0.00    4.62 v _0975_/B (sky130_fd_sc_hd__nand3_1)
     2    0.01    0.16    0.28    4.90 ^ _0975_/Y (sky130_fd_sc_hd__nand3_1)
                                         _0288_ (net)
                  0.16    0.00    4.90 ^ _0976_/B (sky130_fd_sc_hd__nand3b_1)
     2    0.01    0.14    0.16    5.07 v _0976_/Y (sky130_fd_sc_hd__nand3b_1)
                                         _0289_ (net)
                  0.14    0.00    5.07 v _0977_/B (sky130_fd_sc_hd__nor2_2)
     8    0.07    0.72    0.59    5.65 ^ _0977_/Y (sky130_fd_sc_hd__nor2_2)
                                         _0019_ (net)
                  0.72    0.00    5.65 ^ place46/A (sky130_fd_sc_hd__buf_4)
     9    0.07    0.19    0.35    6.00 ^ place46/X (sky130_fd_sc_hd__buf_4)
                                         net45 (net)
                  0.19    0.00    6.01 ^ GPR[3][14]$_DFFE_PP_/DE (sky130_fd_sc_hd__edfxtp_1)
                                  6.01   data arrival time

                         13.32   13.32   clock core_clock (rise edge)
                          0.00   13.32   clock source latency
     1    0.03    0.00    0.00   13.32 ^ clk (in)
                                         clk (net)
                  0.00    0.00   13.32 ^ clkbuf_0_clk/A (sky130_fd_sc_hd__clkbuf_16)
     8    0.11    0.12    0.17   13.49 ^ clkbuf_0_clk/X (sky130_fd_sc_hd__clkbuf_16)
                                         clknet_0_clk (net)
                  0.12    0.00   13.49 ^ clkbuf_3_4__f_clk/A (sky130_fd_sc_hd__clkbuf_16)
    10    0.05    0.07    0.17   13.67 ^ clkbuf_3_4__f_clk/X (sky130_fd_sc_hd__clkbuf_16)
                                         clknet_3_4__leaf_clk (net)
                  0.07    0.00   13.67 ^ GPR[3][14]$_DFFE_PP_/CLK (sky130_fd_sc_hd__edfxtp_1)
                          0.00   13.67   clock reconvergence pessimism
                         -0.30   13.37   library setup time
                                 13.37   data required time
-----------------------------------------------------------------------------
                                 13.37   data required time
                                 -6.01   data arrival time
-----------------------------------------------------------------------------
                                  7.36   slack (MET)



==========================================================================
global route report_check_types -max_slew -max_cap -max_fanout -violators
--------------------------------------------------------------------------

==========================================================================
global route max_slew_check_slack
--------------------------------------------------------------------------
0.6689581274986267

==========================================================================
global route max_slew_check_limit
--------------------------------------------------------------------------
1.4953149557113647

==========================================================================
global route max_slew_check_slack_limit
--------------------------------------------------------------------------
0.4474

==========================================================================
global route max_fanout_check_slack
--------------------------------------------------------------------------
1.0000000150474662e+30

==========================================================================
global route max_fanout_check_limit
--------------------------------------------------------------------------
1.0000000150474662e+30

==========================================================================
global route max_capacitance_check_slack
--------------------------------------------------------------------------
0.01821967400610447

==========================================================================
global route max_capacitance_check_limit
--------------------------------------------------------------------------
0.021067000925540924

==========================================================================
global route max_capacitance_check_slack_limit
--------------------------------------------------------------------------
0.8648

==========================================================================
global route max_slew_violation_count
--------------------------------------------------------------------------
max slew violation count 0

==========================================================================
global route max_fanout_violation_count
--------------------------------------------------------------------------
max fanout violation count 0

==========================================================================
global route max_cap_violation_count
--------------------------------------------------------------------------
max cap violation count 0

==========================================================================
global route setup_violation_count
--------------------------------------------------------------------------
setup violation count 0

==========================================================================
global route hold_violation_count
--------------------------------------------------------------------------
hold violation count 0

==========================================================================
global route report_checks -path_delay max reg to reg
--------------------------------------------------------------------------
Startpoint: IR[17]$_SDFFE_PP0P_
            (rising edge-triggered flip-flop clocked by core_clock)
Endpoint: GPR[3][14]$_DFFE_PP_
          (rising edge-triggered flip-flop clocked by core_clock)
Path Group: core_clock
Path Type: max

  Delay    Time   Description
---------------------------------------------------------
   0.00    0.00   clock core_clock (rise edge)
   0.00    0.00   clock source latency
   0.00    0.00 ^ clk (in)
   0.17    0.17 ^ clkbuf_0_clk/X (sky130_fd_sc_hd__clkbuf_16)
   0.18    0.36 ^ clkbuf_3_0__f_clk/X (sky130_fd_sc_hd__clkbuf_16)
   0.00    0.36 ^ IR[17]$_SDFFE_PP0P_/CLK (sky130_fd_sc_hd__dfxtp_1)
   0.33    0.68 ^ IR[17]$_SDFFE_PP0P_/Q (sky130_fd_sc_hd__dfxtp_1)
   0.45    1.14 ^ place51/X (sky130_fd_sc_hd__buf_4)
   0.44    1.58 v _0991_/Y (sky130_fd_sc_hd__inv_2)
   0.29    1.87 ^ _1103_/Y (sky130_fd_sc_hd__o21ai_0)
   0.11    1.98 v _1104_/Y (sky130_fd_sc_hd__o22ai_1)
   0.18    2.16 v place49/X (sky130_fd_sc_hd__buf_4)
   0.37    2.53 v _1829_/SUM (sky130_fd_sc_hd__ha_1)
   0.18    2.71 ^ _1156_/Y (sky130_fd_sc_hd__inv_1)
   0.10    2.81 v _1210_/Y (sky130_fd_sc_hd__nand2_1)
   0.10    2.91 ^ _1211_/Y (sky130_fd_sc_hd__nand2_1)
   0.16    3.07 v _1213_/Y (sky130_fd_sc_hd__nand3_1)
   0.17    3.24 ^ _1286_/Y (sky130_fd_sc_hd__inv_1)
   0.11    3.35 v _1287_/Y (sky130_fd_sc_hd__nand2_2)
   0.20    3.55 ^ _1421_/Y (sky130_fd_sc_hd__nor2_2)
   0.11    3.66 v _1582_/Y (sky130_fd_sc_hd__nand3_1)
   0.12    3.78 ^ _1583_/Y (sky130_fd_sc_hd__nand2_1)
   0.09    3.87 v _1584_/Y (sky130_fd_sc_hd__o22ai_1)
   0.22    4.10 ^ _1585_/Y (sky130_fd_sc_hd__nor3_1)
   0.31    4.41 v _1586_/Y (sky130_fd_sc_hd__o21ai_0)
   0.00    4.41 v GPR[3][14]$_DFFE_PP_/D (sky130_fd_sc_hd__edfxtp_1)
           4.41   data arrival time

  13.32   13.32   clock core_clock (rise edge)
   0.00   13.32   clock source latency
   0.00   13.32 ^ clk (in)
   0.17   13.49 ^ clkbuf_0_clk/X (sky130_fd_sc_hd__clkbuf_16)
   0.18   13.67 ^ clkbuf_3_4__f_clk/X (sky130_fd_sc_hd__clkbuf_16)
   0.00   13.67 ^ GPR[3][14]$_DFFE_PP_/CLK (sky130_fd_sc_hd__edfxtp_1)
   0.00   13.67   clock reconvergence pessimism
  -0.34   13.33   library setup time
          13.33   data required time
---------------------------------------------------------
          13.33   data required time
          -4.41   data arrival time
---------------------------------------------------------
           8.92   slack (MET)



==========================================================================
global route report_checks -path_delay min reg to reg
--------------------------------------------------------------------------
Startpoint: count[0]$_SDFF_PP0_
            (rising edge-triggered flip-flop clocked by core_clock)
Endpoint: count[0]$_SDFF_PP0_
          (rising edge-triggered flip-flop clocked by core_clock)
Path Group: core_clock
Path Type: min

  Delay    Time   Description
---------------------------------------------------------
   0.00    0.00   clock core_clock (rise edge)
   0.00    0.00   clock source latency
   0.00    0.00 ^ clk (in)
   0.17    0.17 ^ clkbuf_0_clk/X (sky130_fd_sc_hd__clkbuf_16)
   0.18    0.36 ^ clkbuf_3_0__f_clk/X (sky130_fd_sc_hd__clkbuf_16)
   0.00    0.36 ^ count[0]$_SDFF_PP0_/CLK (sky130_fd_sc_hd__dfxtp_1)
   0.35    0.71 ^ count[0]$_SDFF_PP0_/Q (sky130_fd_sc_hd__dfxtp_1)
   0.06    0.77 v _1725_/Y (sky130_fd_sc_hd__nor2_1)
   0.00    0.78 v count[0]$_SDFF_PP0_/D (sky130_fd_sc_hd__dfxtp_1)
           0.78   data arrival time

   0.00    0.00   clock core_clock (rise edge)
   0.00    0.00   clock source latency
   0.00    0.00 ^ clk (in)
   0.17    0.17 ^ clkbuf_0_clk/X (sky130_fd_sc_hd__clkbuf_16)
   0.18    0.36 ^ clkbuf_3_0__f_clk/X (sky130_fd_sc_hd__clkbuf_16)
   0.00    0.36 ^ count[0]$_SDFF_PP0_/CLK (sky130_fd_sc_hd__dfxtp_1)
   0.00    0.36   clock reconvergence pessimism
  -0.04    0.31   library hold time
           0.31   data required time
---------------------------------------------------------
           0.31   data required time
          -0.78   data arrival time
---------------------------------------------------------
           0.46   slack (MET)



==========================================================================
global route critical path target clock latency max path
--------------------------------------------------------------------------
0.3519

==========================================================================
global route critical path target clock latency min path
--------------------------------------------------------------------------
0.3587

==========================================================================
global route critical path source clock latency min path
--------------------------------------------------------------------------
0.0000

==========================================================================
global route critical path delay
--------------------------------------------------------------------------
6.0065

==========================================================================
global route critical path slack
--------------------------------------------------------------------------
7.3639

==========================================================================
global route slack div critical path delay
--------------------------------------------------------------------------
122.598851

==========================================================================
global route report_power
--------------------------------------------------------------------------
Group                  Internal  Switching    Leakage      Total
                          Power      Power      Power      Power (Watts)
----------------------------------------------------------------
Sequential             2.98e-04   7.16e-06   7.45e-10   3.05e-04  45.5%
Combinational          2.80e-05   7.18e-05   2.58e-09   9.98e-05  14.9%
Clock                  1.39e-04   1.26e-04   1.44e-10   2.65e-04  39.6%
Macro                  0.00e+00   0.00e+00   0.00e+00   0.00e+00   0.0%
Pad                    0.00e+00   0.00e+00   0.00e+00   0.00e+00   0.0%
----------------------------------------------------------------
Total                  4.65e-04   2.05e-04   3.47e-09   6.70e-04 100.0%
                          69.4%      30.6%       0.0%
