
==========================================================================
finish report_tns
--------------------------------------------------------------------------
tns max 0.00

==========================================================================
finish report_wns
--------------------------------------------------------------------------
wns max 0.00

==========================================================================
finish report_worst_slack
--------------------------------------------------------------------------
worst slack max 7.65

==========================================================================
finish report_clock_min_period
--------------------------------------------------------------------------
core_clock period_min = 5.67 fmax = 176.39

==========================================================================
finish report_clock_skew
--------------------------------------------------------------------------
Clock core_clock
   0.35 source latency GPR[2][4]$_DFFE_PP_/CLK ^
  -0.34 target latency GPR[1][8]$_DFFE_PP_/CLK ^
   0.00 CRPR
--------------
   0.01 setup skew


==========================================================================
finish report_checks -path_delay min
--------------------------------------------------------------------------
Startpoint: count[0]$_SDFF_PP0_
            (rising edge-triggered flip-flop clocked by core_clock)
Endpoint: count[0]$_SDFF_PP0_
          (rising edge-triggered flip-flop clocked by core_clock)
Path Group: core_clock
Path Type: min

Fanout     Cap    Slew   Delay    Time   Description
-----------------------------------------------------------------------------
                          0.00    0.00   clock core_clock (rise edge)
                          0.00    0.00   clock source latency
     1    0.02    0.00    0.00    0.00 ^ clk (in)
                                         clk (net)
                  0.00    0.00    0.00 ^ clkbuf_0_clk/A (sky130_fd_sc_hd__clkbuf_16)
     8    0.10    0.12    0.17    0.17 ^ clkbuf_0_clk/X (sky130_fd_sc_hd__clkbuf_16)
                                         clknet_0_clk (net)
                  0.12    0.00    0.18 ^ clkbuf_3_0__f_clk/A (sky130_fd_sc_hd__clkbuf_16)
    14    0.05    0.06    0.17    0.35 ^ clkbuf_3_0__f_clk/X (sky130_fd_sc_hd__clkbuf_16)
                                         clknet_3_0__leaf_clk (net)
                  0.06    0.00    0.35 ^ count[0]$_SDFF_PP0_/CLK (sky130_fd_sc_hd__dfxtp_1)
     2    0.01    0.09    0.34    0.69 ^ count[0]$_SDFF_PP0_/Q (sky130_fd_sc_hd__dfxtp_1)
                                         count[0] (net)
                  0.09    0.00    0.69 ^ _1725_/A (sky130_fd_sc_hd__nor2_1)
     1    0.00    0.03    0.05    0.74 v _1725_/Y (sky130_fd_sc_hd__nor2_1)
                                         _0162_ (net)
                  0.03    0.00    0.74 v count[0]$_SDFF_PP0_/D (sky130_fd_sc_hd__dfxtp_1)
                                  0.74   data arrival time

                          0.00    0.00   clock core_clock (rise edge)
                          0.00    0.00   clock source latency
     1    0.02    0.00    0.00    0.00 ^ clk (in)
                                         clk (net)
                  0.00    0.00    0.00 ^ clkbuf_0_clk/A (sky130_fd_sc_hd__clkbuf_16)
     8    0.10    0.12    0.17    0.17 ^ clkbuf_0_clk/X (sky130_fd_sc_hd__clkbuf_16)
                                         clknet_0_clk (net)
                  0.12    0.00    0.18 ^ clkbuf_3_0__f_clk/A (sky130_fd_sc_hd__clkbuf_16)
    14    0.05    0.06    0.17    0.35 ^ clkbuf_3_0__f_clk/X (sky130_fd_sc_hd__clkbuf_16)
                                         clknet_3_0__leaf_clk (net)
                  0.06    0.00    0.35 ^ count[0]$_SDFF_PP0_/CLK (sky130_fd_sc_hd__dfxtp_1)
                          0.00    0.35   clock reconvergence pessimism
                         -0.04    0.31   library hold time
                                  0.31   data required time
-----------------------------------------------------------------------------
                                  0.31   data required time
                                 -0.74   data arrival time
-----------------------------------------------------------------------------
                                  0.43   slack (MET)



==========================================================================
finish report_checks -path_delay max
--------------------------------------------------------------------------
Startpoint: sys_rst (input port clocked by core_clock)
Endpoint: GPR[3][14]$_DFFE_PP_
          (rising edge-triggered flip-flop clocked by core_clock)
Path Group: core_clock
Path Type: max

Fanout     Cap    Slew   Delay    Time   Description
-----------------------------------------------------------------------------
                          0.00    0.00   clock core_clock (rise edge)
                          0.00    0.00   clock network delay (propagated)
                          2.66    2.66 v input external delay
     1    0.00    0.00    0.00    2.66 v sys_rst (in)
                                         sys_rst (net)
                  0.00    0.00    2.66 v input36/A (sky130_fd_sc_hd__clkdlybuf4s50_1)
    20    0.07    0.55    0.80    3.46 v input36/X (sky130_fd_sc_hd__clkdlybuf4s50_1)
                                         net35 (net)
                  0.55    0.00    3.47 v _0961_/A (sky130_fd_sc_hd__inv_1)
     6    0.02    0.26    0.37    3.83 ^ _0961_/Y (sky130_fd_sc_hd__inv_1)
                                         _0274_ (net)
                  0.26    0.00    3.83 ^ _0967_/B (sky130_fd_sc_hd__nand2_1)
     2    0.01    0.11    0.12    3.95 v _0967_/Y (sky130_fd_sc_hd__nand2_1)
                                         _0280_ (net)
                  0.11    0.00    3.95 v _0968_/B (sky130_fd_sc_hd__nor2_1)
     2    0.01    0.15    0.16    4.11 ^ _0968_/Y (sky130_fd_sc_hd__nor2_1)
                                         _0281_ (net)
                  0.15    0.00    4.11 ^ _0970_/A (sky130_fd_sc_hd__nand2_1)
    13    0.05    0.39    0.34    4.45 v _0970_/Y (sky130_fd_sc_hd__nand2_1)
                                         _0283_ (net)
                  0.39    0.00    4.45 v _0975_/B (sky130_fd_sc_hd__nand3_1)
     2    0.01    0.15    0.26    4.71 ^ _0975_/Y (sky130_fd_sc_hd__nand3_1)
                                         _0288_ (net)
                  0.15    0.00    4.71 ^ _0976_/B (sky130_fd_sc_hd__nand3b_1)
     2    0.01    0.12    0.14    4.85 v _0976_/Y (sky130_fd_sc_hd__nand3b_1)
                                         _0289_ (net)
                  0.12    0.00    4.85 v _0977_/B (sky130_fd_sc_hd__nor2_2)
     8    0.06    0.65    0.53    5.38 ^ _0977_/Y (sky130_fd_sc_hd__nor2_2)
                                         _0019_ (net)
                  0.65    0.00    5.38 ^ place46/A (sky130_fd_sc_hd__buf_4)
     9    0.06    0.17    0.33    5.71 ^ place46/X (sky130_fd_sc_hd__buf_4)
                                         net45 (net)
                  0.17    0.01    5.72 ^ GPR[3][14]$_DFFE_PP_/DE (sky130_fd_sc_hd__edfxtp_1)
                                  5.72   data arrival time

                         13.32   13.32   clock core_clock (rise edge)
                          0.00   13.32   clock source latency
     1    0.02    0.00    0.00   13.32 ^ clk (in)
                                         clk (net)
                  0.00    0.00   13.32 ^ clkbuf_0_clk/A (sky130_fd_sc_hd__clkbuf_16)
     8    0.10    0.12    0.17   13.49 ^ clkbuf_0_clk/X (sky130_fd_sc_hd__clkbuf_16)
                                         clknet_0_clk (net)
                  0.12    0.00   13.49 ^ clkbuf_3_4__f_clk/A (sky130_fd_sc_hd__clkbuf_16)
    10    0.04    0.06    0.17   13.66 ^ clkbuf_3_4__f_clk/X (sky130_fd_sc_hd__clkbuf_16)
                                         clknet_3_4__leaf_clk (net)
                  0.06    0.00   13.66 ^ GPR[3][14]$_DFFE_PP_/CLK (sky130_fd_sc_hd__edfxtp_1)
                          0.00   13.66   clock reconvergence pessimism
                         -0.30   13.37   library setup time
                                 13.37   data required time
-----------------------------------------------------------------------------
                                 13.37   data required time
                                 -5.72   data arrival time
-----------------------------------------------------------------------------
                                  7.65   slack (MET)



==========================================================================
finish report_checks -unconstrained
--------------------------------------------------------------------------
Startpoint: sys_rst (input port clocked by core_clock)
Endpoint: GPR[3][14]$_DFFE_PP_
          (rising edge-triggered flip-flop clocked by core_clock)
Path Group: core_clock
Path Type: max

Fanout     Cap    Slew   Delay    Time   Description
-----------------------------------------------------------------------------
                          0.00    0.00   clock core_clock (rise edge)
                          0.00    0.00   clock network delay (propagated)
                          2.66    2.66 v input external delay
     1    0.00    0.00    0.00    2.66 v sys_rst (in)
                                         sys_rst (net)
                  0.00    0.00    2.66 v input36/A (sky130_fd_sc_hd__clkdlybuf4s50_1)
    20    0.07    0.55    0.80    3.46 v input36/X (sky130_fd_sc_hd__clkdlybuf4s50_1)
                                         net35 (net)
                  0.55    0.00    3.47 v _0961_/A (sky130_fd_sc_hd__inv_1)
     6    0.02    0.26    0.37    3.83 ^ _0961_/Y (sky130_fd_sc_hd__inv_1)
                                         _0274_ (net)
                  0.26    0.00    3.83 ^ _0967_/B (sky130_fd_sc_hd__nand2_1)
     2    0.01    0.11    0.12    3.95 v _0967_/Y (sky130_fd_sc_hd__nand2_1)
                                         _0280_ (net)
                  0.11    0.00    3.95 v _0968_/B (sky130_fd_sc_hd__nor2_1)
     2    0.01    0.15    0.16    4.11 ^ _0968_/Y (sky130_fd_sc_hd__nor2_1)
                                         _0281_ (net)
                  0.15    0.00    4.11 ^ _0970_/A (sky130_fd_sc_hd__nand2_1)
    13    0.05    0.39    0.34    4.45 v _0970_/Y (sky130_fd_sc_hd__nand2_1)
                                         _0283_ (net)
                  0.39    0.00    4.45 v _0975_/B (sky130_fd_sc_hd__nand3_1)
     2    0.01    0.15    0.26    4.71 ^ _0975_/Y (sky130_fd_sc_hd__nand3_1)
                                         _0288_ (net)
                  0.15    0.00    4.71 ^ _0976_/B (sky130_fd_sc_hd__nand3b_1)
     2    0.01    0.12    0.14    4.85 v _0976_/Y (sky130_fd_sc_hd__nand3b_1)
                                         _0289_ (net)
                  0.12    0.00    4.85 v _0977_/B (sky130_fd_sc_hd__nor2_2)
     8    0.06    0.65    0.53    5.38 ^ _0977_/Y (sky130_fd_sc_hd__nor2_2)
                                         _0019_ (net)
                  0.65    0.00    5.38 ^ place46/A (sky130_fd_sc_hd__buf_4)
     9    0.06    0.17    0.33    5.71 ^ place46/X (sky130_fd_sc_hd__buf_4)
                                         net45 (net)
                  0.17    0.01    5.72 ^ GPR[3][14]$_DFFE_PP_/DE (sky130_fd_sc_hd__edfxtp_1)
                                  5.72   data arrival time

                         13.32   13.32   clock core_clock (rise edge)
                          0.00   13.32   clock source latency
     1    0.02    0.00    0.00   13.32 ^ clk (in)
                                         clk (net)
                  0.00    0.00   13.32 ^ clkbuf_0_clk/A (sky130_fd_sc_hd__clkbuf_16)
     8    0.10    0.12    0.17   13.49 ^ clkbuf_0_clk/X (sky130_fd_sc_hd__clkbuf_16)
                                         clknet_0_clk (net)
                  0.12    0.00   13.49 ^ clkbuf_3_4__f_clk/A (sky130_fd_sc_hd__clkbuf_16)
    10    0.04    0.06    0.17   13.66 ^ clkbuf_3_4__f_clk/X (sky130_fd_sc_hd__clkbuf_16)
                                         clknet_3_4__leaf_clk (net)
                  0.06    0.00   13.66 ^ GPR[3][14]$_DFFE_PP_/CLK (sky130_fd_sc_hd__edfxtp_1)
                          0.00   13.66   clock reconvergence pessimism
                         -0.30   13.37   library setup time
                                 13.37   data required time
-----------------------------------------------------------------------------
                                 13.37   data required time
                                 -5.72   data arrival time
-----------------------------------------------------------------------------
                                  7.65   slack (MET)



==========================================================================
finish report_check_types -max_slew -max_cap -max_fanout -violators
--------------------------------------------------------------------------

==========================================================================
finish max_slew_check_slack
--------------------------------------------------------------------------
0.7334117889404297

==========================================================================
finish max_slew_check_limit
--------------------------------------------------------------------------
1.4953149557113647

==========================================================================
finish max_slew_check_slack_limit
--------------------------------------------------------------------------
0.4905

==========================================================================
finish max_fanout_check_slack
--------------------------------------------------------------------------
1.0000000150474662e+30

==========================================================================
finish max_fanout_check_limit
--------------------------------------------------------------------------
1.0000000150474662e+30

==========================================================================
finish max_capacitance_check_slack
--------------------------------------------------------------------------
0.018975647166371346

==========================================================================
finish max_capacitance_check_limit
--------------------------------------------------------------------------
0.021067000925540924

==========================================================================
finish max_capacitance_check_slack_limit
--------------------------------------------------------------------------
0.9007

==========================================================================
finish max_slew_violation_count
--------------------------------------------------------------------------
max slew violation count 0

==========================================================================
finish max_fanout_violation_count
--------------------------------------------------------------------------
max fanout violation count 0

==========================================================================
finish max_cap_violation_count
--------------------------------------------------------------------------
max cap violation count 0

==========================================================================
finish setup_violation_count
--------------------------------------------------------------------------
setup violation count 0

==========================================================================
finish hold_violation_count
--------------------------------------------------------------------------
hold violation count 0

==========================================================================
finish report_checks -path_delay max reg to reg
--------------------------------------------------------------------------
Startpoint: IR[17]$_SDFFE_PP0P_
            (rising edge-triggered flip-flop clocked by core_clock)
Endpoint: zero$_SDFFE_PP0P_
          (rising edge-triggered flip-flop clocked by core_clock)
Path Group: core_clock
Path Type: max

  Delay    Time   Description
---------------------------------------------------------
   0.00    0.00   clock core_clock (rise edge)
   0.00    0.00   clock source latency
   0.00    0.00 ^ clk (in)
   0.17    0.17 ^ clkbuf_0_clk/X (sky130_fd_sc_hd__clkbuf_16)
   0.17    0.35 ^ clkbuf_3_0__f_clk/X (sky130_fd_sc_hd__clkbuf_16)
   0.00    0.35 ^ IR[17]$_SDFFE_PP0P_/CLK (sky130_fd_sc_hd__dfxtp_1)
   0.30    0.65 v IR[17]$_SDFFE_PP0P_/Q (sky130_fd_sc_hd__dfxtp_1)
   0.27    0.92 v place51/X (sky130_fd_sc_hd__buf_4)
   0.54    1.46 ^ _0991_/Y (sky130_fd_sc_hd__inv_2)
   0.11    1.57 v _1112_/Y (sky130_fd_sc_hd__nand2_1)
   0.40    1.97 ^ _1116_/Y (sky130_fd_sc_hd__a32oi_1)
   0.20    2.17 v _1132_/Y (sky130_fd_sc_hd__inv_1)
   0.28    2.45 v _1820_/COUT (sky130_fd_sc_hd__ha_1)
   0.43    2.88 v _1816_/COUT (sky130_fd_sc_hd__fa_1)
   0.10    2.97 ^ _1201_/Y (sky130_fd_sc_hd__inv_1)
   0.06    3.04 v _1202_/Y (sky130_fd_sc_hd__nand3_1)
   0.11    3.14 ^ _1203_/Y (sky130_fd_sc_hd__nand2_1)
   0.26    3.40 ^ _1204_/X (sky130_fd_sc_hd__xor2_1)
   0.12    3.52 v _1755_/Y (sky130_fd_sc_hd__nand3_1)
   0.13    3.65 ^ _1756_/Y (sky130_fd_sc_hd__nor2_1)
   0.08    3.72 v _1757_/Y (sky130_fd_sc_hd__nand3_1)
   0.11    3.84 ^ _1758_/Y (sky130_fd_sc_hd__nor2_1)
   0.07    3.91 v _1761_/Y (sky130_fd_sc_hd__nand3_1)
   0.13    4.04 ^ _1762_/Y (sky130_fd_sc_hd__nor2_1)
   0.09    4.13 v _1783_/Y (sky130_fd_sc_hd__nor2_1)
   0.12    4.25 ^ _1812_/Y (sky130_fd_sc_hd__a21oi_1)
   0.00    4.25 ^ zero$_SDFFE_PP0P_/D (sky130_fd_sc_hd__dfxtp_1)
           4.25   data arrival time

  13.32   13.32   clock core_clock (rise edge)
   0.00   13.32   clock source latency
   0.00   13.32 ^ clk (in)
   0.17   13.49 ^ clkbuf_0_clk/X (sky130_fd_sc_hd__clkbuf_16)
   0.17   13.66 ^ clkbuf_3_1__f_clk/X (sky130_fd_sc_hd__clkbuf_16)
   0.00   13.66 ^ zero$_SDFFE_PP0P_/CLK (sky130_fd_sc_hd__dfxtp_1)
   0.00   13.66   clock reconvergence pessimism
  -0.06   13.60   library setup time
          13.60   data required time
---------------------------------------------------------
          13.60   data required time
          -4.25   data arrival time
---------------------------------------------------------
           9.35   slack (MET)



==========================================================================
finish report_checks -path_delay min reg to reg
--------------------------------------------------------------------------
Startpoint: count[0]$_SDFF_PP0_
            (rising edge-triggered flip-flop clocked by core_clock)
Endpoint: count[0]$_SDFF_PP0_
          (rising edge-triggered flip-flop clocked by core_clock)
Path Group: core_clock
Path Type: min

  Delay    Time   Description
---------------------------------------------------------
   0.00    0.00   clock core_clock (rise edge)
   0.00    0.00   clock source latency
   0.00    0.00 ^ clk (in)
   0.17    0.17 ^ clkbuf_0_clk/X (sky130_fd_sc_hd__clkbuf_16)
   0.17    0.35 ^ clkbuf_3_0__f_clk/X (sky130_fd_sc_hd__clkbuf_16)
   0.00    0.35 ^ count[0]$_SDFF_PP0_/CLK (sky130_fd_sc_hd__dfxtp_1)
   0.34    0.69 ^ count[0]$_SDFF_PP0_/Q (sky130_fd_sc_hd__dfxtp_1)
   0.05    0.74 v _1725_/Y (sky130_fd_sc_hd__nor2_1)
   0.00    0.74 v count[0]$_SDFF_PP0_/D (sky130_fd_sc_hd__dfxtp_1)
           0.74   data arrival time

   0.00    0.00   clock core_clock (rise edge)
   0.00    0.00   clock source latency
   0.00    0.00 ^ clk (in)
   0.17    0.17 ^ clkbuf_0_clk/X (sky130_fd_sc_hd__clkbuf_16)
   0.17    0.35 ^ clkbuf_3_0__f_clk/X (sky130_fd_sc_hd__clkbuf_16)
   0.00    0.35 ^ count[0]$_SDFF_PP0_/CLK (sky130_fd_sc_hd__dfxtp_1)
   0.00    0.35   clock reconvergence pessimism
  -0.04    0.31   library hold time
           0.31   data required time
---------------------------------------------------------
           0.31   data required time
          -0.74   data arrival time
---------------------------------------------------------
           0.43   slack (MET)



==========================================================================
finish critical path target clock latency max path
--------------------------------------------------------------------------
0.3458

==========================================================================
finish critical path target clock latency min path
--------------------------------------------------------------------------
0.3478

==========================================================================
finish critical path source clock latency min path
--------------------------------------------------------------------------
0.0000

==========================================================================
finish critical path delay
--------------------------------------------------------------------------
5.7170

==========================================================================
finish critical path slack
--------------------------------------------------------------------------
7.6482

==========================================================================
finish slack div critical path delay
--------------------------------------------------------------------------
133.779955

==========================================================================
finish report_power
--------------------------------------------------------------------------
Group                  Internal  Switching    Leakage      Total
                          Power      Power      Power      Power (Watts)
----------------------------------------------------------------
Sequential             2.98e-04   6.16e-06   7.45e-10   3.04e-04  47.6%
Combinational          2.75e-05   6.06e-05   2.58e-09   8.81e-05  13.8%
Clock                  1.38e-04   1.09e-04   1.44e-10   2.47e-04  38.7%
Macro                  0.00e+00   0.00e+00   0.00e+00   0.00e+00   0.0%
Pad                    0.00e+00   0.00e+00   0.00e+00   0.00e+00   0.0%
----------------------------------------------------------------
Total                  4.64e-04   1.76e-04   3.47e-09   6.40e-04 100.0%
                          72.5%      27.5%       0.0%
