
==========================================================================
detailed place report_tns
--------------------------------------------------------------------------
tns max 0.00

==========================================================================
detailed place report_wns
--------------------------------------------------------------------------
wns max 0.00

==========================================================================
detailed place report_worst_slack
--------------------------------------------------------------------------
worst slack max 8.53

==========================================================================
detailed place report_clock_min_period
--------------------------------------------------------------------------
core_clock period_min = 6.04 fmax = 165.45

==========================================================================
detailed place report_checks -path_delay min
--------------------------------------------------------------------------
Startpoint: count[0]$_SDFF_PP0_
            (rising edge-triggered flip-flop clocked by core_clock)
Endpoint: count[0]$_SDFF_PP0_
          (rising edge-triggered flip-flop clocked by core_clock)
Path Group: core_clock
Path Type: min

Fanout     Cap    Slew   Delay    Time   Description
-----------------------------------------------------------------------------
                  0.00    0.00    0.00   clock core_clock (rise edge)
                          0.00    0.00   clock network delay (ideal)
                  0.00    0.00    0.00 ^ count[0]$_SDFF_PP0_/CLK (sky130_fd_sc_hd__dfxtp_1)
     2    0.01    0.08    0.32    0.32 ^ count[0]$_SDFF_PP0_/Q (sky130_fd_sc_hd__dfxtp_1)
                                         count[0] (net)
                  0.08    0.00    0.32 ^ _1725_/A (sky130_fd_sc_hd__nor2_1)
     1    0.00    0.03    0.05    0.37 v _1725_/Y (sky130_fd_sc_hd__nor2_1)
                                         _0162_ (net)
                  0.03    0.00    0.37 v count[0]$_SDFF_PP0_/D (sky130_fd_sc_hd__dfxtp_1)
                                  0.37   data arrival time

                  0.00    0.00    0.00   clock core_clock (rise edge)
                          0.00    0.00   clock network delay (ideal)
                          0.00    0.00   clock reconvergence pessimism
                                  0.00 ^ count[0]$_SDFF_PP0_/CLK (sky130_fd_sc_hd__dfxtp_1)
                         -0.06   -0.06   library hold time
                                 -0.06   data required time
-----------------------------------------------------------------------------
                                 -0.06   data required time
                                 -0.37   data arrival time
-----------------------------------------------------------------------------
                                  0.42   slack (MET)



==========================================================================
detailed place report_checks -path_delay max
--------------------------------------------------------------------------
Startpoint: sys_rst (input port clocked by core_clock)
Endpoint: GPR[1][4]$_DFFE_PP_
          (rising edge-triggered flip-flop clocked by core_clock)
Path Group: core_clock
Path Type: max

Fanout     Cap    Slew   Delay    Time   Description
-----------------------------------------------------------------------------
                  0.00    0.00    0.00   clock core_clock (rise edge)
                          0.00    0.00   clock network delay (ideal)
                          2.91    2.91 ^ input external delay
     1    0.00    0.00    0.00    2.91 ^ sys_rst (in)
                                         sys_rst (net)
                  0.00    0.00    2.91 ^ input36/A (sky130_fd_sc_hd__clkdlybuf4s50_1)
    20    0.07    0.69    0.91    3.83 ^ input36/X (sky130_fd_sc_hd__clkdlybuf4s50_1)
                                         net35 (net)
                  0.69    0.00    3.83 ^ _0961_/A (sky130_fd_sc_hd__inv_1)
     6    0.02    0.19    0.23    4.06 v _0961_/Y (sky130_fd_sc_hd__inv_1)
                                         _0274_ (net)
                  0.19    0.00    4.06 v _0967_/B (sky130_fd_sc_hd__nand2_1)
     2    0.01    0.09    0.14    4.20 ^ _0967_/Y (sky130_fd_sc_hd__nand2_1)
                                         _0280_ (net)
                  0.09    0.00    4.20 ^ _0973_/B (sky130_fd_sc_hd__nor2_1)
     4    0.01    0.07    0.08    4.29 v _0973_/Y (sky130_fd_sc_hd__nor2_1)
                                         _0286_ (net)
                  0.07    0.00    4.29 v _1131_/A (sky130_fd_sc_hd__nand2_1)
    10    0.04    0.38    0.30    4.59 ^ _1131_/Y (sky130_fd_sc_hd__nand2_1)
                                         _0423_ (net)
                  0.38    0.00    4.59 ^ _1140_/A (sky130_fd_sc_hd__inv_1)
     7    0.03    0.17    0.24    4.83 v _1140_/Y (sky130_fd_sc_hd__inv_1)
                                         _0429_ (net)
                  0.17    0.00    4.83 v _1229_/A1 (sky130_fd_sc_hd__a2111oi_0)
     1    0.00    0.47    0.49    5.32 ^ _1229_/Y (sky130_fd_sc_hd__a2111oi_0)
                                         _0514_ (net)
                  0.47    0.00    5.32 ^ _1230_/B1 (sky130_fd_sc_hd__o21ai_0)
     4    0.02    0.29    0.36    5.69 v _1230_/Y (sky130_fd_sc_hd__o21ai_0)
                                         _0010_ (net)
                  0.29    0.00    5.69 v GPR[1][4]$_DFFE_PP_/D (sky130_fd_sc_hd__edfxtp_1)
                                  5.69   data arrival time

                  0.00   14.57   14.57   clock core_clock (rise edge)
                          0.00   14.57   clock network delay (ideal)
                          0.00   14.57   clock reconvergence pessimism
                                 14.57 ^ GPR[1][4]$_DFFE_PP_/CLK (sky130_fd_sc_hd__edfxtp_1)
                         -0.36   14.22   library setup time
                                 14.22   data required time
-----------------------------------------------------------------------------
                                 14.22   data required time
                                 -5.69   data arrival time
-----------------------------------------------------------------------------
                                  8.53   slack (MET)



==========================================================================
detailed place report_checks -unconstrained
--------------------------------------------------------------------------
Startpoint: sys_rst (input port clocked by core_clock)
Endpoint: GPR[1][4]$_DFFE_PP_
          (rising edge-triggered flip-flop clocked by core_clock)
Path Group: core_clock
Path Type: max

Fanout     Cap    Slew   Delay    Time   Description
-----------------------------------------------------------------------------
                  0.00    0.00    0.00   clock core_clock (rise edge)
                          0.00    0.00   clock network delay (ideal)
                          2.91    2.91 ^ input external delay
     1    0.00    0.00    0.00    2.91 ^ sys_rst (in)
                                         sys_rst (net)
                  0.00    0.00    2.91 ^ input36/A (sky130_fd_sc_hd__clkdlybuf4s50_1)
    20    0.07    0.69    0.91    3.83 ^ input36/X (sky130_fd_sc_hd__clkdlybuf4s50_1)
                                         net35 (net)
                  0.69    0.00    3.83 ^ _0961_/A (sky130_fd_sc_hd__inv_1)
     6    0.02    0.19    0.23    4.06 v _0961_/Y (sky130_fd_sc_hd__inv_1)
                                         _0274_ (net)
                  0.19    0.00    4.06 v _0967_/B (sky130_fd_sc_hd__nand2_1)
     2    0.01    0.09    0.14    4.20 ^ _0967_/Y (sky130_fd_sc_hd__nand2_1)
                                         _0280_ (net)
                  0.09    0.00    4.20 ^ _0973_/B (sky130_fd_sc_hd__nor2_1)
     4    0.01    0.07    0.08    4.29 v _0973_/Y (sky130_fd_sc_hd__nor2_1)
                                         _0286_ (net)
                  0.07    0.00    4.29 v _1131_/A (sky130_fd_sc_hd__nand2_1)
    10    0.04    0.38    0.30    4.59 ^ _1131_/Y (sky130_fd_sc_hd__nand2_1)
                                         _0423_ (net)
                  0.38    0.00    4.59 ^ _1140_/A (sky130_fd_sc_hd__inv_1)
     7    0.03    0.17    0.24    4.83 v _1140_/Y (sky130_fd_sc_hd__inv_1)
                                         _0429_ (net)
                  0.17    0.00    4.83 v _1229_/A1 (sky130_fd_sc_hd__a2111oi_0)
     1    0.00    0.47    0.49    5.32 ^ _1229_/Y (sky130_fd_sc_hd__a2111oi_0)
                                         _0514_ (net)
                  0.47    0.00    5.32 ^ _1230_/B1 (sky130_fd_sc_hd__o21ai_0)
     4    0.02    0.29    0.36    5.69 v _1230_/Y (sky130_fd_sc_hd__o21ai_0)
                                         _0010_ (net)
                  0.29    0.00    5.69 v GPR[1][4]$_DFFE_PP_/D (sky130_fd_sc_hd__edfxtp_1)
                                  5.69   data arrival time

                  0.00   14.57   14.57   clock core_clock (rise edge)
                          0.00   14.57   clock network delay (ideal)
                          0.00   14.57   clock reconvergence pessimism
                                 14.57 ^ GPR[1][4]$_DFFE_PP_/CLK (sky130_fd_sc_hd__edfxtp_1)
                         -0.36   14.22   library setup time
                                 14.22   data required time
-----------------------------------------------------------------------------
                                 14.22   data required time
                                 -5.69   data arrival time
-----------------------------------------------------------------------------
                                  8.53   slack (MET)



==========================================================================
detailed place report_check_types -max_slew -max_cap -max_fanout -violators
--------------------------------------------------------------------------

==========================================================================
detailed place max_slew_check_slack
--------------------------------------------------------------------------
0.8066704869270325

==========================================================================
detailed place max_slew_check_limit
--------------------------------------------------------------------------
1.4953149557113647

==========================================================================
detailed place max_slew_check_slack_limit
--------------------------------------------------------------------------
0.5395

==========================================================================
detailed place max_fanout_check_slack
--------------------------------------------------------------------------
1.0000000150474662e+30

==========================================================================
detailed place max_fanout_check_limit
--------------------------------------------------------------------------
1.0000000150474662e+30

==========================================================================
detailed place max_capacitance_check_slack
--------------------------------------------------------------------------
0.016109459102153778

==========================================================================
detailed place max_capacitance_check_limit
--------------------------------------------------------------------------
0.021067000925540924

==========================================================================
detailed place max_capacitance_check_slack_limit
--------------------------------------------------------------------------
0.7647

==========================================================================
detailed place max_slew_violation_count
--------------------------------------------------------------------------
max slew violation count 0

==========================================================================
detailed place max_fanout_violation_count
--------------------------------------------------------------------------
max fanout violation count 0

==========================================================================
detailed place max_cap_violation_count
--------------------------------------------------------------------------
max cap violation count 0

==========================================================================
detailed place setup_violation_count
--------------------------------------------------------------------------
setup violation count 0

==========================================================================
detailed place hold_violation_count
--------------------------------------------------------------------------
hold violation count 0

==========================================================================
detailed place report_checks -path_delay max reg to reg
--------------------------------------------------------------------------
Startpoint: IR[17]$_SDFFE_PP0P_
            (rising edge-triggered flip-flop clocked by core_clock)
Endpoint: GPR[1][4]$_DFFE_PP_
          (rising edge-triggered flip-flop clocked by core_clock)
Path Group: core_clock
Path Type: max

  Delay    Time   Description
---------------------------------------------------------
   0.00    0.00   clock core_clock (rise edge)
   0.00    0.00   clock network delay (ideal)
   0.00    0.00 ^ IR[17]$_SDFFE_PP0P_/CLK (sky130_fd_sc_hd__dfxtp_1)
   0.27    0.27 v IR[17]$_SDFFE_PP0P_/Q (sky130_fd_sc_hd__dfxtp_1)
   0.26    0.53 v place50/X (sky130_fd_sc_hd__buf_4)
   0.47    1.00 ^ _0991_/Y (sky130_fd_sc_hd__inv_2)
   0.11    1.11 v _1112_/Y (sky130_fd_sc_hd__nand2_1)
   0.41    1.51 ^ _1116_/Y (sky130_fd_sc_hd__a32oi_1)
   0.21    1.73 v _1132_/Y (sky130_fd_sc_hd__inv_1)
   0.28    2.01 v _1818_/COUT (sky130_fd_sc_hd__ha_1)
   0.38    2.39 v _1815_/COUT (sky130_fd_sc_hd__fa_1)
   0.06    2.45 ^ _1154_/Y (sky130_fd_sc_hd__inv_1)
   0.09    2.54 v _1155_/Y (sky130_fd_sc_hd__nand2_1)
   0.17    2.71 ^ _1223_/Y (sky130_fd_sc_hd__nand3_1)
   0.07    2.78 v _1226_/Y (sky130_fd_sc_hd__nand2_1)
   0.08    2.87 ^ _1227_/Y (sky130_fd_sc_hd__nand2_1)
   0.04    2.91 v _1228_/Y (sky130_fd_sc_hd__nor2_1)
   0.38    3.28 ^ _1229_/Y (sky130_fd_sc_hd__a2111oi_0)
   0.36    3.65 v _1230_/Y (sky130_fd_sc_hd__o21ai_0)
   0.00    3.65 v GPR[1][4]$_DFFE_PP_/D (sky130_fd_sc_hd__edfxtp_1)
           3.65   data arrival time

  14.57   14.57   clock core_clock (rise edge)
   0.00   14.57   clock network delay (ideal)
   0.00   14.57   clock reconvergence pessimism
          14.57 ^ GPR[1][4]$_DFFE_PP_/CLK (sky130_fd_sc_hd__edfxtp_1)
  -0.36   14.22   library setup time
          14.22   data required time
---------------------------------------------------------
          14.22   data required time
          -3.65   data arrival time
---------------------------------------------------------
          10.57   slack (MET)



==========================================================================
detailed place report_checks -path_delay min reg to reg
--------------------------------------------------------------------------
Startpoint: count[0]$_SDFF_PP0_
            (rising edge-triggered flip-flop clocked by core_clock)
Endpoint: count[0]$_SDFF_PP0_
          (rising edge-triggered flip-flop clocked by core_clock)
Path Group: core_clock
Path Type: min

  Delay    Time   Description
---------------------------------------------------------
   0.00    0.00   clock core_clock (rise edge)
   0.00    0.00   clock network delay (ideal)
   0.00    0.00 ^ count[0]$_SDFF_PP0_/CLK (sky130_fd_sc_hd__dfxtp_1)
   0.32    0.32 ^ count[0]$_SDFF_PP0_/Q (sky130_fd_sc_hd__dfxtp_1)
   0.05    0.37 v _1725_/Y (sky130_fd_sc_hd__nor2_1)
   0.00    0.37 v count[0]$_SDFF_PP0_/D (sky130_fd_sc_hd__dfxtp_1)
           0.37   data arrival time

   0.00    0.00   clock core_clock (rise edge)
   0.00    0.00   clock network delay (ideal)
   0.00    0.00   clock reconvergence pessimism
           0.00 ^ count[0]$_SDFF_PP0_/CLK (sky130_fd_sc_hd__dfxtp_1)
  -0.06   -0.06   library hold time
          -0.06   data required time
---------------------------------------------------------
          -0.06   data required time
          -0.37   data arrival time
---------------------------------------------------------
           0.42   slack (MET)



==========================================================================
detailed place critical path target clock latency max path
--------------------------------------------------------------------------
0.0000

==========================================================================
detailed place critical path target clock latency min path
--------------------------------------------------------------------------
0.0000

==========================================================================
detailed place critical path source clock latency min path
--------------------------------------------------------------------------
0.0000

==========================================================================
detailed place critical path delay
--------------------------------------------------------------------------
5.6867

==========================================================================
detailed place critical path slack
--------------------------------------------------------------------------
8.5299

==========================================================================
detailed place slack div critical path delay
--------------------------------------------------------------------------
149.997362

==========================================================================
detailed place report_power
--------------------------------------------------------------------------
Group                  Internal  Switching    Leakage      Total
                          Power      Power      Power      Power (Watts)
----------------------------------------------------------------
Sequential             2.78e-04   5.46e-06   7.45e-10   2.83e-04  78.7%
Combinational          2.48e-05   5.20e-05   2.57e-09   7.68e-05  21.3%
Clock                  0.00e+00   0.00e+00   0.00e+00   0.00e+00   0.0%
Macro                  0.00e+00   0.00e+00   0.00e+00   0.00e+00   0.0%
Pad                    0.00e+00   0.00e+00   0.00e+00   0.00e+00   0.0%
----------------------------------------------------------------
Total                  3.03e-04   5.75e-05   3.32e-09   3.60e-04 100.0%
                          84.1%      15.9%       0.0%
