
==========================================================================
finish report_tns
--------------------------------------------------------------------------
tns max 0.00

==========================================================================
finish report_wns
--------------------------------------------------------------------------
wns max 0.00

==========================================================================
finish report_worst_slack
--------------------------------------------------------------------------
worst slack max 8.84

==========================================================================
finish report_clock_min_period
--------------------------------------------------------------------------
core_clock period_min = 5.73 fmax = 174.39

==========================================================================
finish report_clock_skew
--------------------------------------------------------------------------
Clock core_clock
   0.34 source latency GPR[0][6]$_DFFE_PP_/CLK ^
  -0.36 target latency GPR[0][14]$_DFFE_PP_/CLK ^
   0.00 CRPR
--------------
  -0.02 setup skew


==========================================================================
finish report_checks -path_delay min
--------------------------------------------------------------------------
Startpoint: count[0]$_SDFF_PP0_
            (rising edge-triggered flip-flop clocked by core_clock)
Endpoint: count[0]$_SDFF_PP0_
          (rising edge-triggered flip-flop clocked by core_clock)
Path Group: core_clock
Path Type: min

Fanout     Cap    Slew   Delay    Time   Description
-----------------------------------------------------------------------------
                          0.00    0.00   clock core_clock (rise edge)
                          0.00    0.00   clock source latency
     1    0.02    0.00    0.00    0.00 ^ clk (in)
                                         clk (net)
                  0.00    0.00    0.00 ^ clkbuf_0_clk/A (sky130_fd_sc_hd__clkbuf_16)
     8    0.10    0.12    0.17    0.17 ^ clkbuf_0_clk/X (sky130_fd_sc_hd__clkbuf_16)
                                         clknet_0_clk (net)
                  0.12    0.00    0.17 ^ clkbuf_3_7__f_clk/A (sky130_fd_sc_hd__clkbuf_16)
    13    0.05    0.07    0.17    0.35 ^ clkbuf_3_7__f_clk/X (sky130_fd_sc_hd__clkbuf_16)
                                         clknet_3_7__leaf_clk (net)
                  0.07    0.00    0.35 ^ count[0]$_SDFF_PP0_/CLK (sky130_fd_sc_hd__dfxtp_1)
     2    0.01    0.08    0.34    0.68 ^ count[0]$_SDFF_PP0_/Q (sky130_fd_sc_hd__dfxtp_1)
                                         count[0] (net)
                  0.08    0.00    0.68 ^ _1725_/A (sky130_fd_sc_hd__nor2_1)
     1    0.00    0.03    0.05    0.73 v _1725_/Y (sky130_fd_sc_hd__nor2_1)
                                         _0162_ (net)
                  0.03    0.00    0.73 v count[0]$_SDFF_PP0_/D (sky130_fd_sc_hd__dfxtp_1)
                                  0.73   data arrival time

                          0.00    0.00   clock core_clock (rise edge)
                          0.00    0.00   clock source latency
     1    0.02    0.00    0.00    0.00 ^ clk (in)
                                         clk (net)
                  0.00    0.00    0.00 ^ clkbuf_0_clk/A (sky130_fd_sc_hd__clkbuf_16)
     8    0.10    0.12    0.17    0.17 ^ clkbuf_0_clk/X (sky130_fd_sc_hd__clkbuf_16)
                                         clknet_0_clk (net)
                  0.12    0.00    0.17 ^ clkbuf_3_7__f_clk/A (sky130_fd_sc_hd__clkbuf_16)
    13    0.05    0.07    0.17    0.35 ^ clkbuf_3_7__f_clk/X (sky130_fd_sc_hd__clkbuf_16)
                                         clknet_3_7__leaf_clk (net)
                  0.07    0.00    0.35 ^ count[0]$_SDFF_PP0_/CLK (sky130_fd_sc_hd__dfxtp_1)
                          0.00    0.35   clock reconvergence pessimism
                         -0.04    0.31   library hold time
                                  0.31   data required time
-----------------------------------------------------------------------------
                                  0.31   data required time
                                 -0.73   data arrival time
-----------------------------------------------------------------------------
                                  0.43   slack (MET)



==========================================================================
finish report_checks -path_delay max
--------------------------------------------------------------------------
Startpoint: sys_rst (input port clocked by core_clock)
Endpoint: GPR[0][4]$_DFFE_PP_
          (rising edge-triggered flip-flop clocked by core_clock)
Path Group: core_clock
Path Type: max

Fanout     Cap    Slew   Delay    Time   Description
-----------------------------------------------------------------------------
                          0.00    0.00   clock core_clock (rise edge)
                          0.00    0.00   clock network delay (propagated)
                          2.91    2.91 ^ input external delay
     1    0.00    0.00    0.00    2.91 ^ sys_rst (in)
                                         sys_rst (net)
                  0.00    0.00    2.91 ^ input36/A (sky130_fd_sc_hd__clkdlybuf4s50_1)
    20    0.08    0.73    0.94    3.86 ^ input36/X (sky130_fd_sc_hd__clkdlybuf4s50_1)
                                         net35 (net)
                  0.73    0.00    3.86 ^ _0961_/A (sky130_fd_sc_hd__inv_1)
     6    0.02    0.22    0.26    4.12 v _0961_/Y (sky130_fd_sc_hd__inv_1)
                                         _0274_ (net)
                  0.22    0.00    4.12 v _0967_/B (sky130_fd_sc_hd__nand2_1)
     2    0.01    0.10    0.16    4.28 ^ _0967_/Y (sky130_fd_sc_hd__nand2_1)
                                         _0280_ (net)
                  0.10    0.00    4.28 ^ _0973_/B (sky130_fd_sc_hd__nor2_1)
     4    0.01    0.07    0.09    4.37 v _0973_/Y (sky130_fd_sc_hd__nor2_1)
                                         _0286_ (net)
                  0.07    0.00    4.37 v _1131_/A (sky130_fd_sc_hd__nand2_1)
    10    0.04    0.39    0.31    4.68 ^ _1131_/Y (sky130_fd_sc_hd__nand2_1)
                                         _0423_ (net)
                  0.39    0.00    4.68 ^ _1140_/A (sky130_fd_sc_hd__inv_1)
     7    0.03    0.18    0.24    4.93 v _1140_/Y (sky130_fd_sc_hd__inv_1)
                                         _0429_ (net)
                  0.18    0.00    4.93 v _1229_/A1 (sky130_fd_sc_hd__a2111oi_0)
     1    0.00    0.43    0.47    5.40 ^ _1229_/Y (sky130_fd_sc_hd__a2111oi_0)
                                         _0514_ (net)
                  0.43    0.00    5.40 ^ _1230_/B1 (sky130_fd_sc_hd__o21ai_0)
     4    0.02    0.28    0.35    5.75 v _1230_/Y (sky130_fd_sc_hd__o21ai_0)
                                         _0010_ (net)
                  0.28    0.00    5.75 v GPR[0][4]$_DFFE_PP_/D (sky130_fd_sc_hd__edfxtp_1)
                                  5.75   data arrival time

                         14.57   14.57   clock core_clock (rise edge)
                          0.00   14.57   clock source latency
     1    0.02    0.00    0.00   14.57 ^ clk (in)
                                         clk (net)
                  0.00    0.00   14.57 ^ clkbuf_0_clk/A (sky130_fd_sc_hd__clkbuf_16)
     8    0.10    0.12    0.17   14.74 ^ clkbuf_0_clk/X (sky130_fd_sc_hd__clkbuf_16)
                                         clknet_0_clk (net)
                  0.12    0.00   14.75 ^ clkbuf_3_0__f_clk/A (sky130_fd_sc_hd__clkbuf_16)
    14    0.05    0.07    0.17   14.92 ^ clkbuf_3_0__f_clk/X (sky130_fd_sc_hd__clkbuf_16)
                                         clknet_3_0__leaf_clk (net)
                  0.07    0.00   14.92 ^ GPR[0][4]$_DFFE_PP_/CLK (sky130_fd_sc_hd__edfxtp_1)
                          0.00   14.92   clock reconvergence pessimism
                         -0.34   14.59   library setup time
                                 14.59   data required time
-----------------------------------------------------------------------------
                                 14.59   data required time
                                 -5.75   data arrival time
-----------------------------------------------------------------------------
                                  8.84   slack (MET)



==========================================================================
finish report_checks -unconstrained
--------------------------------------------------------------------------
Startpoint: sys_rst (input port clocked by core_clock)
Endpoint: GPR[0][4]$_DFFE_PP_
          (rising edge-triggered flip-flop clocked by core_clock)
Path Group: core_clock
Path Type: max

Fanout     Cap    Slew   Delay    Time   Description
-----------------------------------------------------------------------------
                          0.00    0.00   clock core_clock (rise edge)
                          0.00    0.00   clock network delay (propagated)
                          2.91    2.91 ^ input external delay
     1    0.00    0.00    0.00    2.91 ^ sys_rst (in)
                                         sys_rst (net)
                  0.00    0.00    2.91 ^ input36/A (sky130_fd_sc_hd__clkdlybuf4s50_1)
    20    0.08    0.73    0.94    3.86 ^ input36/X (sky130_fd_sc_hd__clkdlybuf4s50_1)
                                         net35 (net)
                  0.73    0.00    3.86 ^ _0961_/A (sky130_fd_sc_hd__inv_1)
     6    0.02    0.22    0.26    4.12 v _0961_/Y (sky130_fd_sc_hd__inv_1)
                                         _0274_ (net)
                  0.22    0.00    4.12 v _0967_/B (sky130_fd_sc_hd__nand2_1)
     2    0.01    0.10    0.16    4.28 ^ _0967_/Y (sky130_fd_sc_hd__nand2_1)
                                         _0280_ (net)
                  0.10    0.00    4.28 ^ _0973_/B (sky130_fd_sc_hd__nor2_1)
     4    0.01    0.07    0.09    4.37 v _0973_/Y (sky130_fd_sc_hd__nor2_1)
                                         _0286_ (net)
                  0.07    0.00    4.37 v _1131_/A (sky130_fd_sc_hd__nand2_1)
    10    0.04    0.39    0.31    4.68 ^ _1131_/Y (sky130_fd_sc_hd__nand2_1)
                                         _0423_ (net)
                  0.39    0.00    4.68 ^ _1140_/A (sky130_fd_sc_hd__inv_1)
     7    0.03    0.18    0.24    4.93 v _1140_/Y (sky130_fd_sc_hd__inv_1)
                                         _0429_ (net)
                  0.18    0.00    4.93 v _1229_/A1 (sky130_fd_sc_hd__a2111oi_0)
     1    0.00    0.43    0.47    5.40 ^ _1229_/Y (sky130_fd_sc_hd__a2111oi_0)
                                         _0514_ (net)
                  0.43    0.00    5.40 ^ _1230_/B1 (sky130_fd_sc_hd__o21ai_0)
     4    0.02    0.28    0.35    5.75 v _1230_/Y (sky130_fd_sc_hd__o21ai_0)
                                         _0010_ (net)
                  0.28    0.00    5.75 v GPR[0][4]$_DFFE_PP_/D (sky130_fd_sc_hd__edfxtp_1)
                                  5.75   data arrival time

                         14.57   14.57   clock core_clock (rise edge)
                          0.00   14.57   clock source latency
     1    0.02    0.00    0.00   14.57 ^ clk (in)
                                         clk (net)
                  0.00    0.00   14.57 ^ clkbuf_0_clk/A (sky130_fd_sc_hd__clkbuf_16)
     8    0.10    0.12    0.17   14.74 ^ clkbuf_0_clk/X (sky130_fd_sc_hd__clkbuf_16)
                                         clknet_0_clk (net)
                  0.12    0.00   14.75 ^ clkbuf_3_0__f_clk/A (sky130_fd_sc_hd__clkbuf_16)
    14    0.05    0.07    0.17   14.92 ^ clkbuf_3_0__f_clk/X (sky130_fd_sc_hd__clkbuf_16)
                                         clknet_3_0__leaf_clk (net)
                  0.07    0.00   14.92 ^ GPR[0][4]$_DFFE_PP_/CLK (sky130_fd_sc_hd__edfxtp_1)
                          0.00   14.92   clock reconvergence pessimism
                         -0.34   14.59   library setup time
                                 14.59   data required time
-----------------------------------------------------------------------------
                                 14.59   data required time
                                 -5.75   data arrival time
-----------------------------------------------------------------------------
                                  8.84   slack (MET)



==========================================================================
finish report_check_types -max_slew -max_cap -max_fanout -violators
--------------------------------------------------------------------------

==========================================================================
finish max_slew_check_slack
--------------------------------------------------------------------------
0.7610815167427063

==========================================================================
finish max_slew_check_limit
--------------------------------------------------------------------------
1.4953149557113647

==========================================================================
finish max_slew_check_slack_limit
--------------------------------------------------------------------------
0.5090

==========================================================================
finish max_fanout_check_slack
--------------------------------------------------------------------------
1.0000000150474662e+30

==========================================================================
finish max_fanout_check_limit
--------------------------------------------------------------------------
1.0000000150474662e+30

==========================================================================
finish max_capacitance_check_slack
--------------------------------------------------------------------------
0.016664454713463783

==========================================================================
finish max_capacitance_check_limit
--------------------------------------------------------------------------
0.021067000925540924

==========================================================================
finish max_capacitance_check_slack_limit
--------------------------------------------------------------------------
0.7910

==========================================================================
finish max_slew_violation_count
--------------------------------------------------------------------------
max slew violation count 0

==========================================================================
finish max_fanout_violation_count
--------------------------------------------------------------------------
max fanout violation count 0

==========================================================================
finish max_cap_violation_count
--------------------------------------------------------------------------
max cap violation count 0

==========================================================================
finish setup_violation_count
--------------------------------------------------------------------------
setup violation count 0

==========================================================================
finish hold_violation_count
--------------------------------------------------------------------------
hold violation count 0

==========================================================================
finish report_checks -path_delay max reg to reg
--------------------------------------------------------------------------
Startpoint: IR[17]$_SDFFE_PP0P_
            (rising edge-triggered flip-flop clocked by core_clock)
Endpoint: GPR[1][15]$_DFFE_PP_
          (rising edge-triggered flip-flop clocked by core_clock)
Path Group: core_clock
Path Type: max

  Delay    Time   Description
---------------------------------------------------------
   0.00    0.00   clock core_clock (rise edge)
   0.00    0.00   clock source latency
   0.00    0.00 ^ clk (in)
   0.17    0.17 ^ clkbuf_0_clk/X (sky130_fd_sc_hd__clkbuf_16)
   0.17    0.34 ^ clkbuf_3_5__f_clk/X (sky130_fd_sc_hd__clkbuf_16)
   0.00    0.35 ^ IR[17]$_SDFFE_PP0P_/CLK (sky130_fd_sc_hd__dfxtp_1)
   0.30    0.64 v IR[17]$_SDFFE_PP0P_/Q (sky130_fd_sc_hd__dfxtp_1)
   0.25    0.89 v place50/X (sky130_fd_sc_hd__buf_4)
   0.49    1.38 ^ _0991_/Y (sky130_fd_sc_hd__inv_2)
   0.16    1.54 v _1103_/Y (sky130_fd_sc_hd__o21ai_0)
   0.57    2.12 ^ _1104_/Y (sky130_fd_sc_hd__o22ai_1)
   0.43    2.54 v _1829_/SUM (sky130_fd_sc_hd__ha_1)
   0.14    2.68 ^ _1156_/Y (sky130_fd_sc_hd__inv_1)
   0.11    2.79 v _1185_/Y (sky130_fd_sc_hd__nand3_1)
   0.07    2.86 ^ _1191_/Y (sky130_fd_sc_hd__inv_1)
   0.06    2.92 v _1192_/Y (sky130_fd_sc_hd__nor2_1)
   0.20    3.11 ^ _1243_/Y (sky130_fd_sc_hd__nor2_2)
   0.09    3.20 v _1384_/Y (sky130_fd_sc_hd__nand2_1)
   0.18    3.38 ^ _1385_/Y (sky130_fd_sc_hd__nor2_2)
   0.10    3.49 v _1597_/Y (sky130_fd_sc_hd__nand3_1)
   0.06    3.55 ^ _1598_/Y (sky130_fd_sc_hd__nand2_1)
   0.07    3.62 v _1600_/Y (sky130_fd_sc_hd__nand2_1)
   0.29    3.91 ^ _1614_/Y (sky130_fd_sc_hd__a221oi_1)
   0.26    4.17 v _1633_/Y (sky130_fd_sc_hd__nand3_1)
   0.00    4.17 v GPR[1][15]$_DFFE_PP_/D (sky130_fd_sc_hd__edfxtp_1)
           4.17   data arrival time

  14.57   14.57   clock core_clock (rise edge)
   0.00   14.57   clock source latency
   0.00   14.57 ^ clk (in)
   0.17   14.74 ^ clkbuf_0_clk/X (sky130_fd_sc_hd__clkbuf_16)
   0.18   14.92 ^ clkbuf_3_2__f_clk/X (sky130_fd_sc_hd__clkbuf_16)
   0.00   14.92 ^ GPR[1][15]$_DFFE_PP_/CLK (sky130_fd_sc_hd__edfxtp_1)
   0.00   14.92   clock reconvergence pessimism
  -0.31   14.61   library setup time
          14.61   data required time
---------------------------------------------------------
          14.61   data required time
          -4.17   data arrival time
---------------------------------------------------------
          10.44   slack (MET)



==========================================================================
finish report_checks -path_delay min reg to reg
--------------------------------------------------------------------------
Startpoint: count[0]$_SDFF_PP0_
            (rising edge-triggered flip-flop clocked by core_clock)
Endpoint: count[0]$_SDFF_PP0_
          (rising edge-triggered flip-flop clocked by core_clock)
Path Group: core_clock
Path Type: min

  Delay    Time   Description
---------------------------------------------------------
   0.00    0.00   clock core_clock (rise edge)
   0.00    0.00   clock source latency
   0.00    0.00 ^ clk (in)
   0.17    0.17 ^ clkbuf_0_clk/X (sky130_fd_sc_hd__clkbuf_16)
   0.18    0.35 ^ clkbuf_3_7__f_clk/X (sky130_fd_sc_hd__clkbuf_16)
   0.00    0.35 ^ count[0]$_SDFF_PP0_/CLK (sky130_fd_sc_hd__dfxtp_1)
   0.34    0.68 ^ count[0]$_SDFF_PP0_/Q (sky130_fd_sc_hd__dfxtp_1)
   0.05    0.73 v _1725_/Y (sky130_fd_sc_hd__nor2_1)
   0.00    0.73 v count[0]$_SDFF_PP0_/D (sky130_fd_sc_hd__dfxtp_1)
           0.73   data arrival time

   0.00    0.00   clock core_clock (rise edge)
   0.00    0.00   clock source latency
   0.00    0.00 ^ clk (in)
   0.17    0.17 ^ clkbuf_0_clk/X (sky130_fd_sc_hd__clkbuf_16)
   0.18    0.35 ^ clkbuf_3_7__f_clk/X (sky130_fd_sc_hd__clkbuf_16)
   0.00    0.35 ^ count[0]$_SDFF_PP0_/CLK (sky130_fd_sc_hd__dfxtp_1)
   0.00    0.35   clock reconvergence pessimism
  -0.04    0.31   library hold time
           0.31   data required time
---------------------------------------------------------
           0.31   data required time
          -0.73   data arrival time
---------------------------------------------------------
           0.43   slack (MET)



==========================================================================
finish critical path target clock latency max path
--------------------------------------------------------------------------
0.3473

==========================================================================
finish critical path target clock latency min path
--------------------------------------------------------------------------
0.3592

==========================================================================
finish critical path source clock latency min path
--------------------------------------------------------------------------
0.0000

==========================================================================
finish critical path delay
--------------------------------------------------------------------------
5.7458

==========================================================================
finish critical path slack
--------------------------------------------------------------------------
8.8396

==========================================================================
finish slack div critical path delay
--------------------------------------------------------------------------
153.844547

==========================================================================
finish report_power
--------------------------------------------------------------------------
Group                  Internal  Switching    Leakage      Total
                          Power      Power      Power      Power (Watts)
----------------------------------------------------------------
Sequential             2.72e-04   5.83e-06   7.45e-10   2.78e-04  47.4%
Combinational          2.49e-05   5.40e-05   2.57e-09   7.90e-05  13.5%
Clock                  1.21e-04   1.09e-04   1.43e-10   2.30e-04  39.2%
Macro                  0.00e+00   0.00e+00   0.00e+00   0.00e+00   0.0%
Pad                    0.00e+00   0.00e+00   0.00e+00   0.00e+00   0.0%
----------------------------------------------------------------
Total                  4.18e-04   1.69e-04   3.46e-09   5.87e-04 100.0%
                          71.2%      28.8%       0.0%
