
==========================================================================
resizer report_tns
--------------------------------------------------------------------------
tns max 0.00

==========================================================================
resizer report_wns
--------------------------------------------------------------------------
wns max 0.00

==========================================================================
resizer report_worst_slack
--------------------------------------------------------------------------
worst slack max 3.73

==========================================================================
resizer report_clock_min_period
--------------------------------------------------------------------------
core_clock period_min = 4.95 fmax = 201.86

==========================================================================
resizer report_checks -path_delay min
--------------------------------------------------------------------------
Startpoint: count[0]$_SDFF_PP0_
            (rising edge-triggered flip-flop clocked by core_clock)
Endpoint: count[0]$_SDFF_PP0_
          (rising edge-triggered flip-flop clocked by core_clock)
Path Group: core_clock
Path Type: min

Fanout     Cap    Slew   Delay    Time   Description
-----------------------------------------------------------------------------
                  0.00    0.00    0.00   clock core_clock (rise edge)
                          0.00    0.00   clock network delay (ideal)
                  0.00    0.00    0.00 ^ count[0]$_SDFF_PP0_/CLK (sky130_fd_sc_hd__dfxtp_1)
     2    0.01    0.08    0.31    0.31 ^ count[0]$_SDFF_PP0_/Q (sky130_fd_sc_hd__dfxtp_1)
                                         count[0] (net)
                  0.08    0.00    0.31 ^ _1725_/A (sky130_fd_sc_hd__nor2_1)
     1    0.00    0.03    0.04    0.36 v _1725_/Y (sky130_fd_sc_hd__nor2_1)
                                         _0162_ (net)
                  0.03    0.00    0.36 v count[0]$_SDFF_PP0_/D (sky130_fd_sc_hd__dfxtp_1)
                                  0.36   data arrival time

                  0.00    0.00    0.00   clock core_clock (rise edge)
                          0.00    0.00   clock network delay (ideal)
                          0.00    0.00   clock reconvergence pessimism
                                  0.00 ^ count[0]$_SDFF_PP0_/CLK (sky130_fd_sc_hd__dfxtp_1)
                         -0.06   -0.06   library hold time
                                 -0.06   data required time
-----------------------------------------------------------------------------
                                 -0.06   data required time
                                 -0.36   data arrival time
-----------------------------------------------------------------------------
                                  0.41   slack (MET)



==========================================================================
resizer report_checks -path_delay max
--------------------------------------------------------------------------
Startpoint: sys_rst (input port clocked by core_clock)
Endpoint: GPR[0][15]$_DFFE_PP_
          (rising edge-triggered flip-flop clocked by core_clock)
Path Group: core_clock
Path Type: max

Fanout     Cap    Slew   Delay    Time   Description
-----------------------------------------------------------------------------
                  0.00    0.00    0.00   clock core_clock (rise edge)
                          0.00    0.00   clock network delay (ideal)
                          1.74    1.74 v input external delay
     1    0.00    0.00    0.00    1.74 v sys_rst (in)
                                         sys_rst (net)
                  0.00    0.00    1.74 v input36/A (sky130_fd_sc_hd__clkdlybuf4s50_1)
    20    0.07    0.49    0.76    2.50 v input36/X (sky130_fd_sc_hd__clkdlybuf4s50_1)
                                         net35 (net)
                  0.49    0.00    2.50 v _0961_/A (sky130_fd_sc_hd__inv_1)
     6    0.02    0.21    0.30    2.80 ^ _0961_/Y (sky130_fd_sc_hd__inv_1)
                                         _0274_ (net)
                  0.21    0.00    2.80 ^ _0967_/B (sky130_fd_sc_hd__nand2_1)
     2    0.01    0.11    0.12    2.92 v _0967_/Y (sky130_fd_sc_hd__nand2_1)
                                         _0280_ (net)
                  0.11    0.00    2.92 v _0968_/B (sky130_fd_sc_hd__nor2_1)
     2    0.01    0.12    0.14    3.06 ^ _0968_/Y (sky130_fd_sc_hd__nor2_1)
                                         _0281_ (net)
                  0.12    0.00    3.06 ^ _0970_/A (sky130_fd_sc_hd__nand2_1)
    13    0.05    0.36    0.31    3.36 v _0970_/Y (sky130_fd_sc_hd__nand2_1)
                                         _0283_ (net)
                  0.36    0.00    3.36 v _0975_/B (sky130_fd_sc_hd__nand3_1)
     2    0.01    0.15    0.26    3.62 ^ _0975_/Y (sky130_fd_sc_hd__nand3_1)
                                         _0288_ (net)
                  0.15    0.00    3.62 ^ _0979_/A (sky130_fd_sc_hd__nand2_1)
     2    0.01    0.07    0.09    3.71 v _0979_/Y (sky130_fd_sc_hd__nand2_1)
                                         _0291_ (net)
                  0.07    0.00    3.71 v _0982_/B (sky130_fd_sc_hd__nor2_1)
     7    0.04    0.76    0.59    4.30 ^ _0982_/Y (sky130_fd_sc_hd__nor2_1)
                                         _0016_ (net)
                  0.76    0.00    4.30 ^ place43/A (sky130_fd_sc_hd__buf_4)
    10    0.06    0.17    0.34    4.64 ^ place43/X (sky130_fd_sc_hd__buf_4)
                                         net42 (net)
                  0.17    0.00    4.64 ^ GPR[0][15]$_DFFE_PP_/DE (sky130_fd_sc_hd__edfxtp_1)
                                  4.64   data arrival time

                  0.00    8.69    8.69   clock core_clock (rise edge)
                          0.00    8.69   clock network delay (ideal)
                          0.00    8.69   clock reconvergence pessimism
                                  8.69 ^ GPR[0][15]$_DFFE_PP_/CLK (sky130_fd_sc_hd__edfxtp_1)
                         -0.31    8.37   library setup time
                                  8.37   data required time
-----------------------------------------------------------------------------
                                  8.37   data required time
                                 -4.64   data arrival time
-----------------------------------------------------------------------------
                                  3.73   slack (MET)



==========================================================================
resizer report_checks -unconstrained
--------------------------------------------------------------------------
Startpoint: sys_rst (input port clocked by core_clock)
Endpoint: GPR[0][15]$_DFFE_PP_
          (rising edge-triggered flip-flop clocked by core_clock)
Path Group: core_clock
Path Type: max

Fanout     Cap    Slew   Delay    Time   Description
-----------------------------------------------------------------------------
                  0.00    0.00    0.00   clock core_clock (rise edge)
                          0.00    0.00   clock network delay (ideal)
                          1.74    1.74 v input external delay
     1    0.00    0.00    0.00    1.74 v sys_rst (in)
                                         sys_rst (net)
                  0.00    0.00    1.74 v input36/A (sky130_fd_sc_hd__clkdlybuf4s50_1)
    20    0.07    0.49    0.76    2.50 v input36/X (sky130_fd_sc_hd__clkdlybuf4s50_1)
                                         net35 (net)
                  0.49    0.00    2.50 v _0961_/A (sky130_fd_sc_hd__inv_1)
     6    0.02    0.21    0.30    2.80 ^ _0961_/Y (sky130_fd_sc_hd__inv_1)
                                         _0274_ (net)
                  0.21    0.00    2.80 ^ _0967_/B (sky130_fd_sc_hd__nand2_1)
     2    0.01    0.11    0.12    2.92 v _0967_/Y (sky130_fd_sc_hd__nand2_1)
                                         _0280_ (net)
                  0.11    0.00    2.92 v _0968_/B (sky130_fd_sc_hd__nor2_1)
     2    0.01    0.12    0.14    3.06 ^ _0968_/Y (sky130_fd_sc_hd__nor2_1)
                                         _0281_ (net)
                  0.12    0.00    3.06 ^ _0970_/A (sky130_fd_sc_hd__nand2_1)
    13    0.05    0.36    0.31    3.36 v _0970_/Y (sky130_fd_sc_hd__nand2_1)
                                         _0283_ (net)
                  0.36    0.00    3.36 v _0975_/B (sky130_fd_sc_hd__nand3_1)
     2    0.01    0.15    0.26    3.62 ^ _0975_/Y (sky130_fd_sc_hd__nand3_1)
                                         _0288_ (net)
                  0.15    0.00    3.62 ^ _0979_/A (sky130_fd_sc_hd__nand2_1)
     2    0.01    0.07    0.09    3.71 v _0979_/Y (sky130_fd_sc_hd__nand2_1)
                                         _0291_ (net)
                  0.07    0.00    3.71 v _0982_/B (sky130_fd_sc_hd__nor2_1)
     7    0.04    0.76    0.59    4.30 ^ _0982_/Y (sky130_fd_sc_hd__nor2_1)
                                         _0016_ (net)
                  0.76    0.00    4.30 ^ place43/A (sky130_fd_sc_hd__buf_4)
    10    0.06    0.17    0.34    4.64 ^ place43/X (sky130_fd_sc_hd__buf_4)
                                         net42 (net)
                  0.17    0.00    4.64 ^ GPR[0][15]$_DFFE_PP_/DE (sky130_fd_sc_hd__edfxtp_1)
                                  4.64   data arrival time

                  0.00    8.69    8.69   clock core_clock (rise edge)
                          0.00    8.69   clock network delay (ideal)
                          0.00    8.69   clock reconvergence pessimism
                                  8.69 ^ GPR[0][15]$_DFFE_PP_/CLK (sky130_fd_sc_hd__edfxtp_1)
                         -0.31    8.37   library setup time
                                  8.37   data required time
-----------------------------------------------------------------------------
                                  8.37   data required time
                                 -4.64   data arrival time
-----------------------------------------------------------------------------
                                  3.73   slack (MET)



==========================================================================
resizer report_check_types -max_slew -max_cap -max_fanout -violators
--------------------------------------------------------------------------

==========================================================================
resizer max_slew_check_slack
--------------------------------------------------------------------------
0.7362229824066162

==========================================================================
resizer max_slew_check_limit
--------------------------------------------------------------------------
1.4944789409637451

==========================================================================
resizer max_slew_check_slack_limit
--------------------------------------------------------------------------
0.4926

==========================================================================
resizer max_fanout_check_slack
--------------------------------------------------------------------------
1.0000000150474662e+30

==========================================================================
resizer max_fanout_check_limit
--------------------------------------------------------------------------
1.0000000150474662e+30

==========================================================================
resizer max_capacitance_check_slack
--------------------------------------------------------------------------
0.019001394510269165

==========================================================================
resizer max_capacitance_check_limit
--------------------------------------------------------------------------
0.021067000925540924

==========================================================================
resizer max_capacitance_check_slack_limit
--------------------------------------------------------------------------
0.9020

==========================================================================
resizer max_slew_violation_count
--------------------------------------------------------------------------
max slew violation count 0

==========================================================================
resizer max_fanout_violation_count
--------------------------------------------------------------------------
max fanout violation count 0

==========================================================================
resizer max_cap_violation_count
--------------------------------------------------------------------------
max cap violation count 0

==========================================================================
resizer setup_violation_count
--------------------------------------------------------------------------
setup violation count 0

==========================================================================
resizer hold_violation_count
--------------------------------------------------------------------------
hold violation count 0

==========================================================================
resizer report_checks -path_delay max reg to reg
--------------------------------------------------------------------------
Startpoint: IR[17]$_SDFFE_PP0P_
            (rising edge-triggered flip-flop clocked by core_clock)
Endpoint: zero$_SDFFE_PP0P_
          (rising edge-triggered flip-flop clocked by core_clock)
Path Group: core_clock
Path Type: max

  Delay    Time   Description
---------------------------------------------------------
   0.00    0.00   clock core_clock (rise edge)
   0.00    0.00   clock network delay (ideal)
   0.00    0.00 ^ IR[17]$_SDFFE_PP0P_/CLK (sky130_fd_sc_hd__dfxtp_1)
   0.27    0.27 v IR[17]$_SDFFE_PP0P_/Q (sky130_fd_sc_hd__dfxtp_1)
   0.25    0.53 v place50/X (sky130_fd_sc_hd__buf_4)
   0.46    0.99 ^ _0991_/Y (sky130_fd_sc_hd__inv_2)
   0.09    1.08 v _1112_/Y (sky130_fd_sc_hd__nand2_1)
   0.42    1.51 ^ _1116_/Y (sky130_fd_sc_hd__a32oi_1)
   0.21    1.72 v _1132_/Y (sky130_fd_sc_hd__inv_1)
   0.27    1.99 v _1820_/COUT (sky130_fd_sc_hd__ha_1)
   0.45    2.44 v _1816_/COUT (sky130_fd_sc_hd__fa_1)
   0.10    2.54 ^ _1201_/Y (sky130_fd_sc_hd__inv_1)
   0.06    2.60 v _1202_/Y (sky130_fd_sc_hd__nand3_1)
   0.11    2.71 ^ _1203_/Y (sky130_fd_sc_hd__nand2_1)
   0.26    2.97 ^ _1204_/X (sky130_fd_sc_hd__xor2_1)
   0.12    3.09 v _1755_/Y (sky130_fd_sc_hd__nand3_1)
   0.13    3.22 ^ _1756_/Y (sky130_fd_sc_hd__nor2_1)
   0.09    3.31 v _1757_/Y (sky130_fd_sc_hd__nand3_1)
   0.13    3.43 ^ _1758_/Y (sky130_fd_sc_hd__nor2_1)
   0.08    3.51 v _1761_/Y (sky130_fd_sc_hd__nand3_1)
   0.17    3.68 ^ _1762_/Y (sky130_fd_sc_hd__nor2_1)
   0.07    3.75 v _1783_/Y (sky130_fd_sc_hd__nor2_1)
   0.11    3.86 ^ _1812_/Y (sky130_fd_sc_hd__a21oi_1)
   0.00    3.86 ^ zero$_SDFFE_PP0P_/D (sky130_fd_sc_hd__dfxtp_1)
           3.86   data arrival time

   8.69    8.69   clock core_clock (rise edge)
   0.00    8.69   clock network delay (ideal)
   0.00    8.69   clock reconvergence pessimism
           8.69 ^ zero$_SDFFE_PP0P_/CLK (sky130_fd_sc_hd__dfxtp_1)
  -0.07    8.62   library setup time
           8.62   data required time
---------------------------------------------------------
           8.62   data required time
          -3.86   data arrival time
---------------------------------------------------------
           4.75   slack (MET)



==========================================================================
resizer report_checks -path_delay min reg to reg
--------------------------------------------------------------------------
Startpoint: count[0]$_SDFF_PP0_
            (rising edge-triggered flip-flop clocked by core_clock)
Endpoint: count[0]$_SDFF_PP0_
          (rising edge-triggered flip-flop clocked by core_clock)
Path Group: core_clock
Path Type: min

  Delay    Time   Description
---------------------------------------------------------
   0.00    0.00   clock core_clock (rise edge)
   0.00    0.00   clock network delay (ideal)
   0.00    0.00 ^ count[0]$_SDFF_PP0_/CLK (sky130_fd_sc_hd__dfxtp_1)
   0.31    0.31 ^ count[0]$_SDFF_PP0_/Q (sky130_fd_sc_hd__dfxtp_1)
   0.05    0.36 v _1725_/Y (sky130_fd_sc_hd__nor2_1)
   0.00    0.36 v count[0]$_SDFF_PP0_/D (sky130_fd_sc_hd__dfxtp_1)
           0.36   data arrival time

   0.00    0.00   clock core_clock (rise edge)
   0.00    0.00   clock network delay (ideal)
   0.00    0.00   clock reconvergence pessimism
           0.00 ^ count[0]$_SDFF_PP0_/CLK (sky130_fd_sc_hd__dfxtp_1)
  -0.06   -0.06   library hold time
          -0.06   data required time
---------------------------------------------------------
          -0.06   data required time
          -0.36   data arrival time
---------------------------------------------------------
           0.41   slack (MET)



==========================================================================
resizer critical path target clock latency max path
--------------------------------------------------------------------------
0.0000

==========================================================================
resizer critical path target clock latency min path
--------------------------------------------------------------------------
0.0000

==========================================================================
resizer critical path source clock latency min path
--------------------------------------------------------------------------
0.0000

==========================================================================
resizer critical path delay
--------------------------------------------------------------------------
4.6406

==========================================================================
resizer critical path slack
--------------------------------------------------------------------------
3.7329

==========================================================================
resizer slack div critical path delay
--------------------------------------------------------------------------
80.440029

==========================================================================
resizer report_power
--------------------------------------------------------------------------
Group                  Internal  Switching    Leakage      Total
                          Power      Power      Power      Power (Watts)
----------------------------------------------------------------
Sequential             4.66e-04   9.59e-06   7.45e-10   4.76e-04  78.5%
Combinational          4.17e-05   8.83e-05   2.57e-09   1.30e-04  21.5%
Clock                  0.00e+00   0.00e+00   0.00e+00   0.00e+00   0.0%
Macro                  0.00e+00   0.00e+00   0.00e+00   0.00e+00   0.0%
Pad                    0.00e+00   0.00e+00   0.00e+00   0.00e+00   0.0%
----------------------------------------------------------------
Total                  5.08e-04   9.79e-05   3.32e-09   6.06e-04 100.0%
                          83.8%      16.2%       0.0%
