
==========================================================================
cts final report_tns
--------------------------------------------------------------------------
tns max 0.00

==========================================================================
cts final report_wns
--------------------------------------------------------------------------
wns max 0.00

==========================================================================
cts final report_worst_slack
--------------------------------------------------------------------------
worst slack max 4.07

==========================================================================
cts final report_clock_min_period
--------------------------------------------------------------------------
core_clock period_min = 4.61 fmax = 216.73

==========================================================================
cts final report_clock_skew
--------------------------------------------------------------------------
Clock core_clock
   0.34 source latency GPR[1][10]$_DFFE_PP_/CLK ^
  -0.35 target latency zero$_SDFFE_PP0P_/CLK ^
   0.00 CRPR
--------------
  -0.01 setup skew


==========================================================================
cts final report_checks -path_delay min
--------------------------------------------------------------------------
Startpoint: count[0]$_SDFF_PP0_
            (rising edge-triggered flip-flop clocked by core_clock)
Endpoint: count[0]$_SDFF_PP0_
          (rising edge-triggered flip-flop clocked by core_clock)
Path Group: core_clock
Path Type: min

Fanout     Cap    Slew   Delay    Time   Description
-----------------------------------------------------------------------------
                          0.00    0.00   clock core_clock (rise edge)
                          0.00    0.00   clock source latency
     1    0.03    0.00    0.00    0.00 ^ clk (in)
                                         clk (net)
                  0.00    0.00    0.00 ^ clkbuf_0_clk/A (sky130_fd_sc_hd__clkbuf_16)
     8    0.10    0.11    0.17    0.17 ^ clkbuf_0_clk/X (sky130_fd_sc_hd__clkbuf_16)
                                         clknet_0_clk (net)
                  0.11    0.00    0.17 ^ clkbuf_3_7__f_clk/A (sky130_fd_sc_hd__clkbuf_16)
     8    0.06    0.07    0.18    0.35 ^ clkbuf_3_7__f_clk/X (sky130_fd_sc_hd__clkbuf_16)
                                         clknet_3_7__leaf_clk (net)
                  0.07    0.00    0.35 ^ count[0]$_SDFF_PP0_/CLK (sky130_fd_sc_hd__dfxtp_1)
     2    0.01    0.08    0.34    0.69 ^ count[0]$_SDFF_PP0_/Q (sky130_fd_sc_hd__dfxtp_1)
                                         count[0] (net)
                  0.08    0.00    0.69 ^ _1725_/A (sky130_fd_sc_hd__nor2_1)
     1    0.00    0.03    0.05    0.74 v _1725_/Y (sky130_fd_sc_hd__nor2_1)
                                         _0162_ (net)
                  0.03    0.00    0.74 v count[0]$_SDFF_PP0_/D (sky130_fd_sc_hd__dfxtp_1)
                                  0.74   data arrival time

                          0.00    0.00   clock core_clock (rise edge)
                          0.00    0.00   clock source latency
     1    0.03    0.00    0.00    0.00 ^ clk (in)
                                         clk (net)
                  0.00    0.00    0.00 ^ clkbuf_0_clk/A (sky130_fd_sc_hd__clkbuf_16)
     8    0.10    0.11    0.17    0.17 ^ clkbuf_0_clk/X (sky130_fd_sc_hd__clkbuf_16)
                                         clknet_0_clk (net)
                  0.11    0.00    0.17 ^ clkbuf_3_7__f_clk/A (sky130_fd_sc_hd__clkbuf_16)
     8    0.06    0.07    0.18    0.35 ^ clkbuf_3_7__f_clk/X (sky130_fd_sc_hd__clkbuf_16)
                                         clknet_3_7__leaf_clk (net)
                  0.07    0.00    0.35 ^ count[0]$_SDFF_PP0_/CLK (sky130_fd_sc_hd__dfxtp_1)
                          0.00    0.35   clock reconvergence pessimism
                         -0.04    0.31   library hold time
                                  0.31   data required time
-----------------------------------------------------------------------------
                                  0.31   data required time
                                 -0.74   data arrival time
-----------------------------------------------------------------------------
                                  0.43   slack (MET)



==========================================================================
cts final report_checks -path_delay max
--------------------------------------------------------------------------
Startpoint: sys_rst (input port clocked by core_clock)
Endpoint: GPR[0][9]$_DFFE_PP_
          (rising edge-triggered flip-flop clocked by core_clock)
Path Group: core_clock
Path Type: max

Fanout     Cap    Slew   Delay    Time   Description
-----------------------------------------------------------------------------
                          0.00    0.00   clock core_clock (rise edge)
                          0.00    0.00   clock network delay (propagated)
                          1.74    1.74 v input external delay
     1    0.00    0.00    0.00    1.74 v sys_rst (in)
                                         sys_rst (net)
                  0.00    0.00    1.74 v input36/A (sky130_fd_sc_hd__clkdlybuf4s50_1)
    20    0.07    0.49    0.76    2.50 v input36/X (sky130_fd_sc_hd__clkdlybuf4s50_1)
                                         net35 (net)
                  0.49    0.00    2.50 v _0961_/A (sky130_fd_sc_hd__inv_1)
     6    0.02    0.22    0.31    2.81 ^ _0961_/Y (sky130_fd_sc_hd__inv_1)
                                         _0274_ (net)
                  0.22    0.00    2.81 ^ _0967_/B (sky130_fd_sc_hd__nand2_1)
     2    0.01    0.11    0.13    2.94 v _0967_/Y (sky130_fd_sc_hd__nand2_1)
                                         _0280_ (net)
                  0.11    0.00    2.94 v _0968_/B (sky130_fd_sc_hd__nor2_1)
     2    0.01    0.14    0.15    3.09 ^ _0968_/Y (sky130_fd_sc_hd__nor2_1)
                                         _0281_ (net)
                  0.14    0.00    3.09 ^ _0970_/A (sky130_fd_sc_hd__nand2_1)
    13    0.05    0.35    0.30    3.39 v _0970_/Y (sky130_fd_sc_hd__nand2_1)
                                         _0283_ (net)
                  0.35    0.00    3.39 v _0975_/B (sky130_fd_sc_hd__nand3_1)
     2    0.01    0.15    0.25    3.65 ^ _0975_/Y (sky130_fd_sc_hd__nand3_1)
                                         _0288_ (net)
                  0.15    0.00    3.65 ^ _0979_/A (sky130_fd_sc_hd__nand2_1)
     2    0.01    0.07    0.09    3.74 v _0979_/Y (sky130_fd_sc_hd__nand2_1)
                                         _0291_ (net)
                  0.07    0.00    3.74 v _0982_/B (sky130_fd_sc_hd__nor2_1)
     7    0.04    0.74    0.58    4.31 ^ _0982_/Y (sky130_fd_sc_hd__nor2_1)
                                         _0016_ (net)
                  0.74    0.00    4.31 ^ place43/A (sky130_fd_sc_hd__buf_4)
    10    0.06    0.17    0.34    4.66 ^ place43/X (sky130_fd_sc_hd__buf_4)
                                         net42 (net)
                  0.17    0.00    4.66 ^ GPR[0][9]$_DFFE_PP_/DE (sky130_fd_sc_hd__edfxtp_1)
                                  4.66   data arrival time

                          8.69    8.69   clock core_clock (rise edge)
                          0.00    8.69   clock source latency
     1    0.03    0.00    0.00    8.69 ^ clk (in)
                                         clk (net)
                  0.00    0.00    8.69 ^ clkbuf_0_clk/A (sky130_fd_sc_hd__clkbuf_16)
     8    0.10    0.11    0.17    8.86 ^ clkbuf_0_clk/X (sky130_fd_sc_hd__clkbuf_16)
                                         clknet_0_clk (net)
                  0.11    0.00    8.86 ^ clkbuf_3_3__f_clk/A (sky130_fd_sc_hd__clkbuf_16)
    11    0.04    0.06    0.17    9.03 ^ clkbuf_3_3__f_clk/X (sky130_fd_sc_hd__clkbuf_16)
                                         clknet_3_3__leaf_clk (net)
                  0.06    0.00    9.03 ^ GPR[0][9]$_DFFE_PP_/CLK (sky130_fd_sc_hd__edfxtp_1)
                          0.00    9.03   clock reconvergence pessimism
                         -0.30    8.73   library setup time
                                  8.73   data required time
-----------------------------------------------------------------------------
                                  8.73   data required time
                                 -4.66   data arrival time
-----------------------------------------------------------------------------
                                  4.07   slack (MET)



==========================================================================
cts final report_checks -unconstrained
--------------------------------------------------------------------------
Startpoint: sys_rst (input port clocked by core_clock)
Endpoint: GPR[0][9]$_DFFE_PP_
          (rising edge-triggered flip-flop clocked by core_clock)
Path Group: core_clock
Path Type: max

Fanout     Cap    Slew   Delay    Time   Description
-----------------------------------------------------------------------------
                          0.00    0.00   clock core_clock (rise edge)
                          0.00    0.00   clock network delay (propagated)
                          1.74    1.74 v input external delay
     1    0.00    0.00    0.00    1.74 v sys_rst (in)
                                         sys_rst (net)
                  0.00    0.00    1.74 v input36/A (sky130_fd_sc_hd__clkdlybuf4s50_1)
    20    0.07    0.49    0.76    2.50 v input36/X (sky130_fd_sc_hd__clkdlybuf4s50_1)
                                         net35 (net)
                  0.49    0.00    2.50 v _0961_/A (sky130_fd_sc_hd__inv_1)
     6    0.02    0.22    0.31    2.81 ^ _0961_/Y (sky130_fd_sc_hd__inv_1)
                                         _0274_ (net)
                  0.22    0.00    2.81 ^ _0967_/B (sky130_fd_sc_hd__nand2_1)
     2    0.01    0.11    0.13    2.94 v _0967_/Y (sky130_fd_sc_hd__nand2_1)
                                         _0280_ (net)
                  0.11    0.00    2.94 v _0968_/B (sky130_fd_sc_hd__nor2_1)
     2    0.01    0.14    0.15    3.09 ^ _0968_/Y (sky130_fd_sc_hd__nor2_1)
                                         _0281_ (net)
                  0.14    0.00    3.09 ^ _0970_/A (sky130_fd_sc_hd__nand2_1)
    13    0.05    0.35    0.30    3.39 v _0970_/Y (sky130_fd_sc_hd__nand2_1)
                                         _0283_ (net)
                  0.35    0.00    3.39 v _0975_/B (sky130_fd_sc_hd__nand3_1)
     2    0.01    0.15    0.25    3.65 ^ _0975_/Y (sky130_fd_sc_hd__nand3_1)
                                         _0288_ (net)
                  0.15    0.00    3.65 ^ _0979_/A (sky130_fd_sc_hd__nand2_1)
     2    0.01    0.07    0.09    3.74 v _0979_/Y (sky130_fd_sc_hd__nand2_1)
                                         _0291_ (net)
                  0.07    0.00    3.74 v _0982_/B (sky130_fd_sc_hd__nor2_1)
     7    0.04    0.74    0.58    4.31 ^ _0982_/Y (sky130_fd_sc_hd__nor2_1)
                                         _0016_ (net)
                  0.74    0.00    4.31 ^ place43/A (sky130_fd_sc_hd__buf_4)
    10    0.06    0.17    0.34    4.66 ^ place43/X (sky130_fd_sc_hd__buf_4)
                                         net42 (net)
                  0.17    0.00    4.66 ^ GPR[0][9]$_DFFE_PP_/DE (sky130_fd_sc_hd__edfxtp_1)
                                  4.66   data arrival time

                          8.69    8.69   clock core_clock (rise edge)
                          0.00    8.69   clock source latency
     1    0.03    0.00    0.00    8.69 ^ clk (in)
                                         clk (net)
                  0.00    0.00    8.69 ^ clkbuf_0_clk/A (sky130_fd_sc_hd__clkbuf_16)
     8    0.10    0.11    0.17    8.86 ^ clkbuf_0_clk/X (sky130_fd_sc_hd__clkbuf_16)
                                         clknet_0_clk (net)
                  0.11    0.00    8.86 ^ clkbuf_3_3__f_clk/A (sky130_fd_sc_hd__clkbuf_16)
    11    0.04    0.06    0.17    9.03 ^ clkbuf_3_3__f_clk/X (sky130_fd_sc_hd__clkbuf_16)
                                         clknet_3_3__leaf_clk (net)
                  0.06    0.00    9.03 ^ GPR[0][9]$_DFFE_PP_/CLK (sky130_fd_sc_hd__edfxtp_1)
                          0.00    9.03   clock reconvergence pessimism
                         -0.30    8.73   library setup time
                                  8.73   data required time
-----------------------------------------------------------------------------
                                  8.73   data required time
                                 -4.66   data arrival time
-----------------------------------------------------------------------------
                                  4.07   slack (MET)



==========================================================================
cts final report_check_types -max_slew -max_cap -max_fanout -violators
--------------------------------------------------------------------------

==========================================================================
cts final max_slew_check_slack
--------------------------------------------------------------------------
0.7515382170677185

==========================================================================
cts final max_slew_check_limit
--------------------------------------------------------------------------
1.4944789409637451

==========================================================================
cts final max_slew_check_slack_limit
--------------------------------------------------------------------------
0.5029

==========================================================================
cts final max_fanout_check_slack
--------------------------------------------------------------------------
1.0000000150474662e+30

==========================================================================
cts final max_fanout_check_limit
--------------------------------------------------------------------------
1.0000000150474662e+30

==========================================================================
cts final max_capacitance_check_slack
--------------------------------------------------------------------------
0.01896398887038231

==========================================================================
cts final max_capacitance_check_limit
--------------------------------------------------------------------------
0.021067000925540924

==========================================================================
cts final max_capacitance_check_slack_limit
--------------------------------------------------------------------------
0.9002

==========================================================================
cts final max_slew_violation_count
--------------------------------------------------------------------------
max slew violation count 0

==========================================================================
cts final max_fanout_violation_count
--------------------------------------------------------------------------
max fanout violation count 0

==========================================================================
cts final max_cap_violation_count
--------------------------------------------------------------------------
max cap violation count 0

==========================================================================
cts final setup_violation_count
--------------------------------------------------------------------------
setup violation count 0

==========================================================================
cts final hold_violation_count
--------------------------------------------------------------------------
hold violation count 0

==========================================================================
cts final report_checks -path_delay max reg to reg
--------------------------------------------------------------------------
Startpoint: IR[17]$_SDFFE_PP0P_
            (rising edge-triggered flip-flop clocked by core_clock)
Endpoint: zero$_SDFFE_PP0P_
          (rising edge-triggered flip-flop clocked by core_clock)
Path Group: core_clock
Path Type: max

  Delay    Time   Description
---------------------------------------------------------
   0.00    0.00   clock core_clock (rise edge)
   0.00    0.00   clock source latency
   0.00    0.00 ^ clk (in)
   0.17    0.17 ^ clkbuf_0_clk/X (sky130_fd_sc_hd__clkbuf_16)
   0.18    0.35 ^ clkbuf_3_4__f_clk/X (sky130_fd_sc_hd__clkbuf_16)
   0.00    0.35 ^ IR[17]$_SDFFE_PP0P_/CLK (sky130_fd_sc_hd__dfxtp_1)
   0.30    0.64 v IR[17]$_SDFFE_PP0P_/Q (sky130_fd_sc_hd__dfxtp_1)
   0.25    0.89 v place50/X (sky130_fd_sc_hd__buf_4)
   0.46    1.35 ^ _0991_/Y (sky130_fd_sc_hd__inv_2)
   0.10    1.45 v _1112_/Y (sky130_fd_sc_hd__nand2_1)
   0.41    1.87 ^ _1116_/Y (sky130_fd_sc_hd__a32oi_1)
   0.20    2.07 v _1132_/Y (sky130_fd_sc_hd__inv_1)
   0.27    2.34 v _1820_/COUT (sky130_fd_sc_hd__ha_1)
   0.44    2.79 v _1816_/COUT (sky130_fd_sc_hd__fa_1)
   0.10    2.89 ^ _1201_/Y (sky130_fd_sc_hd__inv_1)
   0.06    2.95 v _1202_/Y (sky130_fd_sc_hd__nand3_1)
   0.11    3.06 ^ _1203_/Y (sky130_fd_sc_hd__nand2_1)
   0.26    3.32 ^ _1204_/X (sky130_fd_sc_hd__xor2_1)
   0.12    3.44 v _1755_/Y (sky130_fd_sc_hd__nand3_1)
   0.13    3.57 ^ _1756_/Y (sky130_fd_sc_hd__nor2_1)
   0.08    3.65 v _1757_/Y (sky130_fd_sc_hd__nand3_1)
   0.13    3.78 ^ _1758_/Y (sky130_fd_sc_hd__nor2_1)
   0.08    3.86 v _1761_/Y (sky130_fd_sc_hd__nand3_1)
   0.17    4.03 ^ _1762_/Y (sky130_fd_sc_hd__nor2_1)
   0.08    4.10 v _1783_/Y (sky130_fd_sc_hd__nor2_1)
   0.11    4.22 ^ _1812_/Y (sky130_fd_sc_hd__a21oi_1)
   0.00    4.22 ^ zero$_SDFFE_PP0P_/D (sky130_fd_sc_hd__dfxtp_1)
           4.22   data arrival time

   8.69    8.69   clock core_clock (rise edge)
   0.00    8.69   clock source latency
   0.00    8.69 ^ clk (in)
   0.17    8.86 ^ clkbuf_0_clk/X (sky130_fd_sc_hd__clkbuf_16)
   0.18    9.04 ^ clkbuf_3_7__f_clk/X (sky130_fd_sc_hd__clkbuf_16)
   0.00    9.04 ^ zero$_SDFFE_PP0P_/CLK (sky130_fd_sc_hd__dfxtp_1)
   0.00    9.04   clock reconvergence pessimism
  -0.06    8.98   library setup time
           8.98   data required time
---------------------------------------------------------
           8.98   data required time
          -4.22   data arrival time
---------------------------------------------------------
           4.76   slack (MET)



==========================================================================
cts final report_checks -path_delay min reg to reg
--------------------------------------------------------------------------
Startpoint: count[0]$_SDFF_PP0_
            (rising edge-triggered flip-flop clocked by core_clock)
Endpoint: count[0]$_SDFF_PP0_
          (rising edge-triggered flip-flop clocked by core_clock)
Path Group: core_clock
Path Type: min

  Delay    Time   Description
---------------------------------------------------------
   0.00    0.00   clock core_clock (rise edge)
   0.00    0.00   clock source latency
   0.00    0.00 ^ clk (in)
   0.17    0.17 ^ clkbuf_0_clk/X (sky130_fd_sc_hd__clkbuf_16)
   0.18    0.35 ^ clkbuf_3_7__f_clk/X (sky130_fd_sc_hd__clkbuf_16)
   0.00    0.35 ^ count[0]$_SDFF_PP0_/CLK (sky130_fd_sc_hd__dfxtp_1)
   0.34    0.69 ^ count[0]$_SDFF_PP0_/Q (sky130_fd_sc_hd__dfxtp_1)
   0.05    0.74 v _1725_/Y (sky130_fd_sc_hd__nor2_1)
   0.00    0.74 v count[0]$_SDFF_PP0_/D (sky130_fd_sc_hd__dfxtp_1)
           0.74   data arrival time

   0.00    0.00   clock core_clock (rise edge)
   0.00    0.00   clock source latency
   0.00    0.00 ^ clk (in)
   0.17    0.17 ^ clkbuf_0_clk/X (sky130_fd_sc_hd__clkbuf_16)
   0.18    0.35 ^ clkbuf_3_7__f_clk/X (sky130_fd_sc_hd__clkbuf_16)
   0.00    0.35 ^ count[0]$_SDFF_PP0_/CLK (sky130_fd_sc_hd__dfxtp_1)
   0.00    0.35   clock reconvergence pessimism
  -0.04    0.31   library hold time
           0.31   data required time
---------------------------------------------------------
           0.31   data required time
          -0.74   data arrival time
---------------------------------------------------------
           0.43   slack (MET)



==========================================================================
cts final critical path target clock latency max path
--------------------------------------------------------------------------
0.3403

==========================================================================
cts final critical path target clock latency min path
--------------------------------------------------------------------------
0.3468

==========================================================================
cts final critical path source clock latency min path
--------------------------------------------------------------------------
0.0000

==========================================================================
cts final critical path delay
--------------------------------------------------------------------------
4.6570

==========================================================================
cts final critical path slack
--------------------------------------------------------------------------
4.0728

==========================================================================
cts final slack div critical path delay
--------------------------------------------------------------------------
87.455443

==========================================================================
cts final report_power
--------------------------------------------------------------------------
Group                  Internal  Switching    Leakage      Total
                          Power      Power      Power      Power (Watts)
----------------------------------------------------------------
Sequential             4.57e-04   9.85e-06   7.45e-10   4.67e-04  47.4%
Combinational          4.18e-05   9.04e-05   2.57e-09   1.32e-04  13.4%
Clock                  2.01e-04   1.85e-04   1.38e-10   3.86e-04  39.2%
Macro                  0.00e+00   0.00e+00   0.00e+00   0.00e+00   0.0%
Pad                    0.00e+00   0.00e+00   0.00e+00   0.00e+00   0.0%
----------------------------------------------------------------
Total                  7.00e-04   2.85e-04   3.46e-09   9.85e-04 100.0%
                          71.0%      29.0%       0.0%
