
==========================================================================
global place report_tns
--------------------------------------------------------------------------
tns max 0.00

==========================================================================
global place report_wns
--------------------------------------------------------------------------
wns max 0.00

==========================================================================
global place report_worst_slack
--------------------------------------------------------------------------
worst slack max 6.66

==========================================================================
global place report_clock_min_period
--------------------------------------------------------------------------
core_clock period_min = 5.44 fmax = 183.75

==========================================================================
global place report_checks -path_delay min
--------------------------------------------------------------------------
Startpoint: count[0]$_SDFF_PP0_
            (rising edge-triggered flip-flop clocked by core_clock)
Endpoint: count[0]$_SDFF_PP0_
          (rising edge-triggered flip-flop clocked by core_clock)
Path Group: core_clock
Path Type: min

Fanout     Cap    Slew   Delay    Time   Description
-----------------------------------------------------------------------------
                  0.00    0.00    0.00   clock core_clock (rise edge)
                          0.00    0.00   clock network delay (ideal)
                  0.00    0.00    0.00 ^ count[0]$_SDFF_PP0_/CLK (sky130_fd_sc_hd__dfxtp_1)
     2    0.01    0.07    0.31    0.31 ^ count[0]$_SDFF_PP0_/Q (sky130_fd_sc_hd__dfxtp_1)
                                         count[0] (net)
                  0.07    0.00    0.31 ^ _1725_/A (sky130_fd_sc_hd__nor2_1)
     1    0.00    0.03    0.04    0.35 v _1725_/Y (sky130_fd_sc_hd__nor2_1)
                                         _0162_ (net)
                  0.03    0.00    0.35 v count[0]$_SDFF_PP0_/D (sky130_fd_sc_hd__dfxtp_1)
                                  0.35   data arrival time

                  0.00    0.00    0.00   clock core_clock (rise edge)
                          0.00    0.00   clock network delay (ideal)
                          0.00    0.00   clock reconvergence pessimism
                                  0.00 ^ count[0]$_SDFF_PP0_/CLK (sky130_fd_sc_hd__dfxtp_1)
                         -0.06   -0.06   library hold time
                                 -0.06   data required time
-----------------------------------------------------------------------------
                                 -0.06   data required time
                                 -0.35   data arrival time
-----------------------------------------------------------------------------
                                  0.41   slack (MET)



==========================================================================
global place report_checks -path_delay max
--------------------------------------------------------------------------
Startpoint: sys_rst (input port clocked by core_clock)
Endpoint: GPR[2][4]$_DFFE_PP_
          (rising edge-triggered flip-flop clocked by core_clock)
Path Group: core_clock
Path Type: max

Fanout     Cap    Slew   Delay    Time   Description
-----------------------------------------------------------------------------
                  0.00    0.00    0.00   clock core_clock (rise edge)
                          0.00    0.00   clock network delay (ideal)
                          2.42    2.42 ^ input external delay
     1    0.00    0.00    0.00    2.42 ^ sys_rst (in)
                                         sys_rst (net)
                  0.00    0.00    2.42 ^ input36/A (sky130_fd_sc_hd__clkdlybuf4s50_1)
    20    0.07    0.70    0.92    3.34 ^ input36/X (sky130_fd_sc_hd__clkdlybuf4s50_1)
                                         net35 (net)
                  0.70    0.00    3.34 ^ _0961_/A (sky130_fd_sc_hd__inv_1)
     6    0.02    0.19    0.23    3.57 v _0961_/Y (sky130_fd_sc_hd__inv_1)
                                         _0274_ (net)
                  0.19    0.00    3.57 v _0967_/B (sky130_fd_sc_hd__nand2_1)
     2    0.01    0.10    0.15    3.73 ^ _0967_/Y (sky130_fd_sc_hd__nand2_1)
                                         _0280_ (net)
                  0.10    0.00    3.73 ^ _0973_/B (sky130_fd_sc_hd__nor2_1)
     4    0.01    0.06    0.08    3.81 v _0973_/Y (sky130_fd_sc_hd__nor2_1)
                                         _0286_ (net)
                  0.06    0.00    3.81 v _1131_/A (sky130_fd_sc_hd__nand2_1)
    10    0.05    0.44    0.34    4.15 ^ _1131_/Y (sky130_fd_sc_hd__nand2_1)
                                         _0423_ (net)
                  0.44    0.00    4.15 ^ _1140_/A (sky130_fd_sc_hd__inv_1)
     7    0.02    0.19    0.23    4.38 v _1140_/Y (sky130_fd_sc_hd__inv_1)
                                         _0429_ (net)
                  0.19    0.00    4.39 v _1229_/A1 (sky130_fd_sc_hd__a2111oi_0)
     1    0.00    0.30    0.37    4.75 ^ _1229_/Y (sky130_fd_sc_hd__a2111oi_0)
                                         _0514_ (net)
                  0.30    0.00    4.75 ^ _1230_/B1 (sky130_fd_sc_hd__o21ai_0)
     4    0.02    0.29    0.33    5.08 v _1230_/Y (sky130_fd_sc_hd__o21ai_0)
                                         _0010_ (net)
                  0.29    0.00    5.09 v GPR[2][4]$_DFFE_PP_/D (sky130_fd_sc_hd__edfxtp_1)
                                  5.09   data arrival time

                  0.00   12.10   12.10   clock core_clock (rise edge)
                          0.00   12.10   clock network delay (ideal)
                          0.00   12.10   clock reconvergence pessimism
                                 12.10 ^ GPR[2][4]$_DFFE_PP_/CLK (sky130_fd_sc_hd__edfxtp_1)
                         -0.36   11.75   library setup time
                                 11.75   data required time
-----------------------------------------------------------------------------
                                 11.75   data required time
                                 -5.09   data arrival time
-----------------------------------------------------------------------------
                                  6.66   slack (MET)



==========================================================================
global place report_checks -unconstrained
--------------------------------------------------------------------------
Startpoint: sys_rst (input port clocked by core_clock)
Endpoint: GPR[2][4]$_DFFE_PP_
          (rising edge-triggered flip-flop clocked by core_clock)
Path Group: core_clock
Path Type: max

Fanout     Cap    Slew   Delay    Time   Description
-----------------------------------------------------------------------------
                  0.00    0.00    0.00   clock core_clock (rise edge)
                          0.00    0.00   clock network delay (ideal)
                          2.42    2.42 ^ input external delay
     1    0.00    0.00    0.00    2.42 ^ sys_rst (in)
                                         sys_rst (net)
                  0.00    0.00    2.42 ^ input36/A (sky130_fd_sc_hd__clkdlybuf4s50_1)
    20    0.07    0.70    0.92    3.34 ^ input36/X (sky130_fd_sc_hd__clkdlybuf4s50_1)
                                         net35 (net)
                  0.70    0.00    3.34 ^ _0961_/A (sky130_fd_sc_hd__inv_1)
     6    0.02    0.19    0.23    3.57 v _0961_/Y (sky130_fd_sc_hd__inv_1)
                                         _0274_ (net)
                  0.19    0.00    3.57 v _0967_/B (sky130_fd_sc_hd__nand2_1)
     2    0.01    0.10    0.15    3.73 ^ _0967_/Y (sky130_fd_sc_hd__nand2_1)
                                         _0280_ (net)
                  0.10    0.00    3.73 ^ _0973_/B (sky130_fd_sc_hd__nor2_1)
     4    0.01    0.06    0.08    3.81 v _0973_/Y (sky130_fd_sc_hd__nor2_1)
                                         _0286_ (net)
                  0.06    0.00    3.81 v _1131_/A (sky130_fd_sc_hd__nand2_1)
    10    0.05    0.44    0.34    4.15 ^ _1131_/Y (sky130_fd_sc_hd__nand2_1)
                                         _0423_ (net)
                  0.44    0.00    4.15 ^ _1140_/A (sky130_fd_sc_hd__inv_1)
     7    0.02    0.19    0.23    4.38 v _1140_/Y (sky130_fd_sc_hd__inv_1)
                                         _0429_ (net)
                  0.19    0.00    4.39 v _1229_/A1 (sky130_fd_sc_hd__a2111oi_0)
     1    0.00    0.30    0.37    4.75 ^ _1229_/Y (sky130_fd_sc_hd__a2111oi_0)
                                         _0514_ (net)
                  0.30    0.00    4.75 ^ _1230_/B1 (sky130_fd_sc_hd__o21ai_0)
     4    0.02    0.29    0.33    5.08 v _1230_/Y (sky130_fd_sc_hd__o21ai_0)
                                         _0010_ (net)
                  0.29    0.00    5.09 v GPR[2][4]$_DFFE_PP_/D (sky130_fd_sc_hd__edfxtp_1)
                                  5.09   data arrival time

                  0.00   12.10   12.10   clock core_clock (rise edge)
                          0.00   12.10   clock network delay (ideal)
                          0.00   12.10   clock reconvergence pessimism
                                 12.10 ^ GPR[2][4]$_DFFE_PP_/CLK (sky130_fd_sc_hd__edfxtp_1)
                         -0.36   11.75   library setup time
                                 11.75   data required time
-----------------------------------------------------------------------------
                                 11.75   data required time
                                 -5.09   data arrival time
-----------------------------------------------------------------------------
                                  6.66   slack (MET)



==========================================================================
global place report_power
--------------------------------------------------------------------------
Group                  Internal  Switching    Leakage      Total
                          Power      Power      Power      Power (Watts)
----------------------------------------------------------------
Sequential             3.35e-04   6.75e-06   7.45e-10   3.42e-04  78.5%
Combinational          3.01e-05   6.36e-05   2.57e-09   9.37e-05  21.5%
Clock                  0.00e+00   0.00e+00   0.00e+00   0.00e+00   0.0%
Macro                  0.00e+00   0.00e+00   0.00e+00   0.00e+00   0.0%
Pad                    0.00e+00   0.00e+00   0.00e+00   0.00e+00   0.0%
----------------------------------------------------------------
Total                  3.65e-04   7.04e-05   3.31e-09   4.35e-04 100.0%
                          83.8%      16.2%       0.0%
