
==========================================================================
global route report_tns
--------------------------------------------------------------------------
tns max 0.00

==========================================================================
global route report_wns
--------------------------------------------------------------------------
wns max 0.00

==========================================================================
global route report_worst_slack
--------------------------------------------------------------------------
worst slack max 6.67

==========================================================================
global route report_clock_min_period
--------------------------------------------------------------------------
core_clock period_min = 5.44 fmax = 183.92

==========================================================================
global route report_clock_skew
--------------------------------------------------------------------------
Clock core_clock
   0.36 source latency GPR[3][4]$_DFFE_PP_/CLK ^
  -0.34 target latency GPR[0][11]$_DFFE_PP_/CLK ^
   0.00 CRPR
--------------
   0.01 setup skew


==========================================================================
global route report_checks -path_delay min
--------------------------------------------------------------------------
Startpoint: count[0]$_SDFF_PP0_
            (rising edge-triggered flip-flop clocked by core_clock)
Endpoint: count[0]$_SDFF_PP0_
          (rising edge-triggered flip-flop clocked by core_clock)
Path Group: core_clock
Path Type: min

Fanout     Cap    Slew   Delay    Time   Description
-----------------------------------------------------------------------------
                          0.00    0.00   clock core_clock (rise edge)
                          0.00    0.00   clock source latency
     1    0.03    0.00    0.00    0.00 ^ clk (in)
                                         clk (net)
                  0.00    0.00    0.00 ^ clkbuf_0_clk/A (sky130_fd_sc_hd__clkbuf_16)
     8    0.10    0.12    0.17    0.17 ^ clkbuf_0_clk/X (sky130_fd_sc_hd__clkbuf_16)
                                         clknet_0_clk (net)
                  0.12    0.00    0.17 ^ clkbuf_3_7__f_clk/A (sky130_fd_sc_hd__clkbuf_16)
     7    0.05    0.07    0.18    0.35 ^ clkbuf_3_7__f_clk/X (sky130_fd_sc_hd__clkbuf_16)
                                         clknet_3_7__leaf_clk (net)
                  0.07    0.00    0.35 ^ count[0]$_SDFF_PP0_/CLK (sky130_fd_sc_hd__dfxtp_1)
     2    0.01    0.09    0.35    0.70 ^ count[0]$_SDFF_PP0_/Q (sky130_fd_sc_hd__dfxtp_1)
                                         count[0] (net)
                  0.09    0.00    0.70 ^ _1725_/A (sky130_fd_sc_hd__nor2_1)
     1    0.00    0.03    0.05    0.76 v _1725_/Y (sky130_fd_sc_hd__nor2_1)
                                         _0162_ (net)
                  0.03    0.00    0.76 v count[0]$_SDFF_PP0_/D (sky130_fd_sc_hd__dfxtp_1)
                                  0.76   data arrival time

                          0.00    0.00   clock core_clock (rise edge)
                          0.00    0.00   clock source latency
     1    0.03    0.00    0.00    0.00 ^ clk (in)
                                         clk (net)
                  0.00    0.00    0.00 ^ clkbuf_0_clk/A (sky130_fd_sc_hd__clkbuf_16)
     8    0.10    0.12    0.17    0.17 ^ clkbuf_0_clk/X (sky130_fd_sc_hd__clkbuf_16)
                                         clknet_0_clk (net)
                  0.12    0.00    0.17 ^ clkbuf_3_7__f_clk/A (sky130_fd_sc_hd__clkbuf_16)
     7    0.05    0.07    0.18    0.35 ^ clkbuf_3_7__f_clk/X (sky130_fd_sc_hd__clkbuf_16)
                                         clknet_3_7__leaf_clk (net)
                  0.07    0.00    0.35 ^ count[0]$_SDFF_PP0_/CLK (sky130_fd_sc_hd__dfxtp_1)
                          0.00    0.35   clock reconvergence pessimism
                         -0.04    0.31   library hold time
                                  0.31   data required time
-----------------------------------------------------------------------------
                                  0.31   data required time
                                 -0.76   data arrival time
-----------------------------------------------------------------------------
                                  0.44   slack (MET)



==========================================================================
global route report_checks -path_delay max
--------------------------------------------------------------------------
Startpoint: sys_rst (input port clocked by core_clock)
Endpoint: GPR[0][4]$_DFFE_PP_
          (rising edge-triggered flip-flop clocked by core_clock)
Path Group: core_clock
Path Type: max

Fanout     Cap    Slew   Delay    Time   Description
-----------------------------------------------------------------------------
                          0.00    0.00   clock core_clock (rise edge)
                          0.00    0.00   clock network delay (propagated)
                          2.42    2.42 ^ input external delay
     1    0.01    0.00    0.00    2.42 ^ sys_rst (in)
                                         sys_rst (net)
                  0.00    0.00    2.42 ^ input36/A (sky130_fd_sc_hd__clkdlybuf4s50_1)
    20    0.08    0.79    0.99    3.41 ^ input36/X (sky130_fd_sc_hd__clkdlybuf4s50_1)
                                         net35 (net)
                  0.79    0.00    3.41 ^ _0961_/A (sky130_fd_sc_hd__inv_1)
     6    0.02    0.22    0.26    3.67 v _0961_/Y (sky130_fd_sc_hd__inv_1)
                                         _0274_ (net)
                  0.22    0.00    3.67 v _0967_/B (sky130_fd_sc_hd__nand2_1)
     2    0.01    0.11    0.18    3.85 ^ _0967_/Y (sky130_fd_sc_hd__nand2_1)
                                         _0280_ (net)
                  0.11    0.00    3.85 ^ _0973_/B (sky130_fd_sc_hd__nor2_1)
     4    0.01    0.07    0.09    3.95 v _0973_/Y (sky130_fd_sc_hd__nor2_1)
                                         _0286_ (net)
                  0.07    0.00    3.95 v _1131_/A (sky130_fd_sc_hd__nand2_1)
    10    0.05    0.47    0.37    4.32 ^ _1131_/Y (sky130_fd_sc_hd__nand2_1)
                                         _0423_ (net)
                  0.47    0.00    4.32 ^ _1140_/A (sky130_fd_sc_hd__inv_1)
     7    0.03    0.19    0.26    4.58 v _1140_/Y (sky130_fd_sc_hd__inv_1)
                                         _0429_ (net)
                  0.19    0.00    4.58 v _1229_/A1 (sky130_fd_sc_hd__a2111oi_0)
     1    0.00    0.43    0.47    5.05 ^ _1229_/Y (sky130_fd_sc_hd__a2111oi_0)
                                         _0514_ (net)
                  0.43    0.00    5.05 ^ _1230_/B1 (sky130_fd_sc_hd__o21ai_0)
     4    0.02    0.33    0.39    5.44 v _1230_/Y (sky130_fd_sc_hd__o21ai_0)
                                         _0010_ (net)
                  0.33    0.00    5.44 v GPR[0][4]$_DFFE_PP_/D (sky130_fd_sc_hd__edfxtp_1)
                                  5.44   data arrival time

                         12.10   12.10   clock core_clock (rise edge)
                          0.00   12.10   clock source latency
     1    0.03    0.00    0.00   12.10 ^ clk (in)
                                         clk (net)
                  0.00    0.00   12.10 ^ clkbuf_0_clk/A (sky130_fd_sc_hd__clkbuf_16)
     8    0.10    0.12    0.17   12.27 ^ clkbuf_0_clk/X (sky130_fd_sc_hd__clkbuf_16)
                                         clknet_0_clk (net)
                  0.12    0.00   12.28 ^ clkbuf_3_0__f_clk/A (sky130_fd_sc_hd__clkbuf_16)
    17    0.06    0.07    0.18   12.46 ^ clkbuf_3_0__f_clk/X (sky130_fd_sc_hd__clkbuf_16)
                                         clknet_3_0__leaf_clk (net)
                  0.07    0.00   12.46 ^ GPR[0][4]$_DFFE_PP_/CLK (sky130_fd_sc_hd__edfxtp_1)
                          0.00   12.46   clock reconvergence pessimism
                         -0.35   12.11   library setup time
                                 12.11   data required time
-----------------------------------------------------------------------------
                                 12.11   data required time
                                 -5.44   data arrival time
-----------------------------------------------------------------------------
                                  6.67   slack (MET)



==========================================================================
global route report_checks -unconstrained
--------------------------------------------------------------------------
Startpoint: sys_rst (input port clocked by core_clock)
Endpoint: GPR[0][4]$_DFFE_PP_
          (rising edge-triggered flip-flop clocked by core_clock)
Path Group: core_clock
Path Type: max

Fanout     Cap    Slew   Delay    Time   Description
-----------------------------------------------------------------------------
                          0.00    0.00   clock core_clock (rise edge)
                          0.00    0.00   clock network delay (propagated)
                          2.42    2.42 ^ input external delay
     1    0.01    0.00    0.00    2.42 ^ sys_rst (in)
                                         sys_rst (net)
                  0.00    0.00    2.42 ^ input36/A (sky130_fd_sc_hd__clkdlybuf4s50_1)
    20    0.08    0.79    0.99    3.41 ^ input36/X (sky130_fd_sc_hd__clkdlybuf4s50_1)
                                         net35 (net)
                  0.79    0.00    3.41 ^ _0961_/A (sky130_fd_sc_hd__inv_1)
     6    0.02    0.22    0.26    3.67 v _0961_/Y (sky130_fd_sc_hd__inv_1)
                                         _0274_ (net)
                  0.22    0.00    3.67 v _0967_/B (sky130_fd_sc_hd__nand2_1)
     2    0.01    0.11    0.18    3.85 ^ _0967_/Y (sky130_fd_sc_hd__nand2_1)
                                         _0280_ (net)
                  0.11    0.00    3.85 ^ _0973_/B (sky130_fd_sc_hd__nor2_1)
     4    0.01    0.07    0.09    3.95 v _0973_/Y (sky130_fd_sc_hd__nor2_1)
                                         _0286_ (net)
                  0.07    0.00    3.95 v _1131_/A (sky130_fd_sc_hd__nand2_1)
    10    0.05    0.47    0.37    4.32 ^ _1131_/Y (sky130_fd_sc_hd__nand2_1)
                                         _0423_ (net)
                  0.47    0.00    4.32 ^ _1140_/A (sky130_fd_sc_hd__inv_1)
     7    0.03    0.19    0.26    4.58 v _1140_/Y (sky130_fd_sc_hd__inv_1)
                                         _0429_ (net)
                  0.19    0.00    4.58 v _1229_/A1 (sky130_fd_sc_hd__a2111oi_0)
     1    0.00    0.43    0.47    5.05 ^ _1229_/Y (sky130_fd_sc_hd__a2111oi_0)
                                         _0514_ (net)
                  0.43    0.00    5.05 ^ _1230_/B1 (sky130_fd_sc_hd__o21ai_0)
     4    0.02    0.33    0.39    5.44 v _1230_/Y (sky130_fd_sc_hd__o21ai_0)
                                         _0010_ (net)
                  0.33    0.00    5.44 v GPR[0][4]$_DFFE_PP_/D (sky130_fd_sc_hd__edfxtp_1)
                                  5.44   data arrival time

                         12.10   12.10   clock core_clock (rise edge)
                          0.00   12.10   clock source latency
     1    0.03    0.00    0.00   12.10 ^ clk (in)
                                         clk (net)
                  0.00    0.00   12.10 ^ clkbuf_0_clk/A (sky130_fd_sc_hd__clkbuf_16)
     8    0.10    0.12    0.17   12.27 ^ clkbuf_0_clk/X (sky130_fd_sc_hd__clkbuf_16)
                                         clknet_0_clk (net)
                  0.12    0.00   12.28 ^ clkbuf_3_0__f_clk/A (sky130_fd_sc_hd__clkbuf_16)
    17    0.06    0.07    0.18   12.46 ^ clkbuf_3_0__f_clk/X (sky130_fd_sc_hd__clkbuf_16)
                                         clknet_3_0__leaf_clk (net)
                  0.07    0.00   12.46 ^ GPR[0][4]$_DFFE_PP_/CLK (sky130_fd_sc_hd__edfxtp_1)
                          0.00   12.46   clock reconvergence pessimism
                         -0.35   12.11   library setup time
                                 12.11   data required time
-----------------------------------------------------------------------------
                                 12.11   data required time
                                 -5.44   data arrival time
-----------------------------------------------------------------------------
                                  6.67   slack (MET)



==========================================================================
global route report_check_types -max_slew -max_cap -max_fanout -violators
--------------------------------------------------------------------------

==========================================================================
global route max_slew_check_slack
--------------------------------------------------------------------------
0.699946403503418

==========================================================================
global route max_slew_check_limit
--------------------------------------------------------------------------
1.4862940311431885

==========================================================================
global route max_slew_check_slack_limit
--------------------------------------------------------------------------
0.4709

==========================================================================
global route max_fanout_check_slack
--------------------------------------------------------------------------
1.0000000150474662e+30

==========================================================================
global route max_fanout_check_limit
--------------------------------------------------------------------------
1.0000000150474662e+30

==========================================================================
global route max_capacitance_check_slack
--------------------------------------------------------------------------
0.01682688295841217

==========================================================================
global route max_capacitance_check_limit
--------------------------------------------------------------------------
0.021067000925540924

==========================================================================
global route max_capacitance_check_slack_limit
--------------------------------------------------------------------------
0.7987

==========================================================================
global route max_slew_violation_count
--------------------------------------------------------------------------
max slew violation count 0

==========================================================================
global route max_fanout_violation_count
--------------------------------------------------------------------------
max fanout violation count 0

==========================================================================
global route max_cap_violation_count
--------------------------------------------------------------------------
max cap violation count 0

==========================================================================
global route setup_violation_count
--------------------------------------------------------------------------
setup violation count 0

==========================================================================
global route hold_violation_count
--------------------------------------------------------------------------
hold violation count 0

==========================================================================
global route report_checks -path_delay max reg to reg
--------------------------------------------------------------------------
Startpoint: IR[17]$_SDFFE_PP0P_
            (rising edge-triggered flip-flop clocked by core_clock)
Endpoint: GPR[0][15]$_DFFE_PP_
          (rising edge-triggered flip-flop clocked by core_clock)
Path Group: core_clock
Path Type: max

  Delay    Time   Description
---------------------------------------------------------
   0.00    0.00   clock core_clock (rise edge)
   0.00    0.00   clock source latency
   0.00    0.00 ^ clk (in)
   0.17    0.17 ^ clkbuf_0_clk/X (sky130_fd_sc_hd__clkbuf_16)
   0.18    0.35 ^ clkbuf_3_4__f_clk/X (sky130_fd_sc_hd__clkbuf_16)
   0.00    0.35 ^ IR[17]$_SDFFE_PP0P_/CLK (sky130_fd_sc_hd__dfxtp_1)
   0.43    0.78 ^ IR[17]$_SDFFE_PP0P_/Q (sky130_fd_sc_hd__dfxtp_1)
   0.44    1.23 ^ place49/X (sky130_fd_sc_hd__buf_4)
   0.20    1.42 v _1101_/Y (sky130_fd_sc_hd__o21ai_0)
   0.51    1.93 ^ _1104_/Y (sky130_fd_sc_hd__o22ai_1)
   0.41    2.34 v _1829_/SUM (sky130_fd_sc_hd__ha_1)
   0.14    2.48 ^ _1156_/Y (sky130_fd_sc_hd__inv_1)
   0.11    2.59 v _1185_/Y (sky130_fd_sc_hd__nand3_1)
   0.08    2.68 ^ _1191_/Y (sky130_fd_sc_hd__inv_1)
   0.06    2.74 v _1192_/Y (sky130_fd_sc_hd__nor2_1)
   0.22    2.96 ^ _1243_/Y (sky130_fd_sc_hd__nor2_2)
   0.10    3.06 v _1384_/Y (sky130_fd_sc_hd__nand2_1)
   0.19    3.25 ^ _1385_/Y (sky130_fd_sc_hd__nor2_2)
   0.12    3.37 v _1597_/Y (sky130_fd_sc_hd__nand3_1)
   0.08    3.45 ^ _1598_/Y (sky130_fd_sc_hd__nand2_1)
   0.09    3.54 v _1600_/Y (sky130_fd_sc_hd__nand2_1)
   0.30    3.83 ^ _1614_/Y (sky130_fd_sc_hd__a221oi_1)
   0.26    4.09 v _1633_/Y (sky130_fd_sc_hd__nand3_1)
   0.00    4.09 v GPR[0][15]$_DFFE_PP_/D (sky130_fd_sc_hd__edfxtp_1)
           4.09   data arrival time

  12.10   12.10   clock core_clock (rise edge)
   0.00   12.10   clock source latency
   0.00   12.10 ^ clk (in)
   0.17   12.27 ^ clkbuf_0_clk/X (sky130_fd_sc_hd__clkbuf_16)
   0.18   12.45 ^ clkbuf_3_2__f_clk/X (sky130_fd_sc_hd__clkbuf_16)
   0.00   12.46 ^ GPR[0][15]$_DFFE_PP_/CLK (sky130_fd_sc_hd__edfxtp_1)
   0.00   12.46   clock reconvergence pessimism
  -0.31   12.15   library setup time
          12.15   data required time
---------------------------------------------------------
          12.15   data required time
          -4.09   data arrival time
---------------------------------------------------------
           8.06   slack (MET)



==========================================================================
global route report_checks -path_delay min reg to reg
--------------------------------------------------------------------------
Startpoint: count[0]$_SDFF_PP0_
            (rising edge-triggered flip-flop clocked by core_clock)
Endpoint: count[0]$_SDFF_PP0_
          (rising edge-triggered flip-flop clocked by core_clock)
Path Group: core_clock
Path Type: min

  Delay    Time   Description
---------------------------------------------------------
   0.00    0.00   clock core_clock (rise edge)
   0.00    0.00   clock source latency
   0.00    0.00 ^ clk (in)
   0.17    0.17 ^ clkbuf_0_clk/X (sky130_fd_sc_hd__clkbuf_16)
   0.18    0.35 ^ clkbuf_3_7__f_clk/X (sky130_fd_sc_hd__clkbuf_16)
   0.00    0.35 ^ count[0]$_SDFF_PP0_/CLK (sky130_fd_sc_hd__dfxtp_1)
   0.35    0.70 ^ count[0]$_SDFF_PP0_/Q (sky130_fd_sc_hd__dfxtp_1)
   0.05    0.76 v _1725_/Y (sky130_fd_sc_hd__nor2_1)
   0.00    0.76 v count[0]$_SDFF_PP0_/D (sky130_fd_sc_hd__dfxtp_1)
           0.76   data arrival time

   0.00    0.00   clock core_clock (rise edge)
   0.00    0.00   clock source latency
   0.00    0.00 ^ clk (in)
   0.17    0.17 ^ clkbuf_0_clk/X (sky130_fd_sc_hd__clkbuf_16)
   0.18    0.35 ^ clkbuf_3_7__f_clk/X (sky130_fd_sc_hd__clkbuf_16)
   0.00    0.35 ^ count[0]$_SDFF_PP0_/CLK (sky130_fd_sc_hd__dfxtp_1)
   0.00    0.35   clock reconvergence pessimism
  -0.04    0.31   library hold time
           0.31   data required time
---------------------------------------------------------
           0.31   data required time
          -0.76   data arrival time
---------------------------------------------------------
           0.44   slack (MET)



==========================================================================
global route critical path target clock latency max path
--------------------------------------------------------------------------
0.3558

==========================================================================
global route critical path target clock latency min path
--------------------------------------------------------------------------
0.3505

==========================================================================
global route critical path source clock latency min path
--------------------------------------------------------------------------
0.0000

==========================================================================
global route critical path delay
--------------------------------------------------------------------------
5.4404

==========================================================================
global route critical path slack
--------------------------------------------------------------------------
6.6666

==========================================================================
global route slack div critical path delay
--------------------------------------------------------------------------
122.538784

==========================================================================
global route report_power
--------------------------------------------------------------------------
Group                  Internal  Switching    Leakage      Total
                          Power      Power      Power      Power (Watts)
----------------------------------------------------------------
Sequential             3.28e-04   7.80e-06   7.45e-10   3.36e-04  46.5%
Combinational          3.07e-05   7.75e-05   2.57e-09   1.08e-04  15.0%
Clock                  1.43e-04   1.35e-04   1.37e-10   2.78e-04  38.5%
Macro                  0.00e+00   0.00e+00   0.00e+00   0.00e+00   0.0%
Pad                    0.00e+00   0.00e+00   0.00e+00   0.00e+00   0.0%
----------------------------------------------------------------
Total                  5.02e-04   2.20e-04   3.45e-09   7.22e-04 100.0%
                          69.5%      30.5%       0.0%
