
==========================================================================
finish report_tns
--------------------------------------------------------------------------
tns max 0.00

==========================================================================
finish report_wns
--------------------------------------------------------------------------
wns max 0.00

==========================================================================
finish report_worst_slack
--------------------------------------------------------------------------
worst slack max 6.93

==========================================================================
finish report_clock_min_period
--------------------------------------------------------------------------
core_clock period_min = 5.17 fmax = 193.27

==========================================================================
finish report_clock_skew
--------------------------------------------------------------------------
Clock core_clock
   0.35 source latency GPR[1][6]$_DFFE_PP_/CLK ^
  -0.34 target latency GPR[0][11]$_DFFE_PP_/CLK ^
   0.00 CRPR
--------------
   0.01 setup skew


==========================================================================
finish report_checks -path_delay min
--------------------------------------------------------------------------
Startpoint: count[0]$_SDFF_PP0_
            (rising edge-triggered flip-flop clocked by core_clock)
Endpoint: count[0]$_SDFF_PP0_
          (rising edge-triggered flip-flop clocked by core_clock)
Path Group: core_clock
Path Type: min

Fanout     Cap    Slew   Delay    Time   Description
-----------------------------------------------------------------------------
                          0.00    0.00   clock core_clock (rise edge)
                          0.00    0.00   clock source latency
     1    0.02    0.00    0.00    0.00 ^ clk (in)
                                         clk (net)
                  0.00    0.00    0.00 ^ clkbuf_0_clk/A (sky130_fd_sc_hd__clkbuf_16)
     8    0.10    0.11    0.17    0.17 ^ clkbuf_0_clk/X (sky130_fd_sc_hd__clkbuf_16)
                                         clknet_0_clk (net)
                  0.11    0.00    0.17 ^ clkbuf_3_7__f_clk/A (sky130_fd_sc_hd__clkbuf_16)
     7    0.05    0.07    0.18    0.35 ^ clkbuf_3_7__f_clk/X (sky130_fd_sc_hd__clkbuf_16)
                                         clknet_3_7__leaf_clk (net)
                  0.07    0.00    0.35 ^ count[0]$_SDFF_PP0_/CLK (sky130_fd_sc_hd__dfxtp_1)
     2    0.01    0.08    0.34    0.69 ^ count[0]$_SDFF_PP0_/Q (sky130_fd_sc_hd__dfxtp_1)
                                         count[0] (net)
                  0.08    0.00    0.69 ^ _1725_/A (sky130_fd_sc_hd__nor2_1)
     1    0.00    0.03    0.05    0.73 v _1725_/Y (sky130_fd_sc_hd__nor2_1)
                                         _0162_ (net)
                  0.03    0.00    0.73 v count[0]$_SDFF_PP0_/D (sky130_fd_sc_hd__dfxtp_1)
                                  0.73   data arrival time

                          0.00    0.00   clock core_clock (rise edge)
                          0.00    0.00   clock source latency
     1    0.02    0.00    0.00    0.00 ^ clk (in)
                                         clk (net)
                  0.00    0.00    0.00 ^ clkbuf_0_clk/A (sky130_fd_sc_hd__clkbuf_16)
     8    0.10    0.11    0.17    0.17 ^ clkbuf_0_clk/X (sky130_fd_sc_hd__clkbuf_16)
                                         clknet_0_clk (net)
                  0.11    0.00    0.17 ^ clkbuf_3_7__f_clk/A (sky130_fd_sc_hd__clkbuf_16)
     7    0.05    0.07    0.18    0.35 ^ clkbuf_3_7__f_clk/X (sky130_fd_sc_hd__clkbuf_16)
                                         clknet_3_7__leaf_clk (net)
                  0.07    0.00    0.35 ^ count[0]$_SDFF_PP0_/CLK (sky130_fd_sc_hd__dfxtp_1)
                          0.00    0.35   clock reconvergence pessimism
                         -0.04    0.31   library hold time
                                  0.31   data required time
-----------------------------------------------------------------------------
                                  0.31   data required time
                                 -0.73   data arrival time
-----------------------------------------------------------------------------
                                  0.43   slack (MET)



==========================================================================
finish report_checks -path_delay max
--------------------------------------------------------------------------
Startpoint: sys_rst (input port clocked by core_clock)
Endpoint: GPR[0][4]$_DFFE_PP_
          (rising edge-triggered flip-flop clocked by core_clock)
Path Group: core_clock
Path Type: max

Fanout     Cap    Slew   Delay    Time   Description
-----------------------------------------------------------------------------
                          0.00    0.00   clock core_clock (rise edge)
                          0.00    0.00   clock network delay (propagated)
                          2.42    2.42 ^ input external delay
     1    0.00    0.00    0.00    2.42 ^ sys_rst (in)
                                         sys_rst (net)
                  0.00    0.00    2.42 ^ input36/A (sky130_fd_sc_hd__clkdlybuf4s50_1)
    20    0.08    0.74    0.95    3.37 ^ input36/X (sky130_fd_sc_hd__clkdlybuf4s50_1)
                                         net35 (net)
                  0.74    0.00    3.37 ^ _0961_/A (sky130_fd_sc_hd__inv_1)
     6    0.02    0.21    0.25    3.62 v _0961_/Y (sky130_fd_sc_hd__inv_1)
                                         _0274_ (net)
                  0.21    0.00    3.62 v _0967_/B (sky130_fd_sc_hd__nand2_1)
     2    0.01    0.10    0.16    3.78 ^ _0967_/Y (sky130_fd_sc_hd__nand2_1)
                                         _0280_ (net)
                  0.10    0.00    3.78 ^ _0973_/B (sky130_fd_sc_hd__nor2_1)
     4    0.01    0.07    0.09    3.87 v _0973_/Y (sky130_fd_sc_hd__nor2_1)
                                         _0286_ (net)
                  0.07    0.00    3.87 v _1131_/A (sky130_fd_sc_hd__nand2_1)
    10    0.05    0.47    0.36    4.23 ^ _1131_/Y (sky130_fd_sc_hd__nand2_1)
                                         _0423_ (net)
                  0.47    0.00    4.23 ^ _1140_/A (sky130_fd_sc_hd__inv_1)
     7    0.03    0.19    0.25    4.48 v _1140_/Y (sky130_fd_sc_hd__inv_1)
                                         _0429_ (net)
                  0.19    0.00    4.48 v _1229_/A1 (sky130_fd_sc_hd__a2111oi_0)
     1    0.00    0.29    0.36    4.85 ^ _1229_/Y (sky130_fd_sc_hd__a2111oi_0)
                                         _0514_ (net)
                  0.29    0.00    4.85 ^ _1230_/B1 (sky130_fd_sc_hd__o21ai_0)
     4    0.02    0.29    0.33    5.18 v _1230_/Y (sky130_fd_sc_hd__o21ai_0)
                                         _0010_ (net)
                  0.29    0.00    5.18 v GPR[0][4]$_DFFE_PP_/D (sky130_fd_sc_hd__edfxtp_1)
                                  5.18   data arrival time

                         12.10   12.10   clock core_clock (rise edge)
                          0.00   12.10   clock source latency
     1    0.02    0.00    0.00   12.10 ^ clk (in)
                                         clk (net)
                  0.00    0.00   12.10 ^ clkbuf_0_clk/A (sky130_fd_sc_hd__clkbuf_16)
     8    0.10    0.11    0.17   12.27 ^ clkbuf_0_clk/X (sky130_fd_sc_hd__clkbuf_16)
                                         clknet_0_clk (net)
                  0.11    0.00   12.27 ^ clkbuf_3_0__f_clk/A (sky130_fd_sc_hd__clkbuf_16)
    17    0.05    0.07    0.17   12.44 ^ clkbuf_3_0__f_clk/X (sky130_fd_sc_hd__clkbuf_16)
                                         clknet_3_0__leaf_clk (net)
                  0.07    0.00   12.45 ^ GPR[0][4]$_DFFE_PP_/CLK (sky130_fd_sc_hd__edfxtp_1)
                          0.00   12.45   clock reconvergence pessimism
                         -0.34   12.11   library setup time
                                 12.11   data required time
-----------------------------------------------------------------------------
                                 12.11   data required time
                                 -5.18   data arrival time
-----------------------------------------------------------------------------
                                  6.93   slack (MET)



==========================================================================
finish report_checks -unconstrained
--------------------------------------------------------------------------
Startpoint: sys_rst (input port clocked by core_clock)
Endpoint: GPR[0][4]$_DFFE_PP_
          (rising edge-triggered flip-flop clocked by core_clock)
Path Group: core_clock
Path Type: max

Fanout     Cap    Slew   Delay    Time   Description
-----------------------------------------------------------------------------
                          0.00    0.00   clock core_clock (rise edge)
                          0.00    0.00   clock network delay (propagated)
                          2.42    2.42 ^ input external delay
     1    0.00    0.00    0.00    2.42 ^ sys_rst (in)
                                         sys_rst (net)
                  0.00    0.00    2.42 ^ input36/A (sky130_fd_sc_hd__clkdlybuf4s50_1)
    20    0.08    0.74    0.95    3.37 ^ input36/X (sky130_fd_sc_hd__clkdlybuf4s50_1)
                                         net35 (net)
                  0.74    0.00    3.37 ^ _0961_/A (sky130_fd_sc_hd__inv_1)
     6    0.02    0.21    0.25    3.62 v _0961_/Y (sky130_fd_sc_hd__inv_1)
                                         _0274_ (net)
                  0.21    0.00    3.62 v _0967_/B (sky130_fd_sc_hd__nand2_1)
     2    0.01    0.10    0.16    3.78 ^ _0967_/Y (sky130_fd_sc_hd__nand2_1)
                                         _0280_ (net)
                  0.10    0.00    3.78 ^ _0973_/B (sky130_fd_sc_hd__nor2_1)
     4    0.01    0.07    0.09    3.87 v _0973_/Y (sky130_fd_sc_hd__nor2_1)
                                         _0286_ (net)
                  0.07    0.00    3.87 v _1131_/A (sky130_fd_sc_hd__nand2_1)
    10    0.05    0.47    0.36    4.23 ^ _1131_/Y (sky130_fd_sc_hd__nand2_1)
                                         _0423_ (net)
                  0.47    0.00    4.23 ^ _1140_/A (sky130_fd_sc_hd__inv_1)
     7    0.03    0.19    0.25    4.48 v _1140_/Y (sky130_fd_sc_hd__inv_1)
                                         _0429_ (net)
                  0.19    0.00    4.48 v _1229_/A1 (sky130_fd_sc_hd__a2111oi_0)
     1    0.00    0.29    0.36    4.85 ^ _1229_/Y (sky130_fd_sc_hd__a2111oi_0)
                                         _0514_ (net)
                  0.29    0.00    4.85 ^ _1230_/B1 (sky130_fd_sc_hd__o21ai_0)
     4    0.02    0.29    0.33    5.18 v _1230_/Y (sky130_fd_sc_hd__o21ai_0)
                                         _0010_ (net)
                  0.29    0.00    5.18 v GPR[0][4]$_DFFE_PP_/D (sky130_fd_sc_hd__edfxtp_1)
                                  5.18   data arrival time

                         12.10   12.10   clock core_clock (rise edge)
                          0.00   12.10   clock source latency
     1    0.02    0.00    0.00   12.10 ^ clk (in)
                                         clk (net)
                  0.00    0.00   12.10 ^ clkbuf_0_clk/A (sky130_fd_sc_hd__clkbuf_16)
     8    0.10    0.11    0.17   12.27 ^ clkbuf_0_clk/X (sky130_fd_sc_hd__clkbuf_16)
                                         clknet_0_clk (net)
                  0.11    0.00   12.27 ^ clkbuf_3_0__f_clk/A (sky130_fd_sc_hd__clkbuf_16)
    17    0.05    0.07    0.17   12.44 ^ clkbuf_3_0__f_clk/X (sky130_fd_sc_hd__clkbuf_16)
                                         clknet_3_0__leaf_clk (net)
                  0.07    0.00   12.45 ^ GPR[0][4]$_DFFE_PP_/CLK (sky130_fd_sc_hd__edfxtp_1)
                          0.00   12.45   clock reconvergence pessimism
                         -0.34   12.11   library setup time
                                 12.11   data required time
-----------------------------------------------------------------------------
                                 12.11   data required time
                                 -5.18   data arrival time
-----------------------------------------------------------------------------
                                  6.93   slack (MET)



==========================================================================
finish report_check_types -max_slew -max_cap -max_fanout -violators
--------------------------------------------------------------------------

==========================================================================
finish max_slew_check_slack
--------------------------------------------------------------------------
0.7405816316604614

==========================================================================
finish max_slew_check_limit
--------------------------------------------------------------------------
1.4862940311431885

==========================================================================
finish max_slew_check_slack_limit
--------------------------------------------------------------------------
0.4983

==========================================================================
finish max_fanout_check_slack
--------------------------------------------------------------------------
1.0000000150474662e+30

==========================================================================
finish max_fanout_check_limit
--------------------------------------------------------------------------
1.0000000150474662e+30

==========================================================================
finish max_capacitance_check_slack
--------------------------------------------------------------------------
0.019064614549279213

==========================================================================
finish max_capacitance_check_limit
--------------------------------------------------------------------------
0.03663099929690361

==========================================================================
finish max_capacitance_check_slack_limit
--------------------------------------------------------------------------
0.5205

==========================================================================
finish max_slew_violation_count
--------------------------------------------------------------------------
max slew violation count 0

==========================================================================
finish max_fanout_violation_count
--------------------------------------------------------------------------
max fanout violation count 0

==========================================================================
finish max_cap_violation_count
--------------------------------------------------------------------------
max cap violation count 0

==========================================================================
finish setup_violation_count
--------------------------------------------------------------------------
setup violation count 0

==========================================================================
finish hold_violation_count
--------------------------------------------------------------------------
hold violation count 0

==========================================================================
finish report_checks -path_delay max reg to reg
--------------------------------------------------------------------------
Startpoint: IR[17]$_SDFFE_PP0P_
            (rising edge-triggered flip-flop clocked by core_clock)
Endpoint: GPR[1][15]$_DFFE_PP_
          (rising edge-triggered flip-flop clocked by core_clock)
Path Group: core_clock
Path Type: max

  Delay    Time   Description
---------------------------------------------------------
   0.00    0.00   clock core_clock (rise edge)
   0.00    0.00   clock source latency
   0.00    0.00 ^ clk (in)
   0.17    0.17 ^ clkbuf_0_clk/X (sky130_fd_sc_hd__clkbuf_16)
   0.17    0.34 ^ clkbuf_3_4__f_clk/X (sky130_fd_sc_hd__clkbuf_16)
   0.00    0.34 ^ IR[17]$_SDFFE_PP0P_/CLK (sky130_fd_sc_hd__dfxtp_1)
   0.42    0.76 ^ IR[17]$_SDFFE_PP0P_/Q (sky130_fd_sc_hd__dfxtp_1)
   0.40    1.16 ^ place49/X (sky130_fd_sc_hd__buf_4)
   0.16    1.32 v _1101_/Y (sky130_fd_sc_hd__o21ai_0)
   0.49    1.81 ^ _1104_/Y (sky130_fd_sc_hd__o22ai_1)
   0.40    2.21 v _1829_/SUM (sky130_fd_sc_hd__ha_1)
   0.13    2.34 ^ _1156_/Y (sky130_fd_sc_hd__inv_1)
   0.10    2.44 v _1185_/Y (sky130_fd_sc_hd__nand3_1)
   0.06    2.50 ^ _1191_/Y (sky130_fd_sc_hd__inv_1)
   0.05    2.55 v _1192_/Y (sky130_fd_sc_hd__nor2_1)
   0.19    2.74 ^ _1243_/Y (sky130_fd_sc_hd__nor2_2)
   0.09    2.83 v _1384_/Y (sky130_fd_sc_hd__nand2_1)
   0.19    3.02 ^ _1385_/Y (sky130_fd_sc_hd__nor2_2)
   0.10    3.12 v _1597_/Y (sky130_fd_sc_hd__nand3_1)
   0.06    3.19 ^ _1598_/Y (sky130_fd_sc_hd__nand2_1)
   0.08    3.26 v _1600_/Y (sky130_fd_sc_hd__nand2_1)
   0.24    3.51 ^ _1614_/Y (sky130_fd_sc_hd__a221oi_1)
   0.23    3.73 v _1633_/Y (sky130_fd_sc_hd__nand3_1)
   0.00    3.74 v GPR[1][15]$_DFFE_PP_/D (sky130_fd_sc_hd__edfxtp_1)
           3.74   data arrival time

  12.10   12.10   clock core_clock (rise edge)
   0.00   12.10   clock source latency
   0.00   12.10 ^ clk (in)
   0.17   12.27 ^ clkbuf_0_clk/X (sky130_fd_sc_hd__clkbuf_16)
   0.17   12.44 ^ clkbuf_3_2__f_clk/X (sky130_fd_sc_hd__clkbuf_16)
   0.00   12.45 ^ GPR[1][15]$_DFFE_PP_/CLK (sky130_fd_sc_hd__edfxtp_1)
   0.00   12.45   clock reconvergence pessimism
  -0.31   12.14   library setup time
          12.14   data required time
---------------------------------------------------------
          12.14   data required time
          -3.74   data arrival time
---------------------------------------------------------
           8.41   slack (MET)



==========================================================================
finish report_checks -path_delay min reg to reg
--------------------------------------------------------------------------
Startpoint: count[0]$_SDFF_PP0_
            (rising edge-triggered flip-flop clocked by core_clock)
Endpoint: count[0]$_SDFF_PP0_
          (rising edge-triggered flip-flop clocked by core_clock)
Path Group: core_clock
Path Type: min

  Delay    Time   Description
---------------------------------------------------------
   0.00    0.00   clock core_clock (rise edge)
   0.00    0.00   clock source latency
   0.00    0.00 ^ clk (in)
   0.17    0.17 ^ clkbuf_0_clk/X (sky130_fd_sc_hd__clkbuf_16)
   0.18    0.35 ^ clkbuf_3_7__f_clk/X (sky130_fd_sc_hd__clkbuf_16)
   0.00    0.35 ^ count[0]$_SDFF_PP0_/CLK (sky130_fd_sc_hd__dfxtp_1)
   0.34    0.69 ^ count[0]$_SDFF_PP0_/Q (sky130_fd_sc_hd__dfxtp_1)
   0.05    0.73 v _1725_/Y (sky130_fd_sc_hd__nor2_1)
   0.00    0.73 v count[0]$_SDFF_PP0_/D (sky130_fd_sc_hd__dfxtp_1)
           0.73   data arrival time

   0.00    0.00   clock core_clock (rise edge)
   0.00    0.00   clock source latency
   0.00    0.00 ^ clk (in)
   0.17    0.17 ^ clkbuf_0_clk/X (sky130_fd_sc_hd__clkbuf_16)
   0.18    0.35 ^ clkbuf_3_7__f_clk/X (sky130_fd_sc_hd__clkbuf_16)
   0.00    0.35 ^ count[0]$_SDFF_PP0_/CLK (sky130_fd_sc_hd__dfxtp_1)
   0.00    0.35   clock reconvergence pessimism
  -0.04    0.31   library hold time
           0.31   data required time
---------------------------------------------------------
           0.31   data required time
          -0.73   data arrival time
---------------------------------------------------------
           0.43   slack (MET)



==========================================================================
finish critical path target clock latency max path
--------------------------------------------------------------------------
0.3433

==========================================================================
finish critical path target clock latency min path
--------------------------------------------------------------------------
0.3400

==========================================================================
finish critical path source clock latency min path
--------------------------------------------------------------------------
0.0000

==========================================================================
finish critical path delay
--------------------------------------------------------------------------
5.1784

==========================================================================
finish critical path slack
--------------------------------------------------------------------------
6.9297

==========================================================================
finish slack div critical path delay
--------------------------------------------------------------------------
133.819326

==========================================================================
finish report_power
--------------------------------------------------------------------------
Group                  Internal  Switching    Leakage      Total
                          Power      Power      Power      Power (Watts)
----------------------------------------------------------------
Sequential             3.28e-04   7.06e-06   7.45e-10   3.35e-04  48.0%
Combinational          3.02e-05   6.63e-05   2.57e-09   9.65e-05  13.8%
Clock                  1.43e-04   1.23e-04   1.37e-10   2.66e-04  38.1%
Macro                  0.00e+00   0.00e+00   0.00e+00   0.00e+00   0.0%
Pad                    0.00e+00   0.00e+00   0.00e+00   0.00e+00   0.0%
----------------------------------------------------------------
Total                  5.01e-04   1.96e-04   3.45e-09   6.97e-04 100.0%
                          71.8%      28.2%       0.0%
