
==========================================================================
detailed place report_tns
--------------------------------------------------------------------------
tns max 0.00

==========================================================================
detailed place report_wns
--------------------------------------------------------------------------
wns max 0.00

==========================================================================
detailed place report_worst_slack
--------------------------------------------------------------------------
worst slack max 3.87

==========================================================================
detailed place report_clock_min_period
--------------------------------------------------------------------------
core_clock period_min = 5.18 fmax = 192.95

==========================================================================
detailed place report_checks -path_delay min
--------------------------------------------------------------------------
Startpoint: count[0]$_SDFF_PP0_
            (rising edge-triggered flip-flop clocked by core_clock)
Endpoint: count[0]$_SDFF_PP0_
          (rising edge-triggered flip-flop clocked by core_clock)
Path Group: core_clock
Path Type: min

Fanout     Cap    Slew   Delay    Time   Description
-----------------------------------------------------------------------------
                  0.00    0.00    0.00   clock core_clock (rise edge)
                          0.00    0.00   clock network delay (ideal)
                  0.00    0.00    0.00 ^ count[0]$_SDFF_PP0_/CLK (sky130_fd_sc_hd__dfxtp_1)
     2    0.01    0.08    0.31    0.31 ^ count[0]$_SDFF_PP0_/Q (sky130_fd_sc_hd__dfxtp_1)
                                         count[0] (net)
                  0.08    0.00    0.31 ^ _1725_/A (sky130_fd_sc_hd__nor2_1)
     1    0.00    0.03    0.05    0.36 v _1725_/Y (sky130_fd_sc_hd__nor2_1)
                                         _0162_ (net)
                  0.03    0.00    0.36 v count[0]$_SDFF_PP0_/D (sky130_fd_sc_hd__dfxtp_1)
                                  0.36   data arrival time

                  0.00    0.00    0.00   clock core_clock (rise edge)
                          0.00    0.00   clock network delay (ideal)
                          0.00    0.00   clock reconvergence pessimism
                                  0.00 ^ count[0]$_SDFF_PP0_/CLK (sky130_fd_sc_hd__dfxtp_1)
                         -0.06   -0.06   library hold time
                                 -0.06   data required time
-----------------------------------------------------------------------------
                                 -0.06   data required time
                                 -0.36   data arrival time
-----------------------------------------------------------------------------
                                  0.42   slack (MET)



==========================================================================
detailed place report_checks -path_delay max
--------------------------------------------------------------------------
Startpoint: sys_rst (input port clocked by core_clock)
Endpoint: GPR[1][10]$_DFFE_PP_
          (rising edge-triggered flip-flop clocked by core_clock)
Path Group: core_clock
Path Type: max

Fanout     Cap    Slew   Delay    Time   Description
-----------------------------------------------------------------------------
                  0.00    0.00    0.00   clock core_clock (rise edge)
                          0.00    0.00   clock network delay (ideal)
                          1.81    1.81 v input external delay
     1    0.00    0.00    0.00    1.81 v sys_rst (in)
                                         sys_rst (net)
                  0.00    0.00    1.81 v input36/A (sky130_fd_sc_hd__clkdlybuf4s50_1)
    20    0.07    0.52    0.78    2.60 v input36/X (sky130_fd_sc_hd__clkdlybuf4s50_1)
                                         net35 (net)
                  0.52    0.00    2.60 v _0961_/A (sky130_fd_sc_hd__inv_1)
     6    0.02    0.22    0.32    2.92 ^ _0961_/Y (sky130_fd_sc_hd__inv_1)
                                         _0274_ (net)
                  0.22    0.00    2.92 ^ _0967_/B (sky130_fd_sc_hd__nand2_1)
     2    0.01    0.10    0.11    3.02 v _0967_/Y (sky130_fd_sc_hd__nand2_1)
                                         _0280_ (net)
                  0.10    0.00    3.02 v _0968_/B (sky130_fd_sc_hd__nor2_1)
     2    0.01    0.12    0.13    3.15 ^ _0968_/Y (sky130_fd_sc_hd__nor2_1)
                                         _0281_ (net)
                  0.12    0.00    3.15 ^ _0970_/A (sky130_fd_sc_hd__nand2_1)
    13    0.05    0.36    0.31    3.46 v _0970_/Y (sky130_fd_sc_hd__nand2_1)
                                         _0283_ (net)
                  0.36    0.00    3.46 v _0975_/B (sky130_fd_sc_hd__nand3_1)
     2    0.01    0.16    0.26    3.73 ^ _0975_/Y (sky130_fd_sc_hd__nand3_1)
                                         _0288_ (net)
                  0.16    0.00    3.73 ^ _0976_/B (sky130_fd_sc_hd__nand3b_1)
     2    0.01    0.09    0.12    3.84 v _0976_/Y (sky130_fd_sc_hd__nand3b_1)
                                         _0289_ (net)
                  0.09    0.00    3.84 v _0981_/B (sky130_fd_sc_hd__nor2_1)
     4    0.05    0.78    0.61    4.46 ^ _0981_/Y (sky130_fd_sc_hd__nor2_1)
                                         _0017_ (net)
                  0.78    0.00    4.46 ^ place44/A (sky130_fd_sc_hd__buf_4)
    13    0.09    0.24    0.39    4.85 ^ place44/X (sky130_fd_sc_hd__buf_4)
                                         net43 (net)
                  0.25    0.01    4.86 ^ GPR[1][10]$_DFFE_PP_/DE (sky130_fd_sc_hd__edfxtp_1)
                                  4.86   data arrival time

                  0.00    9.06    9.06   clock core_clock (rise edge)
                          0.00    9.06   clock network delay (ideal)
                          0.00    9.06   clock reconvergence pessimism
                                  9.06 ^ GPR[1][10]$_DFFE_PP_/CLK (sky130_fd_sc_hd__edfxtp_1)
                         -0.33    8.73   library setup time
                                  8.73   data required time
-----------------------------------------------------------------------------
                                  8.73   data required time
                                 -4.86   data arrival time
-----------------------------------------------------------------------------
                                  3.87   slack (MET)



==========================================================================
detailed place report_checks -unconstrained
--------------------------------------------------------------------------
Startpoint: sys_rst (input port clocked by core_clock)
Endpoint: GPR[1][10]$_DFFE_PP_
          (rising edge-triggered flip-flop clocked by core_clock)
Path Group: core_clock
Path Type: max

Fanout     Cap    Slew   Delay    Time   Description
-----------------------------------------------------------------------------
                  0.00    0.00    0.00   clock core_clock (rise edge)
                          0.00    0.00   clock network delay (ideal)
                          1.81    1.81 v input external delay
     1    0.00    0.00    0.00    1.81 v sys_rst (in)
                                         sys_rst (net)
                  0.00    0.00    1.81 v input36/A (sky130_fd_sc_hd__clkdlybuf4s50_1)
    20    0.07    0.52    0.78    2.60 v input36/X (sky130_fd_sc_hd__clkdlybuf4s50_1)
                                         net35 (net)
                  0.52    0.00    2.60 v _0961_/A (sky130_fd_sc_hd__inv_1)
     6    0.02    0.22    0.32    2.92 ^ _0961_/Y (sky130_fd_sc_hd__inv_1)
                                         _0274_ (net)
                  0.22    0.00    2.92 ^ _0967_/B (sky130_fd_sc_hd__nand2_1)
     2    0.01    0.10    0.11    3.02 v _0967_/Y (sky130_fd_sc_hd__nand2_1)
                                         _0280_ (net)
                  0.10    0.00    3.02 v _0968_/B (sky130_fd_sc_hd__nor2_1)
     2    0.01    0.12    0.13    3.15 ^ _0968_/Y (sky130_fd_sc_hd__nor2_1)
                                         _0281_ (net)
                  0.12    0.00    3.15 ^ _0970_/A (sky130_fd_sc_hd__nand2_1)
    13    0.05    0.36    0.31    3.46 v _0970_/Y (sky130_fd_sc_hd__nand2_1)
                                         _0283_ (net)
                  0.36    0.00    3.46 v _0975_/B (sky130_fd_sc_hd__nand3_1)
     2    0.01    0.16    0.26    3.73 ^ _0975_/Y (sky130_fd_sc_hd__nand3_1)
                                         _0288_ (net)
                  0.16    0.00    3.73 ^ _0976_/B (sky130_fd_sc_hd__nand3b_1)
     2    0.01    0.09    0.12    3.84 v _0976_/Y (sky130_fd_sc_hd__nand3b_1)
                                         _0289_ (net)
                  0.09    0.00    3.84 v _0981_/B (sky130_fd_sc_hd__nor2_1)
     4    0.05    0.78    0.61    4.46 ^ _0981_/Y (sky130_fd_sc_hd__nor2_1)
                                         _0017_ (net)
                  0.78    0.00    4.46 ^ place44/A (sky130_fd_sc_hd__buf_4)
    13    0.09    0.24    0.39    4.85 ^ place44/X (sky130_fd_sc_hd__buf_4)
                                         net43 (net)
                  0.25    0.01    4.86 ^ GPR[1][10]$_DFFE_PP_/DE (sky130_fd_sc_hd__edfxtp_1)
                                  4.86   data arrival time

                  0.00    9.06    9.06   clock core_clock (rise edge)
                          0.00    9.06   clock network delay (ideal)
                          0.00    9.06   clock reconvergence pessimism
                                  9.06 ^ GPR[1][10]$_DFFE_PP_/CLK (sky130_fd_sc_hd__edfxtp_1)
                         -0.33    8.73   library setup time
                                  8.73   data required time
-----------------------------------------------------------------------------
                                  8.73   data required time
                                 -4.86   data arrival time
-----------------------------------------------------------------------------
                                  3.87   slack (MET)



==========================================================================
detailed place report_check_types -max_slew -max_cap -max_fanout -violators
--------------------------------------------------------------------------

==========================================================================
detailed place max_slew_check_slack
--------------------------------------------------------------------------
0.7109313011169434

==========================================================================
detailed place max_slew_check_limit
--------------------------------------------------------------------------
1.4944789409637451

==========================================================================
detailed place max_slew_check_slack_limit
--------------------------------------------------------------------------
0.4757

==========================================================================
detailed place max_fanout_check_slack
--------------------------------------------------------------------------
1.0000000150474662e+30

==========================================================================
detailed place max_fanout_check_limit
--------------------------------------------------------------------------
1.0000000150474662e+30

==========================================================================
detailed place max_capacitance_check_slack
--------------------------------------------------------------------------
0.015143641270697117

==========================================================================
detailed place max_capacitance_check_limit
--------------------------------------------------------------------------
0.021067000925540924

==========================================================================
detailed place max_capacitance_check_slack_limit
--------------------------------------------------------------------------
0.7188

==========================================================================
detailed place max_slew_violation_count
--------------------------------------------------------------------------
max slew violation count 0

==========================================================================
detailed place max_fanout_violation_count
--------------------------------------------------------------------------
max fanout violation count 0

==========================================================================
detailed place max_cap_violation_count
--------------------------------------------------------------------------
max cap violation count 0

==========================================================================
detailed place setup_violation_count
--------------------------------------------------------------------------
setup violation count 0

==========================================================================
detailed place hold_violation_count
--------------------------------------------------------------------------
hold violation count 0

==========================================================================
detailed place report_checks -path_delay max reg to reg
--------------------------------------------------------------------------
Startpoint: IR[17]$_SDFFE_PP0P_
            (rising edge-triggered flip-flop clocked by core_clock)
Endpoint: GPR[3][15]$_DFFE_PP_
          (rising edge-triggered flip-flop clocked by core_clock)
Path Group: core_clock
Path Type: max

  Delay    Time   Description
---------------------------------------------------------
   0.00    0.00   clock core_clock (rise edge)
   0.00    0.00   clock network delay (ideal)
   0.00    0.00 ^ IR[17]$_SDFFE_PP0P_/CLK (sky130_fd_sc_hd__dfxtp_1)
   0.27    0.27 v IR[17]$_SDFFE_PP0P_/Q (sky130_fd_sc_hd__dfxtp_1)
   0.26    0.53 v place50/X (sky130_fd_sc_hd__buf_4)
   0.53    1.06 ^ _0991_/Y (sky130_fd_sc_hd__inv_2)
   0.17    1.22 v _1103_/Y (sky130_fd_sc_hd__o21ai_0)
   0.53    1.75 ^ _1104_/Y (sky130_fd_sc_hd__o22ai_1)
   0.42    2.17 v _1829_/SUM (sky130_fd_sc_hd__ha_1)
   0.15    2.31 ^ _1156_/Y (sky130_fd_sc_hd__inv_1)
   0.11    2.42 v _1185_/Y (sky130_fd_sc_hd__nand3_1)
   0.06    2.49 ^ _1191_/Y (sky130_fd_sc_hd__inv_1)
   0.06    2.55 v _1192_/Y (sky130_fd_sc_hd__nor2_1)
   0.19    2.73 ^ _1243_/Y (sky130_fd_sc_hd__nor2_2)
   0.09    2.82 v _1384_/Y (sky130_fd_sc_hd__nand2_1)
   0.18    3.00 ^ _1385_/Y (sky130_fd_sc_hd__nor2_2)
   0.10    3.10 v _1597_/Y (sky130_fd_sc_hd__nand3_1)
   0.06    3.16 ^ _1598_/Y (sky130_fd_sc_hd__nand2_1)
   0.07    3.23 v _1600_/Y (sky130_fd_sc_hd__nand2_1)
   0.33    3.56 ^ _1614_/Y (sky130_fd_sc_hd__a221oi_1)
   0.25    3.81 v _1633_/Y (sky130_fd_sc_hd__nand3_1)
   0.00    3.81 v GPR[3][15]$_DFFE_PP_/D (sky130_fd_sc_hd__edfxtp_1)
           3.81   data arrival time

   9.06    9.06   clock core_clock (rise edge)
   0.00    9.06   clock network delay (ideal)
   0.00    9.06   clock reconvergence pessimism
           9.06 ^ GPR[3][15]$_DFFE_PP_/CLK (sky130_fd_sc_hd__edfxtp_1)
  -0.33    8.73   library setup time
           8.73   data required time
---------------------------------------------------------
           8.73   data required time
          -3.81   data arrival time
---------------------------------------------------------
           4.92   slack (MET)



==========================================================================
detailed place report_checks -path_delay min reg to reg
--------------------------------------------------------------------------
Startpoint: count[0]$_SDFF_PP0_
            (rising edge-triggered flip-flop clocked by core_clock)
Endpoint: count[0]$_SDFF_PP0_
          (rising edge-triggered flip-flop clocked by core_clock)
Path Group: core_clock
Path Type: min

  Delay    Time   Description
---------------------------------------------------------
   0.00    0.00   clock core_clock (rise edge)
   0.00    0.00   clock network delay (ideal)
   0.00    0.00 ^ count[0]$_SDFF_PP0_/CLK (sky130_fd_sc_hd__dfxtp_1)
   0.31    0.31 ^ count[0]$_SDFF_PP0_/Q (sky130_fd_sc_hd__dfxtp_1)
   0.05    0.36 v _1725_/Y (sky130_fd_sc_hd__nor2_1)
   0.00    0.36 v count[0]$_SDFF_PP0_/D (sky130_fd_sc_hd__dfxtp_1)
           0.36   data arrival time

   0.00    0.00   clock core_clock (rise edge)
   0.00    0.00   clock network delay (ideal)
   0.00    0.00   clock reconvergence pessimism
           0.00 ^ count[0]$_SDFF_PP0_/CLK (sky130_fd_sc_hd__dfxtp_1)
  -0.06   -0.06   library hold time
          -0.06   data required time
---------------------------------------------------------
          -0.06   data required time
          -0.36   data arrival time
---------------------------------------------------------
           0.42   slack (MET)



==========================================================================
detailed place critical path target clock latency max path
--------------------------------------------------------------------------
0.0000

==========================================================================
detailed place critical path target clock latency min path
--------------------------------------------------------------------------
0.0000

==========================================================================
detailed place critical path source clock latency min path
--------------------------------------------------------------------------
0.0000

==========================================================================
detailed place critical path delay
--------------------------------------------------------------------------
4.8560

==========================================================================
detailed place critical path slack
--------------------------------------------------------------------------
3.8728

==========================================================================
detailed place slack div critical path delay
--------------------------------------------------------------------------
79.752883

==========================================================================
detailed place report_power
--------------------------------------------------------------------------
Group                  Internal  Switching    Leakage      Total
                          Power      Power      Power      Power (Watts)
----------------------------------------------------------------
Sequential             4.47e-04   8.95e-06   7.45e-10   4.56e-04  78.3%
Combinational          4.03e-05   8.61e-05   2.57e-09   1.26e-04  21.7%
Clock                  0.00e+00   0.00e+00   0.00e+00   0.00e+00   0.0%
Macro                  0.00e+00   0.00e+00   0.00e+00   0.00e+00   0.0%
Pad                    0.00e+00   0.00e+00   0.00e+00   0.00e+00   0.0%
----------------------------------------------------------------
Total                  4.88e-04   9.50e-05   3.32e-09   5.83e-04 100.0%
                          83.7%      16.3%       0.0%
