
==========================================================================
global place report_tns
--------------------------------------------------------------------------
tns max 0.00

==========================================================================
global place report_wns
--------------------------------------------------------------------------
wns max 0.00

==========================================================================
global place report_worst_slack
--------------------------------------------------------------------------
worst slack max 3.89

==========================================================================
global place report_clock_min_period
--------------------------------------------------------------------------
core_clock period_min = 5.17 fmax = 193.41

==========================================================================
global place report_checks -path_delay min
--------------------------------------------------------------------------
Startpoint: count[0]$_SDFF_PP0_
            (rising edge-triggered flip-flop clocked by core_clock)
Endpoint: count[0]$_SDFF_PP0_
          (rising edge-triggered flip-flop clocked by core_clock)
Path Group: core_clock
Path Type: min

Fanout     Cap    Slew   Delay    Time   Description
-----------------------------------------------------------------------------
                  0.00    0.00    0.00   clock core_clock (rise edge)
                          0.00    0.00   clock network delay (ideal)
                  0.00    0.00    0.00 ^ count[0]$_SDFF_PP0_/CLK (sky130_fd_sc_hd__dfxtp_1)
     2    0.01    0.08    0.31    0.31 ^ count[0]$_SDFF_PP0_/Q (sky130_fd_sc_hd__dfxtp_1)
                                         count[0] (net)
                  0.08    0.00    0.31 ^ _1725_/A (sky130_fd_sc_hd__nor2_1)
     1    0.00    0.03    0.05    0.36 v _1725_/Y (sky130_fd_sc_hd__nor2_1)
                                         _0162_ (net)
                  0.03    0.00    0.36 v count[0]$_SDFF_PP0_/D (sky130_fd_sc_hd__dfxtp_1)
                                  0.36   data arrival time

                  0.00    0.00    0.00   clock core_clock (rise edge)
                          0.00    0.00   clock network delay (ideal)
                          0.00    0.00   clock reconvergence pessimism
                                  0.00 ^ count[0]$_SDFF_PP0_/CLK (sky130_fd_sc_hd__dfxtp_1)
                         -0.06   -0.06   library hold time
                                 -0.06   data required time
-----------------------------------------------------------------------------
                                 -0.06   data required time
                                 -0.36   data arrival time
-----------------------------------------------------------------------------
                                  0.42   slack (MET)



==========================================================================
global place report_checks -path_delay max
--------------------------------------------------------------------------
Startpoint: sys_rst (input port clocked by core_clock)
Endpoint: GPR[1][10]$_DFFE_PP_
          (rising edge-triggered flip-flop clocked by core_clock)
Path Group: core_clock
Path Type: max

Fanout     Cap    Slew   Delay    Time   Description
-----------------------------------------------------------------------------
                  0.00    0.00    0.00   clock core_clock (rise edge)
                          0.00    0.00   clock network delay (ideal)
                          1.81    1.81 v input external delay
     1    0.00    0.00    0.00    1.81 v sys_rst (in)
                                         sys_rst (net)
                  0.00    0.00    1.81 v input36/A (sky130_fd_sc_hd__clkdlybuf4s50_1)
    20    0.07    0.52    0.78    2.59 v input36/X (sky130_fd_sc_hd__clkdlybuf4s50_1)
                                         net35 (net)
                  0.52    0.00    2.59 v _0961_/A (sky130_fd_sc_hd__inv_1)
     6    0.02    0.23    0.32    2.91 ^ _0961_/Y (sky130_fd_sc_hd__inv_1)
                                         _0274_ (net)
                  0.23    0.00    2.91 ^ _0967_/B (sky130_fd_sc_hd__nand2_1)
     2    0.01    0.10    0.11    3.02 v _0967_/Y (sky130_fd_sc_hd__nand2_1)
                                         _0280_ (net)
                  0.10    0.00    3.02 v _0968_/B (sky130_fd_sc_hd__nor2_1)
     2    0.01    0.12    0.14    3.16 ^ _0968_/Y (sky130_fd_sc_hd__nor2_1)
                                         _0281_ (net)
                  0.12    0.00    3.16 ^ _0970_/A (sky130_fd_sc_hd__nand2_1)
    13    0.05    0.37    0.32    3.47 v _0970_/Y (sky130_fd_sc_hd__nand2_1)
                                         _0283_ (net)
                  0.37    0.00    3.47 v _0975_/B (sky130_fd_sc_hd__nand3_1)
     2    0.01    0.16    0.26    3.74 ^ _0975_/Y (sky130_fd_sc_hd__nand3_1)
                                         _0288_ (net)
                  0.16    0.00    3.74 ^ _0976_/B (sky130_fd_sc_hd__nand3b_1)
     2    0.00    0.08    0.11    3.84 v _0976_/Y (sky130_fd_sc_hd__nand3b_1)
                                         _0289_ (net)
                  0.08    0.00    3.85 v _0981_/B (sky130_fd_sc_hd__nor2_1)
     4    0.05    0.78    0.61    4.45 ^ _0981_/Y (sky130_fd_sc_hd__nor2_1)
                                         _0017_ (net)
                  0.78    0.00    4.45 ^ place44/A (sky130_fd_sc_hd__buf_4)
    13    0.08    0.23    0.38    4.84 ^ place44/X (sky130_fd_sc_hd__buf_4)
                                         net43 (net)
                  0.23    0.01    4.85 ^ GPR[1][10]$_DFFE_PP_/DE (sky130_fd_sc_hd__edfxtp_1)
                                  4.85   data arrival time

                  0.00    9.06    9.06   clock core_clock (rise edge)
                          0.00    9.06   clock network delay (ideal)
                          0.00    9.06   clock reconvergence pessimism
                                  9.06 ^ GPR[1][10]$_DFFE_PP_/CLK (sky130_fd_sc_hd__edfxtp_1)
                         -0.32    8.73   library setup time
                                  8.73   data required time
-----------------------------------------------------------------------------
                                  8.73   data required time
                                 -4.85   data arrival time
-----------------------------------------------------------------------------
                                  3.89   slack (MET)



==========================================================================
global place report_checks -unconstrained
--------------------------------------------------------------------------
Startpoint: sys_rst (input port clocked by core_clock)
Endpoint: GPR[1][10]$_DFFE_PP_
          (rising edge-triggered flip-flop clocked by core_clock)
Path Group: core_clock
Path Type: max

Fanout     Cap    Slew   Delay    Time   Description
-----------------------------------------------------------------------------
                  0.00    0.00    0.00   clock core_clock (rise edge)
                          0.00    0.00   clock network delay (ideal)
                          1.81    1.81 v input external delay
     1    0.00    0.00    0.00    1.81 v sys_rst (in)
                                         sys_rst (net)
                  0.00    0.00    1.81 v input36/A (sky130_fd_sc_hd__clkdlybuf4s50_1)
    20    0.07    0.52    0.78    2.59 v input36/X (sky130_fd_sc_hd__clkdlybuf4s50_1)
                                         net35 (net)
                  0.52    0.00    2.59 v _0961_/A (sky130_fd_sc_hd__inv_1)
     6    0.02    0.23    0.32    2.91 ^ _0961_/Y (sky130_fd_sc_hd__inv_1)
                                         _0274_ (net)
                  0.23    0.00    2.91 ^ _0967_/B (sky130_fd_sc_hd__nand2_1)
     2    0.01    0.10    0.11    3.02 v _0967_/Y (sky130_fd_sc_hd__nand2_1)
                                         _0280_ (net)
                  0.10    0.00    3.02 v _0968_/B (sky130_fd_sc_hd__nor2_1)
     2    0.01    0.12    0.14    3.16 ^ _0968_/Y (sky130_fd_sc_hd__nor2_1)
                                         _0281_ (net)
                  0.12    0.00    3.16 ^ _0970_/A (sky130_fd_sc_hd__nand2_1)
    13    0.05    0.37    0.32    3.47 v _0970_/Y (sky130_fd_sc_hd__nand2_1)
                                         _0283_ (net)
                  0.37    0.00    3.47 v _0975_/B (sky130_fd_sc_hd__nand3_1)
     2    0.01    0.16    0.26    3.74 ^ _0975_/Y (sky130_fd_sc_hd__nand3_1)
                                         _0288_ (net)
                  0.16    0.00    3.74 ^ _0976_/B (sky130_fd_sc_hd__nand3b_1)
     2    0.00    0.08    0.11    3.84 v _0976_/Y (sky130_fd_sc_hd__nand3b_1)
                                         _0289_ (net)
                  0.08    0.00    3.85 v _0981_/B (sky130_fd_sc_hd__nor2_1)
     4    0.05    0.78    0.61    4.45 ^ _0981_/Y (sky130_fd_sc_hd__nor2_1)
                                         _0017_ (net)
                  0.78    0.00    4.45 ^ place44/A (sky130_fd_sc_hd__buf_4)
    13    0.08    0.23    0.38    4.84 ^ place44/X (sky130_fd_sc_hd__buf_4)
                                         net43 (net)
                  0.23    0.01    4.85 ^ GPR[1][10]$_DFFE_PP_/DE (sky130_fd_sc_hd__edfxtp_1)
                                  4.85   data arrival time

                  0.00    9.06    9.06   clock core_clock (rise edge)
                          0.00    9.06   clock network delay (ideal)
                          0.00    9.06   clock reconvergence pessimism
                                  9.06 ^ GPR[1][10]$_DFFE_PP_/CLK (sky130_fd_sc_hd__edfxtp_1)
                         -0.32    8.73   library setup time
                                  8.73   data required time
-----------------------------------------------------------------------------
                                  8.73   data required time
                                 -4.85   data arrival time
-----------------------------------------------------------------------------
                                  3.89   slack (MET)



==========================================================================
global place report_power
--------------------------------------------------------------------------
Group                  Internal  Switching    Leakage      Total
                          Power      Power      Power      Power (Watts)
----------------------------------------------------------------
Sequential             4.47e-04   9.05e-06   7.45e-10   4.57e-04  78.3%
Combinational          4.03e-05   8.64e-05   2.57e-09   1.27e-04  21.7%
Clock                  0.00e+00   0.00e+00   0.00e+00   0.00e+00   0.0%
Macro                  0.00e+00   0.00e+00   0.00e+00   0.00e+00   0.0%
Pad                    0.00e+00   0.00e+00   0.00e+00   0.00e+00   0.0%
----------------------------------------------------------------
Total                  4.88e-04   9.54e-05   3.32e-09   5.83e-04 100.0%
                          83.6%      16.4%       0.0%
