
==========================================================================
resizer report_tns
--------------------------------------------------------------------------
tns max 0.00

==========================================================================
resizer report_wns
--------------------------------------------------------------------------
wns max 0.00

==========================================================================
resizer report_worst_slack
--------------------------------------------------------------------------
worst slack max 3.89

==========================================================================
resizer report_clock_min_period
--------------------------------------------------------------------------
core_clock period_min = 5.17 fmax = 193.41

==========================================================================
resizer report_checks -path_delay min
--------------------------------------------------------------------------
Startpoint: count[0]$_SDFF_PP0_
            (rising edge-triggered flip-flop clocked by core_clock)
Endpoint: count[0]$_SDFF_PP0_
          (rising edge-triggered flip-flop clocked by core_clock)
Path Group: core_clock
Path Type: min

Fanout     Cap    Slew   Delay    Time   Description
-----------------------------------------------------------------------------
                  0.00    0.00    0.00   clock core_clock (rise edge)
                          0.00    0.00   clock network delay (ideal)
                  0.00    0.00    0.00 ^ count[0]$_SDFF_PP0_/CLK (sky130_fd_sc_hd__dfxtp_1)
     2    0.01    0.08    0.31    0.31 ^ count[0]$_SDFF_PP0_/Q (sky130_fd_sc_hd__dfxtp_1)
                                         count[0] (net)
                  0.08    0.00    0.31 ^ _1725_/A (sky130_fd_sc_hd__nor2_1)
     1    0.00    0.03    0.05    0.36 v _1725_/Y (sky130_fd_sc_hd__nor2_1)
                                         _0162_ (net)
                  0.03    0.00    0.36 v count[0]$_SDFF_PP0_/D (sky130_fd_sc_hd__dfxtp_1)
                                  0.36   data arrival time

                  0.00    0.00    0.00   clock core_clock (rise edge)
                          0.00    0.00   clock network delay (ideal)
                          0.00    0.00   clock reconvergence pessimism
                                  0.00 ^ count[0]$_SDFF_PP0_/CLK (sky130_fd_sc_hd__dfxtp_1)
                         -0.06   -0.06   library hold time
                                 -0.06   data required time
-----------------------------------------------------------------------------
                                 -0.06   data required time
                                 -0.36   data arrival time
-----------------------------------------------------------------------------
                                  0.42   slack (MET)



==========================================================================
resizer report_checks -path_delay max
--------------------------------------------------------------------------
Startpoint: sys_rst (input port clocked by core_clock)
Endpoint: GPR[1][10]$_DFFE_PP_
          (rising edge-triggered flip-flop clocked by core_clock)
Path Group: core_clock
Path Type: max

Fanout     Cap    Slew   Delay    Time   Description
-----------------------------------------------------------------------------
                  0.00    0.00    0.00   clock core_clock (rise edge)
                          0.00    0.00   clock network delay (ideal)
                          1.81    1.81 v input external delay
     1    0.00    0.00    0.00    1.81 v sys_rst (in)
                                         sys_rst (net)
                  0.00    0.00    1.81 v input36/A (sky130_fd_sc_hd__clkdlybuf4s50_1)
    20    0.07    0.52    0.78    2.59 v input36/X (sky130_fd_sc_hd__clkdlybuf4s50_1)
                                         net35 (net)
                  0.52    0.00    2.59 v _0961_/A (sky130_fd_sc_hd__inv_1)
     6    0.02    0.23    0.32    2.91 ^ _0961_/Y (sky130_fd_sc_hd__inv_1)
                                         _0274_ (net)
                  0.23    0.00    2.91 ^ _0967_/B (sky130_fd_sc_hd__nand2_1)
     2    0.01    0.10    0.11    3.02 v _0967_/Y (sky130_fd_sc_hd__nand2_1)
                                         _0280_ (net)
                  0.10    0.00    3.02 v _0968_/B (sky130_fd_sc_hd__nor2_1)
     2    0.01    0.12    0.14    3.16 ^ _0968_/Y (sky130_fd_sc_hd__nor2_1)
                                         _0281_ (net)
                  0.12    0.00    3.16 ^ _0970_/A (sky130_fd_sc_hd__nand2_1)
    13    0.05    0.37    0.32    3.47 v _0970_/Y (sky130_fd_sc_hd__nand2_1)
                                         _0283_ (net)
                  0.37    0.00    3.47 v _0975_/B (sky130_fd_sc_hd__nand3_1)
     2    0.01    0.16    0.26    3.74 ^ _0975_/Y (sky130_fd_sc_hd__nand3_1)
                                         _0288_ (net)
                  0.16    0.00    3.74 ^ _0976_/B (sky130_fd_sc_hd__nand3b_1)
     2    0.00    0.08    0.11    3.84 v _0976_/Y (sky130_fd_sc_hd__nand3b_1)
                                         _0289_ (net)
                  0.08    0.00    3.85 v _0981_/B (sky130_fd_sc_hd__nor2_1)
     4    0.05    0.78    0.61    4.45 ^ _0981_/Y (sky130_fd_sc_hd__nor2_1)
                                         _0017_ (net)
                  0.78    0.00    4.45 ^ place44/A (sky130_fd_sc_hd__buf_4)
    13    0.08    0.23    0.38    4.84 ^ place44/X (sky130_fd_sc_hd__buf_4)
                                         net43 (net)
                  0.23    0.01    4.85 ^ GPR[1][10]$_DFFE_PP_/DE (sky130_fd_sc_hd__edfxtp_1)
                                  4.85   data arrival time

                  0.00    9.06    9.06   clock core_clock (rise edge)
                          0.00    9.06   clock network delay (ideal)
                          0.00    9.06   clock reconvergence pessimism
                                  9.06 ^ GPR[1][10]$_DFFE_PP_/CLK (sky130_fd_sc_hd__edfxtp_1)
                         -0.32    8.73   library setup time
                                  8.73   data required time
-----------------------------------------------------------------------------
                                  8.73   data required time
                                 -4.85   data arrival time
-----------------------------------------------------------------------------
                                  3.89   slack (MET)



==========================================================================
resizer report_checks -unconstrained
--------------------------------------------------------------------------
Startpoint: sys_rst (input port clocked by core_clock)
Endpoint: GPR[1][10]$_DFFE_PP_
          (rising edge-triggered flip-flop clocked by core_clock)
Path Group: core_clock
Path Type: max

Fanout     Cap    Slew   Delay    Time   Description
-----------------------------------------------------------------------------
                  0.00    0.00    0.00   clock core_clock (rise edge)
                          0.00    0.00   clock network delay (ideal)
                          1.81    1.81 v input external delay
     1    0.00    0.00    0.00    1.81 v sys_rst (in)
                                         sys_rst (net)
                  0.00    0.00    1.81 v input36/A (sky130_fd_sc_hd__clkdlybuf4s50_1)
    20    0.07    0.52    0.78    2.59 v input36/X (sky130_fd_sc_hd__clkdlybuf4s50_1)
                                         net35 (net)
                  0.52    0.00    2.59 v _0961_/A (sky130_fd_sc_hd__inv_1)
     6    0.02    0.23    0.32    2.91 ^ _0961_/Y (sky130_fd_sc_hd__inv_1)
                                         _0274_ (net)
                  0.23    0.00    2.91 ^ _0967_/B (sky130_fd_sc_hd__nand2_1)
     2    0.01    0.10    0.11    3.02 v _0967_/Y (sky130_fd_sc_hd__nand2_1)
                                         _0280_ (net)
                  0.10    0.00    3.02 v _0968_/B (sky130_fd_sc_hd__nor2_1)
     2    0.01    0.12    0.14    3.16 ^ _0968_/Y (sky130_fd_sc_hd__nor2_1)
                                         _0281_ (net)
                  0.12    0.00    3.16 ^ _0970_/A (sky130_fd_sc_hd__nand2_1)
    13    0.05    0.37    0.32    3.47 v _0970_/Y (sky130_fd_sc_hd__nand2_1)
                                         _0283_ (net)
                  0.37    0.00    3.47 v _0975_/B (sky130_fd_sc_hd__nand3_1)
     2    0.01    0.16    0.26    3.74 ^ _0975_/Y (sky130_fd_sc_hd__nand3_1)
                                         _0288_ (net)
                  0.16    0.00    3.74 ^ _0976_/B (sky130_fd_sc_hd__nand3b_1)
     2    0.00    0.08    0.11    3.84 v _0976_/Y (sky130_fd_sc_hd__nand3b_1)
                                         _0289_ (net)
                  0.08    0.00    3.85 v _0981_/B (sky130_fd_sc_hd__nor2_1)
     4    0.05    0.78    0.61    4.45 ^ _0981_/Y (sky130_fd_sc_hd__nor2_1)
                                         _0017_ (net)
                  0.78    0.00    4.45 ^ place44/A (sky130_fd_sc_hd__buf_4)
    13    0.08    0.23    0.38    4.84 ^ place44/X (sky130_fd_sc_hd__buf_4)
                                         net43 (net)
                  0.23    0.01    4.85 ^ GPR[1][10]$_DFFE_PP_/DE (sky130_fd_sc_hd__edfxtp_1)
                                  4.85   data arrival time

                  0.00    9.06    9.06   clock core_clock (rise edge)
                          0.00    9.06   clock network delay (ideal)
                          0.00    9.06   clock reconvergence pessimism
                                  9.06 ^ GPR[1][10]$_DFFE_PP_/CLK (sky130_fd_sc_hd__edfxtp_1)
                         -0.32    8.73   library setup time
                                  8.73   data required time
-----------------------------------------------------------------------------
                                  8.73   data required time
                                 -4.85   data arrival time
-----------------------------------------------------------------------------
                                  3.89   slack (MET)



==========================================================================
resizer report_check_types -max_slew -max_cap -max_fanout -violators
--------------------------------------------------------------------------

==========================================================================
resizer max_slew_check_slack
--------------------------------------------------------------------------
0.7135967016220093

==========================================================================
resizer max_slew_check_limit
--------------------------------------------------------------------------
1.4944789409637451

==========================================================================
resizer max_slew_check_slack_limit
--------------------------------------------------------------------------
0.4775

==========================================================================
resizer max_fanout_check_slack
--------------------------------------------------------------------------
1.0000000150474662e+30

==========================================================================
resizer max_fanout_check_limit
--------------------------------------------------------------------------
1.0000000150474662e+30

==========================================================================
resizer max_capacitance_check_slack
--------------------------------------------------------------------------
0.015105891041457653

==========================================================================
resizer max_capacitance_check_limit
--------------------------------------------------------------------------
0.021067000925540924

==========================================================================
resizer max_capacitance_check_slack_limit
--------------------------------------------------------------------------
0.7170

==========================================================================
resizer max_slew_violation_count
--------------------------------------------------------------------------
max slew violation count 0

==========================================================================
resizer max_fanout_violation_count
--------------------------------------------------------------------------
max fanout violation count 0

==========================================================================
resizer max_cap_violation_count
--------------------------------------------------------------------------
max cap violation count 0

==========================================================================
resizer setup_violation_count
--------------------------------------------------------------------------
setup violation count 0

==========================================================================
resizer hold_violation_count
--------------------------------------------------------------------------
hold violation count 0

==========================================================================
resizer report_checks -path_delay max reg to reg
--------------------------------------------------------------------------
Startpoint: IR[17]$_SDFFE_PP0P_
            (rising edge-triggered flip-flop clocked by core_clock)
Endpoint: GPR[2][4]$_DFFE_PP_
          (rising edge-triggered flip-flop clocked by core_clock)
Path Group: core_clock
Path Type: max

  Delay    Time   Description
---------------------------------------------------------
   0.00    0.00   clock core_clock (rise edge)
   0.00    0.00   clock network delay (ideal)
   0.00    0.00 ^ IR[17]$_SDFFE_PP0P_/CLK (sky130_fd_sc_hd__dfxtp_1)
   0.27    0.27 v IR[17]$_SDFFE_PP0P_/Q (sky130_fd_sc_hd__dfxtp_1)
   0.26    0.53 v place50/X (sky130_fd_sc_hd__buf_4)
   0.53    1.06 ^ _0991_/Y (sky130_fd_sc_hd__inv_2)
   0.11    1.17 v _1112_/Y (sky130_fd_sc_hd__nand2_1)
   0.37    1.53 ^ _1116_/Y (sky130_fd_sc_hd__a32oi_1)
   0.21    1.74 v _1132_/Y (sky130_fd_sc_hd__inv_1)
   0.29    2.03 v _1818_/COUT (sky130_fd_sc_hd__ha_1)
   0.39    2.42 v _1815_/COUT (sky130_fd_sc_hd__fa_1)
   0.06    2.48 ^ _1154_/Y (sky130_fd_sc_hd__inv_1)
   0.09    2.58 v _1155_/Y (sky130_fd_sc_hd__nand2_1)
   0.17    2.75 ^ _1223_/Y (sky130_fd_sc_hd__nand3_1)
   0.07    2.81 v _1226_/Y (sky130_fd_sc_hd__nand2_1)
   0.09    2.90 ^ _1227_/Y (sky130_fd_sc_hd__nand2_1)
   0.04    2.94 v _1228_/Y (sky130_fd_sc_hd__nor2_1)
   0.42    3.36 ^ _1229_/Y (sky130_fd_sc_hd__a2111oi_0)
   0.40    3.76 v _1230_/Y (sky130_fd_sc_hd__o21ai_0)
   0.00    3.76 v GPR[2][4]$_DFFE_PP_/D (sky130_fd_sc_hd__edfxtp_1)
           3.76   data arrival time

   9.06    9.06   clock core_clock (rise edge)
   0.00    9.06   clock network delay (ideal)
   0.00    9.06   clock reconvergence pessimism
           9.06 ^ GPR[2][4]$_DFFE_PP_/CLK (sky130_fd_sc_hd__edfxtp_1)
  -0.37    8.69   library setup time
           8.69   data required time
---------------------------------------------------------
           8.69   data required time
          -3.76   data arrival time
---------------------------------------------------------
           4.92   slack (MET)



==========================================================================
resizer report_checks -path_delay min reg to reg
--------------------------------------------------------------------------
Startpoint: count[0]$_SDFF_PP0_
            (rising edge-triggered flip-flop clocked by core_clock)
Endpoint: count[0]$_SDFF_PP0_
          (rising edge-triggered flip-flop clocked by core_clock)
Path Group: core_clock
Path Type: min

  Delay    Time   Description
---------------------------------------------------------
   0.00    0.00   clock core_clock (rise edge)
   0.00    0.00   clock network delay (ideal)
   0.00    0.00 ^ count[0]$_SDFF_PP0_/CLK (sky130_fd_sc_hd__dfxtp_1)
   0.31    0.31 ^ count[0]$_SDFF_PP0_/Q (sky130_fd_sc_hd__dfxtp_1)
   0.05    0.36 v _1725_/Y (sky130_fd_sc_hd__nor2_1)
   0.00    0.36 v count[0]$_SDFF_PP0_/D (sky130_fd_sc_hd__dfxtp_1)
           0.36   data arrival time

   0.00    0.00   clock core_clock (rise edge)
   0.00    0.00   clock network delay (ideal)
   0.00    0.00   clock reconvergence pessimism
           0.00 ^ count[0]$_SDFF_PP0_/CLK (sky130_fd_sc_hd__dfxtp_1)
  -0.06   -0.06   library hold time
          -0.06   data required time
---------------------------------------------------------
          -0.06   data required time
          -0.36   data arrival time
---------------------------------------------------------
           0.42   slack (MET)



==========================================================================
resizer critical path target clock latency max path
--------------------------------------------------------------------------
0.0000

==========================================================================
resizer critical path target clock latency min path
--------------------------------------------------------------------------
0.0000

==========================================================================
resizer critical path source clock latency min path
--------------------------------------------------------------------------
0.0000

==========================================================================
resizer critical path delay
--------------------------------------------------------------------------
4.8456

==========================================================================
resizer critical path slack
--------------------------------------------------------------------------
3.8851

==========================================================================
resizer slack div critical path delay
--------------------------------------------------------------------------
80.177893

==========================================================================
resizer report_power
--------------------------------------------------------------------------
Group                  Internal  Switching    Leakage      Total
                          Power      Power      Power      Power (Watts)
----------------------------------------------------------------
Sequential             4.47e-04   9.05e-06   7.45e-10   4.57e-04  78.3%
Combinational          4.03e-05   8.64e-05   2.57e-09   1.27e-04  21.7%
Clock                  0.00e+00   0.00e+00   0.00e+00   0.00e+00   0.0%
Macro                  0.00e+00   0.00e+00   0.00e+00   0.00e+00   0.0%
Pad                    0.00e+00   0.00e+00   0.00e+00   0.00e+00   0.0%
----------------------------------------------------------------
Total                  4.88e-04   9.54e-05   3.32e-09   5.83e-04 100.0%
                          83.6%      16.4%       0.0%
