
==========================================================================
cts final report_tns
--------------------------------------------------------------------------
tns max 0.00

==========================================================================
cts final report_wns
--------------------------------------------------------------------------
wns max 0.00

==========================================================================
cts final report_worst_slack
--------------------------------------------------------------------------
worst slack max 4.23

==========================================================================
cts final report_clock_min_period
--------------------------------------------------------------------------
core_clock period_min = 4.82 fmax = 207.43

==========================================================================
cts final report_clock_skew
--------------------------------------------------------------------------
Clock core_clock
   0.36 source latency IR[28]$_SDFFE_PP0P_/CLK ^
  -0.37 target latency GPR[2][9]$_DFFE_PP_/CLK ^
   0.00 CRPR
--------------
  -0.01 setup skew


==========================================================================
cts final report_checks -path_delay min
--------------------------------------------------------------------------
Startpoint: count[0]$_SDFF_PP0_
            (rising edge-triggered flip-flop clocked by core_clock)
Endpoint: count[0]$_SDFF_PP0_
          (rising edge-triggered flip-flop clocked by core_clock)
Path Group: core_clock
Path Type: min

Fanout     Cap    Slew   Delay    Time   Description
-----------------------------------------------------------------------------
                          0.00    0.00   clock core_clock (rise edge)
                          0.00    0.00   clock source latency
     1    0.03    0.00    0.00    0.00 ^ clk (in)
                                         clk (net)
                  0.00    0.00    0.00 ^ clkbuf_0_clk/A (sky130_fd_sc_hd__clkbuf_16)
     8    0.12    0.13    0.18    0.18 ^ clkbuf_0_clk/X (sky130_fd_sc_hd__clkbuf_16)
                                         clknet_0_clk (net)
                  0.13    0.00    0.18 ^ clkbuf_3_7__f_clk/A (sky130_fd_sc_hd__clkbuf_16)
    10    0.05    0.07    0.18    0.36 ^ clkbuf_3_7__f_clk/X (sky130_fd_sc_hd__clkbuf_16)
                                         clknet_3_7__leaf_clk (net)
                  0.07    0.00    0.36 ^ count[0]$_SDFF_PP0_/CLK (sky130_fd_sc_hd__dfxtp_1)
     2    0.01    0.08    0.34    0.70 ^ count[0]$_SDFF_PP0_/Q (sky130_fd_sc_hd__dfxtp_1)
                                         count[0] (net)
                  0.08    0.00    0.70 ^ _1725_/A (sky130_fd_sc_hd__nor2_1)
     1    0.00    0.03    0.05    0.75 v _1725_/Y (sky130_fd_sc_hd__nor2_1)
                                         _0162_ (net)
                  0.03    0.00    0.75 v count[0]$_SDFF_PP0_/D (sky130_fd_sc_hd__dfxtp_1)
                                  0.75   data arrival time

                          0.00    0.00   clock core_clock (rise edge)
                          0.00    0.00   clock source latency
     1    0.03    0.00    0.00    0.00 ^ clk (in)
                                         clk (net)
                  0.00    0.00    0.00 ^ clkbuf_0_clk/A (sky130_fd_sc_hd__clkbuf_16)
     8    0.12    0.13    0.18    0.18 ^ clkbuf_0_clk/X (sky130_fd_sc_hd__clkbuf_16)
                                         clknet_0_clk (net)
                  0.13    0.00    0.18 ^ clkbuf_3_7__f_clk/A (sky130_fd_sc_hd__clkbuf_16)
    10    0.05    0.07    0.18    0.36 ^ clkbuf_3_7__f_clk/X (sky130_fd_sc_hd__clkbuf_16)
                                         clknet_3_7__leaf_clk (net)
                  0.07    0.00    0.36 ^ count[0]$_SDFF_PP0_/CLK (sky130_fd_sc_hd__dfxtp_1)
                          0.00    0.36   clock reconvergence pessimism
                         -0.04    0.32   library hold time
                                  0.32   data required time
-----------------------------------------------------------------------------
                                  0.32   data required time
                                 -0.75   data arrival time
-----------------------------------------------------------------------------
                                  0.43   slack (MET)



==========================================================================
cts final report_checks -path_delay max
--------------------------------------------------------------------------
Startpoint: sys_rst (input port clocked by core_clock)
Endpoint: GPR[1][3]$_DFFE_PP_
          (rising edge-triggered flip-flop clocked by core_clock)
Path Group: core_clock
Path Type: max

Fanout     Cap    Slew   Delay    Time   Description
-----------------------------------------------------------------------------
                          0.00    0.00   clock core_clock (rise edge)
                          0.00    0.00   clock network delay (propagated)
                          1.81    1.81 v input external delay
     1    0.00    0.00    0.00    1.81 v sys_rst (in)
                                         sys_rst (net)
                  0.00    0.00    1.81 v input36/A (sky130_fd_sc_hd__clkdlybuf4s50_1)
    20    0.07    0.53    0.79    2.60 v input36/X (sky130_fd_sc_hd__clkdlybuf4s50_1)
                                         net35 (net)
                  0.53    0.00    2.60 v _0961_/A (sky130_fd_sc_hd__inv_1)
     6    0.02    0.23    0.32    2.92 ^ _0961_/Y (sky130_fd_sc_hd__inv_1)
                                         _0274_ (net)
                  0.23    0.00    2.92 ^ _0967_/B (sky130_fd_sc_hd__nand2_1)
     2    0.01    0.10    0.11    3.03 v _0967_/Y (sky130_fd_sc_hd__nand2_1)
                                         _0280_ (net)
                  0.10    0.00    3.03 v _0968_/B (sky130_fd_sc_hd__nor2_1)
     2    0.01    0.12    0.13    3.16 ^ _0968_/Y (sky130_fd_sc_hd__nor2_1)
                                         _0281_ (net)
                  0.12    0.00    3.16 ^ _0970_/A (sky130_fd_sc_hd__nand2_1)
    13    0.05    0.36    0.31    3.47 v _0970_/Y (sky130_fd_sc_hd__nand2_1)
                                         _0283_ (net)
                  0.36    0.00    3.47 v _0975_/B (sky130_fd_sc_hd__nand3_1)
     2    0.01    0.16    0.27    3.74 ^ _0975_/Y (sky130_fd_sc_hd__nand3_1)
                                         _0288_ (net)
                  0.16    0.00    3.74 ^ _0976_/B (sky130_fd_sc_hd__nand3b_1)
     2    0.01    0.09    0.12    3.86 v _0976_/Y (sky130_fd_sc_hd__nand3b_1)
                                         _0289_ (net)
                  0.09    0.00    3.86 v _0981_/B (sky130_fd_sc_hd__nor2_1)
     4    0.05    0.79    0.62    4.48 ^ _0981_/Y (sky130_fd_sc_hd__nor2_1)
                                         _0017_ (net)
                  0.79    0.00    4.48 ^ place44/A (sky130_fd_sc_hd__buf_4)
    13    0.09    0.25    0.39    4.87 ^ place44/X (sky130_fd_sc_hd__buf_4)
                                         net43 (net)
                  0.25    0.00    4.87 ^ GPR[1][3]$_DFFE_PP_/DE (sky130_fd_sc_hd__edfxtp_1)
                                  4.87   data arrival time

                          9.06    9.06   clock core_clock (rise edge)
                          0.00    9.06   clock source latency
     1    0.03    0.00    0.00    9.06 ^ clk (in)
                                         clk (net)
                  0.00    0.00    9.06 ^ clkbuf_0_clk/A (sky130_fd_sc_hd__clkbuf_16)
     8    0.12    0.13    0.18    9.24 ^ clkbuf_0_clk/X (sky130_fd_sc_hd__clkbuf_16)
                                         clknet_0_clk (net)
                  0.13    0.00    9.24 ^ clkbuf_3_1__f_clk/A (sky130_fd_sc_hd__clkbuf_16)
    12    0.05    0.07    0.18    9.42 ^ clkbuf_3_1__f_clk/X (sky130_fd_sc_hd__clkbuf_16)
                                         clknet_3_1__leaf_clk (net)
                  0.07    0.00    9.42 ^ GPR[1][3]$_DFFE_PP_/CLK (sky130_fd_sc_hd__edfxtp_1)
                          0.00    9.42   clock reconvergence pessimism
                         -0.31    9.11   library setup time
                                  9.11   data required time
-----------------------------------------------------------------------------
                                  9.11   data required time
                                 -4.87   data arrival time
-----------------------------------------------------------------------------
                                  4.23   slack (MET)



==========================================================================
cts final report_checks -unconstrained
--------------------------------------------------------------------------
Startpoint: sys_rst (input port clocked by core_clock)
Endpoint: GPR[1][3]$_DFFE_PP_
          (rising edge-triggered flip-flop clocked by core_clock)
Path Group: core_clock
Path Type: max

Fanout     Cap    Slew   Delay    Time   Description
-----------------------------------------------------------------------------
                          0.00    0.00   clock core_clock (rise edge)
                          0.00    0.00   clock network delay (propagated)
                          1.81    1.81 v input external delay
     1    0.00    0.00    0.00    1.81 v sys_rst (in)
                                         sys_rst (net)
                  0.00    0.00    1.81 v input36/A (sky130_fd_sc_hd__clkdlybuf4s50_1)
    20    0.07    0.53    0.79    2.60 v input36/X (sky130_fd_sc_hd__clkdlybuf4s50_1)
                                         net35 (net)
                  0.53    0.00    2.60 v _0961_/A (sky130_fd_sc_hd__inv_1)
     6    0.02    0.23    0.32    2.92 ^ _0961_/Y (sky130_fd_sc_hd__inv_1)
                                         _0274_ (net)
                  0.23    0.00    2.92 ^ _0967_/B (sky130_fd_sc_hd__nand2_1)
     2    0.01    0.10    0.11    3.03 v _0967_/Y (sky130_fd_sc_hd__nand2_1)
                                         _0280_ (net)
                  0.10    0.00    3.03 v _0968_/B (sky130_fd_sc_hd__nor2_1)
     2    0.01    0.12    0.13    3.16 ^ _0968_/Y (sky130_fd_sc_hd__nor2_1)
                                         _0281_ (net)
                  0.12    0.00    3.16 ^ _0970_/A (sky130_fd_sc_hd__nand2_1)
    13    0.05    0.36    0.31    3.47 v _0970_/Y (sky130_fd_sc_hd__nand2_1)
                                         _0283_ (net)
                  0.36    0.00    3.47 v _0975_/B (sky130_fd_sc_hd__nand3_1)
     2    0.01    0.16    0.27    3.74 ^ _0975_/Y (sky130_fd_sc_hd__nand3_1)
                                         _0288_ (net)
                  0.16    0.00    3.74 ^ _0976_/B (sky130_fd_sc_hd__nand3b_1)
     2    0.01    0.09    0.12    3.86 v _0976_/Y (sky130_fd_sc_hd__nand3b_1)
                                         _0289_ (net)
                  0.09    0.00    3.86 v _0981_/B (sky130_fd_sc_hd__nor2_1)
     4    0.05    0.79    0.62    4.48 ^ _0981_/Y (sky130_fd_sc_hd__nor2_1)
                                         _0017_ (net)
                  0.79    0.00    4.48 ^ place44/A (sky130_fd_sc_hd__buf_4)
    13    0.09    0.25    0.39    4.87 ^ place44/X (sky130_fd_sc_hd__buf_4)
                                         net43 (net)
                  0.25    0.00    4.87 ^ GPR[1][3]$_DFFE_PP_/DE (sky130_fd_sc_hd__edfxtp_1)
                                  4.87   data arrival time

                          9.06    9.06   clock core_clock (rise edge)
                          0.00    9.06   clock source latency
     1    0.03    0.00    0.00    9.06 ^ clk (in)
                                         clk (net)
                  0.00    0.00    9.06 ^ clkbuf_0_clk/A (sky130_fd_sc_hd__clkbuf_16)
     8    0.12    0.13    0.18    9.24 ^ clkbuf_0_clk/X (sky130_fd_sc_hd__clkbuf_16)
                                         clknet_0_clk (net)
                  0.13    0.00    9.24 ^ clkbuf_3_1__f_clk/A (sky130_fd_sc_hd__clkbuf_16)
    12    0.05    0.07    0.18    9.42 ^ clkbuf_3_1__f_clk/X (sky130_fd_sc_hd__clkbuf_16)
                                         clknet_3_1__leaf_clk (net)
                  0.07    0.00    9.42 ^ GPR[1][3]$_DFFE_PP_/CLK (sky130_fd_sc_hd__edfxtp_1)
                          0.00    9.42   clock reconvergence pessimism
                         -0.31    9.11   library setup time
                                  9.11   data required time
-----------------------------------------------------------------------------
                                  9.11   data required time
                                 -4.87   data arrival time
-----------------------------------------------------------------------------
                                  4.23   slack (MET)



==========================================================================
cts final report_check_types -max_slew -max_cap -max_fanout -violators
--------------------------------------------------------------------------

==========================================================================
cts final max_slew_check_slack
--------------------------------------------------------------------------
0.7045584321022034

==========================================================================
cts final max_slew_check_limit
--------------------------------------------------------------------------
1.4944789409637451

==========================================================================
cts final max_slew_check_slack_limit
--------------------------------------------------------------------------
0.4714

==========================================================================
cts final max_fanout_check_slack
--------------------------------------------------------------------------
1.0000000150474662e+30

==========================================================================
cts final max_fanout_check_limit
--------------------------------------------------------------------------
1.0000000150474662e+30

==========================================================================
cts final max_capacitance_check_slack
--------------------------------------------------------------------------
0.015143641270697117

==========================================================================
cts final max_capacitance_check_limit
--------------------------------------------------------------------------
0.021067000925540924

==========================================================================
cts final max_capacitance_check_slack_limit
--------------------------------------------------------------------------
0.7188

==========================================================================
cts final max_slew_violation_count
--------------------------------------------------------------------------
max slew violation count 0

==========================================================================
cts final max_fanout_violation_count
--------------------------------------------------------------------------
max fanout violation count 0

==========================================================================
cts final max_cap_violation_count
--------------------------------------------------------------------------
max cap violation count 0

==========================================================================
cts final setup_violation_count
--------------------------------------------------------------------------
setup violation count 0

==========================================================================
cts final hold_violation_count
--------------------------------------------------------------------------
hold violation count 0

==========================================================================
cts final report_checks -path_delay max reg to reg
--------------------------------------------------------------------------
Startpoint: IR[17]$_SDFFE_PP0P_
            (rising edge-triggered flip-flop clocked by core_clock)
Endpoint: GPR[0][15]$_DFFE_PP_
          (rising edge-triggered flip-flop clocked by core_clock)
Path Group: core_clock
Path Type: max

  Delay    Time   Description
---------------------------------------------------------
   0.00    0.00   clock core_clock (rise edge)
   0.00    0.00   clock source latency
   0.00    0.00 ^ clk (in)
   0.18    0.18 ^ clkbuf_0_clk/X (sky130_fd_sc_hd__clkbuf_16)
   0.18    0.36 ^ clkbuf_3_4__f_clk/X (sky130_fd_sc_hd__clkbuf_16)
   0.00    0.36 ^ IR[17]$_SDFFE_PP0P_/CLK (sky130_fd_sc_hd__dfxtp_1)
   0.30    0.66 v IR[17]$_SDFFE_PP0P_/Q (sky130_fd_sc_hd__dfxtp_1)
   0.26    0.92 v place50/X (sky130_fd_sc_hd__buf_4)
   0.52    1.44 ^ _0991_/Y (sky130_fd_sc_hd__inv_2)
   0.16    1.61 v _1103_/Y (sky130_fd_sc_hd__o21ai_0)
   0.53    2.13 ^ _1104_/Y (sky130_fd_sc_hd__o22ai_1)
   0.42    2.55 v _1829_/SUM (sky130_fd_sc_hd__ha_1)
   0.15    2.70 ^ _1156_/Y (sky130_fd_sc_hd__inv_1)
   0.11    2.80 v _1185_/Y (sky130_fd_sc_hd__nand3_1)
   0.06    2.87 ^ _1191_/Y (sky130_fd_sc_hd__inv_1)
   0.06    2.93 v _1192_/Y (sky130_fd_sc_hd__nor2_1)
   0.19    3.11 ^ _1243_/Y (sky130_fd_sc_hd__nor2_2)
   0.09    3.20 v _1384_/Y (sky130_fd_sc_hd__nand2_1)
   0.18    3.38 ^ _1385_/Y (sky130_fd_sc_hd__nor2_2)
   0.10    3.48 v _1597_/Y (sky130_fd_sc_hd__nand3_1)
   0.06    3.55 ^ _1598_/Y (sky130_fd_sc_hd__nand2_1)
   0.07    3.61 v _1600_/Y (sky130_fd_sc_hd__nand2_1)
   0.33    3.94 ^ _1614_/Y (sky130_fd_sc_hd__a221oi_1)
   0.25    4.20 v _1633_/Y (sky130_fd_sc_hd__nand3_1)
   0.00    4.20 v GPR[0][15]$_DFFE_PP_/D (sky130_fd_sc_hd__edfxtp_1)
           4.20   data arrival time

   9.06    9.06   clock core_clock (rise edge)
   0.00    9.06   clock source latency
   0.00    9.06 ^ clk (in)
   0.18    9.24 ^ clkbuf_0_clk/X (sky130_fd_sc_hd__clkbuf_16)
   0.18    9.42 ^ clkbuf_3_3__f_clk/X (sky130_fd_sc_hd__clkbuf_16)
   0.00    9.42 ^ GPR[0][15]$_DFFE_PP_/CLK (sky130_fd_sc_hd__edfxtp_1)
   0.00    9.42   clock reconvergence pessimism
  -0.31    9.11   library setup time
           9.11   data required time
---------------------------------------------------------
           9.11   data required time
          -4.20   data arrival time
---------------------------------------------------------
           4.91   slack (MET)



==========================================================================
cts final report_checks -path_delay min reg to reg
--------------------------------------------------------------------------
Startpoint: count[0]$_SDFF_PP0_
            (rising edge-triggered flip-flop clocked by core_clock)
Endpoint: count[0]$_SDFF_PP0_
          (rising edge-triggered flip-flop clocked by core_clock)
Path Group: core_clock
Path Type: min

  Delay    Time   Description
---------------------------------------------------------
   0.00    0.00   clock core_clock (rise edge)
   0.00    0.00   clock source latency
   0.00    0.00 ^ clk (in)
   0.18    0.18 ^ clkbuf_0_clk/X (sky130_fd_sc_hd__clkbuf_16)
   0.18    0.36 ^ clkbuf_3_7__f_clk/X (sky130_fd_sc_hd__clkbuf_16)
   0.00    0.36 ^ count[0]$_SDFF_PP0_/CLK (sky130_fd_sc_hd__dfxtp_1)
   0.34    0.70 ^ count[0]$_SDFF_PP0_/Q (sky130_fd_sc_hd__dfxtp_1)
   0.05    0.75 v _1725_/Y (sky130_fd_sc_hd__nor2_1)
   0.00    0.75 v count[0]$_SDFF_PP0_/D (sky130_fd_sc_hd__dfxtp_1)
           0.75   data arrival time

   0.00    0.00   clock core_clock (rise edge)
   0.00    0.00   clock source latency
   0.00    0.00 ^ clk (in)
   0.18    0.18 ^ clkbuf_0_clk/X (sky130_fd_sc_hd__clkbuf_16)
   0.18    0.36 ^ clkbuf_3_7__f_clk/X (sky130_fd_sc_hd__clkbuf_16)
   0.00    0.36 ^ count[0]$_SDFF_PP0_/CLK (sky130_fd_sc_hd__dfxtp_1)
   0.00    0.36   clock reconvergence pessimism
  -0.04    0.32   library hold time
           0.32   data required time
---------------------------------------------------------
           0.32   data required time
          -0.75   data arrival time
---------------------------------------------------------
           0.43   slack (MET)



==========================================================================
cts final critical path target clock latency max path
--------------------------------------------------------------------------
0.3622

==========================================================================
cts final critical path target clock latency min path
--------------------------------------------------------------------------
0.3593

==========================================================================
cts final critical path source clock latency min path
--------------------------------------------------------------------------
0.0000

==========================================================================
cts final critical path delay
--------------------------------------------------------------------------
4.8740

==========================================================================
cts final critical path slack
--------------------------------------------------------------------------
4.2345

==========================================================================
cts final slack div critical path delay
--------------------------------------------------------------------------
86.879360

==========================================================================
cts final report_power
--------------------------------------------------------------------------
Group                  Internal  Switching    Leakage      Total
                          Power      Power      Power      Power (Watts)
----------------------------------------------------------------
Sequential             4.38e-04   9.08e-06   7.45e-10   4.47e-04  47.0%
Combinational          4.03e-05   8.72e-05   2.57e-09   1.28e-04  13.4%
Clock                  1.91e-04   1.85e-04   1.37e-10   3.76e-04  39.6%
Macro                  0.00e+00   0.00e+00   0.00e+00   0.00e+00   0.0%
Pad                    0.00e+00   0.00e+00   0.00e+00   0.00e+00   0.0%
----------------------------------------------------------------
Total                  6.70e-04   2.82e-04   3.46e-09   9.51e-04 100.0%
                          70.4%      29.6%       0.0%
