
==========================================================================
global route report_tns
--------------------------------------------------------------------------
tns max 0.00

==========================================================================
global route report_wns
--------------------------------------------------------------------------
wns max 0.00

==========================================================================
global route report_worst_slack
--------------------------------------------------------------------------
worst slack max 3.92

==========================================================================
global route report_clock_min_period
--------------------------------------------------------------------------
core_clock period_min = 5.14 fmax = 194.59

==========================================================================
global route report_clock_skew
--------------------------------------------------------------------------
Clock core_clock
   0.36 source latency IR[16]$_SDFFE_PP0P_/CLK ^
  -0.38 target latency GPR[3][12]$_DFFE_PP_/CLK ^
   0.00 CRPR
--------------
  -0.01 setup skew


==========================================================================
global route report_checks -path_delay min
--------------------------------------------------------------------------
Startpoint: count[0]$_SDFF_PP0_
            (rising edge-triggered flip-flop clocked by core_clock)
Endpoint: count[0]$_SDFF_PP0_
          (rising edge-triggered flip-flop clocked by core_clock)
Path Group: core_clock
Path Type: min

Fanout     Cap    Slew   Delay    Time   Description
-----------------------------------------------------------------------------
                          0.00    0.00   clock core_clock (rise edge)
                          0.00    0.00   clock source latency
     1    0.03    0.00    0.00    0.00 ^ clk (in)
                                         clk (net)
                  0.00    0.00    0.00 ^ clkbuf_0_clk/A (sky130_fd_sc_hd__clkbuf_16)
     8    0.12    0.13    0.18    0.18 ^ clkbuf_0_clk/X (sky130_fd_sc_hd__clkbuf_16)
                                         clknet_0_clk (net)
                  0.13    0.00    0.18 ^ clkbuf_3_7__f_clk/A (sky130_fd_sc_hd__clkbuf_16)
    10    0.06    0.07    0.18    0.37 ^ clkbuf_3_7__f_clk/X (sky130_fd_sc_hd__clkbuf_16)
                                         clknet_3_7__leaf_clk (net)
                  0.07    0.00    0.37 ^ count[0]$_SDFF_PP0_/CLK (sky130_fd_sc_hd__dfxtp_1)
     2    0.01    0.10    0.36    0.72 ^ count[0]$_SDFF_PP0_/Q (sky130_fd_sc_hd__dfxtp_1)
                                         count[0] (net)
                  0.10    0.00    0.73 ^ _1725_/A (sky130_fd_sc_hd__nor2_1)
     1    0.00    0.04    0.06    0.79 v _1725_/Y (sky130_fd_sc_hd__nor2_1)
                                         _0162_ (net)
                  0.04    0.00    0.79 v count[0]$_SDFF_PP0_/D (sky130_fd_sc_hd__dfxtp_1)
                                  0.79   data arrival time

                          0.00    0.00   clock core_clock (rise edge)
                          0.00    0.00   clock source latency
     1    0.03    0.00    0.00    0.00 ^ clk (in)
                                         clk (net)
                  0.00    0.00    0.00 ^ clkbuf_0_clk/A (sky130_fd_sc_hd__clkbuf_16)
     8    0.12    0.13    0.18    0.18 ^ clkbuf_0_clk/X (sky130_fd_sc_hd__clkbuf_16)
                                         clknet_0_clk (net)
                  0.13    0.00    0.18 ^ clkbuf_3_7__f_clk/A (sky130_fd_sc_hd__clkbuf_16)
    10    0.06    0.07    0.18    0.37 ^ clkbuf_3_7__f_clk/X (sky130_fd_sc_hd__clkbuf_16)
                                         clknet_3_7__leaf_clk (net)
                  0.07    0.00    0.37 ^ count[0]$_SDFF_PP0_/CLK (sky130_fd_sc_hd__dfxtp_1)
                          0.00    0.37   clock reconvergence pessimism
                         -0.04    0.32   library hold time
                                  0.32   data required time
-----------------------------------------------------------------------------
                                  0.32   data required time
                                 -0.79   data arrival time
-----------------------------------------------------------------------------
                                  0.46   slack (MET)



==========================================================================
global route report_checks -path_delay max
--------------------------------------------------------------------------
Startpoint: sys_rst (input port clocked by core_clock)
Endpoint: GPR[0][4]$_DFFE_PP_
          (rising edge-triggered flip-flop clocked by core_clock)
Path Group: core_clock
Path Type: max

Fanout     Cap    Slew   Delay    Time   Description
-----------------------------------------------------------------------------
                          0.00    0.00   clock core_clock (rise edge)
                          0.00    0.00   clock network delay (propagated)
                          1.81    1.81 ^ input external delay
     1    0.01    0.00    0.00    1.81 ^ sys_rst (in)
                                         sys_rst (net)
                  0.00    0.00    1.81 ^ input36/A (sky130_fd_sc_hd__clkdlybuf4s50_1)
    20    0.08    0.80    0.99    2.80 ^ input36/X (sky130_fd_sc_hd__clkdlybuf4s50_1)
                                         net35 (net)
                  0.80    0.00    2.80 ^ _0961_/A (sky130_fd_sc_hd__inv_1)
     6    0.02    0.23    0.27    3.08 v _0961_/Y (sky130_fd_sc_hd__inv_1)
                                         _0274_ (net)
                  0.23    0.00    3.08 v _0967_/B (sky130_fd_sc_hd__nand2_1)
     2    0.01    0.11    0.17    3.25 ^ _0967_/Y (sky130_fd_sc_hd__nand2_1)
                                         _0280_ (net)
                  0.11    0.00    3.25 ^ _0973_/B (sky130_fd_sc_hd__nor2_1)
     4    0.01    0.07    0.09    3.34 v _0973_/Y (sky130_fd_sc_hd__nor2_1)
                                         _0286_ (net)
                  0.07    0.00    3.34 v _1131_/A (sky130_fd_sc_hd__nand2_1)
    10    0.05    0.43    0.34    3.68 ^ _1131_/Y (sky130_fd_sc_hd__nand2_1)
                                         _0423_ (net)
                  0.43    0.00    3.68 ^ _1140_/A (sky130_fd_sc_hd__inv_1)
     7    0.03    0.19    0.26    3.94 v _1140_/Y (sky130_fd_sc_hd__inv_1)
                                         _0429_ (net)
                  0.19    0.00    3.94 v _1229_/A1 (sky130_fd_sc_hd__a2111oi_0)
     1    0.01    0.70    0.69    4.63 ^ _1229_/Y (sky130_fd_sc_hd__a2111oi_0)
                                         _0514_ (net)
                  0.70    0.00    4.63 ^ _1230_/B1 (sky130_fd_sc_hd__o21ai_0)
     4    0.02    0.39    0.51    5.13 v _1230_/Y (sky130_fd_sc_hd__o21ai_0)
                                         _0010_ (net)
                  0.39    0.00    5.13 v GPR[0][4]$_DFFE_PP_/D (sky130_fd_sc_hd__edfxtp_1)
                                  5.13   data arrival time

                          9.06    9.06   clock core_clock (rise edge)
                          0.00    9.06   clock source latency
     1    0.03    0.00    0.00    9.06 ^ clk (in)
                                         clk (net)
                  0.00    0.00    9.06 ^ clkbuf_0_clk/A (sky130_fd_sc_hd__clkbuf_16)
     8    0.12    0.13    0.18    9.24 ^ clkbuf_0_clk/X (sky130_fd_sc_hd__clkbuf_16)
                                         clknet_0_clk (net)
                  0.13    0.00    9.24 ^ clkbuf_3_0__f_clk/A (sky130_fd_sc_hd__clkbuf_16)
    16    0.06    0.07    0.18    9.42 ^ clkbuf_3_0__f_clk/X (sky130_fd_sc_hd__clkbuf_16)
                                         clknet_3_0__leaf_clk (net)
                  0.07    0.00    9.42 ^ GPR[0][4]$_DFFE_PP_/CLK (sky130_fd_sc_hd__edfxtp_1)
                          0.00    9.42   clock reconvergence pessimism
                         -0.38    9.05   library setup time
                                  9.05   data required time
-----------------------------------------------------------------------------
                                  9.05   data required time
                                 -5.13   data arrival time
-----------------------------------------------------------------------------
                                  3.92   slack (MET)



==========================================================================
global route report_checks -unconstrained
--------------------------------------------------------------------------
Startpoint: sys_rst (input port clocked by core_clock)
Endpoint: GPR[0][4]$_DFFE_PP_
          (rising edge-triggered flip-flop clocked by core_clock)
Path Group: core_clock
Path Type: max

Fanout     Cap    Slew   Delay    Time   Description
-----------------------------------------------------------------------------
                          0.00    0.00   clock core_clock (rise edge)
                          0.00    0.00   clock network delay (propagated)
                          1.81    1.81 ^ input external delay
     1    0.01    0.00    0.00    1.81 ^ sys_rst (in)
                                         sys_rst (net)
                  0.00    0.00    1.81 ^ input36/A (sky130_fd_sc_hd__clkdlybuf4s50_1)
    20    0.08    0.80    0.99    2.80 ^ input36/X (sky130_fd_sc_hd__clkdlybuf4s50_1)
                                         net35 (net)
                  0.80    0.00    2.80 ^ _0961_/A (sky130_fd_sc_hd__inv_1)
     6    0.02    0.23    0.27    3.08 v _0961_/Y (sky130_fd_sc_hd__inv_1)
                                         _0274_ (net)
                  0.23    0.00    3.08 v _0967_/B (sky130_fd_sc_hd__nand2_1)
     2    0.01    0.11    0.17    3.25 ^ _0967_/Y (sky130_fd_sc_hd__nand2_1)
                                         _0280_ (net)
                  0.11    0.00    3.25 ^ _0973_/B (sky130_fd_sc_hd__nor2_1)
     4    0.01    0.07    0.09    3.34 v _0973_/Y (sky130_fd_sc_hd__nor2_1)
                                         _0286_ (net)
                  0.07    0.00    3.34 v _1131_/A (sky130_fd_sc_hd__nand2_1)
    10    0.05    0.43    0.34    3.68 ^ _1131_/Y (sky130_fd_sc_hd__nand2_1)
                                         _0423_ (net)
                  0.43    0.00    3.68 ^ _1140_/A (sky130_fd_sc_hd__inv_1)
     7    0.03    0.19    0.26    3.94 v _1140_/Y (sky130_fd_sc_hd__inv_1)
                                         _0429_ (net)
                  0.19    0.00    3.94 v _1229_/A1 (sky130_fd_sc_hd__a2111oi_0)
     1    0.01    0.70    0.69    4.63 ^ _1229_/Y (sky130_fd_sc_hd__a2111oi_0)
                                         _0514_ (net)
                  0.70    0.00    4.63 ^ _1230_/B1 (sky130_fd_sc_hd__o21ai_0)
     4    0.02    0.39    0.51    5.13 v _1230_/Y (sky130_fd_sc_hd__o21ai_0)
                                         _0010_ (net)
                  0.39    0.00    5.13 v GPR[0][4]$_DFFE_PP_/D (sky130_fd_sc_hd__edfxtp_1)
                                  5.13   data arrival time

                          9.06    9.06   clock core_clock (rise edge)
                          0.00    9.06   clock source latency
     1    0.03    0.00    0.00    9.06 ^ clk (in)
                                         clk (net)
                  0.00    0.00    9.06 ^ clkbuf_0_clk/A (sky130_fd_sc_hd__clkbuf_16)
     8    0.12    0.13    0.18    9.24 ^ clkbuf_0_clk/X (sky130_fd_sc_hd__clkbuf_16)
                                         clknet_0_clk (net)
                  0.13    0.00    9.24 ^ clkbuf_3_0__f_clk/A (sky130_fd_sc_hd__clkbuf_16)
    16    0.06    0.07    0.18    9.42 ^ clkbuf_3_0__f_clk/X (sky130_fd_sc_hd__clkbuf_16)
                                         clknet_3_0__leaf_clk (net)
                  0.07    0.00    9.42 ^ GPR[0][4]$_DFFE_PP_/CLK (sky130_fd_sc_hd__edfxtp_1)
                          0.00    9.42   clock reconvergence pessimism
                         -0.38    9.05   library setup time
                                  9.05   data required time
-----------------------------------------------------------------------------
                                  9.05   data required time
                                 -5.13   data arrival time
-----------------------------------------------------------------------------
                                  3.92   slack (MET)



==========================================================================
global route report_check_types -max_slew -max_cap -max_fanout -violators
--------------------------------------------------------------------------

==========================================================================
global route max_slew_check_slack
--------------------------------------------------------------------------
0.6974852085113525

==========================================================================
global route max_slew_check_limit
--------------------------------------------------------------------------
1.4953149557113647

==========================================================================
global route max_slew_check_slack_limit
--------------------------------------------------------------------------
0.4664

==========================================================================
global route max_fanout_check_slack
--------------------------------------------------------------------------
1.0000000150474662e+30

==========================================================================
global route max_fanout_check_limit
--------------------------------------------------------------------------
1.0000000150474662e+30

==========================================================================
global route max_capacitance_check_slack
--------------------------------------------------------------------------
0.011985166929662228

==========================================================================
global route max_capacitance_check_limit
--------------------------------------------------------------------------
0.021067000925540924

==========================================================================
global route max_capacitance_check_slack_limit
--------------------------------------------------------------------------
0.5689

==========================================================================
global route max_slew_violation_count
--------------------------------------------------------------------------
max slew violation count 0

==========================================================================
global route max_fanout_violation_count
--------------------------------------------------------------------------
max fanout violation count 0

==========================================================================
global route max_cap_violation_count
--------------------------------------------------------------------------
max cap violation count 0

==========================================================================
global route setup_violation_count
--------------------------------------------------------------------------
setup violation count 0

==========================================================================
global route hold_violation_count
--------------------------------------------------------------------------
hold violation count 0

==========================================================================
global route report_checks -path_delay max reg to reg
--------------------------------------------------------------------------
Startpoint: IR[17]$_SDFFE_PP0P_
            (rising edge-triggered flip-flop clocked by core_clock)
Endpoint: GPR[0][4]$_DFFE_PP_
          (rising edge-triggered flip-flop clocked by core_clock)
Path Group: core_clock
Path Type: max

  Delay    Time   Description
---------------------------------------------------------
   0.00    0.00   clock core_clock (rise edge)
   0.00    0.00   clock source latency
   0.00    0.00 ^ clk (in)
   0.18    0.18 ^ clkbuf_0_clk/X (sky130_fd_sc_hd__clkbuf_16)
   0.18    0.36 ^ clkbuf_3_4__f_clk/X (sky130_fd_sc_hd__clkbuf_16)
   0.00    0.37 ^ IR[17]$_SDFFE_PP0P_/CLK (sky130_fd_sc_hd__dfxtp_1)
   0.30    0.67 v IR[17]$_SDFFE_PP0P_/Q (sky130_fd_sc_hd__dfxtp_1)
   0.27    0.94 v place50/X (sky130_fd_sc_hd__buf_4)
   0.57    1.51 ^ _0991_/Y (sky130_fd_sc_hd__inv_2)
   0.13    1.64 v _1112_/Y (sky130_fd_sc_hd__nand2_1)
   0.41    2.05 ^ _1116_/Y (sky130_fd_sc_hd__a32oi_1)
   0.23    2.27 v _1132_/Y (sky130_fd_sc_hd__inv_1)
   0.30    2.57 v _1818_/COUT (sky130_fd_sc_hd__ha_1)
   0.39    2.96 v _1815_/COUT (sky130_fd_sc_hd__fa_1)
   0.07    3.03 ^ _1154_/Y (sky130_fd_sc_hd__inv_1)
   0.12    3.15 v _1155_/Y (sky130_fd_sc_hd__nand2_1)
   0.20    3.35 ^ _1223_/Y (sky130_fd_sc_hd__nand3_1)
   0.08    3.42 v _1226_/Y (sky130_fd_sc_hd__nand2_1)
   0.10    3.52 ^ _1227_/Y (sky130_fd_sc_hd__nand2_1)
   0.05    3.57 v _1228_/Y (sky130_fd_sc_hd__nor2_1)
   0.56    4.13 ^ _1229_/Y (sky130_fd_sc_hd__a2111oi_0)
   0.51    4.64 v _1230_/Y (sky130_fd_sc_hd__o21ai_0)
   0.00    4.64 v GPR[0][4]$_DFFE_PP_/D (sky130_fd_sc_hd__edfxtp_1)
           4.64   data arrival time

   9.06    9.06   clock core_clock (rise edge)
   0.00    9.06   clock source latency
   0.00    9.06 ^ clk (in)
   0.18    9.24 ^ clkbuf_0_clk/X (sky130_fd_sc_hd__clkbuf_16)
   0.19    9.42 ^ clkbuf_3_0__f_clk/X (sky130_fd_sc_hd__clkbuf_16)
   0.00    9.42 ^ GPR[0][4]$_DFFE_PP_/CLK (sky130_fd_sc_hd__edfxtp_1)
   0.00    9.42   clock reconvergence pessimism
  -0.38    9.05   library setup time
           9.05   data required time
---------------------------------------------------------
           9.05   data required time
          -4.64   data arrival time
---------------------------------------------------------
           4.41   slack (MET)



==========================================================================
global route report_checks -path_delay min reg to reg
--------------------------------------------------------------------------
Startpoint: count[0]$_SDFF_PP0_
            (rising edge-triggered flip-flop clocked by core_clock)
Endpoint: count[0]$_SDFF_PP0_
          (rising edge-triggered flip-flop clocked by core_clock)
Path Group: core_clock
Path Type: min

  Delay    Time   Description
---------------------------------------------------------
   0.00    0.00   clock core_clock (rise edge)
   0.00    0.00   clock source latency
   0.00    0.00 ^ clk (in)
   0.18    0.18 ^ clkbuf_0_clk/X (sky130_fd_sc_hd__clkbuf_16)
   0.19    0.37 ^ clkbuf_3_7__f_clk/X (sky130_fd_sc_hd__clkbuf_16)
   0.00    0.37 ^ count[0]$_SDFF_PP0_/CLK (sky130_fd_sc_hd__dfxtp_1)
   0.36    0.72 ^ count[0]$_SDFF_PP0_/Q (sky130_fd_sc_hd__dfxtp_1)
   0.06    0.79 v _1725_/Y (sky130_fd_sc_hd__nor2_1)
   0.00    0.79 v count[0]$_SDFF_PP0_/D (sky130_fd_sc_hd__dfxtp_1)
           0.79   data arrival time

   0.00    0.00   clock core_clock (rise edge)
   0.00    0.00   clock source latency
   0.00    0.00 ^ clk (in)
   0.18    0.18 ^ clkbuf_0_clk/X (sky130_fd_sc_hd__clkbuf_16)
   0.19    0.37 ^ clkbuf_3_7__f_clk/X (sky130_fd_sc_hd__clkbuf_16)
   0.00    0.37 ^ count[0]$_SDFF_PP0_/CLK (sky130_fd_sc_hd__dfxtp_1)
   0.00    0.37   clock reconvergence pessimism
  -0.04    0.32   library hold time
           0.32   data required time
---------------------------------------------------------
           0.32   data required time
          -0.79   data arrival time
---------------------------------------------------------
           0.46   slack (MET)



==========================================================================
global route critical path target clock latency max path
--------------------------------------------------------------------------
0.3692

==========================================================================
global route critical path target clock latency min path
--------------------------------------------------------------------------
0.3647

==========================================================================
global route critical path source clock latency min path
--------------------------------------------------------------------------
0.0000

==========================================================================
global route critical path delay
--------------------------------------------------------------------------
5.1326

==========================================================================
global route critical path slack
--------------------------------------------------------------------------
3.9165

==========================================================================
global route slack div critical path delay
--------------------------------------------------------------------------
76.306355

==========================================================================
global route report_power
--------------------------------------------------------------------------
Group                  Internal  Switching    Leakage      Total
                          Power      Power      Power      Power (Watts)
----------------------------------------------------------------
Sequential             4.38e-04   1.04e-05   7.45e-10   4.48e-04  45.5%
Combinational          4.11e-05   1.06e-04   2.57e-09   1.47e-04  14.9%
Clock                  1.92e-04   1.99e-04   1.37e-10   3.91e-04  39.6%
Macro                  0.00e+00   0.00e+00   0.00e+00   0.00e+00   0.0%
Pad                    0.00e+00   0.00e+00   0.00e+00   0.00e+00   0.0%
----------------------------------------------------------------
Total                  6.71e-04   3.16e-04   3.46e-09   9.86e-04 100.0%
                          68.0%      32.0%       0.0%
