
==========================================================================
finish report_tns
--------------------------------------------------------------------------
tns max 0.00

==========================================================================
finish report_wns
--------------------------------------------------------------------------
wns max 0.00

==========================================================================
finish report_worst_slack
--------------------------------------------------------------------------
worst slack max 4.18

==========================================================================
finish report_clock_min_period
--------------------------------------------------------------------------
core_clock period_min = 4.87 fmax = 205.19

==========================================================================
finish report_clock_skew
--------------------------------------------------------------------------
Clock core_clock
   0.36 source latency GPR[3][12]$_DFFE_PP_/CLK ^
  -0.35 target latency GPR[0][13]$_DFFE_PP_/CLK ^
   0.00 CRPR
--------------
   0.01 setup skew


==========================================================================
finish report_checks -path_delay min
--------------------------------------------------------------------------
Startpoint: count[0]$_SDFF_PP0_
            (rising edge-triggered flip-flop clocked by core_clock)
Endpoint: count[0]$_SDFF_PP0_
          (rising edge-triggered flip-flop clocked by core_clock)
Path Group: core_clock
Path Type: min

Fanout     Cap    Slew   Delay    Time   Description
-----------------------------------------------------------------------------
                          0.00    0.00   clock core_clock (rise edge)
                          0.00    0.00   clock source latency
     1    0.03    0.00    0.00    0.00 ^ clk (in)
                                         clk (net)
                  0.00    0.00    0.00 ^ clkbuf_0_clk/A (sky130_fd_sc_hd__clkbuf_16)
     8    0.11    0.12    0.17    0.17 ^ clkbuf_0_clk/X (sky130_fd_sc_hd__clkbuf_16)
                                         clknet_0_clk (net)
                  0.12    0.00    0.18 ^ clkbuf_3_7__f_clk/A (sky130_fd_sc_hd__clkbuf_16)
    10    0.05    0.07    0.18    0.35 ^ clkbuf_3_7__f_clk/X (sky130_fd_sc_hd__clkbuf_16)
                                         clknet_3_7__leaf_clk (net)
                  0.07    0.00    0.35 ^ count[0]$_SDFF_PP0_/CLK (sky130_fd_sc_hd__dfxtp_1)
     2    0.01    0.07    0.33    0.69 ^ count[0]$_SDFF_PP0_/Q (sky130_fd_sc_hd__dfxtp_1)
                                         count[0] (net)
                  0.07    0.00    0.69 ^ _1725_/A (sky130_fd_sc_hd__nor2_1)
     1    0.00    0.03    0.05    0.73 v _1725_/Y (sky130_fd_sc_hd__nor2_1)
                                         _0162_ (net)
                  0.03    0.00    0.73 v count[0]$_SDFF_PP0_/D (sky130_fd_sc_hd__dfxtp_1)
                                  0.73   data arrival time

                          0.00    0.00   clock core_clock (rise edge)
                          0.00    0.00   clock source latency
     1    0.03    0.00    0.00    0.00 ^ clk (in)
                                         clk (net)
                  0.00    0.00    0.00 ^ clkbuf_0_clk/A (sky130_fd_sc_hd__clkbuf_16)
     8    0.11    0.12    0.17    0.17 ^ clkbuf_0_clk/X (sky130_fd_sc_hd__clkbuf_16)
                                         clknet_0_clk (net)
                  0.12    0.00    0.18 ^ clkbuf_3_7__f_clk/A (sky130_fd_sc_hd__clkbuf_16)
    10    0.05    0.07    0.18    0.35 ^ clkbuf_3_7__f_clk/X (sky130_fd_sc_hd__clkbuf_16)
                                         clknet_3_7__leaf_clk (net)
                  0.07    0.00    0.35 ^ count[0]$_SDFF_PP0_/CLK (sky130_fd_sc_hd__dfxtp_1)
                          0.00    0.35   clock reconvergence pessimism
                         -0.04    0.31   library hold time
                                  0.31   data required time
-----------------------------------------------------------------------------
                                  0.31   data required time
                                 -0.73   data arrival time
-----------------------------------------------------------------------------
                                  0.42   slack (MET)



==========================================================================
finish report_checks -path_delay max
--------------------------------------------------------------------------
Startpoint: sys_rst (input port clocked by core_clock)
Endpoint: GPR[1][12]$_DFFE_PP_
          (rising edge-triggered flip-flop clocked by core_clock)
Path Group: core_clock
Path Type: max

Fanout     Cap    Slew   Delay    Time   Description
-----------------------------------------------------------------------------
                          0.00    0.00   clock core_clock (rise edge)
                          0.00    0.00   clock network delay (propagated)
                          1.81    1.81 v input external delay
     1    0.00    0.00    0.00    1.81 v sys_rst (in)
                                         sys_rst (net)
                  0.00    0.00    1.81 v input36/A (sky130_fd_sc_hd__clkdlybuf4s50_1)
    20    0.07    0.54    0.80    2.61 v input36/X (sky130_fd_sc_hd__clkdlybuf4s50_1)
                                         net35 (net)
                  0.54    0.00    2.61 v _0961_/A (sky130_fd_sc_hd__inv_1)
     6    0.02    0.24    0.33    2.95 ^ _0961_/Y (sky130_fd_sc_hd__inv_1)
                                         _0274_ (net)
                  0.24    0.00    2.95 ^ _0967_/B (sky130_fd_sc_hd__nand2_1)
     2    0.01    0.10    0.11    3.06 v _0967_/Y (sky130_fd_sc_hd__nand2_1)
                                         _0280_ (net)
                  0.10    0.00    3.06 v _0968_/B (sky130_fd_sc_hd__nor2_1)
     2    0.01    0.12    0.13    3.19 ^ _0968_/Y (sky130_fd_sc_hd__nor2_1)
                                         _0281_ (net)
                  0.12    0.00    3.19 ^ _0970_/A (sky130_fd_sc_hd__nand2_1)
    13    0.05    0.39    0.33    3.52 v _0970_/Y (sky130_fd_sc_hd__nand2_1)
                                         _0283_ (net)
                  0.39    0.00    3.52 v _0975_/B (sky130_fd_sc_hd__nand3_1)
     2    0.01    0.16    0.27    3.79 ^ _0975_/Y (sky130_fd_sc_hd__nand3_1)
                                         _0288_ (net)
                  0.16    0.00    3.79 ^ _0976_/B (sky130_fd_sc_hd__nand3b_1)
     2    0.01    0.09    0.12    3.91 v _0976_/Y (sky130_fd_sc_hd__nand3b_1)
                                         _0289_ (net)
                  0.09    0.00    3.91 v _0981_/B (sky130_fd_sc_hd__nor2_1)
     4    0.05    0.80    0.62    4.53 ^ _0981_/Y (sky130_fd_sc_hd__nor2_1)
                                         _0017_ (net)
                  0.80    0.00    4.53 ^ place44/A (sky130_fd_sc_hd__buf_4)
    13    0.08    0.23    0.38    4.91 ^ place44/X (sky130_fd_sc_hd__buf_4)
                                         net43 (net)
                  0.23    0.01    4.92 ^ GPR[1][12]$_DFFE_PP_/DE (sky130_fd_sc_hd__edfxtp_1)
                                  4.92   data arrival time

                          9.06    9.06   clock core_clock (rise edge)
                          0.00    9.06   clock source latency
     1    0.03    0.00    0.00    9.06 ^ clk (in)
                                         clk (net)
                  0.00    0.00    9.06 ^ clkbuf_0_clk/A (sky130_fd_sc_hd__clkbuf_16)
     8    0.11    0.12    0.17    9.23 ^ clkbuf_0_clk/X (sky130_fd_sc_hd__clkbuf_16)
                                         clknet_0_clk (net)
                  0.12    0.00    9.23 ^ clkbuf_3_3__f_clk/A (sky130_fd_sc_hd__clkbuf_16)
    11    0.05    0.07    0.17    9.41 ^ clkbuf_3_3__f_clk/X (sky130_fd_sc_hd__clkbuf_16)
                                         clknet_3_3__leaf_clk (net)
                  0.07    0.00    9.41 ^ GPR[1][12]$_DFFE_PP_/CLK (sky130_fd_sc_hd__edfxtp_1)
                          0.00    9.41   clock reconvergence pessimism
                         -0.31    9.10   library setup time
                                  9.10   data required time
-----------------------------------------------------------------------------
                                  9.10   data required time
                                 -4.92   data arrival time
-----------------------------------------------------------------------------
                                  4.18   slack (MET)



==========================================================================
finish report_checks -unconstrained
--------------------------------------------------------------------------
Startpoint: sys_rst (input port clocked by core_clock)
Endpoint: GPR[1][12]$_DFFE_PP_
          (rising edge-triggered flip-flop clocked by core_clock)
Path Group: core_clock
Path Type: max

Fanout     Cap    Slew   Delay    Time   Description
-----------------------------------------------------------------------------
                          0.00    0.00   clock core_clock (rise edge)
                          0.00    0.00   clock network delay (propagated)
                          1.81    1.81 v input external delay
     1    0.00    0.00    0.00    1.81 v sys_rst (in)
                                         sys_rst (net)
                  0.00    0.00    1.81 v input36/A (sky130_fd_sc_hd__clkdlybuf4s50_1)
    20    0.07    0.54    0.80    2.61 v input36/X (sky130_fd_sc_hd__clkdlybuf4s50_1)
                                         net35 (net)
                  0.54    0.00    2.61 v _0961_/A (sky130_fd_sc_hd__inv_1)
     6    0.02    0.24    0.33    2.95 ^ _0961_/Y (sky130_fd_sc_hd__inv_1)
                                         _0274_ (net)
                  0.24    0.00    2.95 ^ _0967_/B (sky130_fd_sc_hd__nand2_1)
     2    0.01    0.10    0.11    3.06 v _0967_/Y (sky130_fd_sc_hd__nand2_1)
                                         _0280_ (net)
                  0.10    0.00    3.06 v _0968_/B (sky130_fd_sc_hd__nor2_1)
     2    0.01    0.12    0.13    3.19 ^ _0968_/Y (sky130_fd_sc_hd__nor2_1)
                                         _0281_ (net)
                  0.12    0.00    3.19 ^ _0970_/A (sky130_fd_sc_hd__nand2_1)
    13    0.05    0.39    0.33    3.52 v _0970_/Y (sky130_fd_sc_hd__nand2_1)
                                         _0283_ (net)
                  0.39    0.00    3.52 v _0975_/B (sky130_fd_sc_hd__nand3_1)
     2    0.01    0.16    0.27    3.79 ^ _0975_/Y (sky130_fd_sc_hd__nand3_1)
                                         _0288_ (net)
                  0.16    0.00    3.79 ^ _0976_/B (sky130_fd_sc_hd__nand3b_1)
     2    0.01    0.09    0.12    3.91 v _0976_/Y (sky130_fd_sc_hd__nand3b_1)
                                         _0289_ (net)
                  0.09    0.00    3.91 v _0981_/B (sky130_fd_sc_hd__nor2_1)
     4    0.05    0.80    0.62    4.53 ^ _0981_/Y (sky130_fd_sc_hd__nor2_1)
                                         _0017_ (net)
                  0.80    0.00    4.53 ^ place44/A (sky130_fd_sc_hd__buf_4)
    13    0.08    0.23    0.38    4.91 ^ place44/X (sky130_fd_sc_hd__buf_4)
                                         net43 (net)
                  0.23    0.01    4.92 ^ GPR[1][12]$_DFFE_PP_/DE (sky130_fd_sc_hd__edfxtp_1)
                                  4.92   data arrival time

                          9.06    9.06   clock core_clock (rise edge)
                          0.00    9.06   clock source latency
     1    0.03    0.00    0.00    9.06 ^ clk (in)
                                         clk (net)
                  0.00    0.00    9.06 ^ clkbuf_0_clk/A (sky130_fd_sc_hd__clkbuf_16)
     8    0.11    0.12    0.17    9.23 ^ clkbuf_0_clk/X (sky130_fd_sc_hd__clkbuf_16)
                                         clknet_0_clk (net)
                  0.12    0.00    9.23 ^ clkbuf_3_3__f_clk/A (sky130_fd_sc_hd__clkbuf_16)
    11    0.05    0.07    0.17    9.41 ^ clkbuf_3_3__f_clk/X (sky130_fd_sc_hd__clkbuf_16)
                                         clknet_3_3__leaf_clk (net)
                  0.07    0.00    9.41 ^ GPR[1][12]$_DFFE_PP_/CLK (sky130_fd_sc_hd__edfxtp_1)
                          0.00    9.41   clock reconvergence pessimism
                         -0.31    9.10   library setup time
                                  9.10   data required time
-----------------------------------------------------------------------------
                                  9.10   data required time
                                 -4.92   data arrival time
-----------------------------------------------------------------------------
                                  4.18   slack (MET)



==========================================================================
finish report_check_types -max_slew -max_cap -max_fanout -violators
--------------------------------------------------------------------------

==========================================================================
finish max_slew_check_slack
--------------------------------------------------------------------------
0.6965148448944092

==========================================================================
finish max_slew_check_limit
--------------------------------------------------------------------------
1.4944789409637451

==========================================================================
finish max_slew_check_slack_limit
--------------------------------------------------------------------------
0.4661

==========================================================================
finish max_fanout_check_slack
--------------------------------------------------------------------------
1.0000000150474662e+30

==========================================================================
finish max_fanout_check_limit
--------------------------------------------------------------------------
1.0000000150474662e+30

==========================================================================
finish max_capacitance_check_slack
--------------------------------------------------------------------------
0.014450856484472752

==========================================================================
finish max_capacitance_check_limit
--------------------------------------------------------------------------
0.021067000925540924

==========================================================================
finish max_capacitance_check_slack_limit
--------------------------------------------------------------------------
0.6859

==========================================================================
finish max_slew_violation_count
--------------------------------------------------------------------------
max slew violation count 0

==========================================================================
finish max_fanout_violation_count
--------------------------------------------------------------------------
max fanout violation count 0

==========================================================================
finish max_cap_violation_count
--------------------------------------------------------------------------
max cap violation count 0

==========================================================================
finish setup_violation_count
--------------------------------------------------------------------------
setup violation count 0

==========================================================================
finish hold_violation_count
--------------------------------------------------------------------------
hold violation count 0

==========================================================================
finish report_checks -path_delay max reg to reg
--------------------------------------------------------------------------
Startpoint: IR[17]$_SDFFE_PP0P_
            (rising edge-triggered flip-flop clocked by core_clock)
Endpoint: GPR[0][15]$_DFFE_PP_
          (rising edge-triggered flip-flop clocked by core_clock)
Path Group: core_clock
Path Type: max

  Delay    Time   Description
---------------------------------------------------------
   0.00    0.00   clock core_clock (rise edge)
   0.00    0.00   clock source latency
   0.00    0.00 ^ clk (in)
   0.17    0.17 ^ clkbuf_0_clk/X (sky130_fd_sc_hd__clkbuf_16)
   0.18    0.35 ^ clkbuf_3_4__f_clk/X (sky130_fd_sc_hd__clkbuf_16)
   0.00    0.35 ^ IR[17]$_SDFFE_PP0P_/CLK (sky130_fd_sc_hd__dfxtp_1)
   0.30    0.65 v IR[17]$_SDFFE_PP0P_/Q (sky130_fd_sc_hd__dfxtp_1)
   0.25    0.90 v place50/X (sky130_fd_sc_hd__buf_4)
   0.53    1.43 ^ _0991_/Y (sky130_fd_sc_hd__inv_2)
   0.17    1.60 v _1103_/Y (sky130_fd_sc_hd__o21ai_0)
   0.55    2.15 ^ _1104_/Y (sky130_fd_sc_hd__o22ai_1)
   0.42    2.56 v _1829_/SUM (sky130_fd_sc_hd__ha_1)
   0.14    2.71 ^ _1156_/Y (sky130_fd_sc_hd__inv_1)
   0.11    2.81 v _1185_/Y (sky130_fd_sc_hd__nand3_1)
   0.06    2.87 ^ _1191_/Y (sky130_fd_sc_hd__inv_1)
   0.06    2.94 v _1192_/Y (sky130_fd_sc_hd__nor2_1)
   0.19    3.13 ^ _1243_/Y (sky130_fd_sc_hd__nor2_2)
   0.09    3.21 v _1384_/Y (sky130_fd_sc_hd__nand2_1)
   0.18    3.39 ^ _1385_/Y (sky130_fd_sc_hd__nor2_2)
   0.11    3.50 v _1597_/Y (sky130_fd_sc_hd__nand3_1)
   0.06    3.56 ^ _1598_/Y (sky130_fd_sc_hd__nand2_1)
   0.07    3.63 v _1600_/Y (sky130_fd_sc_hd__nand2_1)
   0.34    3.97 ^ _1614_/Y (sky130_fd_sc_hd__a221oi_1)
   0.26    4.23 v _1633_/Y (sky130_fd_sc_hd__nand3_1)
   0.00    4.23 v GPR[0][15]$_DFFE_PP_/D (sky130_fd_sc_hd__edfxtp_1)
           4.23   data arrival time

   9.06    9.06   clock core_clock (rise edge)
   0.00    9.06   clock source latency
   0.00    9.06 ^ clk (in)
   0.17    9.23 ^ clkbuf_0_clk/X (sky130_fd_sc_hd__clkbuf_16)
   0.18    9.41 ^ clkbuf_3_3__f_clk/X (sky130_fd_sc_hd__clkbuf_16)
   0.00    9.41 ^ GPR[0][15]$_DFFE_PP_/CLK (sky130_fd_sc_hd__edfxtp_1)
   0.00    9.41   clock reconvergence pessimism
  -0.31    9.10   library setup time
           9.10   data required time
---------------------------------------------------------
           9.10   data required time
          -4.23   data arrival time
---------------------------------------------------------
           4.87   slack (MET)



==========================================================================
finish report_checks -path_delay min reg to reg
--------------------------------------------------------------------------
Startpoint: count[0]$_SDFF_PP0_
            (rising edge-triggered flip-flop clocked by core_clock)
Endpoint: count[0]$_SDFF_PP0_
          (rising edge-triggered flip-flop clocked by core_clock)
Path Group: core_clock
Path Type: min

  Delay    Time   Description
---------------------------------------------------------
   0.00    0.00   clock core_clock (rise edge)
   0.00    0.00   clock source latency
   0.00    0.00 ^ clk (in)
   0.17    0.17 ^ clkbuf_0_clk/X (sky130_fd_sc_hd__clkbuf_16)
   0.18    0.35 ^ clkbuf_3_7__f_clk/X (sky130_fd_sc_hd__clkbuf_16)
   0.00    0.35 ^ count[0]$_SDFF_PP0_/CLK (sky130_fd_sc_hd__dfxtp_1)
   0.33    0.69 ^ count[0]$_SDFF_PP0_/Q (sky130_fd_sc_hd__dfxtp_1)
   0.05    0.73 v _1725_/Y (sky130_fd_sc_hd__nor2_1)
   0.00    0.73 v count[0]$_SDFF_PP0_/D (sky130_fd_sc_hd__dfxtp_1)
           0.73   data arrival time

   0.00    0.00   clock core_clock (rise edge)
   0.00    0.00   clock source latency
   0.00    0.00 ^ clk (in)
   0.17    0.17 ^ clkbuf_0_clk/X (sky130_fd_sc_hd__clkbuf_16)
   0.18    0.35 ^ clkbuf_3_7__f_clk/X (sky130_fd_sc_hd__clkbuf_16)
   0.00    0.35 ^ count[0]$_SDFF_PP0_/CLK (sky130_fd_sc_hd__dfxtp_1)
   0.00    0.35   clock reconvergence pessimism
  -0.04    0.31   library hold time
           0.31   data required time
---------------------------------------------------------
           0.31   data required time
          -0.73   data arrival time
---------------------------------------------------------
           0.42   slack (MET)



==========================================================================
finish critical path target clock latency max path
--------------------------------------------------------------------------
0.3536

==========================================================================
finish critical path target clock latency min path
--------------------------------------------------------------------------
0.3504

==========================================================================
finish critical path source clock latency min path
--------------------------------------------------------------------------
0.0000

==========================================================================
finish critical path delay
--------------------------------------------------------------------------
4.9212

==========================================================================
finish critical path slack
--------------------------------------------------------------------------
4.1818

==========================================================================
finish slack div critical path delay
--------------------------------------------------------------------------
84.975209

==========================================================================
finish report_power
--------------------------------------------------------------------------
Group                  Internal  Switching    Leakage      Total
                          Power      Power      Power      Power (Watts)
----------------------------------------------------------------
Sequential             4.38e-04   9.41e-06   7.45e-10   4.48e-04  47.5%
Combinational          4.04e-05   8.93e-05   2.57e-09   1.30e-04  13.8%
Clock                  1.91e-04   1.74e-04   1.37e-10   3.65e-04  38.7%
Macro                  0.00e+00   0.00e+00   0.00e+00   0.00e+00   0.0%
Pad                    0.00e+00   0.00e+00   0.00e+00   0.00e+00   0.0%
----------------------------------------------------------------
Total                  6.70e-04   2.73e-04   3.46e-09   9.42e-04 100.0%
                          71.1%      28.9%       0.0%
