
==========================================================================
detailed place report_tns
--------------------------------------------------------------------------
tns max 0.00

==========================================================================
detailed place report_wns
--------------------------------------------------------------------------
wns max 0.00

==========================================================================
detailed place report_worst_slack
--------------------------------------------------------------------------
worst slack max 6.49

==========================================================================
detailed place report_clock_min_period
--------------------------------------------------------------------------
core_clock period_min = 4.88 fmax = 204.87

==========================================================================
detailed place report_checks -path_delay min
--------------------------------------------------------------------------
Startpoint: count[0]$_SDFF_PP0_
            (rising edge-triggered flip-flop clocked by core_clock)
Endpoint: count[0]$_SDFF_PP0_
          (rising edge-triggered flip-flop clocked by core_clock)
Path Group: core_clock
Path Type: min

Fanout     Cap    Slew   Delay    Time   Description
-----------------------------------------------------------------------------
                  0.00    0.00    0.00   clock core_clock (rise edge)
                          0.00    0.00   clock network delay (ideal)
                  0.00    0.00    0.00 ^ count[0]$_SDFF_PP0_/CLK (sky130_fd_sc_hd__dfxtp_1)
     2    0.01    0.07    0.31    0.31 ^ count[0]$_SDFF_PP0_/Q (sky130_fd_sc_hd__dfxtp_1)
                                         count[0] (net)
                  0.07    0.00    0.31 ^ _1725_/A (sky130_fd_sc_hd__nor2_1)
     1    0.00    0.03    0.05    0.36 v _1725_/Y (sky130_fd_sc_hd__nor2_1)
                                         _0162_ (net)
                  0.03    0.00    0.36 v count[0]$_SDFF_PP0_/D (sky130_fd_sc_hd__dfxtp_1)
                                  0.36   data arrival time

                  0.00    0.00    0.00   clock core_clock (rise edge)
                          0.00    0.00   clock network delay (ideal)
                          0.00    0.00   clock reconvergence pessimism
                                  0.00 ^ count[0]$_SDFF_PP0_/CLK (sky130_fd_sc_hd__dfxtp_1)
                         -0.06   -0.06   library hold time
                                 -0.06   data required time
-----------------------------------------------------------------------------
                                 -0.06   data required time
                                 -0.36   data arrival time
-----------------------------------------------------------------------------
                                  0.41   slack (MET)



==========================================================================
detailed place report_checks -path_delay max
--------------------------------------------------------------------------
Startpoint: sys_rst (input port clocked by core_clock)
Endpoint: GPR[2][4]$_DFFE_PP_
          (rising edge-triggered flip-flop clocked by core_clock)
Path Group: core_clock
Path Type: max

Fanout     Cap    Slew   Delay    Time   Description
-----------------------------------------------------------------------------
                  0.00    0.00    0.00   clock core_clock (rise edge)
                          0.00    0.00   clock network delay (ideal)
                          2.27    2.27 ^ input external delay
     1    0.00    0.00    0.00    2.27 ^ sys_rst (in)
                                         sys_rst (net)
                  0.00    0.00    2.27 ^ input36/A (sky130_fd_sc_hd__clkdlybuf4s50_1)
     1    0.00    0.05    0.45    2.73 ^ input36/X (sky130_fd_sc_hd__clkdlybuf4s50_1)
                                         net35 (net)
                  0.05    0.00    2.73 ^ place50/A (sky130_fd_sc_hd__buf_4)
    20    0.07    0.21    0.23    2.96 ^ place50/X (sky130_fd_sc_hd__buf_4)
                                         net49 (net)
                  0.21    0.00    2.96 ^ _0961_/A (sky130_fd_sc_hd__inv_1)
     6    0.02    0.10    0.14    3.10 v _0961_/Y (sky130_fd_sc_hd__inv_1)
                                         _0274_ (net)
                  0.10    0.00    3.10 v _0967_/B (sky130_fd_sc_hd__nand2_1)
     2    0.01    0.09    0.12    3.22 ^ _0967_/Y (sky130_fd_sc_hd__nand2_1)
                                         _0280_ (net)
                  0.09    0.00    3.22 ^ _0973_/B (sky130_fd_sc_hd__nor2_1)
     4    0.01    0.06    0.08    3.30 v _0973_/Y (sky130_fd_sc_hd__nor2_1)
                                         _0286_ (net)
                  0.06    0.00    3.30 v _1131_/A (sky130_fd_sc_hd__nand2_1)
    10    0.04    0.36    0.29    3.59 ^ _1131_/Y (sky130_fd_sc_hd__nand2_1)
                                         _0423_ (net)
                  0.36    0.00    3.59 ^ _1140_/A (sky130_fd_sc_hd__inv_1)
     7    0.02    0.17    0.22    3.81 v _1140_/Y (sky130_fd_sc_hd__inv_1)
                                         _0429_ (net)
                  0.17    0.00    3.81 v _1229_/A1 (sky130_fd_sc_hd__a2111oi_0)
     1    0.00    0.31    0.37    4.17 ^ _1229_/Y (sky130_fd_sc_hd__a2111oi_0)
                                         _0514_ (net)
                  0.31    0.00    4.17 ^ _1230_/B1 (sky130_fd_sc_hd__o21ai_0)
     4    0.02    0.31    0.35    4.52 v _1230_/Y (sky130_fd_sc_hd__o21ai_0)
                                         _0010_ (net)
                  0.31    0.00    4.52 v GPR[2][4]$_DFFE_PP_/D (sky130_fd_sc_hd__edfxtp_1)
                                  4.52   data arrival time

                  0.00   11.37   11.37   clock core_clock (rise edge)
                          0.00   11.37   clock network delay (ideal)
                          0.00   11.37   clock reconvergence pessimism
                                 11.37 ^ GPR[2][4]$_DFFE_PP_/CLK (sky130_fd_sc_hd__edfxtp_1)
                         -0.36   11.01   library setup time
                                 11.01   data required time
-----------------------------------------------------------------------------
                                 11.01   data required time
                                 -4.52   data arrival time
-----------------------------------------------------------------------------
                                  6.49   slack (MET)



==========================================================================
detailed place report_checks -unconstrained
--------------------------------------------------------------------------
Startpoint: sys_rst (input port clocked by core_clock)
Endpoint: GPR[2][4]$_DFFE_PP_
          (rising edge-triggered flip-flop clocked by core_clock)
Path Group: core_clock
Path Type: max

Fanout     Cap    Slew   Delay    Time   Description
-----------------------------------------------------------------------------
                  0.00    0.00    0.00   clock core_clock (rise edge)
                          0.00    0.00   clock network delay (ideal)
                          2.27    2.27 ^ input external delay
     1    0.00    0.00    0.00    2.27 ^ sys_rst (in)
                                         sys_rst (net)
                  0.00    0.00    2.27 ^ input36/A (sky130_fd_sc_hd__clkdlybuf4s50_1)
     1    0.00    0.05    0.45    2.73 ^ input36/X (sky130_fd_sc_hd__clkdlybuf4s50_1)
                                         net35 (net)
                  0.05    0.00    2.73 ^ place50/A (sky130_fd_sc_hd__buf_4)
    20    0.07    0.21    0.23    2.96 ^ place50/X (sky130_fd_sc_hd__buf_4)
                                         net49 (net)
                  0.21    0.00    2.96 ^ _0961_/A (sky130_fd_sc_hd__inv_1)
     6    0.02    0.10    0.14    3.10 v _0961_/Y (sky130_fd_sc_hd__inv_1)
                                         _0274_ (net)
                  0.10    0.00    3.10 v _0967_/B (sky130_fd_sc_hd__nand2_1)
     2    0.01    0.09    0.12    3.22 ^ _0967_/Y (sky130_fd_sc_hd__nand2_1)
                                         _0280_ (net)
                  0.09    0.00    3.22 ^ _0973_/B (sky130_fd_sc_hd__nor2_1)
     4    0.01    0.06    0.08    3.30 v _0973_/Y (sky130_fd_sc_hd__nor2_1)
                                         _0286_ (net)
                  0.06    0.00    3.30 v _1131_/A (sky130_fd_sc_hd__nand2_1)
    10    0.04    0.36    0.29    3.59 ^ _1131_/Y (sky130_fd_sc_hd__nand2_1)
                                         _0423_ (net)
                  0.36    0.00    3.59 ^ _1140_/A (sky130_fd_sc_hd__inv_1)
     7    0.02    0.17    0.22    3.81 v _1140_/Y (sky130_fd_sc_hd__inv_1)
                                         _0429_ (net)
                  0.17    0.00    3.81 v _1229_/A1 (sky130_fd_sc_hd__a2111oi_0)
     1    0.00    0.31    0.37    4.17 ^ _1229_/Y (sky130_fd_sc_hd__a2111oi_0)
                                         _0514_ (net)
                  0.31    0.00    4.17 ^ _1230_/B1 (sky130_fd_sc_hd__o21ai_0)
     4    0.02    0.31    0.35    4.52 v _1230_/Y (sky130_fd_sc_hd__o21ai_0)
                                         _0010_ (net)
                  0.31    0.00    4.52 v GPR[2][4]$_DFFE_PP_/D (sky130_fd_sc_hd__edfxtp_1)
                                  4.52   data arrival time

                  0.00   11.37   11.37   clock core_clock (rise edge)
                          0.00   11.37   clock network delay (ideal)
                          0.00   11.37   clock reconvergence pessimism
                                 11.37 ^ GPR[2][4]$_DFFE_PP_/CLK (sky130_fd_sc_hd__edfxtp_1)
                         -0.36   11.01   library setup time
                                 11.01   data required time
-----------------------------------------------------------------------------
                                 11.01   data required time
                                 -4.52   data arrival time
-----------------------------------------------------------------------------
                                  6.49   slack (MET)



==========================================================================
detailed place report_check_types -max_slew -max_cap -max_fanout -violators
--------------------------------------------------------------------------

==========================================================================
detailed place max_slew_check_slack
--------------------------------------------------------------------------
0.7957454919815063

==========================================================================
detailed place max_slew_check_limit
--------------------------------------------------------------------------
1.48431396484375

==========================================================================
detailed place max_slew_check_slack_limit
--------------------------------------------------------------------------
0.5361

==========================================================================
detailed place max_fanout_check_slack
--------------------------------------------------------------------------
1.0000000150474662e+30

==========================================================================
detailed place max_fanout_check_limit
--------------------------------------------------------------------------
1.0000000150474662e+30

==========================================================================
detailed place max_capacitance_check_slack
--------------------------------------------------------------------------
0.01887831836938858

==========================================================================
detailed place max_capacitance_check_limit
--------------------------------------------------------------------------
0.021067000925540924

==========================================================================
detailed place max_capacitance_check_slack_limit
--------------------------------------------------------------------------
0.8961

==========================================================================
detailed place max_slew_violation_count
--------------------------------------------------------------------------
max slew violation count 0

==========================================================================
detailed place max_fanout_violation_count
--------------------------------------------------------------------------
max fanout violation count 0

==========================================================================
detailed place max_cap_violation_count
--------------------------------------------------------------------------
max cap violation count 0

==========================================================================
detailed place setup_violation_count
--------------------------------------------------------------------------
setup violation count 0

==========================================================================
detailed place hold_violation_count
--------------------------------------------------------------------------
hold violation count 0

==========================================================================
detailed place report_checks -path_delay max reg to reg
--------------------------------------------------------------------------
Startpoint: IR[17]$_SDFFE_PP0P_
            (rising edge-triggered flip-flop clocked by core_clock)
Endpoint: GPR[2][15]$_DFFE_PP_
          (rising edge-triggered flip-flop clocked by core_clock)
Path Group: core_clock
Path Type: max

  Delay    Time   Description
---------------------------------------------------------
   0.00    0.00   clock core_clock (rise edge)
   0.00    0.00   clock network delay (ideal)
   0.00    0.00 ^ IR[17]$_SDFFE_PP0P_/CLK (sky130_fd_sc_hd__dfxtp_1)
   0.29    0.29 v IR[17]$_SDFFE_PP0P_/Q (sky130_fd_sc_hd__dfxtp_1)
   0.44    0.74 ^ _0991_/Y (sky130_fd_sc_hd__inv_2)
   0.16    0.89 v _1103_/Y (sky130_fd_sc_hd__o21ai_0)
   0.55    1.44 ^ _1104_/Y (sky130_fd_sc_hd__o22ai_1)
   0.41    1.85 v _1829_/SUM (sky130_fd_sc_hd__ha_1)
   0.13    1.98 ^ _1156_/Y (sky130_fd_sc_hd__inv_1)
   0.11    2.09 v _1185_/Y (sky130_fd_sc_hd__nand3_1)
   0.07    2.16 ^ _1191_/Y (sky130_fd_sc_hd__inv_1)
   0.05    2.21 v _1192_/Y (sky130_fd_sc_hd__nor2_1)
   0.18    2.39 ^ _1243_/Y (sky130_fd_sc_hd__nor2_2)
   0.09    2.48 v _1384_/Y (sky130_fd_sc_hd__nand2_1)
   0.17    2.65 ^ _1385_/Y (sky130_fd_sc_hd__nor2_2)
   0.10    2.75 v _1597_/Y (sky130_fd_sc_hd__nand3_1)
   0.06    2.81 ^ _1598_/Y (sky130_fd_sc_hd__nand2_1)
   0.09    2.90 v _1600_/Y (sky130_fd_sc_hd__nand2_1)
   0.25    3.15 ^ _1614_/Y (sky130_fd_sc_hd__a221oi_1)
   0.24    3.39 v _1633_/Y (sky130_fd_sc_hd__nand3_1)
   0.00    3.39 v GPR[2][15]$_DFFE_PP_/D (sky130_fd_sc_hd__edfxtp_1)
           3.39   data arrival time

  11.37   11.37   clock core_clock (rise edge)
   0.00   11.37   clock network delay (ideal)
   0.00   11.37   clock reconvergence pessimism
          11.37 ^ GPR[2][15]$_DFFE_PP_/CLK (sky130_fd_sc_hd__edfxtp_1)
  -0.33   11.04   library setup time
          11.04   data required time
---------------------------------------------------------
          11.04   data required time
          -3.39   data arrival time
---------------------------------------------------------
           7.65   slack (MET)



==========================================================================
detailed place report_checks -path_delay min reg to reg
--------------------------------------------------------------------------
Startpoint: count[0]$_SDFF_PP0_
            (rising edge-triggered flip-flop clocked by core_clock)
Endpoint: count[0]$_SDFF_PP0_
          (rising edge-triggered flip-flop clocked by core_clock)
Path Group: core_clock
Path Type: min

  Delay    Time   Description
---------------------------------------------------------
   0.00    0.00   clock core_clock (rise edge)
   0.00    0.00   clock network delay (ideal)
   0.00    0.00 ^ count[0]$_SDFF_PP0_/CLK (sky130_fd_sc_hd__dfxtp_1)
   0.31    0.31 ^ count[0]$_SDFF_PP0_/Q (sky130_fd_sc_hd__dfxtp_1)
   0.05    0.36 v _1725_/Y (sky130_fd_sc_hd__nor2_1)
   0.00    0.36 v count[0]$_SDFF_PP0_/D (sky130_fd_sc_hd__dfxtp_1)
           0.36   data arrival time

   0.00    0.00   clock core_clock (rise edge)
   0.00    0.00   clock network delay (ideal)
   0.00    0.00   clock reconvergence pessimism
           0.00 ^ count[0]$_SDFF_PP0_/CLK (sky130_fd_sc_hd__dfxtp_1)
  -0.06   -0.06   library hold time
          -0.06   data required time
---------------------------------------------------------
          -0.06   data required time
          -0.36   data arrival time
---------------------------------------------------------
           0.41   slack (MET)



==========================================================================
detailed place critical path target clock latency max path
--------------------------------------------------------------------------
0.0000

==========================================================================
detailed place critical path target clock latency min path
--------------------------------------------------------------------------
0.0000

==========================================================================
detailed place critical path source clock latency min path
--------------------------------------------------------------------------
0.0000

==========================================================================
detailed place critical path delay
--------------------------------------------------------------------------
4.5190

==========================================================================
detailed place critical path slack
--------------------------------------------------------------------------
6.4868

==========================================================================
detailed place slack div critical path delay
--------------------------------------------------------------------------
143.545032

==========================================================================
detailed place report_power
--------------------------------------------------------------------------
Group                  Internal  Switching    Leakage      Total
                          Power      Power      Power      Power (Watts)
----------------------------------------------------------------
Sequential             3.56e-04   7.27e-06   7.45e-10   3.64e-04  78.1%
Combinational          3.22e-05   6.95e-05   2.57e-09   1.02e-04  21.9%
Clock                  0.00e+00   0.00e+00   0.00e+00   0.00e+00   0.0%
Macro                  0.00e+00   0.00e+00   0.00e+00   0.00e+00   0.0%
Pad                    0.00e+00   0.00e+00   0.00e+00   0.00e+00   0.0%
----------------------------------------------------------------
Total                  3.89e-04   7.68e-05   3.32e-09   4.65e-04 100.0%
                          83.5%      16.5%       0.0%
