
==========================================================================
global place report_tns
--------------------------------------------------------------------------
tns max 0.00

==========================================================================
global place report_wns
--------------------------------------------------------------------------
wns max 0.00

==========================================================================
global place report_worst_slack
--------------------------------------------------------------------------
worst slack max 6.49

==========================================================================
global place report_clock_min_period
--------------------------------------------------------------------------
core_clock period_min = 4.88 fmax = 205.09

==========================================================================
global place report_checks -path_delay min
--------------------------------------------------------------------------
Startpoint: count[0]$_SDFF_PP0_
            (rising edge-triggered flip-flop clocked by core_clock)
Endpoint: count[0]$_SDFF_PP0_
          (rising edge-triggered flip-flop clocked by core_clock)
Path Group: core_clock
Path Type: min

Fanout     Cap    Slew   Delay    Time   Description
-----------------------------------------------------------------------------
                  0.00    0.00    0.00   clock core_clock (rise edge)
                          0.00    0.00   clock network delay (ideal)
                  0.00    0.00    0.00 ^ count[0]$_SDFF_PP0_/CLK (sky130_fd_sc_hd__dfxtp_1)
     2    0.01    0.08    0.31    0.31 ^ count[0]$_SDFF_PP0_/Q (sky130_fd_sc_hd__dfxtp_1)
                                         count[0] (net)
                  0.08    0.00    0.31 ^ _1725_/A (sky130_fd_sc_hd__nor2_1)
     1    0.00    0.03    0.05    0.36 v _1725_/Y (sky130_fd_sc_hd__nor2_1)
                                         _0162_ (net)
                  0.03    0.00    0.36 v count[0]$_SDFF_PP0_/D (sky130_fd_sc_hd__dfxtp_1)
                                  0.36   data arrival time

                  0.00    0.00    0.00   clock core_clock (rise edge)
                          0.00    0.00   clock network delay (ideal)
                          0.00    0.00   clock reconvergence pessimism
                                  0.00 ^ count[0]$_SDFF_PP0_/CLK (sky130_fd_sc_hd__dfxtp_1)
                         -0.06   -0.06   library hold time
                                 -0.06   data required time
-----------------------------------------------------------------------------
                                 -0.06   data required time
                                 -0.36   data arrival time
-----------------------------------------------------------------------------
                                  0.41   slack (MET)



==========================================================================
global place report_checks -path_delay max
--------------------------------------------------------------------------
Startpoint: sys_rst (input port clocked by core_clock)
Endpoint: GPR[2][4]$_DFFE_PP_
          (rising edge-triggered flip-flop clocked by core_clock)
Path Group: core_clock
Path Type: max

Fanout     Cap    Slew   Delay    Time   Description
-----------------------------------------------------------------------------
                  0.00    0.00    0.00   clock core_clock (rise edge)
                          0.00    0.00   clock network delay (ideal)
                          2.27    2.27 ^ input external delay
     1    0.00    0.00    0.00    2.27 ^ sys_rst (in)
                                         sys_rst (net)
                  0.00    0.00    2.27 ^ input36/A (sky130_fd_sc_hd__clkdlybuf4s50_1)
     1    0.00    0.05    0.45    2.72 ^ input36/X (sky130_fd_sc_hd__clkdlybuf4s50_1)
                                         net35 (net)
                  0.05    0.00    2.72 ^ place50/A (sky130_fd_sc_hd__buf_4)
    20    0.08    0.21    0.23    2.96 ^ place50/X (sky130_fd_sc_hd__buf_4)
                                         net49 (net)
                  0.21    0.00    2.96 ^ _0961_/A (sky130_fd_sc_hd__inv_1)
     6    0.02    0.11    0.14    3.10 v _0961_/Y (sky130_fd_sc_hd__inv_1)
                                         _0274_ (net)
                  0.11    0.00    3.10 v _0967_/B (sky130_fd_sc_hd__nand2_1)
     2    0.01    0.09    0.12    3.22 ^ _0967_/Y (sky130_fd_sc_hd__nand2_1)
                                         _0280_ (net)
                  0.09    0.00    3.22 ^ _0973_/B (sky130_fd_sc_hd__nor2_1)
     4    0.01    0.06    0.08    3.30 v _0973_/Y (sky130_fd_sc_hd__nor2_1)
                                         _0286_ (net)
                  0.06    0.00    3.30 v _1131_/A (sky130_fd_sc_hd__nand2_1)
    10    0.04    0.38    0.30    3.60 ^ _1131_/Y (sky130_fd_sc_hd__nand2_1)
                                         _0423_ (net)
                  0.38    0.00    3.60 ^ _1140_/A (sky130_fd_sc_hd__inv_1)
     7    0.02    0.17    0.22    3.82 v _1140_/Y (sky130_fd_sc_hd__inv_1)
                                         _0429_ (net)
                  0.17    0.00    3.82 v _1229_/A1 (sky130_fd_sc_hd__a2111oi_0)
     1    0.00    0.29    0.35    4.18 ^ _1229_/Y (sky130_fd_sc_hd__a2111oi_0)
                                         _0514_ (net)
                  0.29    0.00    4.18 ^ _1230_/B1 (sky130_fd_sc_hd__o21ai_0)
     4    0.02    0.30    0.34    4.51 v _1230_/Y (sky130_fd_sc_hd__o21ai_0)
                                         _0010_ (net)
                  0.30    0.00    4.52 v GPR[2][4]$_DFFE_PP_/D (sky130_fd_sc_hd__edfxtp_1)
                                  4.52   data arrival time

                  0.00   11.37   11.37   clock core_clock (rise edge)
                          0.00   11.37   clock network delay (ideal)
                          0.00   11.37   clock reconvergence pessimism
                                 11.37 ^ GPR[2][4]$_DFFE_PP_/CLK (sky130_fd_sc_hd__edfxtp_1)
                         -0.36   11.01   library setup time
                                 11.01   data required time
-----------------------------------------------------------------------------
                                 11.01   data required time
                                 -4.52   data arrival time
-----------------------------------------------------------------------------
                                  6.49   slack (MET)



==========================================================================
global place report_checks -unconstrained
--------------------------------------------------------------------------
Startpoint: sys_rst (input port clocked by core_clock)
Endpoint: GPR[2][4]$_DFFE_PP_
          (rising edge-triggered flip-flop clocked by core_clock)
Path Group: core_clock
Path Type: max

Fanout     Cap    Slew   Delay    Time   Description
-----------------------------------------------------------------------------
                  0.00    0.00    0.00   clock core_clock (rise edge)
                          0.00    0.00   clock network delay (ideal)
                          2.27    2.27 ^ input external delay
     1    0.00    0.00    0.00    2.27 ^ sys_rst (in)
                                         sys_rst (net)
                  0.00    0.00    2.27 ^ input36/A (sky130_fd_sc_hd__clkdlybuf4s50_1)
     1    0.00    0.05    0.45    2.72 ^ input36/X (sky130_fd_sc_hd__clkdlybuf4s50_1)
                                         net35 (net)
                  0.05    0.00    2.72 ^ place50/A (sky130_fd_sc_hd__buf_4)
    20    0.08    0.21    0.23    2.96 ^ place50/X (sky130_fd_sc_hd__buf_4)
                                         net49 (net)
                  0.21    0.00    2.96 ^ _0961_/A (sky130_fd_sc_hd__inv_1)
     6    0.02    0.11    0.14    3.10 v _0961_/Y (sky130_fd_sc_hd__inv_1)
                                         _0274_ (net)
                  0.11    0.00    3.10 v _0967_/B (sky130_fd_sc_hd__nand2_1)
     2    0.01    0.09    0.12    3.22 ^ _0967_/Y (sky130_fd_sc_hd__nand2_1)
                                         _0280_ (net)
                  0.09    0.00    3.22 ^ _0973_/B (sky130_fd_sc_hd__nor2_1)
     4    0.01    0.06    0.08    3.30 v _0973_/Y (sky130_fd_sc_hd__nor2_1)
                                         _0286_ (net)
                  0.06    0.00    3.30 v _1131_/A (sky130_fd_sc_hd__nand2_1)
    10    0.04    0.38    0.30    3.60 ^ _1131_/Y (sky130_fd_sc_hd__nand2_1)
                                         _0423_ (net)
                  0.38    0.00    3.60 ^ _1140_/A (sky130_fd_sc_hd__inv_1)
     7    0.02    0.17    0.22    3.82 v _1140_/Y (sky130_fd_sc_hd__inv_1)
                                         _0429_ (net)
                  0.17    0.00    3.82 v _1229_/A1 (sky130_fd_sc_hd__a2111oi_0)
     1    0.00    0.29    0.35    4.18 ^ _1229_/Y (sky130_fd_sc_hd__a2111oi_0)
                                         _0514_ (net)
                  0.29    0.00    4.18 ^ _1230_/B1 (sky130_fd_sc_hd__o21ai_0)
     4    0.02    0.30    0.34    4.51 v _1230_/Y (sky130_fd_sc_hd__o21ai_0)
                                         _0010_ (net)
                  0.30    0.00    4.52 v GPR[2][4]$_DFFE_PP_/D (sky130_fd_sc_hd__edfxtp_1)
                                  4.52   data arrival time

                  0.00   11.37   11.37   clock core_clock (rise edge)
                          0.00   11.37   clock network delay (ideal)
                          0.00   11.37   clock reconvergence pessimism
                                 11.37 ^ GPR[2][4]$_DFFE_PP_/CLK (sky130_fd_sc_hd__edfxtp_1)
                         -0.36   11.01   library setup time
                                 11.01   data required time
-----------------------------------------------------------------------------
                                 11.01   data required time
                                 -4.52   data arrival time
-----------------------------------------------------------------------------
                                  6.49   slack (MET)



==========================================================================
global place report_power
--------------------------------------------------------------------------
Group                  Internal  Switching    Leakage      Total
                          Power      Power      Power      Power (Watts)
----------------------------------------------------------------
Sequential             3.56e-04   7.46e-06   7.45e-10   3.64e-04  78.1%
Combinational          3.23e-05   6.97e-05   2.57e-09   1.02e-04  21.9%
Clock                  0.00e+00   0.00e+00   0.00e+00   0.00e+00   0.0%
Macro                  0.00e+00   0.00e+00   0.00e+00   0.00e+00   0.0%
Pad                    0.00e+00   0.00e+00   0.00e+00   0.00e+00   0.0%
----------------------------------------------------------------
Total                  3.89e-04   7.71e-05   3.32e-09   4.66e-04 100.0%
                          83.4%      16.6%       0.0%
