
==========================================================================
cts final report_tns
--------------------------------------------------------------------------
tns max 0.00

==========================================================================
cts final report_wns
--------------------------------------------------------------------------
wns max 0.00

==========================================================================
cts final report_worst_slack
--------------------------------------------------------------------------
worst slack max 6.87

==========================================================================
cts final report_clock_min_period
--------------------------------------------------------------------------
core_clock period_min = 4.49 fmax = 222.56

==========================================================================
cts final report_clock_skew
--------------------------------------------------------------------------
Clock core_clock
   0.35 source latency IR[0]$_SDFFE_PP0P_/CLK ^
  -0.37 target latency GPR[0][6]$_DFFE_PP_/CLK ^
   0.00 CRPR
--------------
  -0.01 setup skew


==========================================================================
cts final report_checks -path_delay min
--------------------------------------------------------------------------
Startpoint: count[0]$_SDFF_PP0_
            (rising edge-triggered flip-flop clocked by core_clock)
Endpoint: count[0]$_SDFF_PP0_
          (rising edge-triggered flip-flop clocked by core_clock)
Path Group: core_clock
Path Type: min

Fanout     Cap    Slew   Delay    Time   Description
-----------------------------------------------------------------------------
                          0.00    0.00   clock core_clock (rise edge)
                          0.00    0.00   clock source latency
     1    0.03    0.00    0.00    0.00 ^ clk (in)
                                         clk (net)
                  0.00    0.00    0.00 ^ clkbuf_0_clk/A (sky130_fd_sc_hd__clkbuf_16)
     8    0.11    0.12    0.18    0.18 ^ clkbuf_0_clk/X (sky130_fd_sc_hd__clkbuf_16)
                                         clknet_0_clk (net)
                  0.12    0.00    0.18 ^ clkbuf_3_5__f_clk/A (sky130_fd_sc_hd__clkbuf_16)
    11    0.04    0.06    0.17    0.35 ^ clkbuf_3_5__f_clk/X (sky130_fd_sc_hd__clkbuf_16)
                                         clknet_3_5__leaf_clk (net)
                  0.06    0.00    0.35 ^ count[0]$_SDFF_PP0_/CLK (sky130_fd_sc_hd__dfxtp_1)
     2    0.01    0.07    0.33    0.69 ^ count[0]$_SDFF_PP0_/Q (sky130_fd_sc_hd__dfxtp_1)
                                         count[0] (net)
                  0.07    0.00    0.69 ^ _1725_/A (sky130_fd_sc_hd__nor2_1)
     1    0.00    0.03    0.05    0.73 v _1725_/Y (sky130_fd_sc_hd__nor2_1)
                                         _0162_ (net)
                  0.03    0.00    0.73 v count[0]$_SDFF_PP0_/D (sky130_fd_sc_hd__dfxtp_1)
                                  0.73   data arrival time

                          0.00    0.00   clock core_clock (rise edge)
                          0.00    0.00   clock source latency
     1    0.03    0.00    0.00    0.00 ^ clk (in)
                                         clk (net)
                  0.00    0.00    0.00 ^ clkbuf_0_clk/A (sky130_fd_sc_hd__clkbuf_16)
     8    0.11    0.12    0.18    0.18 ^ clkbuf_0_clk/X (sky130_fd_sc_hd__clkbuf_16)
                                         clknet_0_clk (net)
                  0.12    0.00    0.18 ^ clkbuf_3_5__f_clk/A (sky130_fd_sc_hd__clkbuf_16)
    11    0.04    0.06    0.17    0.35 ^ clkbuf_3_5__f_clk/X (sky130_fd_sc_hd__clkbuf_16)
                                         clknet_3_5__leaf_clk (net)
                  0.06    0.00    0.35 ^ count[0]$_SDFF_PP0_/CLK (sky130_fd_sc_hd__dfxtp_1)
                          0.00    0.35   clock reconvergence pessimism
                         -0.04    0.31   library hold time
                                  0.31   data required time
-----------------------------------------------------------------------------
                                  0.31   data required time
                                 -0.73   data arrival time
-----------------------------------------------------------------------------
                                  0.42   slack (MET)



==========================================================================
cts final report_checks -path_delay max
--------------------------------------------------------------------------
Startpoint: sys_rst (input port clocked by core_clock)
Endpoint: GPR[0][4]$_DFFE_PP_
          (rising edge-triggered flip-flop clocked by core_clock)
Path Group: core_clock
Path Type: max

Fanout     Cap    Slew   Delay    Time   Description
-----------------------------------------------------------------------------
                          0.00    0.00   clock core_clock (rise edge)
                          0.00    0.00   clock network delay (propagated)
                          2.27    2.27 ^ input external delay
     1    0.00    0.00    0.00    2.27 ^ sys_rst (in)
                                         sys_rst (net)
                  0.00    0.00    2.27 ^ input36/A (sky130_fd_sc_hd__clkdlybuf4s50_1)
     1    0.00    0.05    0.45    2.73 ^ input36/X (sky130_fd_sc_hd__clkdlybuf4s50_1)
                                         net35 (net)
                  0.05    0.00    2.73 ^ place50/A (sky130_fd_sc_hd__buf_4)
    20    0.08    0.21    0.23    2.96 ^ place50/X (sky130_fd_sc_hd__buf_4)
                                         net49 (net)
                  0.21    0.00    2.96 ^ _0961_/A (sky130_fd_sc_hd__inv_1)
     6    0.02    0.10    0.14    3.10 v _0961_/Y (sky130_fd_sc_hd__inv_1)
                                         _0274_ (net)
                  0.10    0.00    3.10 v _0967_/B (sky130_fd_sc_hd__nand2_1)
     2    0.01    0.09    0.12    3.22 ^ _0967_/Y (sky130_fd_sc_hd__nand2_1)
                                         _0280_ (net)
                  0.09    0.00    3.22 ^ _0973_/B (sky130_fd_sc_hd__nor2_1)
     4    0.01    0.06    0.08    3.30 v _0973_/Y (sky130_fd_sc_hd__nor2_1)
                                         _0286_ (net)
                  0.06    0.00    3.30 v _1131_/A (sky130_fd_sc_hd__nand2_1)
    10    0.04    0.36    0.29    3.59 ^ _1131_/Y (sky130_fd_sc_hd__nand2_1)
                                         _0423_ (net)
                  0.36    0.00    3.59 ^ _1140_/A (sky130_fd_sc_hd__inv_1)
     7    0.02    0.17    0.21    3.80 v _1140_/Y (sky130_fd_sc_hd__inv_1)
                                         _0429_ (net)
                  0.17    0.00    3.80 v _1229_/A1 (sky130_fd_sc_hd__a2111oi_0)
     1    0.00    0.30    0.36    4.16 ^ _1229_/Y (sky130_fd_sc_hd__a2111oi_0)
                                         _0514_ (net)
                  0.30    0.00    4.16 ^ _1230_/B1 (sky130_fd_sc_hd__o21ai_0)
     4    0.02    0.30    0.34    4.51 v _1230_/Y (sky130_fd_sc_hd__o21ai_0)
                                         _0010_ (net)
                  0.30    0.00    4.51 v GPR[0][4]$_DFFE_PP_/D (sky130_fd_sc_hd__edfxtp_1)
                                  4.51   data arrival time

                         11.37   11.37   clock core_clock (rise edge)
                          0.00   11.37   clock source latency
     1    0.03    0.00    0.00   11.37 ^ clk (in)
                                         clk (net)
                  0.00    0.00   11.37 ^ clkbuf_0_clk/A (sky130_fd_sc_hd__clkbuf_16)
     8    0.11    0.12    0.18   11.55 ^ clkbuf_0_clk/X (sky130_fd_sc_hd__clkbuf_16)
                                         clknet_0_clk (net)
                  0.12    0.00   11.55 ^ clkbuf_3_1__f_clk/A (sky130_fd_sc_hd__clkbuf_16)
    13    0.05    0.07    0.18   11.72 ^ clkbuf_3_1__f_clk/X (sky130_fd_sc_hd__clkbuf_16)
                                         clknet_3_1__leaf_clk (net)
                  0.07    0.00   11.72 ^ GPR[0][4]$_DFFE_PP_/CLK (sky130_fd_sc_hd__edfxtp_1)
                          0.00   11.72   clock reconvergence pessimism
                         -0.34   11.38   library setup time
                                 11.38   data required time
-----------------------------------------------------------------------------
                                 11.38   data required time
                                 -4.51   data arrival time
-----------------------------------------------------------------------------
                                  6.87   slack (MET)



==========================================================================
cts final report_checks -unconstrained
--------------------------------------------------------------------------
Startpoint: sys_rst (input port clocked by core_clock)
Endpoint: GPR[0][4]$_DFFE_PP_
          (rising edge-triggered flip-flop clocked by core_clock)
Path Group: core_clock
Path Type: max

Fanout     Cap    Slew   Delay    Time   Description
-----------------------------------------------------------------------------
                          0.00    0.00   clock core_clock (rise edge)
                          0.00    0.00   clock network delay (propagated)
                          2.27    2.27 ^ input external delay
     1    0.00    0.00    0.00    2.27 ^ sys_rst (in)
                                         sys_rst (net)
                  0.00    0.00    2.27 ^ input36/A (sky130_fd_sc_hd__clkdlybuf4s50_1)
     1    0.00    0.05    0.45    2.73 ^ input36/X (sky130_fd_sc_hd__clkdlybuf4s50_1)
                                         net35 (net)
                  0.05    0.00    2.73 ^ place50/A (sky130_fd_sc_hd__buf_4)
    20    0.08    0.21    0.23    2.96 ^ place50/X (sky130_fd_sc_hd__buf_4)
                                         net49 (net)
                  0.21    0.00    2.96 ^ _0961_/A (sky130_fd_sc_hd__inv_1)
     6    0.02    0.10    0.14    3.10 v _0961_/Y (sky130_fd_sc_hd__inv_1)
                                         _0274_ (net)
                  0.10    0.00    3.10 v _0967_/B (sky130_fd_sc_hd__nand2_1)
     2    0.01    0.09    0.12    3.22 ^ _0967_/Y (sky130_fd_sc_hd__nand2_1)
                                         _0280_ (net)
                  0.09    0.00    3.22 ^ _0973_/B (sky130_fd_sc_hd__nor2_1)
     4    0.01    0.06    0.08    3.30 v _0973_/Y (sky130_fd_sc_hd__nor2_1)
                                         _0286_ (net)
                  0.06    0.00    3.30 v _1131_/A (sky130_fd_sc_hd__nand2_1)
    10    0.04    0.36    0.29    3.59 ^ _1131_/Y (sky130_fd_sc_hd__nand2_1)
                                         _0423_ (net)
                  0.36    0.00    3.59 ^ _1140_/A (sky130_fd_sc_hd__inv_1)
     7    0.02    0.17    0.21    3.80 v _1140_/Y (sky130_fd_sc_hd__inv_1)
                                         _0429_ (net)
                  0.17    0.00    3.80 v _1229_/A1 (sky130_fd_sc_hd__a2111oi_0)
     1    0.00    0.30    0.36    4.16 ^ _1229_/Y (sky130_fd_sc_hd__a2111oi_0)
                                         _0514_ (net)
                  0.30    0.00    4.16 ^ _1230_/B1 (sky130_fd_sc_hd__o21ai_0)
     4    0.02    0.30    0.34    4.51 v _1230_/Y (sky130_fd_sc_hd__o21ai_0)
                                         _0010_ (net)
                  0.30    0.00    4.51 v GPR[0][4]$_DFFE_PP_/D (sky130_fd_sc_hd__edfxtp_1)
                                  4.51   data arrival time

                         11.37   11.37   clock core_clock (rise edge)
                          0.00   11.37   clock source latency
     1    0.03    0.00    0.00   11.37 ^ clk (in)
                                         clk (net)
                  0.00    0.00   11.37 ^ clkbuf_0_clk/A (sky130_fd_sc_hd__clkbuf_16)
     8    0.11    0.12    0.18   11.55 ^ clkbuf_0_clk/X (sky130_fd_sc_hd__clkbuf_16)
                                         clknet_0_clk (net)
                  0.12    0.00   11.55 ^ clkbuf_3_1__f_clk/A (sky130_fd_sc_hd__clkbuf_16)
    13    0.05    0.07    0.18   11.72 ^ clkbuf_3_1__f_clk/X (sky130_fd_sc_hd__clkbuf_16)
                                         clknet_3_1__leaf_clk (net)
                  0.07    0.00   11.72 ^ GPR[0][4]$_DFFE_PP_/CLK (sky130_fd_sc_hd__edfxtp_1)
                          0.00   11.72   clock reconvergence pessimism
                         -0.34   11.38   library setup time
                                 11.38   data required time
-----------------------------------------------------------------------------
                                 11.38   data required time
                                 -4.51   data arrival time
-----------------------------------------------------------------------------
                                  6.87   slack (MET)



==========================================================================
cts final report_check_types -max_slew -max_cap -max_fanout -violators
--------------------------------------------------------------------------

==========================================================================
cts final max_slew_check_slack
--------------------------------------------------------------------------
0.7957496643066406

==========================================================================
cts final max_slew_check_limit
--------------------------------------------------------------------------
1.48431396484375

==========================================================================
cts final max_slew_check_slack_limit
--------------------------------------------------------------------------
0.5361

==========================================================================
cts final max_fanout_check_slack
--------------------------------------------------------------------------
1.0000000150474662e+30

==========================================================================
cts final max_fanout_check_limit
--------------------------------------------------------------------------
1.0000000150474662e+30

==========================================================================
cts final max_capacitance_check_slack
--------------------------------------------------------------------------
0.01904328167438507

==========================================================================
cts final max_capacitance_check_limit
--------------------------------------------------------------------------
0.021067000925540924

==========================================================================
cts final max_capacitance_check_slack_limit
--------------------------------------------------------------------------
0.9039

==========================================================================
cts final max_slew_violation_count
--------------------------------------------------------------------------
max slew violation count 0

==========================================================================
cts final max_fanout_violation_count
--------------------------------------------------------------------------
max fanout violation count 0

==========================================================================
cts final max_cap_violation_count
--------------------------------------------------------------------------
max cap violation count 0

==========================================================================
cts final setup_violation_count
--------------------------------------------------------------------------
setup violation count 0

==========================================================================
cts final hold_violation_count
--------------------------------------------------------------------------
hold violation count 0

==========================================================================
cts final report_checks -path_delay max reg to reg
--------------------------------------------------------------------------
Startpoint: IR[17]$_SDFFE_PP0P_
            (rising edge-triggered flip-flop clocked by core_clock)
Endpoint: GPR[0][15]$_DFFE_PP_
          (rising edge-triggered flip-flop clocked by core_clock)
Path Group: core_clock
Path Type: max

  Delay    Time   Description
---------------------------------------------------------
   0.00    0.00   clock core_clock (rise edge)
   0.00    0.00   clock source latency
   0.00    0.00 ^ clk (in)
   0.18    0.18 ^ clkbuf_0_clk/X (sky130_fd_sc_hd__clkbuf_16)
   0.18    0.36 ^ clkbuf_3_4__f_clk/X (sky130_fd_sc_hd__clkbuf_16)
   0.00    0.36 ^ IR[17]$_SDFFE_PP0P_/CLK (sky130_fd_sc_hd__dfxtp_1)
   0.32    0.68 v IR[17]$_SDFFE_PP0P_/Q (sky130_fd_sc_hd__dfxtp_1)
   0.44    1.12 ^ _0991_/Y (sky130_fd_sc_hd__inv_2)
   0.16    1.28 v _1103_/Y (sky130_fd_sc_hd__o21ai_0)
   0.55    1.83 ^ _1104_/Y (sky130_fd_sc_hd__o22ai_1)
   0.41    2.24 v _1829_/SUM (sky130_fd_sc_hd__ha_1)
   0.13    2.37 ^ _1156_/Y (sky130_fd_sc_hd__inv_1)
   0.11    2.48 v _1185_/Y (sky130_fd_sc_hd__nand3_1)
   0.07    2.55 ^ _1191_/Y (sky130_fd_sc_hd__inv_1)
   0.05    2.60 v _1192_/Y (sky130_fd_sc_hd__nor2_1)
   0.18    2.78 ^ _1243_/Y (sky130_fd_sc_hd__nor2_2)
   0.09    2.87 v _1384_/Y (sky130_fd_sc_hd__nand2_1)
   0.17    3.04 ^ _1385_/Y (sky130_fd_sc_hd__nor2_2)
   0.10    3.14 v _1597_/Y (sky130_fd_sc_hd__nand3_1)
   0.06    3.20 ^ _1598_/Y (sky130_fd_sc_hd__nand2_1)
   0.09    3.29 v _1600_/Y (sky130_fd_sc_hd__nand2_1)
   0.25    3.54 ^ _1614_/Y (sky130_fd_sc_hd__a221oi_1)
   0.24    3.78 v _1633_/Y (sky130_fd_sc_hd__nand3_1)
   0.00    3.78 v GPR[0][15]$_DFFE_PP_/D (sky130_fd_sc_hd__edfxtp_1)
           3.78   data arrival time

  11.37   11.37   clock core_clock (rise edge)
   0.00   11.37   clock source latency
   0.00   11.37 ^ clk (in)
   0.18   11.55 ^ clkbuf_0_clk/X (sky130_fd_sc_hd__clkbuf_16)
   0.18   11.72 ^ clkbuf_3_2__f_clk/X (sky130_fd_sc_hd__clkbuf_16)
   0.00   11.72 ^ GPR[0][15]$_DFFE_PP_/CLK (sky130_fd_sc_hd__edfxtp_1)
   0.00   11.72   clock reconvergence pessimism
  -0.31   11.41   library setup time
          11.41   data required time
---------------------------------------------------------
          11.41   data required time
          -3.78   data arrival time
---------------------------------------------------------
           7.64   slack (MET)



==========================================================================
cts final report_checks -path_delay min reg to reg
--------------------------------------------------------------------------
Startpoint: count[0]$_SDFF_PP0_
            (rising edge-triggered flip-flop clocked by core_clock)
Endpoint: count[0]$_SDFF_PP0_
          (rising edge-triggered flip-flop clocked by core_clock)
Path Group: core_clock
Path Type: min

  Delay    Time   Description
---------------------------------------------------------
   0.00    0.00   clock core_clock (rise edge)
   0.00    0.00   clock source latency
   0.00    0.00 ^ clk (in)
   0.18    0.18 ^ clkbuf_0_clk/X (sky130_fd_sc_hd__clkbuf_16)
   0.18    0.35 ^ clkbuf_3_5__f_clk/X (sky130_fd_sc_hd__clkbuf_16)
   0.00    0.35 ^ count[0]$_SDFF_PP0_/CLK (sky130_fd_sc_hd__dfxtp_1)
   0.33    0.69 ^ count[0]$_SDFF_PP0_/Q (sky130_fd_sc_hd__dfxtp_1)
   0.05    0.73 v _1725_/Y (sky130_fd_sc_hd__nor2_1)
   0.00    0.73 v count[0]$_SDFF_PP0_/D (sky130_fd_sc_hd__dfxtp_1)
           0.73   data arrival time

   0.00    0.00   clock core_clock (rise edge)
   0.00    0.00   clock source latency
   0.00    0.00 ^ clk (in)
   0.18    0.18 ^ clkbuf_0_clk/X (sky130_fd_sc_hd__clkbuf_16)
   0.18    0.35 ^ clkbuf_3_5__f_clk/X (sky130_fd_sc_hd__clkbuf_16)
   0.00    0.35 ^ count[0]$_SDFF_PP0_/CLK (sky130_fd_sc_hd__dfxtp_1)
   0.00    0.35   clock reconvergence pessimism
  -0.04    0.31   library hold time
           0.31   data required time
---------------------------------------------------------
           0.31   data required time
          -0.73   data arrival time
---------------------------------------------------------
           0.42   slack (MET)



==========================================================================
cts final critical path target clock latency max path
--------------------------------------------------------------------------
0.3572

==========================================================================
cts final critical path target clock latency min path
--------------------------------------------------------------------------
0.3582

==========================================================================
cts final critical path source clock latency min path
--------------------------------------------------------------------------
0.0000

==========================================================================
cts final critical path delay
--------------------------------------------------------------------------
4.5064

==========================================================================
cts final critical path slack
--------------------------------------------------------------------------
6.8746

==========================================================================
cts final slack div critical path delay
--------------------------------------------------------------------------
152.551926

==========================================================================
cts final report_power
--------------------------------------------------------------------------
Group                  Internal  Switching    Leakage      Total
                          Power      Power      Power      Power (Watts)
----------------------------------------------------------------
Sequential             3.49e-04   7.42e-06   7.45e-10   3.57e-04  43.5%
Combinational          3.23e-05   7.02e-05   2.57e-09   1.02e-04  12.5%
Clock                  2.18e-04   1.42e-04   1.71e-10   3.60e-04  44.0%
Macro                  0.00e+00   0.00e+00   0.00e+00   0.00e+00   0.0%
Pad                    0.00e+00   0.00e+00   0.00e+00   0.00e+00   0.0%
----------------------------------------------------------------
Total                  5.99e-04   2.20e-04   3.49e-09   8.19e-04 100.0%
                          73.1%      26.9%       0.0%
