
==========================================================================
global route report_tns
--------------------------------------------------------------------------
tns max 0.00

==========================================================================
global route report_wns
--------------------------------------------------------------------------
wns max 0.00

==========================================================================
global route report_worst_slack
--------------------------------------------------------------------------
worst slack max 6.64

==========================================================================
global route report_clock_min_period
--------------------------------------------------------------------------
core_clock period_min = 4.72 fmax = 211.66

==========================================================================
global route report_clock_skew
--------------------------------------------------------------------------
Clock core_clock
   0.36 source latency GPR[3][13]$_DFFE_PP_/CLK ^
  -0.37 target latency GPR[1][14]$_DFFE_PP_/CLK ^
   0.00 CRPR
--------------
  -0.01 setup skew


==========================================================================
global route report_checks -path_delay min
--------------------------------------------------------------------------
Startpoint: count[0]$_SDFF_PP0_
            (rising edge-triggered flip-flop clocked by core_clock)
Endpoint: count[0]$_SDFF_PP0_
          (rising edge-triggered flip-flop clocked by core_clock)
Path Group: core_clock
Path Type: min

Fanout     Cap    Slew   Delay    Time   Description
-----------------------------------------------------------------------------
                          0.00    0.00   clock core_clock (rise edge)
                          0.00    0.00   clock source latency
     1    0.03    0.00    0.00    0.00 ^ clk (in)
                                         clk (net)
                  0.00    0.00    0.00 ^ clkbuf_0_clk/A (sky130_fd_sc_hd__clkbuf_16)
     8    0.11    0.12    0.18    0.18 ^ clkbuf_0_clk/X (sky130_fd_sc_hd__clkbuf_16)
                                         clknet_0_clk (net)
                  0.12    0.00    0.18 ^ clkbuf_3_5__f_clk/A (sky130_fd_sc_hd__clkbuf_16)
    11    0.05    0.07    0.18    0.36 ^ clkbuf_3_5__f_clk/X (sky130_fd_sc_hd__clkbuf_16)
                                         clknet_3_5__leaf_clk (net)
                  0.07    0.00    0.36 ^ count[0]$_SDFF_PP0_/CLK (sky130_fd_sc_hd__dfxtp_1)
     2    0.01    0.09    0.34    0.70 ^ count[0]$_SDFF_PP0_/Q (sky130_fd_sc_hd__dfxtp_1)
                                         count[0] (net)
                  0.09    0.00    0.70 ^ _1725_/A (sky130_fd_sc_hd__nor2_1)
     1    0.00    0.03    0.06    0.76 v _1725_/Y (sky130_fd_sc_hd__nor2_1)
                                         _0162_ (net)
                  0.03    0.00    0.76 v count[0]$_SDFF_PP0_/D (sky130_fd_sc_hd__dfxtp_1)
                                  0.76   data arrival time

                          0.00    0.00   clock core_clock (rise edge)
                          0.00    0.00   clock source latency
     1    0.03    0.00    0.00    0.00 ^ clk (in)
                                         clk (net)
                  0.00    0.00    0.00 ^ clkbuf_0_clk/A (sky130_fd_sc_hd__clkbuf_16)
     8    0.11    0.12    0.18    0.18 ^ clkbuf_0_clk/X (sky130_fd_sc_hd__clkbuf_16)
                                         clknet_0_clk (net)
                  0.12    0.00    0.18 ^ clkbuf_3_5__f_clk/A (sky130_fd_sc_hd__clkbuf_16)
    11    0.05    0.07    0.18    0.36 ^ clkbuf_3_5__f_clk/X (sky130_fd_sc_hd__clkbuf_16)
                                         clknet_3_5__leaf_clk (net)
                  0.07    0.00    0.36 ^ count[0]$_SDFF_PP0_/CLK (sky130_fd_sc_hd__dfxtp_1)
                          0.00    0.36   clock reconvergence pessimism
                         -0.04    0.32   library hold time
                                  0.32   data required time
-----------------------------------------------------------------------------
                                  0.32   data required time
                                 -0.76   data arrival time
-----------------------------------------------------------------------------
                                  0.44   slack (MET)



==========================================================================
global route report_checks -path_delay max
--------------------------------------------------------------------------
Startpoint: sys_rst (input port clocked by core_clock)
Endpoint: GPR[0][4]$_DFFE_PP_
          (rising edge-triggered flip-flop clocked by core_clock)
Path Group: core_clock
Path Type: max

Fanout     Cap    Slew   Delay    Time   Description
-----------------------------------------------------------------------------
                          0.00    0.00   clock core_clock (rise edge)
                          0.00    0.00   clock network delay (propagated)
                          2.27    2.27 ^ input external delay
     1    0.00    0.00    0.00    2.27 ^ sys_rst (in)
                                         sys_rst (net)
                  0.00    0.00    2.27 ^ input36/A (sky130_fd_sc_hd__clkdlybuf4s50_1)
     1    0.01    0.07    0.47    2.74 ^ input36/X (sky130_fd_sc_hd__clkdlybuf4s50_1)
                                         net35 (net)
                  0.07    0.00    2.74 ^ place50/A (sky130_fd_sc_hd__buf_4)
    20    0.09    0.24    0.26    3.00 ^ place50/X (sky130_fd_sc_hd__buf_4)
                                         net49 (net)
                  0.24    0.00    3.01 ^ _0961_/A (sky130_fd_sc_hd__inv_1)
     6    0.02    0.12    0.15    3.16 v _0961_/Y (sky130_fd_sc_hd__inv_1)
                                         _0274_ (net)
                  0.12    0.00    3.16 v _0967_/B (sky130_fd_sc_hd__nand2_1)
     2    0.01    0.09    0.13    3.29 ^ _0967_/Y (sky130_fd_sc_hd__nand2_1)
                                         _0280_ (net)
                  0.09    0.00    3.29 ^ _0973_/B (sky130_fd_sc_hd__nor2_1)
     4    0.01    0.07    0.09    3.38 v _0973_/Y (sky130_fd_sc_hd__nor2_1)
                                         _0286_ (net)
                  0.07    0.00    3.38 v _1131_/A (sky130_fd_sc_hd__nand2_1)
    10    0.04    0.40    0.32    3.70 ^ _1131_/Y (sky130_fd_sc_hd__nand2_1)
                                         _0423_ (net)
                  0.40    0.00    3.70 ^ _1140_/A (sky130_fd_sc_hd__inv_1)
     7    0.03    0.18    0.25    3.94 v _1140_/Y (sky130_fd_sc_hd__inv_1)
                                         _0429_ (net)
                  0.18    0.00    3.94 v _1229_/A1 (sky130_fd_sc_hd__a2111oi_0)
     1    0.00    0.36    0.41    4.35 ^ _1229_/Y (sky130_fd_sc_hd__a2111oi_0)
                                         _0514_ (net)
                  0.36    0.00    4.35 ^ _1230_/B1 (sky130_fd_sc_hd__o21ai_0)
     4    0.02    0.33    0.38    4.73 v _1230_/Y (sky130_fd_sc_hd__o21ai_0)
                                         _0010_ (net)
                  0.33    0.00    4.73 v GPR[0][4]$_DFFE_PP_/D (sky130_fd_sc_hd__edfxtp_1)
                                  4.73   data arrival time

                         11.37   11.37   clock core_clock (rise edge)
                          0.00   11.37   clock source latency
     1    0.03    0.00    0.00   11.37 ^ clk (in)
                                         clk (net)
                  0.00    0.00   11.37 ^ clkbuf_0_clk/A (sky130_fd_sc_hd__clkbuf_16)
     8    0.11    0.12    0.18   11.54 ^ clkbuf_0_clk/X (sky130_fd_sc_hd__clkbuf_16)
                                         clknet_0_clk (net)
                  0.12    0.00   11.55 ^ clkbuf_3_1__f_clk/A (sky130_fd_sc_hd__clkbuf_16)
    13    0.05    0.07    0.18   11.73 ^ clkbuf_3_1__f_clk/X (sky130_fd_sc_hd__clkbuf_16)
                                         clknet_3_1__leaf_clk (net)
                  0.07    0.00   11.73 ^ GPR[0][4]$_DFFE_PP_/CLK (sky130_fd_sc_hd__edfxtp_1)
                          0.00   11.73   clock reconvergence pessimism
                         -0.35   11.38   library setup time
                                 11.38   data required time
-----------------------------------------------------------------------------
                                 11.38   data required time
                                 -4.73   data arrival time
-----------------------------------------------------------------------------
                                  6.64   slack (MET)



==========================================================================
global route report_checks -unconstrained
--------------------------------------------------------------------------
Startpoint: sys_rst (input port clocked by core_clock)
Endpoint: GPR[0][4]$_DFFE_PP_
          (rising edge-triggered flip-flop clocked by core_clock)
Path Group: core_clock
Path Type: max

Fanout     Cap    Slew   Delay    Time   Description
-----------------------------------------------------------------------------
                          0.00    0.00   clock core_clock (rise edge)
                          0.00    0.00   clock network delay (propagated)
                          2.27    2.27 ^ input external delay
     1    0.00    0.00    0.00    2.27 ^ sys_rst (in)
                                         sys_rst (net)
                  0.00    0.00    2.27 ^ input36/A (sky130_fd_sc_hd__clkdlybuf4s50_1)
     1    0.01    0.07    0.47    2.74 ^ input36/X (sky130_fd_sc_hd__clkdlybuf4s50_1)
                                         net35 (net)
                  0.07    0.00    2.74 ^ place50/A (sky130_fd_sc_hd__buf_4)
    20    0.09    0.24    0.26    3.00 ^ place50/X (sky130_fd_sc_hd__buf_4)
                                         net49 (net)
                  0.24    0.00    3.01 ^ _0961_/A (sky130_fd_sc_hd__inv_1)
     6    0.02    0.12    0.15    3.16 v _0961_/Y (sky130_fd_sc_hd__inv_1)
                                         _0274_ (net)
                  0.12    0.00    3.16 v _0967_/B (sky130_fd_sc_hd__nand2_1)
     2    0.01    0.09    0.13    3.29 ^ _0967_/Y (sky130_fd_sc_hd__nand2_1)
                                         _0280_ (net)
                  0.09    0.00    3.29 ^ _0973_/B (sky130_fd_sc_hd__nor2_1)
     4    0.01    0.07    0.09    3.38 v _0973_/Y (sky130_fd_sc_hd__nor2_1)
                                         _0286_ (net)
                  0.07    0.00    3.38 v _1131_/A (sky130_fd_sc_hd__nand2_1)
    10    0.04    0.40    0.32    3.70 ^ _1131_/Y (sky130_fd_sc_hd__nand2_1)
                                         _0423_ (net)
                  0.40    0.00    3.70 ^ _1140_/A (sky130_fd_sc_hd__inv_1)
     7    0.03    0.18    0.25    3.94 v _1140_/Y (sky130_fd_sc_hd__inv_1)
                                         _0429_ (net)
                  0.18    0.00    3.94 v _1229_/A1 (sky130_fd_sc_hd__a2111oi_0)
     1    0.00    0.36    0.41    4.35 ^ _1229_/Y (sky130_fd_sc_hd__a2111oi_0)
                                         _0514_ (net)
                  0.36    0.00    4.35 ^ _1230_/B1 (sky130_fd_sc_hd__o21ai_0)
     4    0.02    0.33    0.38    4.73 v _1230_/Y (sky130_fd_sc_hd__o21ai_0)
                                         _0010_ (net)
                  0.33    0.00    4.73 v GPR[0][4]$_DFFE_PP_/D (sky130_fd_sc_hd__edfxtp_1)
                                  4.73   data arrival time

                         11.37   11.37   clock core_clock (rise edge)
                          0.00   11.37   clock source latency
     1    0.03    0.00    0.00   11.37 ^ clk (in)
                                         clk (net)
                  0.00    0.00   11.37 ^ clkbuf_0_clk/A (sky130_fd_sc_hd__clkbuf_16)
     8    0.11    0.12    0.18   11.54 ^ clkbuf_0_clk/X (sky130_fd_sc_hd__clkbuf_16)
                                         clknet_0_clk (net)
                  0.12    0.00   11.55 ^ clkbuf_3_1__f_clk/A (sky130_fd_sc_hd__clkbuf_16)
    13    0.05    0.07    0.18   11.73 ^ clkbuf_3_1__f_clk/X (sky130_fd_sc_hd__clkbuf_16)
                                         clknet_3_1__leaf_clk (net)
                  0.07    0.00   11.73 ^ GPR[0][4]$_DFFE_PP_/CLK (sky130_fd_sc_hd__edfxtp_1)
                          0.00   11.73   clock reconvergence pessimism
                         -0.35   11.38   library setup time
                                 11.38   data required time
-----------------------------------------------------------------------------
                                 11.38   data required time
                                 -4.73   data arrival time
-----------------------------------------------------------------------------
                                  6.64   slack (MET)



==========================================================================
global route report_check_types -max_slew -max_cap -max_fanout -violators
--------------------------------------------------------------------------

==========================================================================
global route max_slew_check_slack
--------------------------------------------------------------------------
0.7536631226539612

==========================================================================
global route max_slew_check_limit
--------------------------------------------------------------------------
1.48431396484375

==========================================================================
global route max_slew_check_slack_limit
--------------------------------------------------------------------------
0.5078

==========================================================================
global route max_fanout_check_slack
--------------------------------------------------------------------------
1.0000000150474662e+30

==========================================================================
global route max_fanout_check_limit
--------------------------------------------------------------------------
1.0000000150474662e+30

==========================================================================
global route max_capacitance_check_slack
--------------------------------------------------------------------------
0.018012823536992073

==========================================================================
global route max_capacitance_check_limit
--------------------------------------------------------------------------
0.021067000925540924

==========================================================================
global route max_capacitance_check_slack_limit
--------------------------------------------------------------------------
0.8550

==========================================================================
global route max_slew_violation_count
--------------------------------------------------------------------------
max slew violation count 0

==========================================================================
global route max_fanout_violation_count
--------------------------------------------------------------------------
max fanout violation count 0

==========================================================================
global route max_cap_violation_count
--------------------------------------------------------------------------
max cap violation count 0

==========================================================================
global route setup_violation_count
--------------------------------------------------------------------------
setup violation count 0

==========================================================================
global route hold_violation_count
--------------------------------------------------------------------------
hold violation count 0

==========================================================================
global route report_checks -path_delay max reg to reg
--------------------------------------------------------------------------
Startpoint: IR[17]$_SDFFE_PP0P_
            (rising edge-triggered flip-flop clocked by core_clock)
Endpoint: GPR[1][15]$_DFFE_PP_
          (rising edge-triggered flip-flop clocked by core_clock)
Path Group: core_clock
Path Type: max

  Delay    Time   Description
---------------------------------------------------------
   0.00    0.00   clock core_clock (rise edge)
   0.00    0.00   clock source latency
   0.00    0.00 ^ clk (in)
   0.18    0.18 ^ clkbuf_0_clk/X (sky130_fd_sc_hd__clkbuf_16)
   0.18    0.36 ^ clkbuf_3_4__f_clk/X (sky130_fd_sc_hd__clkbuf_16)
   0.00    0.36 ^ IR[17]$_SDFFE_PP0P_/CLK (sky130_fd_sc_hd__dfxtp_1)
   0.33    0.69 v IR[17]$_SDFFE_PP0P_/Q (sky130_fd_sc_hd__dfxtp_1)
   0.49    1.18 ^ _0991_/Y (sky130_fd_sc_hd__inv_2)
   0.21    1.39 v _1103_/Y (sky130_fd_sc_hd__o21ai_0)
   0.59    1.98 ^ _1104_/Y (sky130_fd_sc_hd__o22ai_1)
   0.43    2.40 v _1829_/SUM (sky130_fd_sc_hd__ha_1)
   0.16    2.56 ^ _1156_/Y (sky130_fd_sc_hd__inv_1)
   0.13    2.69 v _1185_/Y (sky130_fd_sc_hd__nand3_1)
   0.08    2.76 ^ _1191_/Y (sky130_fd_sc_hd__inv_1)
   0.07    2.83 v _1192_/Y (sky130_fd_sc_hd__nor2_1)
   0.20    3.04 ^ _1243_/Y (sky130_fd_sc_hd__nor2_2)
   0.12    3.15 v _1384_/Y (sky130_fd_sc_hd__nand2_1)
   0.20    3.35 ^ _1385_/Y (sky130_fd_sc_hd__nor2_2)
   0.11    3.46 v _1597_/Y (sky130_fd_sc_hd__nand3_1)
   0.08    3.54 ^ _1598_/Y (sky130_fd_sc_hd__nand2_1)
   0.10    3.64 v _1600_/Y (sky130_fd_sc_hd__nand2_1)
   0.30    3.94 ^ _1614_/Y (sky130_fd_sc_hd__a221oi_1)
   0.27    4.22 v _1633_/Y (sky130_fd_sc_hd__nand3_1)
   0.00    4.22 v GPR[1][15]$_DFFE_PP_/D (sky130_fd_sc_hd__edfxtp_1)
           4.22   data arrival time

  11.37   11.37   clock core_clock (rise edge)
   0.00   11.37   clock source latency
   0.00   11.37 ^ clk (in)
   0.18   11.54 ^ clkbuf_0_clk/X (sky130_fd_sc_hd__clkbuf_16)
   0.19   11.73 ^ clkbuf_3_2__f_clk/X (sky130_fd_sc_hd__clkbuf_16)
   0.00   11.73 ^ GPR[1][15]$_DFFE_PP_/CLK (sky130_fd_sc_hd__edfxtp_1)
   0.00   11.73   clock reconvergence pessimism
  -0.32   11.42   library setup time
          11.42   data required time
---------------------------------------------------------
          11.42   data required time
          -4.22   data arrival time
---------------------------------------------------------
           7.20   slack (MET)



==========================================================================
global route report_checks -path_delay min reg to reg
--------------------------------------------------------------------------
Startpoint: count[0]$_SDFF_PP0_
            (rising edge-triggered flip-flop clocked by core_clock)
Endpoint: count[0]$_SDFF_PP0_
          (rising edge-triggered flip-flop clocked by core_clock)
Path Group: core_clock
Path Type: min

  Delay    Time   Description
---------------------------------------------------------
   0.00    0.00   clock core_clock (rise edge)
   0.00    0.00   clock source latency
   0.00    0.00 ^ clk (in)
   0.18    0.18 ^ clkbuf_0_clk/X (sky130_fd_sc_hd__clkbuf_16)
   0.18    0.36 ^ clkbuf_3_5__f_clk/X (sky130_fd_sc_hd__clkbuf_16)
   0.00    0.36 ^ count[0]$_SDFF_PP0_/CLK (sky130_fd_sc_hd__dfxtp_1)
   0.34    0.70 ^ count[0]$_SDFF_PP0_/Q (sky130_fd_sc_hd__dfxtp_1)
   0.06    0.76 v _1725_/Y (sky130_fd_sc_hd__nor2_1)
   0.00    0.76 v count[0]$_SDFF_PP0_/D (sky130_fd_sc_hd__dfxtp_1)
           0.76   data arrival time

   0.00    0.00   clock core_clock (rise edge)
   0.00    0.00   clock source latency
   0.00    0.00 ^ clk (in)
   0.18    0.18 ^ clkbuf_0_clk/X (sky130_fd_sc_hd__clkbuf_16)
   0.18    0.36 ^ clkbuf_3_5__f_clk/X (sky130_fd_sc_hd__clkbuf_16)
   0.00    0.36 ^ count[0]$_SDFF_PP0_/CLK (sky130_fd_sc_hd__dfxtp_1)
   0.00    0.36   clock reconvergence pessimism
  -0.04    0.32   library hold time
           0.32   data required time
---------------------------------------------------------
           0.32   data required time
          -0.76   data arrival time
---------------------------------------------------------
           0.44   slack (MET)



==========================================================================
global route critical path target clock latency max path
--------------------------------------------------------------------------
0.3614

==========================================================================
global route critical path target clock latency min path
--------------------------------------------------------------------------
0.3629

==========================================================================
global route critical path source clock latency min path
--------------------------------------------------------------------------
0.0000

==========================================================================
global route critical path delay
--------------------------------------------------------------------------
4.7335

==========================================================================
global route critical path slack
--------------------------------------------------------------------------
6.6433

==========================================================================
global route slack div critical path delay
--------------------------------------------------------------------------
140.346467

==========================================================================
global route report_power
--------------------------------------------------------------------------
Group                  Internal  Switching    Leakage      Total
                          Power      Power      Power      Power (Watts)
----------------------------------------------------------------
Sequential             3.49e-04   8.28e-06   7.45e-10   3.57e-04  42.1%
Combinational          3.30e-05   8.42e-05   2.57e-09   1.17e-04  13.8%
Clock                  2.18e-04   1.56e-04   1.71e-10   3.74e-04  44.1%
Macro                  0.00e+00   0.00e+00   0.00e+00   0.00e+00   0.0%
Pad                    0.00e+00   0.00e+00   0.00e+00   0.00e+00   0.0%
----------------------------------------------------------------
Total                  6.00e-04   2.49e-04   3.49e-09   8.49e-04 100.0%
                          70.7%      29.3%       0.0%
