
==========================================================================
floorplan final report_tns
--------------------------------------------------------------------------
tns max 0.00

==========================================================================
floorplan final report_wns
--------------------------------------------------------------------------
wns max 0.00

==========================================================================
floorplan final report_worst_slack
--------------------------------------------------------------------------
worst slack max 7.89

==========================================================================
floorplan final report_clock_min_period
--------------------------------------------------------------------------
core_clock period_min = 4.34 fmax = 230.48

==========================================================================
floorplan final report_checks -path_delay min
--------------------------------------------------------------------------
Startpoint: count[0]$_SDFF_PP0_
            (rising edge-triggered flip-flop clocked by core_clock)
Endpoint: count[0]$_SDFF_PP0_
          (rising edge-triggered flip-flop clocked by core_clock)
Path Group: core_clock
Path Type: min

Fanout     Cap    Slew   Delay    Time   Description
-----------------------------------------------------------------------------
                  0.00    0.00    0.00   clock core_clock (rise edge)
                          0.00    0.00   clock network delay (ideal)
                  0.00    0.00    0.00 ^ count[0]$_SDFF_PP0_/CLK (sky130_fd_sc_hd__dfxtp_1)
     2    0.01    0.07    0.30    0.30 ^ count[0]$_SDFF_PP0_/Q (sky130_fd_sc_hd__dfxtp_1)
                                         count[0] (net)
                  0.07    0.00    0.30 ^ _1725_/A (sky130_fd_sc_hd__nor2_1)
     1    0.00    0.02    0.04    0.34 v _1725_/Y (sky130_fd_sc_hd__nor2_1)
                                         _0162_ (net)
                  0.02    0.00    0.34 v count[0]$_SDFF_PP0_/D (sky130_fd_sc_hd__dfxtp_1)
                                  0.34   data arrival time

                  0.00    0.00    0.00   clock core_clock (rise edge)
                          0.00    0.00   clock network delay (ideal)
                          0.00    0.00   clock reconvergence pessimism
                                  0.00 ^ count[0]$_SDFF_PP0_/CLK (sky130_fd_sc_hd__dfxtp_1)
                         -0.06   -0.06   library hold time
                                 -0.06   data required time
-----------------------------------------------------------------------------
                                 -0.06   data required time
                                 -0.34   data arrival time
-----------------------------------------------------------------------------
                                  0.40   slack (MET)



==========================================================================
floorplan final report_checks -path_delay max
--------------------------------------------------------------------------
Startpoint: sys_rst (input port clocked by core_clock)
Endpoint: GPR[1][0]$_DFFE_PP_
          (rising edge-triggered flip-flop clocked by core_clock)
Path Group: core_clock
Path Type: max

Fanout     Cap    Slew   Delay    Time   Description
-----------------------------------------------------------------------------
                  0.00    0.00    0.00   clock core_clock (rise edge)
                          0.00    0.00   clock network delay (ideal)
                          2.45    2.45 v input external delay
     2    0.00    0.00    0.00    2.45 v sys_rst (in)
                                         sys_rst (net)
                  0.00    0.00    2.45 v _0961_/A (sky130_fd_sc_hd__inv_1)
     6    0.01    0.11    0.08    2.53 ^ _0961_/Y (sky130_fd_sc_hd__inv_1)
                                         _0274_ (net)
                  0.11    0.00    2.53 ^ _0967_/B (sky130_fd_sc_hd__nand2_1)
     2    0.00    0.08    0.07    2.60 v _0967_/Y (sky130_fd_sc_hd__nand2_1)
                                         _0280_ (net)
                  0.08    0.00    2.60 v _0968_/B (sky130_fd_sc_hd__nor2_1)
     2    0.00    0.11    0.12    2.72 ^ _0968_/Y (sky130_fd_sc_hd__nor2_1)
                                         _0281_ (net)
                  0.11    0.00    2.72 ^ _0970_/A (sky130_fd_sc_hd__nand2_1)
     4    0.01    0.10    0.10    2.82 v _0970_/Y (sky130_fd_sc_hd__nand2_1)
                                         _0283_ (net)
                  0.10    0.00    2.82 v _0971_/A (sky130_fd_sc_hd__clkbuf_1)
    10    0.02    0.13    0.19    3.01 v _0971_/X (sky130_fd_sc_hd__clkbuf_1)
                                         _0284_ (net)
                  0.13    0.00    3.01 v _0975_/B (sky130_fd_sc_hd__nand3_1)
     2    0.00    0.08    0.13    3.14 ^ _0975_/Y (sky130_fd_sc_hd__nand3_1)
                                         _0288_ (net)
                  0.08    0.00    3.14 ^ _0976_/B (sky130_fd_sc_hd__nand3b_1)
     2    0.00    0.07    0.09    3.23 v _0976_/Y (sky130_fd_sc_hd__nand3b_1)
                                         _0289_ (net)
                  0.07    0.00    3.23 v _0981_/B (sky130_fd_sc_hd__nor2_1)
    16    0.05    0.94    0.72    3.95 ^ _0981_/Y (sky130_fd_sc_hd__nor2_1)
                                         _0017_ (net)
                  0.94    0.00    3.95 ^ GPR[1][0]$_DFFE_PP_/DE (sky130_fd_sc_hd__edfxtp_1)
                                  3.95   data arrival time

                  0.00   12.23   12.23   clock core_clock (rise edge)
                          0.00   12.23   clock network delay (ideal)
                          0.00   12.23   clock reconvergence pessimism
                                 12.23 ^ GPR[1][0]$_DFFE_PP_/CLK (sky130_fd_sc_hd__edfxtp_1)
                         -0.39   11.84   library setup time
                                 11.84   data required time
-----------------------------------------------------------------------------
                                 11.84   data required time
                                 -3.95   data arrival time
-----------------------------------------------------------------------------
                                  7.89   slack (MET)



==========================================================================
floorplan final report_checks -unconstrained
--------------------------------------------------------------------------
Startpoint: sys_rst (input port clocked by core_clock)
Endpoint: GPR[1][0]$_DFFE_PP_
          (rising edge-triggered flip-flop clocked by core_clock)
Path Group: core_clock
Path Type: max

Fanout     Cap    Slew   Delay    Time   Description
-----------------------------------------------------------------------------
                  0.00    0.00    0.00   clock core_clock (rise edge)
                          0.00    0.00   clock network delay (ideal)
                          2.45    2.45 v input external delay
     2    0.00    0.00    0.00    2.45 v sys_rst (in)
                                         sys_rst (net)
                  0.00    0.00    2.45 v _0961_/A (sky130_fd_sc_hd__inv_1)
     6    0.01    0.11    0.08    2.53 ^ _0961_/Y (sky130_fd_sc_hd__inv_1)
                                         _0274_ (net)
                  0.11    0.00    2.53 ^ _0967_/B (sky130_fd_sc_hd__nand2_1)
     2    0.00    0.08    0.07    2.60 v _0967_/Y (sky130_fd_sc_hd__nand2_1)
                                         _0280_ (net)
                  0.08    0.00    2.60 v _0968_/B (sky130_fd_sc_hd__nor2_1)
     2    0.00    0.11    0.12    2.72 ^ _0968_/Y (sky130_fd_sc_hd__nor2_1)
                                         _0281_ (net)
                  0.11    0.00    2.72 ^ _0970_/A (sky130_fd_sc_hd__nand2_1)
     4    0.01    0.10    0.10    2.82 v _0970_/Y (sky130_fd_sc_hd__nand2_1)
                                         _0283_ (net)
                  0.10    0.00    2.82 v _0971_/A (sky130_fd_sc_hd__clkbuf_1)
    10    0.02    0.13    0.19    3.01 v _0971_/X (sky130_fd_sc_hd__clkbuf_1)
                                         _0284_ (net)
                  0.13    0.00    3.01 v _0975_/B (sky130_fd_sc_hd__nand3_1)
     2    0.00    0.08    0.13    3.14 ^ _0975_/Y (sky130_fd_sc_hd__nand3_1)
                                         _0288_ (net)
                  0.08    0.00    3.14 ^ _0976_/B (sky130_fd_sc_hd__nand3b_1)
     2    0.00    0.07    0.09    3.23 v _0976_/Y (sky130_fd_sc_hd__nand3b_1)
                                         _0289_ (net)
                  0.07    0.00    3.23 v _0981_/B (sky130_fd_sc_hd__nor2_1)
    16    0.05    0.94    0.72    3.95 ^ _0981_/Y (sky130_fd_sc_hd__nor2_1)
                                         _0017_ (net)
                  0.94    0.00    3.95 ^ GPR[1][0]$_DFFE_PP_/DE (sky130_fd_sc_hd__edfxtp_1)
                                  3.95   data arrival time

                  0.00   12.23   12.23   clock core_clock (rise edge)
                          0.00   12.23   clock network delay (ideal)
                          0.00   12.23   clock reconvergence pessimism
                                 12.23 ^ GPR[1][0]$_DFFE_PP_/CLK (sky130_fd_sc_hd__edfxtp_1)
                         -0.39   11.84   library setup time
                                 11.84   data required time
-----------------------------------------------------------------------------
                                 11.84   data required time
                                 -3.95   data arrival time
-----------------------------------------------------------------------------
                                  7.89   slack (MET)



==========================================================================
floorplan final report_power
--------------------------------------------------------------------------
Group                  Internal  Switching    Leakage      Total
                          Power      Power      Power      Power (Watts)
----------------------------------------------------------------
Sequential             3.31e-04   3.78e-06   7.45e-10   3.35e-04  82.0%
Combinational          2.87e-05   4.50e-05   2.79e-09   7.37e-05  18.0%
Clock                  0.00e+00   0.00e+00   0.00e+00   0.00e+00   0.0%
Macro                  0.00e+00   0.00e+00   0.00e+00   0.00e+00   0.0%
Pad                    0.00e+00   0.00e+00   0.00e+00   0.00e+00   0.0%
----------------------------------------------------------------
Total                  3.60e-04   4.88e-05   3.53e-09   4.09e-04 100.0%
                          88.1%      11.9%       0.0%
