
==========================================================================
detailed place report_tns
--------------------------------------------------------------------------
tns max 0.00

==========================================================================
detailed place report_wns
--------------------------------------------------------------------------
wns max 0.00

==========================================================================
detailed place report_worst_slack
--------------------------------------------------------------------------
worst slack max 6.28

==========================================================================
detailed place report_clock_min_period
--------------------------------------------------------------------------
core_clock period_min = 5.95 fmax = 168.15

==========================================================================
detailed place report_checks -path_delay min
--------------------------------------------------------------------------
Startpoint: count[0]$_SDFF_PP0_
            (rising edge-triggered flip-flop clocked by core_clock)
Endpoint: count[0]$_SDFF_PP0_
          (rising edge-triggered flip-flop clocked by core_clock)
Path Group: core_clock
Path Type: min

Fanout     Cap    Slew   Delay    Time   Description
-----------------------------------------------------------------------------
                  0.00    0.00    0.00   clock core_clock (rise edge)
                          0.00    0.00   clock network delay (ideal)
                  0.00    0.00    0.00 ^ count[0]$_SDFF_PP0_/CLK (sky130_fd_sc_hd__dfxtp_1)
     2    0.01    0.08    0.31    0.31 ^ count[0]$_SDFF_PP0_/Q (sky130_fd_sc_hd__dfxtp_1)
                                         count[0] (net)
                  0.08    0.00    0.31 ^ _1725_/A (sky130_fd_sc_hd__nor2_1)
     1    0.00    0.03    0.05    0.36 v _1725_/Y (sky130_fd_sc_hd__nor2_1)
                                         _0162_ (net)
                  0.03    0.00    0.36 v count[0]$_SDFF_PP0_/D (sky130_fd_sc_hd__dfxtp_1)
                                  0.36   data arrival time

                  0.00    0.00    0.00   clock core_clock (rise edge)
                          0.00    0.00   clock network delay (ideal)
                          0.00    0.00   clock reconvergence pessimism
                                  0.00 ^ count[0]$_SDFF_PP0_/CLK (sky130_fd_sc_hd__dfxtp_1)
                         -0.06   -0.06   library hold time
                                 -0.06   data required time
-----------------------------------------------------------------------------
                                 -0.06   data required time
                                 -0.36   data arrival time
-----------------------------------------------------------------------------
                                  0.42   slack (MET)



==========================================================================
detailed place report_checks -path_delay max
--------------------------------------------------------------------------
Startpoint: sys_rst (input port clocked by core_clock)
Endpoint: GPR[3][10]$_DFFE_PP_
          (rising edge-triggered flip-flop clocked by core_clock)
Path Group: core_clock
Path Type: max

Fanout     Cap    Slew   Delay    Time   Description
-----------------------------------------------------------------------------
                  0.00    0.00    0.00   clock core_clock (rise edge)
                          0.00    0.00   clock network delay (ideal)
                          2.45    2.45 v input external delay
     1    0.00    0.00    0.00    2.45 v sys_rst (in)
                                         sys_rst (net)
                  0.00    0.00    2.45 v input36/A (sky130_fd_sc_hd__clkdlybuf4s50_1)
    20    0.07    0.55    0.80    3.25 v input36/X (sky130_fd_sc_hd__clkdlybuf4s50_1)
                                         net35 (net)
                  0.55    0.00    3.25 v _0961_/A (sky130_fd_sc_hd__inv_1)
     6    0.02    0.24    0.34    3.59 ^ _0961_/Y (sky130_fd_sc_hd__inv_1)
                                         _0274_ (net)
                  0.24    0.00    3.59 ^ _0967_/B (sky130_fd_sc_hd__nand2_1)
     2    0.01    0.10    0.11    3.70 v _0967_/Y (sky130_fd_sc_hd__nand2_1)
                                         _0280_ (net)
                  0.10    0.00    3.70 v _0968_/B (sky130_fd_sc_hd__nor2_1)
     2    0.01    0.12    0.14    3.84 ^ _0968_/Y (sky130_fd_sc_hd__nor2_1)
                                         _0281_ (net)
                  0.12    0.00    3.84 ^ _0970_/A (sky130_fd_sc_hd__nand2_1)
    13    0.05    0.37    0.31    4.15 v _0970_/Y (sky130_fd_sc_hd__nand2_1)
                                         _0283_ (net)
                  0.37    0.00    4.15 v _0975_/B (sky130_fd_sc_hd__nand3_1)
     2    0.01    0.16    0.26    4.41 ^ _0975_/Y (sky130_fd_sc_hd__nand3_1)
                                         _0288_ (net)
                  0.16    0.00    4.41 ^ _0976_/B (sky130_fd_sc_hd__nand3b_1)
     2    0.01    0.08    0.11    4.52 v _0976_/Y (sky130_fd_sc_hd__nand3b_1)
                                         _0289_ (net)
                  0.08    0.00    4.53 v _0977_/B (sky130_fd_sc_hd__nor2_1)
     6    0.05    0.95    0.73    5.25 ^ _0977_/Y (sky130_fd_sc_hd__nor2_1)
                                         _0019_ (net)
                  0.95    0.00    5.25 ^ place46/A (sky130_fd_sc_hd__buf_4)
    11    0.07    0.20    0.37    5.62 ^ place46/X (sky130_fd_sc_hd__buf_4)
                                         net45 (net)
                  0.20    0.01    5.63 ^ GPR[3][10]$_DFFE_PP_/DE (sky130_fd_sc_hd__edfxtp_1)
                                  5.63   data arrival time

                  0.00   12.23   12.23   clock core_clock (rise edge)
                          0.00   12.23   clock network delay (ideal)
                          0.00   12.23   clock reconvergence pessimism
                                 12.23 ^ GPR[3][10]$_DFFE_PP_/CLK (sky130_fd_sc_hd__edfxtp_1)
                         -0.32   11.91   library setup time
                                 11.91   data required time
-----------------------------------------------------------------------------
                                 11.91   data required time
                                 -5.63   data arrival time
-----------------------------------------------------------------------------
                                  6.28   slack (MET)



==========================================================================
detailed place report_checks -unconstrained
--------------------------------------------------------------------------
Startpoint: sys_rst (input port clocked by core_clock)
Endpoint: GPR[3][10]$_DFFE_PP_
          (rising edge-triggered flip-flop clocked by core_clock)
Path Group: core_clock
Path Type: max

Fanout     Cap    Slew   Delay    Time   Description
-----------------------------------------------------------------------------
                  0.00    0.00    0.00   clock core_clock (rise edge)
                          0.00    0.00   clock network delay (ideal)
                          2.45    2.45 v input external delay
     1    0.00    0.00    0.00    2.45 v sys_rst (in)
                                         sys_rst (net)
                  0.00    0.00    2.45 v input36/A (sky130_fd_sc_hd__clkdlybuf4s50_1)
    20    0.07    0.55    0.80    3.25 v input36/X (sky130_fd_sc_hd__clkdlybuf4s50_1)
                                         net35 (net)
                  0.55    0.00    3.25 v _0961_/A (sky130_fd_sc_hd__inv_1)
     6    0.02    0.24    0.34    3.59 ^ _0961_/Y (sky130_fd_sc_hd__inv_1)
                                         _0274_ (net)
                  0.24    0.00    3.59 ^ _0967_/B (sky130_fd_sc_hd__nand2_1)
     2    0.01    0.10    0.11    3.70 v _0967_/Y (sky130_fd_sc_hd__nand2_1)
                                         _0280_ (net)
                  0.10    0.00    3.70 v _0968_/B (sky130_fd_sc_hd__nor2_1)
     2    0.01    0.12    0.14    3.84 ^ _0968_/Y (sky130_fd_sc_hd__nor2_1)
                                         _0281_ (net)
                  0.12    0.00    3.84 ^ _0970_/A (sky130_fd_sc_hd__nand2_1)
    13    0.05    0.37    0.31    4.15 v _0970_/Y (sky130_fd_sc_hd__nand2_1)
                                         _0283_ (net)
                  0.37    0.00    4.15 v _0975_/B (sky130_fd_sc_hd__nand3_1)
     2    0.01    0.16    0.26    4.41 ^ _0975_/Y (sky130_fd_sc_hd__nand3_1)
                                         _0288_ (net)
                  0.16    0.00    4.41 ^ _0976_/B (sky130_fd_sc_hd__nand3b_1)
     2    0.01    0.08    0.11    4.52 v _0976_/Y (sky130_fd_sc_hd__nand3b_1)
                                         _0289_ (net)
                  0.08    0.00    4.53 v _0977_/B (sky130_fd_sc_hd__nor2_1)
     6    0.05    0.95    0.73    5.25 ^ _0977_/Y (sky130_fd_sc_hd__nor2_1)
                                         _0019_ (net)
                  0.95    0.00    5.25 ^ place46/A (sky130_fd_sc_hd__buf_4)
    11    0.07    0.20    0.37    5.62 ^ place46/X (sky130_fd_sc_hd__buf_4)
                                         net45 (net)
                  0.20    0.01    5.63 ^ GPR[3][10]$_DFFE_PP_/DE (sky130_fd_sc_hd__edfxtp_1)
                                  5.63   data arrival time

                  0.00   12.23   12.23   clock core_clock (rise edge)
                          0.00   12.23   clock network delay (ideal)
                          0.00   12.23   clock reconvergence pessimism
                                 12.23 ^ GPR[3][10]$_DFFE_PP_/CLK (sky130_fd_sc_hd__edfxtp_1)
                         -0.32   11.91   library setup time
                                 11.91   data required time
-----------------------------------------------------------------------------
                                 11.91   data required time
                                 -5.63   data arrival time
-----------------------------------------------------------------------------
                                  6.28   slack (MET)



==========================================================================
detailed place report_check_types -max_slew -max_cap -max_fanout -violators
--------------------------------------------------------------------------

==========================================================================
detailed place max_slew_check_slack
--------------------------------------------------------------------------
0.5425719022750854

==========================================================================
detailed place max_slew_check_limit
--------------------------------------------------------------------------
1.4944789409637451

==========================================================================
detailed place max_slew_check_slack_limit
--------------------------------------------------------------------------
0.3631

==========================================================================
detailed place max_fanout_check_slack
--------------------------------------------------------------------------
1.0000000150474662e+30

==========================================================================
detailed place max_fanout_check_limit
--------------------------------------------------------------------------
1.0000000150474662e+30

==========================================================================
detailed place max_capacitance_check_slack
--------------------------------------------------------------------------
0.01893899403512478

==========================================================================
detailed place max_capacitance_check_limit
--------------------------------------------------------------------------
0.021067000925540924

==========================================================================
detailed place max_capacitance_check_slack_limit
--------------------------------------------------------------------------
0.8990

==========================================================================
detailed place max_slew_violation_count
--------------------------------------------------------------------------
max slew violation count 0

==========================================================================
detailed place max_fanout_violation_count
--------------------------------------------------------------------------
max fanout violation count 0

==========================================================================
detailed place max_cap_violation_count
--------------------------------------------------------------------------
max cap violation count 0

==========================================================================
detailed place setup_violation_count
--------------------------------------------------------------------------
setup violation count 0

==========================================================================
detailed place hold_violation_count
--------------------------------------------------------------------------
hold violation count 0

==========================================================================
detailed place report_checks -path_delay max reg to reg
--------------------------------------------------------------------------
Startpoint: IR[17]$_SDFFE_PP0P_
            (rising edge-triggered flip-flop clocked by core_clock)
Endpoint: GPR[1][15]$_DFFE_PP_
          (rising edge-triggered flip-flop clocked by core_clock)
Path Group: core_clock
Path Type: max

  Delay    Time   Description
---------------------------------------------------------
   0.00    0.00   clock core_clock (rise edge)
   0.00    0.00   clock network delay (ideal)
   0.00    0.00 ^ IR[17]$_SDFFE_PP0P_/CLK (sky130_fd_sc_hd__dfxtp_1)
   0.27    0.27 v IR[17]$_SDFFE_PP0P_/Q (sky130_fd_sc_hd__dfxtp_1)
   0.27    0.54 v place50/X (sky130_fd_sc_hd__buf_4)
   0.54    1.09 ^ _0991_/Y (sky130_fd_sc_hd__inv_2)
   0.17    1.25 v _1103_/Y (sky130_fd_sc_hd__o21ai_0)
   0.56    1.81 ^ _1104_/Y (sky130_fd_sc_hd__o22ai_1)
   0.41    2.22 v _1829_/SUM (sky130_fd_sc_hd__ha_1)
   0.14    2.36 ^ _1156_/Y (sky130_fd_sc_hd__inv_1)
   0.10    2.47 v _1185_/Y (sky130_fd_sc_hd__nand3_1)
   0.06    2.53 ^ _1191_/Y (sky130_fd_sc_hd__inv_1)
   0.05    2.58 v _1192_/Y (sky130_fd_sc_hd__nor2_1)
   0.19    2.77 ^ _1243_/Y (sky130_fd_sc_hd__nor2_2)
   0.09    2.86 v _1384_/Y (sky130_fd_sc_hd__nand2_1)
   0.19    3.05 ^ _1385_/Y (sky130_fd_sc_hd__nor2_2)
   0.10    3.15 v _1597_/Y (sky130_fd_sc_hd__nand3_1)
   0.07    3.22 ^ _1598_/Y (sky130_fd_sc_hd__nand2_1)
   0.06    3.28 v _1600_/Y (sky130_fd_sc_hd__nand2_1)
   0.31    3.59 ^ _1614_/Y (sky130_fd_sc_hd__a221oi_1)
   0.24    3.83 v _1633_/Y (sky130_fd_sc_hd__nand3_1)
   0.00    3.83 v GPR[1][15]$_DFFE_PP_/D (sky130_fd_sc_hd__edfxtp_1)
           3.83   data arrival time

  12.23   12.23   clock core_clock (rise edge)
   0.00   12.23   clock network delay (ideal)
   0.00   12.23   clock reconvergence pessimism
          12.23 ^ GPR[1][15]$_DFFE_PP_/CLK (sky130_fd_sc_hd__edfxtp_1)
  -0.32   11.91   library setup time
          11.91   data required time
---------------------------------------------------------
          11.91   data required time
          -3.83   data arrival time
---------------------------------------------------------
           8.08   slack (MET)



==========================================================================
detailed place report_checks -path_delay min reg to reg
--------------------------------------------------------------------------
Startpoint: count[0]$_SDFF_PP0_
            (rising edge-triggered flip-flop clocked by core_clock)
Endpoint: count[0]$_SDFF_PP0_
          (rising edge-triggered flip-flop clocked by core_clock)
Path Group: core_clock
Path Type: min

  Delay    Time   Description
---------------------------------------------------------
   0.00    0.00   clock core_clock (rise edge)
   0.00    0.00   clock network delay (ideal)
   0.00    0.00 ^ count[0]$_SDFF_PP0_/CLK (sky130_fd_sc_hd__dfxtp_1)
   0.31    0.31 ^ count[0]$_SDFF_PP0_/Q (sky130_fd_sc_hd__dfxtp_1)
   0.05    0.36 v _1725_/Y (sky130_fd_sc_hd__nor2_1)
   0.00    0.36 v count[0]$_SDFF_PP0_/D (sky130_fd_sc_hd__dfxtp_1)
           0.36   data arrival time

   0.00    0.00   clock core_clock (rise edge)
   0.00    0.00   clock network delay (ideal)
   0.00    0.00   clock reconvergence pessimism
           0.00 ^ count[0]$_SDFF_PP0_/CLK (sky130_fd_sc_hd__dfxtp_1)
  -0.06   -0.06   library hold time
          -0.06   data required time
---------------------------------------------------------
          -0.06   data required time
          -0.36   data arrival time
---------------------------------------------------------
           0.42   slack (MET)



==========================================================================
detailed place critical path target clock latency max path
--------------------------------------------------------------------------
0.0000

==========================================================================
detailed place critical path target clock latency min path
--------------------------------------------------------------------------
0.0000

==========================================================================
detailed place critical path source clock latency min path
--------------------------------------------------------------------------
0.0000

==========================================================================
detailed place critical path delay
--------------------------------------------------------------------------
5.6292

==========================================================================
detailed place critical path slack
--------------------------------------------------------------------------
6.2795

==========================================================================
detailed place slack div critical path delay
--------------------------------------------------------------------------
111.552263

==========================================================================
detailed place report_power
--------------------------------------------------------------------------
Group                  Internal  Switching    Leakage      Total
                          Power      Power      Power      Power (Watts)
----------------------------------------------------------------
Sequential             3.31e-04   6.36e-06   7.45e-10   3.38e-04  78.6%
Combinational          2.96e-05   6.25e-05   2.57e-09   9.20e-05  21.4%
Clock                  0.00e+00   0.00e+00   0.00e+00   0.00e+00   0.0%
Macro                  0.00e+00   0.00e+00   0.00e+00   0.00e+00   0.0%
Pad                    0.00e+00   0.00e+00   0.00e+00   0.00e+00   0.0%
----------------------------------------------------------------
Total                  3.61e-04   6.88e-05   3.32e-09   4.30e-04 100.0%
                          84.0%      16.0%       0.0%
