
==========================================================================
global place report_tns
--------------------------------------------------------------------------
tns max 0.00

==========================================================================
global place report_wns
--------------------------------------------------------------------------
wns max 0.00

==========================================================================
global place report_worst_slack
--------------------------------------------------------------------------
worst slack max 6.29

==========================================================================
global place report_clock_min_period
--------------------------------------------------------------------------
core_clock period_min = 5.93 fmax = 168.52

==========================================================================
global place report_checks -path_delay min
--------------------------------------------------------------------------
Startpoint: count[0]$_SDFF_PP0_
            (rising edge-triggered flip-flop clocked by core_clock)
Endpoint: count[0]$_SDFF_PP0_
          (rising edge-triggered flip-flop clocked by core_clock)
Path Group: core_clock
Path Type: min

Fanout     Cap    Slew   Delay    Time   Description
-----------------------------------------------------------------------------
                  0.00    0.00    0.00   clock core_clock (rise edge)
                          0.00    0.00   clock network delay (ideal)
                  0.00    0.00    0.00 ^ count[0]$_SDFF_PP0_/CLK (sky130_fd_sc_hd__dfxtp_1)
     2    0.01    0.07    0.31    0.31 ^ count[0]$_SDFF_PP0_/Q (sky130_fd_sc_hd__dfxtp_1)
                                         count[0] (net)
                  0.07    0.00    0.31 ^ _1725_/A (sky130_fd_sc_hd__nor2_1)
     1    0.00    0.03    0.05    0.36 v _1725_/Y (sky130_fd_sc_hd__nor2_1)
                                         _0162_ (net)
                  0.03    0.00    0.36 v count[0]$_SDFF_PP0_/D (sky130_fd_sc_hd__dfxtp_1)
                                  0.36   data arrival time

                  0.00    0.00    0.00   clock core_clock (rise edge)
                          0.00    0.00   clock network delay (ideal)
                          0.00    0.00   clock reconvergence pessimism
                                  0.00 ^ count[0]$_SDFF_PP0_/CLK (sky130_fd_sc_hd__dfxtp_1)
                         -0.06   -0.06   library hold time
                                 -0.06   data required time
-----------------------------------------------------------------------------
                                 -0.06   data required time
                                 -0.36   data arrival time
-----------------------------------------------------------------------------
                                  0.41   slack (MET)



==========================================================================
global place report_checks -path_delay max
--------------------------------------------------------------------------
Startpoint: sys_rst (input port clocked by core_clock)
Endpoint: GPR[2][10]$_DFFE_PP_
          (rising edge-triggered flip-flop clocked by core_clock)
Path Group: core_clock
Path Type: max

Fanout     Cap    Slew   Delay    Time   Description
-----------------------------------------------------------------------------
                  0.00    0.00    0.00   clock core_clock (rise edge)
                          0.00    0.00   clock network delay (ideal)
                          2.45    2.45 v input external delay
     1    0.00    0.00    0.00    2.45 v sys_rst (in)
                                         sys_rst (net)
                  0.00    0.00    2.45 v input36/A (sky130_fd_sc_hd__clkdlybuf4s50_1)
    20    0.07    0.54    0.80    3.24 v input36/X (sky130_fd_sc_hd__clkdlybuf4s50_1)
                                         net35 (net)
                  0.54    0.00    3.24 v _0961_/A (sky130_fd_sc_hd__inv_1)
     6    0.02    0.24    0.34    3.58 ^ _0961_/Y (sky130_fd_sc_hd__inv_1)
                                         _0274_ (net)
                  0.24    0.00    3.58 ^ _0967_/B (sky130_fd_sc_hd__nand2_1)
     2    0.01    0.10    0.11    3.69 v _0967_/Y (sky130_fd_sc_hd__nand2_1)
                                         _0280_ (net)
                  0.10    0.00    3.69 v _0968_/B (sky130_fd_sc_hd__nor2_1)
     2    0.01    0.12    0.13    3.82 ^ _0968_/Y (sky130_fd_sc_hd__nor2_1)
                                         _0281_ (net)
                  0.12    0.00    3.83 ^ _0970_/A (sky130_fd_sc_hd__nand2_1)
    13    0.05    0.38    0.32    4.15 v _0970_/Y (sky130_fd_sc_hd__nand2_1)
                                         _0283_ (net)
                  0.38    0.00    4.15 v _0975_/B (sky130_fd_sc_hd__nand3_1)
     2    0.01    0.16    0.26    4.41 ^ _0975_/Y (sky130_fd_sc_hd__nand3_1)
                                         _0288_ (net)
                  0.16    0.00    4.41 ^ _0979_/A (sky130_fd_sc_hd__nand2_1)
     2    0.00    0.06    0.09    4.50 v _0979_/Y (sky130_fd_sc_hd__nand2_1)
                                         _0291_ (net)
                  0.06    0.00    4.50 v _0980_/B (sky130_fd_sc_hd__nor2_1)
     6    0.06    0.97    0.74    5.24 ^ _0980_/Y (sky130_fd_sc_hd__nor2_1)
                                         _0018_ (net)
                  0.97    0.00    5.24 ^ place45/A (sky130_fd_sc_hd__buf_4)
    11    0.07    0.20    0.37    5.61 ^ place45/X (sky130_fd_sc_hd__buf_4)
                                         net44 (net)
                  0.20    0.01    5.62 ^ GPR[2][10]$_DFFE_PP_/DE (sky130_fd_sc_hd__edfxtp_1)
                                  5.62   data arrival time

                  0.00   12.23   12.23   clock core_clock (rise edge)
                          0.00   12.23   clock network delay (ideal)
                          0.00   12.23   clock reconvergence pessimism
                                 12.23 ^ GPR[2][10]$_DFFE_PP_/CLK (sky130_fd_sc_hd__edfxtp_1)
                         -0.32   11.91   library setup time
                                 11.91   data required time
-----------------------------------------------------------------------------
                                 11.91   data required time
                                 -5.62   data arrival time
-----------------------------------------------------------------------------
                                  6.29   slack (MET)



==========================================================================
global place report_checks -unconstrained
--------------------------------------------------------------------------
Startpoint: sys_rst (input port clocked by core_clock)
Endpoint: GPR[2][10]$_DFFE_PP_
          (rising edge-triggered flip-flop clocked by core_clock)
Path Group: core_clock
Path Type: max

Fanout     Cap    Slew   Delay    Time   Description
-----------------------------------------------------------------------------
                  0.00    0.00    0.00   clock core_clock (rise edge)
                          0.00    0.00   clock network delay (ideal)
                          2.45    2.45 v input external delay
     1    0.00    0.00    0.00    2.45 v sys_rst (in)
                                         sys_rst (net)
                  0.00    0.00    2.45 v input36/A (sky130_fd_sc_hd__clkdlybuf4s50_1)
    20    0.07    0.54    0.80    3.24 v input36/X (sky130_fd_sc_hd__clkdlybuf4s50_1)
                                         net35 (net)
                  0.54    0.00    3.24 v _0961_/A (sky130_fd_sc_hd__inv_1)
     6    0.02    0.24    0.34    3.58 ^ _0961_/Y (sky130_fd_sc_hd__inv_1)
                                         _0274_ (net)
                  0.24    0.00    3.58 ^ _0967_/B (sky130_fd_sc_hd__nand2_1)
     2    0.01    0.10    0.11    3.69 v _0967_/Y (sky130_fd_sc_hd__nand2_1)
                                         _0280_ (net)
                  0.10    0.00    3.69 v _0968_/B (sky130_fd_sc_hd__nor2_1)
     2    0.01    0.12    0.13    3.82 ^ _0968_/Y (sky130_fd_sc_hd__nor2_1)
                                         _0281_ (net)
                  0.12    0.00    3.83 ^ _0970_/A (sky130_fd_sc_hd__nand2_1)
    13    0.05    0.38    0.32    4.15 v _0970_/Y (sky130_fd_sc_hd__nand2_1)
                                         _0283_ (net)
                  0.38    0.00    4.15 v _0975_/B (sky130_fd_sc_hd__nand3_1)
     2    0.01    0.16    0.26    4.41 ^ _0975_/Y (sky130_fd_sc_hd__nand3_1)
                                         _0288_ (net)
                  0.16    0.00    4.41 ^ _0979_/A (sky130_fd_sc_hd__nand2_1)
     2    0.00    0.06    0.09    4.50 v _0979_/Y (sky130_fd_sc_hd__nand2_1)
                                         _0291_ (net)
                  0.06    0.00    4.50 v _0980_/B (sky130_fd_sc_hd__nor2_1)
     6    0.06    0.97    0.74    5.24 ^ _0980_/Y (sky130_fd_sc_hd__nor2_1)
                                         _0018_ (net)
                  0.97    0.00    5.24 ^ place45/A (sky130_fd_sc_hd__buf_4)
    11    0.07    0.20    0.37    5.61 ^ place45/X (sky130_fd_sc_hd__buf_4)
                                         net44 (net)
                  0.20    0.01    5.62 ^ GPR[2][10]$_DFFE_PP_/DE (sky130_fd_sc_hd__edfxtp_1)
                                  5.62   data arrival time

                  0.00   12.23   12.23   clock core_clock (rise edge)
                          0.00   12.23   clock network delay (ideal)
                          0.00   12.23   clock reconvergence pessimism
                                 12.23 ^ GPR[2][10]$_DFFE_PP_/CLK (sky130_fd_sc_hd__edfxtp_1)
                         -0.32   11.91   library setup time
                                 11.91   data required time
-----------------------------------------------------------------------------
                                 11.91   data required time
                                 -5.62   data arrival time
-----------------------------------------------------------------------------
                                  6.29   slack (MET)



==========================================================================
global place report_power
--------------------------------------------------------------------------
Group                  Internal  Switching    Leakage      Total
                          Power      Power      Power      Power (Watts)
----------------------------------------------------------------
Sequential             3.31e-04   6.44e-06   7.45e-10   3.38e-04  78.6%
Combinational          2.96e-05   6.24e-05   2.57e-09   9.20e-05  21.4%
Clock                  0.00e+00   0.00e+00   0.00e+00   0.00e+00   0.0%
Macro                  0.00e+00   0.00e+00   0.00e+00   0.00e+00   0.0%
Pad                    0.00e+00   0.00e+00   0.00e+00   0.00e+00   0.0%
----------------------------------------------------------------
Total                  3.61e-04   6.88e-05   3.32e-09   4.30e-04 100.0%
                          84.0%      16.0%       0.0%
