
==========================================================================
resizer report_tns
--------------------------------------------------------------------------
tns max 0.00

==========================================================================
resizer report_wns
--------------------------------------------------------------------------
wns max 0.00

==========================================================================
resizer report_worst_slack
--------------------------------------------------------------------------
worst slack max 8.92

==========================================================================
resizer report_clock_min_period
--------------------------------------------------------------------------
core_clock period_min = 6.05 fmax = 165.24

==========================================================================
resizer report_checks -path_delay min
--------------------------------------------------------------------------
Startpoint: count[0]$_SDFF_PP0_
            (rising edge-triggered flip-flop clocked by core_clock)
Endpoint: count[0]$_SDFF_PP0_
          (rising edge-triggered flip-flop clocked by core_clock)
Path Group: core_clock
Path Type: min

Fanout     Cap    Slew   Delay    Time   Description
-----------------------------------------------------------------------------
                  0.00    0.00    0.00   clock core_clock (rise edge)
                          0.00    0.00   clock network delay (ideal)
                  0.00    0.00    0.00 ^ count[0]$_SDFF_PP0_/CLK (sky130_fd_sc_hd__dfxtp_1)
     2    0.01    0.08    0.31    0.31 ^ count[0]$_SDFF_PP0_/Q (sky130_fd_sc_hd__dfxtp_1)
                                         count[0] (net)
                  0.08    0.00    0.31 ^ _1725_/A (sky130_fd_sc_hd__nor2_1)
     1    0.00    0.03    0.05    0.36 v _1725_/Y (sky130_fd_sc_hd__nor2_1)
                                         _0162_ (net)
                  0.03    0.00    0.36 v count[0]$_SDFF_PP0_/D (sky130_fd_sc_hd__dfxtp_1)
                                  0.36   data arrival time

                  0.00    0.00    0.00   clock core_clock (rise edge)
                          0.00    0.00   clock network delay (ideal)
                          0.00    0.00   clock reconvergence pessimism
                                  0.00 ^ count[0]$_SDFF_PP0_/CLK (sky130_fd_sc_hd__dfxtp_1)
                         -0.06   -0.06   library hold time
                                 -0.06   data required time
-----------------------------------------------------------------------------
                                 -0.06   data required time
                                 -0.36   data arrival time
-----------------------------------------------------------------------------
                                  0.42   slack (MET)



==========================================================================
resizer report_checks -path_delay max
--------------------------------------------------------------------------
Startpoint: sys_rst (input port clocked by core_clock)
Endpoint: GPR[2][4]$_DFFE_PP_
          (rising edge-triggered flip-flop clocked by core_clock)
Path Group: core_clock
Path Type: max

Fanout     Cap    Slew   Delay    Time   Description
-----------------------------------------------------------------------------
                  0.00    0.00    0.00   clock core_clock (rise edge)
                          0.00    0.00   clock network delay (ideal)
                          3.00    3.00 ^ input external delay
     1    0.00    0.00    0.00    3.00 ^ sys_rst (in)
                                         sys_rst (net)
                  0.00    0.00    3.00 ^ input36/A (sky130_fd_sc_hd__clkdlybuf4s50_1)
    20    0.07    0.71    0.93    3.93 ^ input36/X (sky130_fd_sc_hd__clkdlybuf4s50_1)
                                         net35 (net)
                  0.71    0.00    3.93 ^ _0961_/A (sky130_fd_sc_hd__inv_1)
     6    0.02    0.21    0.25    4.18 v _0961_/Y (sky130_fd_sc_hd__inv_1)
                                         _0274_ (net)
                  0.21    0.00    4.18 v _0967_/B (sky130_fd_sc_hd__nand2_1)
     2    0.01    0.11    0.17    4.34 ^ _0967_/Y (sky130_fd_sc_hd__nand2_1)
                                         _0280_ (net)
                  0.11    0.00    4.35 ^ _0973_/B (sky130_fd_sc_hd__nor2_1)
     4    0.01    0.06    0.08    4.43 v _0973_/Y (sky130_fd_sc_hd__nor2_1)
                                         _0286_ (net)
                  0.06    0.00    4.43 v _1131_/A (sky130_fd_sc_hd__nand2_1)
    10    0.05    0.44    0.34    4.77 ^ _1131_/Y (sky130_fd_sc_hd__nand2_1)
                                         _0423_ (net)
                  0.44    0.00    4.77 ^ _1140_/A (sky130_fd_sc_hd__inv_1)
     7    0.03    0.18    0.24    5.01 v _1140_/Y (sky130_fd_sc_hd__inv_1)
                                         _0429_ (net)
                  0.18    0.00    5.01 v _1229_/A1 (sky130_fd_sc_hd__a2111oi_0)
     1    0.00    0.29    0.36    5.37 ^ _1229_/Y (sky130_fd_sc_hd__a2111oi_0)
                                         _0514_ (net)
                  0.29    0.00    5.37 ^ _1230_/B1 (sky130_fd_sc_hd__o21ai_0)
     4    0.02    0.28    0.32    5.70 v _1230_/Y (sky130_fd_sc_hd__o21ai_0)
                                         _0010_ (net)
                  0.28    0.00    5.70 v GPR[2][4]$_DFFE_PP_/D (sky130_fd_sc_hd__edfxtp_1)
                                  5.70   data arrival time

                  0.00   14.98   14.98   clock core_clock (rise edge)
                          0.00   14.98   clock network delay (ideal)
                          0.00   14.98   clock reconvergence pessimism
                                 14.98 ^ GPR[2][4]$_DFFE_PP_/CLK (sky130_fd_sc_hd__edfxtp_1)
                         -0.35   14.62   library setup time
                                 14.62   data required time
-----------------------------------------------------------------------------
                                 14.62   data required time
                                 -5.70   data arrival time
-----------------------------------------------------------------------------
                                  8.92   slack (MET)



==========================================================================
resizer report_checks -unconstrained
--------------------------------------------------------------------------
Startpoint: sys_rst (input port clocked by core_clock)
Endpoint: GPR[2][4]$_DFFE_PP_
          (rising edge-triggered flip-flop clocked by core_clock)
Path Group: core_clock
Path Type: max

Fanout     Cap    Slew   Delay    Time   Description
-----------------------------------------------------------------------------
                  0.00    0.00    0.00   clock core_clock (rise edge)
                          0.00    0.00   clock network delay (ideal)
                          3.00    3.00 ^ input external delay
     1    0.00    0.00    0.00    3.00 ^ sys_rst (in)
                                         sys_rst (net)
                  0.00    0.00    3.00 ^ input36/A (sky130_fd_sc_hd__clkdlybuf4s50_1)
    20    0.07    0.71    0.93    3.93 ^ input36/X (sky130_fd_sc_hd__clkdlybuf4s50_1)
                                         net35 (net)
                  0.71    0.00    3.93 ^ _0961_/A (sky130_fd_sc_hd__inv_1)
     6    0.02    0.21    0.25    4.18 v _0961_/Y (sky130_fd_sc_hd__inv_1)
                                         _0274_ (net)
                  0.21    0.00    4.18 v _0967_/B (sky130_fd_sc_hd__nand2_1)
     2    0.01    0.11    0.17    4.34 ^ _0967_/Y (sky130_fd_sc_hd__nand2_1)
                                         _0280_ (net)
                  0.11    0.00    4.35 ^ _0973_/B (sky130_fd_sc_hd__nor2_1)
     4    0.01    0.06    0.08    4.43 v _0973_/Y (sky130_fd_sc_hd__nor2_1)
                                         _0286_ (net)
                  0.06    0.00    4.43 v _1131_/A (sky130_fd_sc_hd__nand2_1)
    10    0.05    0.44    0.34    4.77 ^ _1131_/Y (sky130_fd_sc_hd__nand2_1)
                                         _0423_ (net)
                  0.44    0.00    4.77 ^ _1140_/A (sky130_fd_sc_hd__inv_1)
     7    0.03    0.18    0.24    5.01 v _1140_/Y (sky130_fd_sc_hd__inv_1)
                                         _0429_ (net)
                  0.18    0.00    5.01 v _1229_/A1 (sky130_fd_sc_hd__a2111oi_0)
     1    0.00    0.29    0.36    5.37 ^ _1229_/Y (sky130_fd_sc_hd__a2111oi_0)
                                         _0514_ (net)
                  0.29    0.00    5.37 ^ _1230_/B1 (sky130_fd_sc_hd__o21ai_0)
     4    0.02    0.28    0.32    5.70 v _1230_/Y (sky130_fd_sc_hd__o21ai_0)
                                         _0010_ (net)
                  0.28    0.00    5.70 v GPR[2][4]$_DFFE_PP_/D (sky130_fd_sc_hd__edfxtp_1)
                                  5.70   data arrival time

                  0.00   14.98   14.98   clock core_clock (rise edge)
                          0.00   14.98   clock network delay (ideal)
                          0.00   14.98   clock reconvergence pessimism
                                 14.98 ^ GPR[2][4]$_DFFE_PP_/CLK (sky130_fd_sc_hd__edfxtp_1)
                         -0.35   14.62   library setup time
                                 14.62   data required time
-----------------------------------------------------------------------------
                                 14.62   data required time
                                 -5.70   data arrival time
-----------------------------------------------------------------------------
                                  8.92   slack (MET)



==========================================================================
resizer report_check_types -max_slew -max_cap -max_fanout -violators
--------------------------------------------------------------------------

==========================================================================
resizer max_slew_check_slack
--------------------------------------------------------------------------
0.7848829030990601

==========================================================================
resizer max_slew_check_limit
--------------------------------------------------------------------------
1.4953149557113647

==========================================================================
resizer max_slew_check_slack_limit
--------------------------------------------------------------------------
0.5249

==========================================================================
resizer max_fanout_check_slack
--------------------------------------------------------------------------
1.0000000150474662e+30

==========================================================================
resizer max_fanout_check_limit
--------------------------------------------------------------------------
1.0000000150474662e+30

==========================================================================
resizer max_capacitance_check_slack
--------------------------------------------------------------------------
0.019088616594672203

==========================================================================
resizer max_capacitance_check_limit
--------------------------------------------------------------------------
0.021067000925540924

==========================================================================
resizer max_capacitance_check_slack_limit
--------------------------------------------------------------------------
0.9061

==========================================================================
resizer max_slew_violation_count
--------------------------------------------------------------------------
max slew violation count 0

==========================================================================
resizer max_fanout_violation_count
--------------------------------------------------------------------------
max fanout violation count 0

==========================================================================
resizer max_cap_violation_count
--------------------------------------------------------------------------
max cap violation count 0

==========================================================================
resizer setup_violation_count
--------------------------------------------------------------------------
setup violation count 0

==========================================================================
resizer hold_violation_count
--------------------------------------------------------------------------
hold violation count 0

==========================================================================
resizer report_checks -path_delay max reg to reg
--------------------------------------------------------------------------
Startpoint: IR[17]$_SDFFE_PP0P_
            (rising edge-triggered flip-flop clocked by core_clock)
Endpoint: GPR[2][15]$_DFFE_PP_
          (rising edge-triggered flip-flop clocked by core_clock)
Path Group: core_clock
Path Type: max

  Delay    Time   Description
---------------------------------------------------------
   0.00    0.00   clock core_clock (rise edge)
   0.00    0.00   clock network delay (ideal)
   0.00    0.00 ^ IR[17]$_SDFFE_PP0P_/CLK (sky130_fd_sc_hd__dfxtp_1)
   0.27    0.27 v IR[17]$_SDFFE_PP0P_/Q (sky130_fd_sc_hd__dfxtp_1)
   0.26    0.53 v place50/X (sky130_fd_sc_hd__buf_4)
   0.52    1.05 ^ _0991_/Y (sky130_fd_sc_hd__inv_2)
   0.16    1.21 v _1103_/Y (sky130_fd_sc_hd__o21ai_0)
   0.56    1.77 ^ _1104_/Y (sky130_fd_sc_hd__o22ai_1)
   0.42    2.18 v _1829_/SUM (sky130_fd_sc_hd__ha_1)
   0.13    2.32 ^ _1156_/Y (sky130_fd_sc_hd__inv_1)
   0.10    2.42 v _1185_/Y (sky130_fd_sc_hd__nand3_1)
   0.06    2.48 ^ _1191_/Y (sky130_fd_sc_hd__inv_1)
   0.05    2.54 v _1192_/Y (sky130_fd_sc_hd__nor2_1)
   0.18    2.72 ^ _1243_/Y (sky130_fd_sc_hd__nor2_2)
   0.09    2.80 v _1384_/Y (sky130_fd_sc_hd__nand2_1)
   0.17    2.97 ^ _1385_/Y (sky130_fd_sc_hd__nor2_2)
   0.10    3.07 v _1597_/Y (sky130_fd_sc_hd__nand3_1)
   0.06    3.13 ^ _1598_/Y (sky130_fd_sc_hd__nand2_1)
   0.09    3.22 v _1600_/Y (sky130_fd_sc_hd__nand2_1)
   0.27    3.49 ^ _1614_/Y (sky130_fd_sc_hd__a221oi_1)
   0.24    3.73 v _1633_/Y (sky130_fd_sc_hd__nand3_1)
   0.00    3.73 v GPR[2][15]$_DFFE_PP_/D (sky130_fd_sc_hd__edfxtp_1)
           3.73   data arrival time

  14.98   14.98   clock core_clock (rise edge)
   0.00   14.98   clock network delay (ideal)
   0.00   14.98   clock reconvergence pessimism
          14.98 ^ GPR[2][15]$_DFFE_PP_/CLK (sky130_fd_sc_hd__edfxtp_1)
  -0.33   14.65   library setup time
          14.65   data required time
---------------------------------------------------------
          14.65   data required time
          -3.73   data arrival time
---------------------------------------------------------
          10.92   slack (MET)



==========================================================================
resizer report_checks -path_delay min reg to reg
--------------------------------------------------------------------------
Startpoint: count[0]$_SDFF_PP0_
            (rising edge-triggered flip-flop clocked by core_clock)
Endpoint: count[0]$_SDFF_PP0_
          (rising edge-triggered flip-flop clocked by core_clock)
Path Group: core_clock
Path Type: min

  Delay    Time   Description
---------------------------------------------------------
   0.00    0.00   clock core_clock (rise edge)
   0.00    0.00   clock network delay (ideal)
   0.00    0.00 ^ count[0]$_SDFF_PP0_/CLK (sky130_fd_sc_hd__dfxtp_1)
   0.31    0.31 ^ count[0]$_SDFF_PP0_/Q (sky130_fd_sc_hd__dfxtp_1)
   0.05    0.36 v _1725_/Y (sky130_fd_sc_hd__nor2_1)
   0.00    0.36 v count[0]$_SDFF_PP0_/D (sky130_fd_sc_hd__dfxtp_1)
           0.36   data arrival time

   0.00    0.00   clock core_clock (rise edge)
   0.00    0.00   clock network delay (ideal)
   0.00    0.00   clock reconvergence pessimism
           0.00 ^ count[0]$_SDFF_PP0_/CLK (sky130_fd_sc_hd__dfxtp_1)
  -0.06   -0.06   library hold time
          -0.06   data required time
---------------------------------------------------------
          -0.06   data required time
          -0.36   data arrival time
---------------------------------------------------------
           0.42   slack (MET)



==========================================================================
resizer critical path target clock latency max path
--------------------------------------------------------------------------
0.0000

==========================================================================
resizer critical path target clock latency min path
--------------------------------------------------------------------------
0.0000

==========================================================================
resizer critical path source clock latency min path
--------------------------------------------------------------------------
0.0000

==========================================================================
resizer critical path delay
--------------------------------------------------------------------------
5.6988

==========================================================================
resizer critical path slack
--------------------------------------------------------------------------
8.9232

==========================================================================
resizer slack div critical path delay
--------------------------------------------------------------------------
156.580333

==========================================================================
resizer report_power
--------------------------------------------------------------------------
Group                  Internal  Switching    Leakage      Total
                          Power      Power      Power      Power (Watts)
----------------------------------------------------------------
Sequential             2.71e-04   5.53e-06   7.45e-10   2.76e-04  78.0%
Combinational          2.44e-05   5.37e-05   2.57e-09   7.81e-05  22.0%
Clock                  0.00e+00   0.00e+00   0.00e+00   0.00e+00   0.0%
Macro                  0.00e+00   0.00e+00   0.00e+00   0.00e+00   0.0%
Pad                    0.00e+00   0.00e+00   0.00e+00   0.00e+00   0.0%
----------------------------------------------------------------
Total                  2.95e-04   5.93e-05   3.32e-09   3.54e-04 100.0%
                          83.3%      16.7%       0.0%
