
==========================================================================
finish report_tns
--------------------------------------------------------------------------
tns max 0.00

==========================================================================
finish report_wns
--------------------------------------------------------------------------
wns max 0.00

==========================================================================
finish report_worst_slack
--------------------------------------------------------------------------
worst slack max 9.26

==========================================================================
finish report_clock_min_period
--------------------------------------------------------------------------
core_clock period_min = 5.72 fmax = 174.83

==========================================================================
finish report_clock_skew
--------------------------------------------------------------------------
Clock core_clock
   0.34 source latency GPR[0][5]$_DFFE_PP_/CLK ^
  -0.36 target latency GPR[0][6]$_DFFE_PP_/CLK ^
   0.00 CRPR
--------------
  -0.01 setup skew


==========================================================================
finish report_checks -path_delay min
--------------------------------------------------------------------------
Startpoint: count[0]$_SDFF_PP0_
            (rising edge-triggered flip-flop clocked by core_clock)
Endpoint: count[0]$_SDFF_PP0_
          (rising edge-triggered flip-flop clocked by core_clock)
Path Group: core_clock
Path Type: min

Fanout     Cap    Slew   Delay    Time   Description
-----------------------------------------------------------------------------
                          0.00    0.00   clock core_clock (rise edge)
                          0.00    0.00   clock source latency
     1    0.03    0.00    0.00    0.00 ^ clk (in)
                                         clk (net)
                  0.00    0.00    0.00 ^ clkbuf_0_clk/A (sky130_fd_sc_hd__clkbuf_16)
     8    0.10    0.12    0.17    0.17 ^ clkbuf_0_clk/X (sky130_fd_sc_hd__clkbuf_16)
                                         clknet_0_clk (net)
                  0.12    0.00    0.17 ^ clkbuf_3_7__f_clk/A (sky130_fd_sc_hd__clkbuf_16)
     7    0.06    0.08    0.18    0.35 ^ clkbuf_3_7__f_clk/X (sky130_fd_sc_hd__clkbuf_16)
                                         clknet_3_7__leaf_clk (net)
                  0.08    0.00    0.36 ^ count[0]$_SDFF_PP0_/CLK (sky130_fd_sc_hd__dfxtp_1)
     2    0.01    0.08    0.34    0.70 ^ count[0]$_SDFF_PP0_/Q (sky130_fd_sc_hd__dfxtp_1)
                                         count[0] (net)
                  0.08    0.00    0.70 ^ _1725_/A (sky130_fd_sc_hd__nor2_1)
     1    0.00    0.03    0.05    0.74 v _1725_/Y (sky130_fd_sc_hd__nor2_1)
                                         _0162_ (net)
                  0.03    0.00    0.74 v count[0]$_SDFF_PP0_/D (sky130_fd_sc_hd__dfxtp_1)
                                  0.74   data arrival time

                          0.00    0.00   clock core_clock (rise edge)
                          0.00    0.00   clock source latency
     1    0.03    0.00    0.00    0.00 ^ clk (in)
                                         clk (net)
                  0.00    0.00    0.00 ^ clkbuf_0_clk/A (sky130_fd_sc_hd__clkbuf_16)
     8    0.10    0.12    0.17    0.17 ^ clkbuf_0_clk/X (sky130_fd_sc_hd__clkbuf_16)
                                         clknet_0_clk (net)
                  0.12    0.00    0.17 ^ clkbuf_3_7__f_clk/A (sky130_fd_sc_hd__clkbuf_16)
     7    0.06    0.08    0.18    0.35 ^ clkbuf_3_7__f_clk/X (sky130_fd_sc_hd__clkbuf_16)
                                         clknet_3_7__leaf_clk (net)
                  0.08    0.00    0.36 ^ count[0]$_SDFF_PP0_/CLK (sky130_fd_sc_hd__dfxtp_1)
                          0.00    0.36   clock reconvergence pessimism
                         -0.04    0.32   library hold time
                                  0.32   data required time
-----------------------------------------------------------------------------
                                  0.32   data required time
                                 -0.74   data arrival time
-----------------------------------------------------------------------------
                                  0.43   slack (MET)



==========================================================================
finish report_checks -path_delay max
--------------------------------------------------------------------------
Startpoint: sys_rst (input port clocked by core_clock)
Endpoint: GPR[1][4]$_DFFE_PP_
          (rising edge-triggered flip-flop clocked by core_clock)
Path Group: core_clock
Path Type: max

Fanout     Cap    Slew   Delay    Time   Description
-----------------------------------------------------------------------------
                          0.00    0.00   clock core_clock (rise edge)
                          0.00    0.00   clock network delay (propagated)
                          3.00    3.00 ^ input external delay
     1    0.00    0.00    0.00    3.00 ^ sys_rst (in)
                                         sys_rst (net)
                  0.00    0.00    3.00 ^ input36/A (sky130_fd_sc_hd__clkdlybuf4s50_1)
    20    0.07    0.72    0.93    3.93 ^ input36/X (sky130_fd_sc_hd__clkdlybuf4s50_1)
                                         net35 (net)
                  0.72    0.00    3.93 ^ _0961_/A (sky130_fd_sc_hd__inv_1)
     6    0.02    0.21    0.26    4.19 v _0961_/Y (sky130_fd_sc_hd__inv_1)
                                         _0274_ (net)
                  0.21    0.00    4.19 v _0967_/B (sky130_fd_sc_hd__nand2_1)
     2    0.01    0.11    0.17    4.36 ^ _0967_/Y (sky130_fd_sc_hd__nand2_1)
                                         _0280_ (net)
                  0.11    0.00    4.36 ^ _0973_/B (sky130_fd_sc_hd__nor2_1)
     4    0.01    0.06    0.09    4.45 v _0973_/Y (sky130_fd_sc_hd__nor2_1)
                                         _0286_ (net)
                  0.06    0.00    4.45 v _1131_/A (sky130_fd_sc_hd__nand2_1)
    10    0.05    0.43    0.34    4.78 ^ _1131_/Y (sky130_fd_sc_hd__nand2_1)
                                         _0423_ (net)
                  0.43    0.00    4.79 ^ _1140_/A (sky130_fd_sc_hd__inv_1)
     7    0.03    0.19    0.25    5.04 v _1140_/Y (sky130_fd_sc_hd__inv_1)
                                         _0429_ (net)
                  0.19    0.00    5.04 v _1229_/A1 (sky130_fd_sc_hd__a2111oi_0)
     1    0.00    0.30    0.36    5.40 ^ _1229_/Y (sky130_fd_sc_hd__a2111oi_0)
                                         _0514_ (net)
                  0.30    0.00    5.40 ^ _1230_/B1 (sky130_fd_sc_hd__o21ai_0)
     4    0.02    0.29    0.33    5.73 v _1230_/Y (sky130_fd_sc_hd__o21ai_0)
                                         _0010_ (net)
                  0.29    0.00    5.73 v GPR[1][4]$_DFFE_PP_/D (sky130_fd_sc_hd__edfxtp_1)
                                  5.73   data arrival time

                         14.98   14.98   clock core_clock (rise edge)
                          0.00   14.98   clock source latency
     1    0.03    0.00    0.00   14.98 ^ clk (in)
                                         clk (net)
                  0.00    0.00   14.98 ^ clkbuf_0_clk/A (sky130_fd_sc_hd__clkbuf_16)
     8    0.10    0.12    0.17   15.15 ^ clkbuf_0_clk/X (sky130_fd_sc_hd__clkbuf_16)
                                         clknet_0_clk (net)
                  0.12    0.00   15.15 ^ clkbuf_3_0__f_clk/A (sky130_fd_sc_hd__clkbuf_16)
    17    0.05    0.07    0.18   15.32 ^ clkbuf_3_0__f_clk/X (sky130_fd_sc_hd__clkbuf_16)
                                         clknet_3_0__leaf_clk (net)
                  0.07    0.00   15.33 ^ GPR[1][4]$_DFFE_PP_/CLK (sky130_fd_sc_hd__edfxtp_1)
                          0.00   15.33   clock reconvergence pessimism
                         -0.34   14.99   library setup time
                                 14.99   data required time
-----------------------------------------------------------------------------
                                 14.99   data required time
                                 -5.73   data arrival time
-----------------------------------------------------------------------------
                                  9.26   slack (MET)



==========================================================================
finish report_checks -unconstrained
--------------------------------------------------------------------------
Startpoint: sys_rst (input port clocked by core_clock)
Endpoint: GPR[1][4]$_DFFE_PP_
          (rising edge-triggered flip-flop clocked by core_clock)
Path Group: core_clock
Path Type: max

Fanout     Cap    Slew   Delay    Time   Description
-----------------------------------------------------------------------------
                          0.00    0.00   clock core_clock (rise edge)
                          0.00    0.00   clock network delay (propagated)
                          3.00    3.00 ^ input external delay
     1    0.00    0.00    0.00    3.00 ^ sys_rst (in)
                                         sys_rst (net)
                  0.00    0.00    3.00 ^ input36/A (sky130_fd_sc_hd__clkdlybuf4s50_1)
    20    0.07    0.72    0.93    3.93 ^ input36/X (sky130_fd_sc_hd__clkdlybuf4s50_1)
                                         net35 (net)
                  0.72    0.00    3.93 ^ _0961_/A (sky130_fd_sc_hd__inv_1)
     6    0.02    0.21    0.26    4.19 v _0961_/Y (sky130_fd_sc_hd__inv_1)
                                         _0274_ (net)
                  0.21    0.00    4.19 v _0967_/B (sky130_fd_sc_hd__nand2_1)
     2    0.01    0.11    0.17    4.36 ^ _0967_/Y (sky130_fd_sc_hd__nand2_1)
                                         _0280_ (net)
                  0.11    0.00    4.36 ^ _0973_/B (sky130_fd_sc_hd__nor2_1)
     4    0.01    0.06    0.09    4.45 v _0973_/Y (sky130_fd_sc_hd__nor2_1)
                                         _0286_ (net)
                  0.06    0.00    4.45 v _1131_/A (sky130_fd_sc_hd__nand2_1)
    10    0.05    0.43    0.34    4.78 ^ _1131_/Y (sky130_fd_sc_hd__nand2_1)
                                         _0423_ (net)
                  0.43    0.00    4.79 ^ _1140_/A (sky130_fd_sc_hd__inv_1)
     7    0.03    0.19    0.25    5.04 v _1140_/Y (sky130_fd_sc_hd__inv_1)
                                         _0429_ (net)
                  0.19    0.00    5.04 v _1229_/A1 (sky130_fd_sc_hd__a2111oi_0)
     1    0.00    0.30    0.36    5.40 ^ _1229_/Y (sky130_fd_sc_hd__a2111oi_0)
                                         _0514_ (net)
                  0.30    0.00    5.40 ^ _1230_/B1 (sky130_fd_sc_hd__o21ai_0)
     4    0.02    0.29    0.33    5.73 v _1230_/Y (sky130_fd_sc_hd__o21ai_0)
                                         _0010_ (net)
                  0.29    0.00    5.73 v GPR[1][4]$_DFFE_PP_/D (sky130_fd_sc_hd__edfxtp_1)
                                  5.73   data arrival time

                         14.98   14.98   clock core_clock (rise edge)
                          0.00   14.98   clock source latency
     1    0.03    0.00    0.00   14.98 ^ clk (in)
                                         clk (net)
                  0.00    0.00   14.98 ^ clkbuf_0_clk/A (sky130_fd_sc_hd__clkbuf_16)
     8    0.10    0.12    0.17   15.15 ^ clkbuf_0_clk/X (sky130_fd_sc_hd__clkbuf_16)
                                         clknet_0_clk (net)
                  0.12    0.00   15.15 ^ clkbuf_3_0__f_clk/A (sky130_fd_sc_hd__clkbuf_16)
    17    0.05    0.07    0.18   15.32 ^ clkbuf_3_0__f_clk/X (sky130_fd_sc_hd__clkbuf_16)
                                         clknet_3_0__leaf_clk (net)
                  0.07    0.00   15.33 ^ GPR[1][4]$_DFFE_PP_/CLK (sky130_fd_sc_hd__edfxtp_1)
                          0.00   15.33   clock reconvergence pessimism
                         -0.34   14.99   library setup time
                                 14.99   data required time
-----------------------------------------------------------------------------
                                 14.99   data required time
                                 -5.73   data arrival time
-----------------------------------------------------------------------------
                                  9.26   slack (MET)



==========================================================================
finish report_check_types -max_slew -max_cap -max_fanout -violators
--------------------------------------------------------------------------

==========================================================================
finish max_slew_check_slack
--------------------------------------------------------------------------
0.7773990035057068

==========================================================================
finish max_slew_check_limit
--------------------------------------------------------------------------
1.4953149557113647

==========================================================================
finish max_slew_check_slack_limit
--------------------------------------------------------------------------
0.5199

==========================================================================
finish max_fanout_check_slack
--------------------------------------------------------------------------
1.0000000150474662e+30

==========================================================================
finish max_fanout_check_limit
--------------------------------------------------------------------------
1.0000000150474662e+30

==========================================================================
finish max_capacitance_check_slack
--------------------------------------------------------------------------
0.019044501706957817

==========================================================================
finish max_capacitance_check_limit
--------------------------------------------------------------------------
0.021067000925540924

==========================================================================
finish max_capacitance_check_slack_limit
--------------------------------------------------------------------------
0.9040

==========================================================================
finish max_slew_violation_count
--------------------------------------------------------------------------
max slew violation count 0

==========================================================================
finish max_fanout_violation_count
--------------------------------------------------------------------------
max fanout violation count 0

==========================================================================
finish max_cap_violation_count
--------------------------------------------------------------------------
max cap violation count 0

==========================================================================
finish setup_violation_count
--------------------------------------------------------------------------
setup violation count 0

==========================================================================
finish hold_violation_count
--------------------------------------------------------------------------
hold violation count 0

==========================================================================
finish report_checks -path_delay max reg to reg
--------------------------------------------------------------------------
Startpoint: IR[17]$_SDFFE_PP0P_
            (rising edge-triggered flip-flop clocked by core_clock)
Endpoint: GPR[0][15]$_DFFE_PP_
          (rising edge-triggered flip-flop clocked by core_clock)
Path Group: core_clock
Path Type: max

  Delay    Time   Description
---------------------------------------------------------
   0.00    0.00   clock core_clock (rise edge)
   0.00    0.00   clock source latency
   0.00    0.00 ^ clk (in)
   0.17    0.17 ^ clkbuf_0_clk/X (sky130_fd_sc_hd__clkbuf_16)
   0.17    0.34 ^ clkbuf_3_4__f_clk/X (sky130_fd_sc_hd__clkbuf_16)
   0.00    0.35 ^ IR[17]$_SDFFE_PP0P_/CLK (sky130_fd_sc_hd__dfxtp_1)
   0.30    0.64 v IR[17]$_SDFFE_PP0P_/Q (sky130_fd_sc_hd__dfxtp_1)
   0.24    0.89 v place50/X (sky130_fd_sc_hd__buf_4)
   0.50    1.38 ^ _0991_/Y (sky130_fd_sc_hd__inv_2)
   0.17    1.56 v _1103_/Y (sky130_fd_sc_hd__o21ai_0)
   0.51    2.07 ^ _1104_/Y (sky130_fd_sc_hd__o22ai_1)
   0.41    2.48 v _1829_/SUM (sky130_fd_sc_hd__ha_1)
   0.13    2.61 ^ _1156_/Y (sky130_fd_sc_hd__inv_1)
   0.10    2.71 v _1185_/Y (sky130_fd_sc_hd__nand3_1)
   0.06    2.77 ^ _1191_/Y (sky130_fd_sc_hd__inv_1)
   0.06    2.83 v _1192_/Y (sky130_fd_sc_hd__nor2_1)
   0.18    3.01 ^ _1243_/Y (sky130_fd_sc_hd__nor2_2)
   0.09    3.10 v _1384_/Y (sky130_fd_sc_hd__nand2_1)
   0.16    3.26 ^ _1385_/Y (sky130_fd_sc_hd__nor2_2)
   0.10    3.36 v _1597_/Y (sky130_fd_sc_hd__nand3_1)
   0.07    3.43 ^ _1598_/Y (sky130_fd_sc_hd__nand2_1)
   0.08    3.51 v _1600_/Y (sky130_fd_sc_hd__nand2_1)
   0.25    3.76 ^ _1614_/Y (sky130_fd_sc_hd__a221oi_1)
   0.23    3.99 v _1633_/Y (sky130_fd_sc_hd__nand3_1)
   0.00    3.99 v GPR[0][15]$_DFFE_PP_/D (sky130_fd_sc_hd__edfxtp_1)
           3.99   data arrival time

  14.98   14.98   clock core_clock (rise edge)
   0.00   14.98   clock source latency
   0.00   14.98 ^ clk (in)
   0.17   15.15 ^ clkbuf_0_clk/X (sky130_fd_sc_hd__clkbuf_16)
   0.18   15.32 ^ clkbuf_3_2__f_clk/X (sky130_fd_sc_hd__clkbuf_16)
   0.00   15.32 ^ GPR[0][15]$_DFFE_PP_/CLK (sky130_fd_sc_hd__edfxtp_1)
   0.00   15.32   clock reconvergence pessimism
  -0.30   15.02   library setup time
          15.02   data required time
---------------------------------------------------------
          15.02   data required time
          -3.99   data arrival time
---------------------------------------------------------
          11.03   slack (MET)



==========================================================================
finish report_checks -path_delay min reg to reg
--------------------------------------------------------------------------
Startpoint: count[0]$_SDFF_PP0_
            (rising edge-triggered flip-flop clocked by core_clock)
Endpoint: count[0]$_SDFF_PP0_
          (rising edge-triggered flip-flop clocked by core_clock)
Path Group: core_clock
Path Type: min

  Delay    Time   Description
---------------------------------------------------------
   0.00    0.00   clock core_clock (rise edge)
   0.00    0.00   clock source latency
   0.00    0.00 ^ clk (in)
   0.17    0.17 ^ clkbuf_0_clk/X (sky130_fd_sc_hd__clkbuf_16)
   0.18    0.35 ^ clkbuf_3_7__f_clk/X (sky130_fd_sc_hd__clkbuf_16)
   0.00    0.36 ^ count[0]$_SDFF_PP0_/CLK (sky130_fd_sc_hd__dfxtp_1)
   0.34    0.70 ^ count[0]$_SDFF_PP0_/Q (sky130_fd_sc_hd__dfxtp_1)
   0.05    0.74 v _1725_/Y (sky130_fd_sc_hd__nor2_1)
   0.00    0.74 v count[0]$_SDFF_PP0_/D (sky130_fd_sc_hd__dfxtp_1)
           0.74   data arrival time

   0.00    0.00   clock core_clock (rise edge)
   0.00    0.00   clock source latency
   0.00    0.00 ^ clk (in)
   0.17    0.17 ^ clkbuf_0_clk/X (sky130_fd_sc_hd__clkbuf_16)
   0.18    0.35 ^ clkbuf_3_7__f_clk/X (sky130_fd_sc_hd__clkbuf_16)
   0.00    0.36 ^ count[0]$_SDFF_PP0_/CLK (sky130_fd_sc_hd__dfxtp_1)
   0.00    0.36   clock reconvergence pessimism
  -0.04    0.32   library hold time
           0.32   data required time
---------------------------------------------------------
           0.32   data required time
          -0.74   data arrival time
---------------------------------------------------------
           0.43   slack (MET)



==========================================================================
finish critical path target clock latency max path
--------------------------------------------------------------------------
0.3507

==========================================================================
finish critical path target clock latency min path
--------------------------------------------------------------------------
0.3564

==========================================================================
finish critical path source clock latency min path
--------------------------------------------------------------------------
0.0000

==========================================================================
finish critical path delay
--------------------------------------------------------------------------
5.7333

==========================================================================
finish critical path slack
--------------------------------------------------------------------------
9.2552

==========================================================================
finish slack div critical path delay
--------------------------------------------------------------------------
161.428846

==========================================================================
finish report_power
--------------------------------------------------------------------------
Group                  Internal  Switching    Leakage      Total
                          Power      Power      Power      Power (Watts)
----------------------------------------------------------------
Sequential             2.65e-04   5.48e-06   7.45e-10   2.71e-04  46.0%
Combinational          2.44e-05   5.41e-05   2.57e-09   7.85e-05  13.4%
Clock                  1.33e-04   1.06e-04   1.43e-10   2.39e-04  40.6%
Macro                  0.00e+00   0.00e+00   0.00e+00   0.00e+00   0.0%
Pad                    0.00e+00   0.00e+00   0.00e+00   0.00e+00   0.0%
----------------------------------------------------------------
Total                  4.22e-04   1.66e-04   3.46e-09   5.88e-04 100.0%
                          71.8%      28.2%       0.0%
