
==========================================================================
global place report_tns
--------------------------------------------------------------------------
tns max 0.00

==========================================================================
global place report_wns
--------------------------------------------------------------------------
wns max 0.00

==========================================================================
global place report_worst_slack
--------------------------------------------------------------------------
worst slack max 2.32

==========================================================================
global place report_clock_min_period
--------------------------------------------------------------------------
core_clock period_min = 4.18 fmax = 239.21

==========================================================================
global place report_checks -path_delay min
--------------------------------------------------------------------------
Startpoint: count[0]$_SDFF_PP0_
            (rising edge-triggered flip-flop clocked by core_clock)
Endpoint: count[0]$_SDFF_PP0_
          (rising edge-triggered flip-flop clocked by core_clock)
Path Group: core_clock
Path Type: min

Fanout     Cap    Slew   Delay    Time   Description
-----------------------------------------------------------------------------
                  0.00    0.00    0.00   clock core_clock (rise edge)
                          0.00    0.00   clock network delay (ideal)
                  0.00    0.00    0.00 ^ count[0]$_SDFF_PP0_/CLK (sky130_fd_sc_hd__dfxtp_1)
     2    0.01    0.08    0.31    0.31 ^ count[0]$_SDFF_PP0_/Q (sky130_fd_sc_hd__dfxtp_1)
                                         count[0] (net)
                  0.08    0.00    0.31 ^ _1725_/A (sky130_fd_sc_hd__nor2_1)
     1    0.00    0.03    0.05    0.36 v _1725_/Y (sky130_fd_sc_hd__nor2_1)
                                         _0162_ (net)
                  0.03    0.00    0.36 v count[0]$_SDFF_PP0_/D (sky130_fd_sc_hd__dfxtp_1)
                                  0.36   data arrival time

                  0.00    0.00    0.00   clock core_clock (rise edge)
                          0.00    0.00   clock network delay (ideal)
                          0.00    0.00   clock reconvergence pessimism
                                  0.00 ^ count[0]$_SDFF_PP0_/CLK (sky130_fd_sc_hd__dfxtp_1)
                         -0.06   -0.06   library hold time
                                 -0.06   data required time
-----------------------------------------------------------------------------
                                 -0.06   data required time
                                 -0.36   data arrival time
-----------------------------------------------------------------------------
                                  0.41   slack (MET)



==========================================================================
global place report_checks -path_delay max
--------------------------------------------------------------------------
Startpoint: sys_rst (input port clocked by core_clock)
Endpoint: GPR[2][15]$_DFFE_PP_
          (rising edge-triggered flip-flop clocked by core_clock)
Path Group: core_clock
Path Type: max

Fanout     Cap    Slew   Delay    Time   Description
-----------------------------------------------------------------------------
                  0.00    0.00    0.00   clock core_clock (rise edge)
                          0.00    0.00   clock network delay (ideal)
                          1.30    1.30 v input external delay
     1    0.00    0.00    0.00    1.30 v sys_rst (in)
                                         sys_rst (net)
                  0.00    0.00    1.30 v input36/A (sky130_fd_sc_hd__clkdlybuf4s50_1)
     1    0.00    0.05    0.39    1.69 v input36/X (sky130_fd_sc_hd__clkdlybuf4s50_1)
                                         net35 (net)
                  0.05    0.00    1.69 v place48/A (sky130_fd_sc_hd__buf_4)
    20    0.07    0.09    0.20    1.90 v place48/X (sky130_fd_sc_hd__buf_4)
                                         net47 (net)
                  0.09    0.00    1.90 v _0961_/A (sky130_fd_sc_hd__inv_1)
     6    0.02    0.15    0.15    2.05 ^ _0961_/Y (sky130_fd_sc_hd__inv_1)
                                         _0274_ (net)
                  0.15    0.00    2.05 ^ _0967_/B (sky130_fd_sc_hd__nand2_1)
     2    0.01    0.09    0.09    2.14 v _0967_/Y (sky130_fd_sc_hd__nand2_1)
                                         _0280_ (net)
                  0.09    0.00    2.14 v _0968_/B (sky130_fd_sc_hd__nor2_1)
     2    0.01    0.11    0.13    2.27 ^ _0968_/Y (sky130_fd_sc_hd__nor2_1)
                                         _0281_ (net)
                  0.11    0.00    2.27 ^ _0970_/A (sky130_fd_sc_hd__nand2_1)
    13    0.06    0.40    0.34    2.61 v _0970_/Y (sky130_fd_sc_hd__nand2_1)
                                         _0283_ (net)
                  0.40    0.00    2.61 v _0975_/B (sky130_fd_sc_hd__nand3_1)
     2    0.01    0.14    0.24    2.85 ^ _0975_/Y (sky130_fd_sc_hd__nand3_1)
                                         _0288_ (net)
                  0.14    0.00    2.85 ^ _0979_/A (sky130_fd_sc_hd__nand2_1)
     2    0.01    0.06    0.08    2.93 v _0979_/Y (sky130_fd_sc_hd__nand2_1)
                                         _0291_ (net)
                  0.06    0.00    2.93 v _0980_/B (sky130_fd_sc_hd__nor2_1)
     6    0.04    0.72    0.56    3.49 ^ _0980_/Y (sky130_fd_sc_hd__nor2_1)
                                         _0018_ (net)
                  0.72    0.00    3.49 ^ place43/A (sky130_fd_sc_hd__buf_4)
    11    0.07    0.21    0.36    3.85 ^ place43/X (sky130_fd_sc_hd__buf_4)
                                         net42 (net)
                  0.21    0.01    3.86 ^ GPR[2][15]$_DFFE_PP_/DE (sky130_fd_sc_hd__edfxtp_1)
                                  3.86   data arrival time

                  0.00    6.50    6.50   clock core_clock (rise edge)
                          0.00    6.50   clock network delay (ideal)
                          0.00    6.50   clock reconvergence pessimism
                                  6.50 ^ GPR[2][15]$_DFFE_PP_/CLK (sky130_fd_sc_hd__edfxtp_1)
                         -0.32    6.18   library setup time
                                  6.18   data required time
-----------------------------------------------------------------------------
                                  6.18   data required time
                                 -3.86   data arrival time
-----------------------------------------------------------------------------
                                  2.32   slack (MET)



==========================================================================
global place report_checks -unconstrained
--------------------------------------------------------------------------
Startpoint: sys_rst (input port clocked by core_clock)
Endpoint: GPR[2][15]$_DFFE_PP_
          (rising edge-triggered flip-flop clocked by core_clock)
Path Group: core_clock
Path Type: max

Fanout     Cap    Slew   Delay    Time   Description
-----------------------------------------------------------------------------
                  0.00    0.00    0.00   clock core_clock (rise edge)
                          0.00    0.00   clock network delay (ideal)
                          1.30    1.30 v input external delay
     1    0.00    0.00    0.00    1.30 v sys_rst (in)
                                         sys_rst (net)
                  0.00    0.00    1.30 v input36/A (sky130_fd_sc_hd__clkdlybuf4s50_1)
     1    0.00    0.05    0.39    1.69 v input36/X (sky130_fd_sc_hd__clkdlybuf4s50_1)
                                         net35 (net)
                  0.05    0.00    1.69 v place48/A (sky130_fd_sc_hd__buf_4)
    20    0.07    0.09    0.20    1.90 v place48/X (sky130_fd_sc_hd__buf_4)
                                         net47 (net)
                  0.09    0.00    1.90 v _0961_/A (sky130_fd_sc_hd__inv_1)
     6    0.02    0.15    0.15    2.05 ^ _0961_/Y (sky130_fd_sc_hd__inv_1)
                                         _0274_ (net)
                  0.15    0.00    2.05 ^ _0967_/B (sky130_fd_sc_hd__nand2_1)
     2    0.01    0.09    0.09    2.14 v _0967_/Y (sky130_fd_sc_hd__nand2_1)
                                         _0280_ (net)
                  0.09    0.00    2.14 v _0968_/B (sky130_fd_sc_hd__nor2_1)
     2    0.01    0.11    0.13    2.27 ^ _0968_/Y (sky130_fd_sc_hd__nor2_1)
                                         _0281_ (net)
                  0.11    0.00    2.27 ^ _0970_/A (sky130_fd_sc_hd__nand2_1)
    13    0.06    0.40    0.34    2.61 v _0970_/Y (sky130_fd_sc_hd__nand2_1)
                                         _0283_ (net)
                  0.40    0.00    2.61 v _0975_/B (sky130_fd_sc_hd__nand3_1)
     2    0.01    0.14    0.24    2.85 ^ _0975_/Y (sky130_fd_sc_hd__nand3_1)
                                         _0288_ (net)
                  0.14    0.00    2.85 ^ _0979_/A (sky130_fd_sc_hd__nand2_1)
     2    0.01    0.06    0.08    2.93 v _0979_/Y (sky130_fd_sc_hd__nand2_1)
                                         _0291_ (net)
                  0.06    0.00    2.93 v _0980_/B (sky130_fd_sc_hd__nor2_1)
     6    0.04    0.72    0.56    3.49 ^ _0980_/Y (sky130_fd_sc_hd__nor2_1)
                                         _0018_ (net)
                  0.72    0.00    3.49 ^ place43/A (sky130_fd_sc_hd__buf_4)
    11    0.07    0.21    0.36    3.85 ^ place43/X (sky130_fd_sc_hd__buf_4)
                                         net42 (net)
                  0.21    0.01    3.86 ^ GPR[2][15]$_DFFE_PP_/DE (sky130_fd_sc_hd__edfxtp_1)
                                  3.86   data arrival time

                  0.00    6.50    6.50   clock core_clock (rise edge)
                          0.00    6.50   clock network delay (ideal)
                          0.00    6.50   clock reconvergence pessimism
                                  6.50 ^ GPR[2][15]$_DFFE_PP_/CLK (sky130_fd_sc_hd__edfxtp_1)
                         -0.32    6.18   library setup time
                                  6.18   data required time
-----------------------------------------------------------------------------
                                  6.18   data required time
                                 -3.86   data arrival time
-----------------------------------------------------------------------------
                                  2.32   slack (MET)



==========================================================================
global place report_power
--------------------------------------------------------------------------
Group                  Internal  Switching    Leakage      Total
                          Power      Power      Power      Power (Watts)
----------------------------------------------------------------
Sequential             6.23e-04   1.19e-05   7.45e-10   6.35e-04  78.4%
Combinational          5.62e-05   1.18e-04   2.57e-09   1.75e-04  21.6%
Clock                  0.00e+00   0.00e+00   0.00e+00   0.00e+00   0.0%
Macro                  0.00e+00   0.00e+00   0.00e+00   0.00e+00   0.0%
Pad                    0.00e+00   0.00e+00   0.00e+00   0.00e+00   0.0%
----------------------------------------------------------------
Total                  6.80e-04   1.30e-04   3.32e-09   8.10e-04 100.0%
                          83.9%      16.1%       0.0%
