
==========================================================================
global route report_tns
--------------------------------------------------------------------------
tns max 0.00

==========================================================================
global route report_wns
--------------------------------------------------------------------------
wns max 0.00

==========================================================================
global route report_worst_slack
--------------------------------------------------------------------------
worst slack max 2.26

==========================================================================
global route report_clock_min_period
--------------------------------------------------------------------------
core_clock period_min = 4.24 fmax = 235.67

==========================================================================
global route report_clock_skew
--------------------------------------------------------------------------
Clock core_clock
   0.35 source latency GPR[0][8]$_DFFE_PP_/CLK ^
  -0.36 target latency GPR[0][11]$_DFFE_PP_/CLK ^
   0.00 CRPR
--------------
  -0.01 setup skew


==========================================================================
global route report_checks -path_delay min
--------------------------------------------------------------------------
Startpoint: count[0]$_SDFF_PP0_
            (rising edge-triggered flip-flop clocked by core_clock)
Endpoint: count[0]$_SDFF_PP0_
          (rising edge-triggered flip-flop clocked by core_clock)
Path Group: core_clock
Path Type: min

Fanout     Cap    Slew   Delay    Time   Description
-----------------------------------------------------------------------------
                          0.00    0.00   clock core_clock (rise edge)
                          0.00    0.00   clock source latency
     1    0.03    0.00    0.00    0.00 ^ clk (in)
                                         clk (net)
                  0.00    0.00    0.00 ^ clkbuf_0_clk/A (sky130_fd_sc_hd__clkbuf_16)
     8    0.11    0.12    0.17    0.17 ^ clkbuf_0_clk/X (sky130_fd_sc_hd__clkbuf_16)
                                         clknet_0_clk (net)
                  0.12    0.00    0.18 ^ clkbuf_3_4__f_clk/A (sky130_fd_sc_hd__clkbuf_16)
    12    0.04    0.06    0.17    0.35 ^ clkbuf_3_4__f_clk/X (sky130_fd_sc_hd__clkbuf_16)
                                         clknet_3_4__leaf_clk (net)
                  0.06    0.00    0.35 ^ count[0]$_SDFF_PP0_/CLK (sky130_fd_sc_hd__dfxtp_1)
     2    0.01    0.08    0.34    0.69 ^ count[0]$_SDFF_PP0_/Q (sky130_fd_sc_hd__dfxtp_1)
                                         count[0] (net)
                  0.08    0.00    0.69 ^ _1725_/A (sky130_fd_sc_hd__nor2_1)
     1    0.00    0.04    0.06    0.75 v _1725_/Y (sky130_fd_sc_hd__nor2_1)
                                         _0162_ (net)
                  0.04    0.00    0.75 v count[0]$_SDFF_PP0_/D (sky130_fd_sc_hd__dfxtp_1)
                                  0.75   data arrival time

                          0.00    0.00   clock core_clock (rise edge)
                          0.00    0.00   clock source latency
     1    0.03    0.00    0.00    0.00 ^ clk (in)
                                         clk (net)
                  0.00    0.00    0.00 ^ clkbuf_0_clk/A (sky130_fd_sc_hd__clkbuf_16)
     8    0.11    0.12    0.17    0.17 ^ clkbuf_0_clk/X (sky130_fd_sc_hd__clkbuf_16)
                                         clknet_0_clk (net)
                  0.12    0.00    0.18 ^ clkbuf_3_4__f_clk/A (sky130_fd_sc_hd__clkbuf_16)
    12    0.04    0.06    0.17    0.35 ^ clkbuf_3_4__f_clk/X (sky130_fd_sc_hd__clkbuf_16)
                                         clknet_3_4__leaf_clk (net)
                  0.06    0.00    0.35 ^ count[0]$_SDFF_PP0_/CLK (sky130_fd_sc_hd__dfxtp_1)
                          0.00    0.35   clock reconvergence pessimism
                         -0.05    0.31   library hold time
                                  0.31   data required time
-----------------------------------------------------------------------------
                                  0.31   data required time
                                 -0.75   data arrival time
-----------------------------------------------------------------------------
                                  0.44   slack (MET)



==========================================================================
global route report_checks -path_delay max
--------------------------------------------------------------------------
Startpoint: IR[17]$_SDFFE_PP0P_
            (rising edge-triggered flip-flop clocked by core_clock)
Endpoint: GPR[0][15]$_DFFE_PP_
          (rising edge-triggered flip-flop clocked by core_clock)
Path Group: core_clock
Path Type: max

Fanout     Cap    Slew   Delay    Time   Description
-----------------------------------------------------------------------------
                          0.00    0.00   clock core_clock (rise edge)
                          0.00    0.00   clock source latency
     1    0.03    0.00    0.00    0.00 ^ clk (in)
                                         clk (net)
                  0.00    0.00    0.00 ^ clkbuf_0_clk/A (sky130_fd_sc_hd__clkbuf_16)
     8    0.11    0.12    0.17    0.17 ^ clkbuf_0_clk/X (sky130_fd_sc_hd__clkbuf_16)
                                         clknet_0_clk (net)
                  0.12    0.00    0.18 ^ clkbuf_3_0__f_clk/A (sky130_fd_sc_hd__clkbuf_16)
    14    0.05    0.07    0.17    0.35 ^ clkbuf_3_0__f_clk/X (sky130_fd_sc_hd__clkbuf_16)
                                         clknet_3_0__leaf_clk (net)
                  0.07    0.00    0.35 ^ IR[17]$_SDFFE_PP0P_/CLK (sky130_fd_sc_hd__dfxtp_1)
     1    0.00    0.02    0.30    0.65 v IR[17]$_SDFFE_PP0P_/Q (sky130_fd_sc_hd__dfxtp_1)
                                         IR[17] (net)
                  0.02    0.00    0.65 v place47/A (sky130_fd_sc_hd__buf_4)
    39    0.18    0.21    0.27    0.92 v place47/X (sky130_fd_sc_hd__buf_4)
                                         net46 (net)
                  0.21    0.01    0.93 v _0991_/A (sky130_fd_sc_hd__inv_2)
    31    0.16    0.70    0.58    1.51 ^ _0991_/Y (sky130_fd_sc_hd__inv_2)
                                         _0299_ (net)
                  0.70    0.01    1.52 ^ _1103_/A2 (sky130_fd_sc_hd__o21ai_0)
     1    0.00    0.14    0.16    1.68 v _1103_/Y (sky130_fd_sc_hd__o21ai_0)
                                         _0399_ (net)
                  0.14    0.00    1.68 v _1104_/B2 (sky130_fd_sc_hd__o22ai_1)
     5    0.02    0.52    0.44    2.12 ^ _1104_/Y (sky130_fd_sc_hd__o22ai_1)
                                         _0052_ (net)
                  0.52    0.00    2.12 ^ _1829_/B (sky130_fd_sc_hd__ha_1)
     5    0.02    0.13    0.41    2.53 v _1829_/SUM (sky130_fd_sc_hd__ha_1)
                                         _0057_ (net)
                  0.13    0.00    2.53 v _1156_/A (sky130_fd_sc_hd__inv_1)
     4    0.02    0.14    0.16    2.69 ^ _1156_/Y (sky130_fd_sc_hd__inv_1)
                                         _0443_ (net)
                  0.14    0.00    2.69 ^ _1185_/A (sky130_fd_sc_hd__nand3_1)
     2    0.01    0.10    0.12    2.81 v _1185_/Y (sky130_fd_sc_hd__nand3_1)
                                         _0471_ (net)
                  0.10    0.00    2.81 v _1191_/A (sky130_fd_sc_hd__inv_1)
     1    0.00    0.05    0.08    2.89 ^ _1191_/Y (sky130_fd_sc_hd__inv_1)
                                         _0477_ (net)
                  0.05    0.00    2.89 ^ _1192_/B (sky130_fd_sc_hd__nor2_1)
     2    0.01    0.07    0.07    2.96 v _1192_/Y (sky130_fd_sc_hd__nor2_1)
                                         _0478_ (net)
                  0.07    0.00    2.96 v _1243_/A (sky130_fd_sc_hd__nor2_2)
     4    0.02    0.22    0.22    3.18 ^ _1243_/Y (sky130_fd_sc_hd__nor2_2)
                                         _0527_ (net)
                  0.22    0.00    3.18 ^ _1384_/A (sky130_fd_sc_hd__nand2_1)
     1    0.00    0.07    0.10    3.28 v _1384_/Y (sky130_fd_sc_hd__nand2_1)
                                         _0664_ (net)
                  0.07    0.00    3.28 v _1385_/B (sky130_fd_sc_hd__nor2_2)
     4    0.02    0.21    0.19    3.47 ^ _1385_/Y (sky130_fd_sc_hd__nor2_2)
                                         _0665_ (net)
                  0.21    0.00    3.47 ^ _1597_/B (sky130_fd_sc_hd__nand3_1)
     1    0.00    0.10    0.12    3.59 v _1597_/Y (sky130_fd_sc_hd__nand3_1)
                                         _0871_ (net)
                  0.10    0.00    3.59 v _1598_/A (sky130_fd_sc_hd__nand2_1)
     1    0.00    0.06    0.09    3.68 ^ _1598_/Y (sky130_fd_sc_hd__nand2_1)
                                         _0872_ (net)
                  0.06    0.00    3.68 ^ _1600_/A (sky130_fd_sc_hd__nand2_1)
     2    0.01    0.07    0.08    3.77 v _1600_/Y (sky130_fd_sc_hd__nand2_1)
                                         _0874_ (net)
                  0.07    0.00    3.77 v _1614_/B1 (sky130_fd_sc_hd__a221oi_1)
     1    0.00    0.28    0.29    4.06 ^ _1614_/Y (sky130_fd_sc_hd__a221oi_1)
                                         _0888_ (net)
                  0.28    0.00    4.06 ^ _1633_/A (sky130_fd_sc_hd__nand3_1)
     4    0.02    0.20    0.24    4.29 v _1633_/Y (sky130_fd_sc_hd__nand3_1)
                                         _0006_ (net)
                  0.20    0.00    4.29 v GPR[0][15]$_DFFE_PP_/D (sky130_fd_sc_hd__edfxtp_1)
                                  4.29   data arrival time

                          6.50    6.50   clock core_clock (rise edge)
                          0.00    6.50   clock source latency
     1    0.03    0.00    0.00    6.50 ^ clk (in)
                                         clk (net)
                  0.00    0.00    6.50 ^ clkbuf_0_clk/A (sky130_fd_sc_hd__clkbuf_16)
     8    0.11    0.12    0.17    6.67 ^ clkbuf_0_clk/X (sky130_fd_sc_hd__clkbuf_16)
                                         clknet_0_clk (net)
                  0.12    0.00    6.68 ^ clkbuf_3_7__f_clk/A (sky130_fd_sc_hd__clkbuf_16)
     9    0.05    0.07    0.18    6.85 ^ clkbuf_3_7__f_clk/X (sky130_fd_sc_hd__clkbuf_16)
                                         clknet_3_7__leaf_clk (net)
                  0.07    0.00    6.85 ^ GPR[0][15]$_DFFE_PP_/CLK (sky130_fd_sc_hd__edfxtp_1)
                          0.00    6.85   clock reconvergence pessimism
                         -0.30    6.55   library setup time
                                  6.55   data required time
-----------------------------------------------------------------------------
                                  6.55   data required time
                                 -4.29   data arrival time
-----------------------------------------------------------------------------
                                  2.26   slack (MET)



==========================================================================
global route report_checks -unconstrained
--------------------------------------------------------------------------
Startpoint: IR[17]$_SDFFE_PP0P_
            (rising edge-triggered flip-flop clocked by core_clock)
Endpoint: GPR[0][15]$_DFFE_PP_
          (rising edge-triggered flip-flop clocked by core_clock)
Path Group: core_clock
Path Type: max

Fanout     Cap    Slew   Delay    Time   Description
-----------------------------------------------------------------------------
                          0.00    0.00   clock core_clock (rise edge)
                          0.00    0.00   clock source latency
     1    0.03    0.00    0.00    0.00 ^ clk (in)
                                         clk (net)
                  0.00    0.00    0.00 ^ clkbuf_0_clk/A (sky130_fd_sc_hd__clkbuf_16)
     8    0.11    0.12    0.17    0.17 ^ clkbuf_0_clk/X (sky130_fd_sc_hd__clkbuf_16)
                                         clknet_0_clk (net)
                  0.12    0.00    0.18 ^ clkbuf_3_0__f_clk/A (sky130_fd_sc_hd__clkbuf_16)
    14    0.05    0.07    0.17    0.35 ^ clkbuf_3_0__f_clk/X (sky130_fd_sc_hd__clkbuf_16)
                                         clknet_3_0__leaf_clk (net)
                  0.07    0.00    0.35 ^ IR[17]$_SDFFE_PP0P_/CLK (sky130_fd_sc_hd__dfxtp_1)
     1    0.00    0.02    0.30    0.65 v IR[17]$_SDFFE_PP0P_/Q (sky130_fd_sc_hd__dfxtp_1)
                                         IR[17] (net)
                  0.02    0.00    0.65 v place47/A (sky130_fd_sc_hd__buf_4)
    39    0.18    0.21    0.27    0.92 v place47/X (sky130_fd_sc_hd__buf_4)
                                         net46 (net)
                  0.21    0.01    0.93 v _0991_/A (sky130_fd_sc_hd__inv_2)
    31    0.16    0.70    0.58    1.51 ^ _0991_/Y (sky130_fd_sc_hd__inv_2)
                                         _0299_ (net)
                  0.70    0.01    1.52 ^ _1103_/A2 (sky130_fd_sc_hd__o21ai_0)
     1    0.00    0.14    0.16    1.68 v _1103_/Y (sky130_fd_sc_hd__o21ai_0)
                                         _0399_ (net)
                  0.14    0.00    1.68 v _1104_/B2 (sky130_fd_sc_hd__o22ai_1)
     5    0.02    0.52    0.44    2.12 ^ _1104_/Y (sky130_fd_sc_hd__o22ai_1)
                                         _0052_ (net)
                  0.52    0.00    2.12 ^ _1829_/B (sky130_fd_sc_hd__ha_1)
     5    0.02    0.13    0.41    2.53 v _1829_/SUM (sky130_fd_sc_hd__ha_1)
                                         _0057_ (net)
                  0.13    0.00    2.53 v _1156_/A (sky130_fd_sc_hd__inv_1)
     4    0.02    0.14    0.16    2.69 ^ _1156_/Y (sky130_fd_sc_hd__inv_1)
                                         _0443_ (net)
                  0.14    0.00    2.69 ^ _1185_/A (sky130_fd_sc_hd__nand3_1)
     2    0.01    0.10    0.12    2.81 v _1185_/Y (sky130_fd_sc_hd__nand3_1)
                                         _0471_ (net)
                  0.10    0.00    2.81 v _1191_/A (sky130_fd_sc_hd__inv_1)
     1    0.00    0.05    0.08    2.89 ^ _1191_/Y (sky130_fd_sc_hd__inv_1)
                                         _0477_ (net)
                  0.05    0.00    2.89 ^ _1192_/B (sky130_fd_sc_hd__nor2_1)
     2    0.01    0.07    0.07    2.96 v _1192_/Y (sky130_fd_sc_hd__nor2_1)
                                         _0478_ (net)
                  0.07    0.00    2.96 v _1243_/A (sky130_fd_sc_hd__nor2_2)
     4    0.02    0.22    0.22    3.18 ^ _1243_/Y (sky130_fd_sc_hd__nor2_2)
                                         _0527_ (net)
                  0.22    0.00    3.18 ^ _1384_/A (sky130_fd_sc_hd__nand2_1)
     1    0.00    0.07    0.10    3.28 v _1384_/Y (sky130_fd_sc_hd__nand2_1)
                                         _0664_ (net)
                  0.07    0.00    3.28 v _1385_/B (sky130_fd_sc_hd__nor2_2)
     4    0.02    0.21    0.19    3.47 ^ _1385_/Y (sky130_fd_sc_hd__nor2_2)
                                         _0665_ (net)
                  0.21    0.00    3.47 ^ _1597_/B (sky130_fd_sc_hd__nand3_1)
     1    0.00    0.10    0.12    3.59 v _1597_/Y (sky130_fd_sc_hd__nand3_1)
                                         _0871_ (net)
                  0.10    0.00    3.59 v _1598_/A (sky130_fd_sc_hd__nand2_1)
     1    0.00    0.06    0.09    3.68 ^ _1598_/Y (sky130_fd_sc_hd__nand2_1)
                                         _0872_ (net)
                  0.06    0.00    3.68 ^ _1600_/A (sky130_fd_sc_hd__nand2_1)
     2    0.01    0.07    0.08    3.77 v _1600_/Y (sky130_fd_sc_hd__nand2_1)
                                         _0874_ (net)
                  0.07    0.00    3.77 v _1614_/B1 (sky130_fd_sc_hd__a221oi_1)
     1    0.00    0.28    0.29    4.06 ^ _1614_/Y (sky130_fd_sc_hd__a221oi_1)
                                         _0888_ (net)
                  0.28    0.00    4.06 ^ _1633_/A (sky130_fd_sc_hd__nand3_1)
     4    0.02    0.20    0.24    4.29 v _1633_/Y (sky130_fd_sc_hd__nand3_1)
                                         _0006_ (net)
                  0.20    0.00    4.29 v GPR[0][15]$_DFFE_PP_/D (sky130_fd_sc_hd__edfxtp_1)
                                  4.29   data arrival time

                          6.50    6.50   clock core_clock (rise edge)
                          0.00    6.50   clock source latency
     1    0.03    0.00    0.00    6.50 ^ clk (in)
                                         clk (net)
                  0.00    0.00    6.50 ^ clkbuf_0_clk/A (sky130_fd_sc_hd__clkbuf_16)
     8    0.11    0.12    0.17    6.67 ^ clkbuf_0_clk/X (sky130_fd_sc_hd__clkbuf_16)
                                         clknet_0_clk (net)
                  0.12    0.00    6.68 ^ clkbuf_3_7__f_clk/A (sky130_fd_sc_hd__clkbuf_16)
     9    0.05    0.07    0.18    6.85 ^ clkbuf_3_7__f_clk/X (sky130_fd_sc_hd__clkbuf_16)
                                         clknet_3_7__leaf_clk (net)
                  0.07    0.00    6.85 ^ GPR[0][15]$_DFFE_PP_/CLK (sky130_fd_sc_hd__edfxtp_1)
                          0.00    6.85   clock reconvergence pessimism
                         -0.30    6.55   library setup time
                                  6.55   data required time
-----------------------------------------------------------------------------
                                  6.55   data required time
                                 -4.29   data arrival time
-----------------------------------------------------------------------------
                                  2.26   slack (MET)



==========================================================================
global route report_check_types -max_slew -max_cap -max_fanout -violators
--------------------------------------------------------------------------

==========================================================================
global route max_slew_check_slack
--------------------------------------------------------------------------
0.6201176643371582

==========================================================================
global route max_slew_check_limit
--------------------------------------------------------------------------
1.4862940311431885

==========================================================================
global route max_slew_check_slack_limit
--------------------------------------------------------------------------
0.4172

==========================================================================
global route max_fanout_check_slack
--------------------------------------------------------------------------
1.0000000150474662e+30

==========================================================================
global route max_fanout_check_limit
--------------------------------------------------------------------------
1.0000000150474662e+30

==========================================================================
global route max_capacitance_check_slack
--------------------------------------------------------------------------
0.015788203105330467

==========================================================================
global route max_capacitance_check_limit
--------------------------------------------------------------------------
0.03663099929690361

==========================================================================
global route max_capacitance_check_slack_limit
--------------------------------------------------------------------------
0.4310

==========================================================================
global route max_slew_violation_count
--------------------------------------------------------------------------
max slew violation count 0

==========================================================================
global route max_fanout_violation_count
--------------------------------------------------------------------------
max fanout violation count 0

==========================================================================
global route max_cap_violation_count
--------------------------------------------------------------------------
max cap violation count 0

==========================================================================
global route setup_violation_count
--------------------------------------------------------------------------
setup violation count 0

==========================================================================
global route hold_violation_count
--------------------------------------------------------------------------
hold violation count 0

==========================================================================
global route report_checks -path_delay max reg to reg
--------------------------------------------------------------------------
Startpoint: IR[17]$_SDFFE_PP0P_
            (rising edge-triggered flip-flop clocked by core_clock)
Endpoint: GPR[0][15]$_DFFE_PP_
          (rising edge-triggered flip-flop clocked by core_clock)
Path Group: core_clock
Path Type: max

  Delay    Time   Description
---------------------------------------------------------
   0.00    0.00   clock core_clock (rise edge)
   0.00    0.00   clock source latency
   0.00    0.00 ^ clk (in)
   0.17    0.17 ^ clkbuf_0_clk/X (sky130_fd_sc_hd__clkbuf_16)
   0.18    0.35 ^ clkbuf_3_0__f_clk/X (sky130_fd_sc_hd__clkbuf_16)
   0.00    0.35 ^ IR[17]$_SDFFE_PP0P_/CLK (sky130_fd_sc_hd__dfxtp_1)
   0.30    0.65 v IR[17]$_SDFFE_PP0P_/Q (sky130_fd_sc_hd__dfxtp_1)
   0.27    0.92 v place47/X (sky130_fd_sc_hd__buf_4)
   0.59    1.51 ^ _0991_/Y (sky130_fd_sc_hd__inv_2)
   0.17    1.68 v _1103_/Y (sky130_fd_sc_hd__o21ai_0)
   0.44    2.12 ^ _1104_/Y (sky130_fd_sc_hd__o22ai_1)
   0.41    2.53 v _1829_/SUM (sky130_fd_sc_hd__ha_1)
   0.16    2.69 ^ _1156_/Y (sky130_fd_sc_hd__inv_1)
   0.12    2.81 v _1185_/Y (sky130_fd_sc_hd__nand3_1)
   0.08    2.89 ^ _1191_/Y (sky130_fd_sc_hd__inv_1)
   0.07    2.96 v _1192_/Y (sky130_fd_sc_hd__nor2_1)
   0.22    3.18 ^ _1243_/Y (sky130_fd_sc_hd__nor2_2)
   0.10    3.28 v _1384_/Y (sky130_fd_sc_hd__nand2_1)
   0.19    3.47 ^ _1385_/Y (sky130_fd_sc_hd__nor2_2)
   0.12    3.59 v _1597_/Y (sky130_fd_sc_hd__nand3_1)
   0.09    3.68 ^ _1598_/Y (sky130_fd_sc_hd__nand2_1)
   0.08    3.77 v _1600_/Y (sky130_fd_sc_hd__nand2_1)
   0.29    4.06 ^ _1614_/Y (sky130_fd_sc_hd__a221oi_1)
   0.24    4.29 v _1633_/Y (sky130_fd_sc_hd__nand3_1)
   0.00    4.29 v GPR[0][15]$_DFFE_PP_/D (sky130_fd_sc_hd__edfxtp_1)
           4.29   data arrival time

   6.50    6.50   clock core_clock (rise edge)
   0.00    6.50   clock source latency
   0.00    6.50 ^ clk (in)
   0.17    6.67 ^ clkbuf_0_clk/X (sky130_fd_sc_hd__clkbuf_16)
   0.18    6.85 ^ clkbuf_3_7__f_clk/X (sky130_fd_sc_hd__clkbuf_16)
   0.00    6.85 ^ GPR[0][15]$_DFFE_PP_/CLK (sky130_fd_sc_hd__edfxtp_1)
   0.00    6.85   clock reconvergence pessimism
  -0.30    6.55   library setup time
           6.55   data required time
---------------------------------------------------------
           6.55   data required time
          -4.29   data arrival time
---------------------------------------------------------
           2.26   slack (MET)



==========================================================================
global route report_checks -path_delay min reg to reg
--------------------------------------------------------------------------
Startpoint: count[0]$_SDFF_PP0_
            (rising edge-triggered flip-flop clocked by core_clock)
Endpoint: count[0]$_SDFF_PP0_
          (rising edge-triggered flip-flop clocked by core_clock)
Path Group: core_clock
Path Type: min

  Delay    Time   Description
---------------------------------------------------------
   0.00    0.00   clock core_clock (rise edge)
   0.00    0.00   clock source latency
   0.00    0.00 ^ clk (in)
   0.17    0.17 ^ clkbuf_0_clk/X (sky130_fd_sc_hd__clkbuf_16)
   0.17    0.35 ^ clkbuf_3_4__f_clk/X (sky130_fd_sc_hd__clkbuf_16)
   0.00    0.35 ^ count[0]$_SDFF_PP0_/CLK (sky130_fd_sc_hd__dfxtp_1)
   0.34    0.69 ^ count[0]$_SDFF_PP0_/Q (sky130_fd_sc_hd__dfxtp_1)
   0.06    0.75 v _1725_/Y (sky130_fd_sc_hd__nor2_1)
   0.00    0.75 v count[0]$_SDFF_PP0_/D (sky130_fd_sc_hd__dfxtp_1)
           0.75   data arrival time

   0.00    0.00   clock core_clock (rise edge)
   0.00    0.00   clock source latency
   0.00    0.00 ^ clk (in)
   0.17    0.17 ^ clkbuf_0_clk/X (sky130_fd_sc_hd__clkbuf_16)
   0.17    0.35 ^ clkbuf_3_4__f_clk/X (sky130_fd_sc_hd__clkbuf_16)
   0.00    0.35 ^ count[0]$_SDFF_PP0_/CLK (sky130_fd_sc_hd__dfxtp_1)
   0.00    0.35   clock reconvergence pessimism
  -0.05    0.31   library hold time
           0.31   data required time
---------------------------------------------------------
           0.31   data required time
          -0.75   data arrival time
---------------------------------------------------------
           0.44   slack (MET)



==========================================================================
global route critical path target clock latency max path
--------------------------------------------------------------------------
0.3477

==========================================================================
global route critical path target clock latency min path
--------------------------------------------------------------------------
0.3487

==========================================================================
global route critical path source clock latency min path
--------------------------------------------------------------------------
0.0000

==========================================================================
global route critical path delay
--------------------------------------------------------------------------
4.2943

==========================================================================
global route critical path slack
--------------------------------------------------------------------------
2.2568

==========================================================================
global route slack div critical path delay
--------------------------------------------------------------------------
52.553385

==========================================================================
global route report_power
--------------------------------------------------------------------------
Group                  Internal  Switching    Leakage      Total
                          Power      Power      Power      Power (Watts)
----------------------------------------------------------------
Sequential             6.11e-04   1.37e-05   7.45e-10   6.24e-04  45.9%
Combinational          5.75e-05   1.45e-04   2.57e-09   2.03e-04  14.9%
Clock                  2.99e-04   2.35e-04   1.43e-10   5.33e-04  39.2%
Macro                  0.00e+00   0.00e+00   0.00e+00   0.00e+00   0.0%
Pad                    0.00e+00   0.00e+00   0.00e+00   0.00e+00   0.0%
----------------------------------------------------------------
Total                  9.67e-04   3.93e-04   3.46e-09   1.36e-03 100.0%
                          71.1%      28.9%       0.0%
